{}
{}
{}
{}
{}
{}
{"x":495,"y":157,"color":"#333","penSize":5}
{"x":493,"y":157,"color":"#333","penSize":5}
{"x":490,"y":159,"color":"#333","penSize":5}
{"x":487,"y":161,"color":"#333","penSize":5}
{"x":482,"y":165,"color":"#333","penSize":5}
{"x":475,"y":170,"color":"#333","penSize":5}
{"x":459,"y":181,"color":"#333","penSize":5}
{"x":451,"y":187,"color":"#333","penSize":5}
{"x":443,"y":193,"color":"#333","penSize":5}
{"x":435,"y":198,"color":"#333","penSize":5}
{"x":428,"y":203,"color":"#333","penSize":5}
{"x":415,"y":211,"color":"#333","penSize":5}
{"x":408,"y":215,"color":"#333","penSize":5}
{"x":401,"y":219,"color":"#333","penSize":5}
{"x":394,"y":222,"color":"#333","penSize":5}
{"x":386,"y":225,"color":"#333","penSize":5}
{"x":379,"y":228,"color":"#333","penSize":5}
{"x":370,"y":230,"color":"#333","penSize":5}
{"x":360,"y":233,"color":"#333","penSize":5}
{"x":352,"y":235,"color":"#333","penSize":5}
{"x":342,"y":238,"color":"#333","penSize":5}
{"x":338,"y":239,"color":"#333","penSize":5}
{"x":330,"y":240,"color":"#333","penSize":5}
{"x":322,"y":242,"color":"#333","penSize":5}
{"x":316,"y":242,"color":"#333","penSize":5}
{"x":314,"y":243,"color":"#333","penSize":5}
{"x":310,"y":244,"color":"#333","penSize":5}
{"x":300,"y":245,"color":"#333","penSize":5}
{"x":296,"y":245,"color":"#333","penSize":5}
{"x":292,"y":246,"color":"#333","penSize":5}
{"x":288,"y":246,"color":"#333","penSize":5}
{"x":279,"y":248,"color":"#333","penSize":5}
{"x":273,"y":248,"color":"#333","penSize":5}
{"x":267,"y":248,"color":"#333","penSize":5}
{"x":262,"y":248,"color":"#333","penSize":5}
{"x":260,"y":248,"color":"#333","penSize":5}
{"x":258,"y":248,"color":"#333","penSize":5}
{"x":255,"y":248,"color":"#333","penSize":5}
{"x":254,"y":248,"color":"#333","penSize":5}
{"x":252,"y":248,"color":"#333","penSize":5}
{"x":252,"y":248,"color":"#333","penSize":5}
{"x":251,"y":248,"color":"#333","penSize":5}
{"x":251,"y":248,"color":"#333","penSize":5}
{"x":251,"y":247,"color":"#333","penSize":5}
{"x":251,"y":247,"color":"#333","penSize":5}
{"x":251,"y":247,"color":"#333","penSize":5}
{"x":251,"y":246,"color":"#333","penSize":5}
{"x":251,"y":246,"color":"#333","penSize":5}
{"x":251,"y":245,"color":"#333","penSize":5}
{"x":251,"y":244,"color":"#333","penSize":5}
{"x":251,"y":241,"color":"#333","penSize":5}
{"x":251,"y":239,"color":"#333","penSize":5}
{"x":250,"y":239,"color":"#333","penSize":5}
{"x":250,"y":237,"color":"#333","penSize":5}
{"x":250,"y":235,"color":"#333","penSize":5}
{"x":249,"y":234,"color":"#333","penSize":5}
{"x":249,"y":233,"color":"#333","penSize":5}
{"x":249,"y":232,"color":"#333","penSize":5}
{"x":249,"y":232,"color":"#333","penSize":5}
{"x":249,"y":232,"color":"#333","penSize":5}
{"x":249,"y":232,"color":"#333","penSize":5}
{"x":249,"y":232,"color":"#333","penSize":5}
{"x":249,"y":232,"color":"#333","penSize":5}
{"x":249,"y":232,"color":"#333","penSize":5}
{"x":249,"y":233,"color":"#333","penSize":5}
{"x":249,"y":233,"color":"#333","penSize":5}
{"x":249,"y":233,"color":"#333","penSize":5}
{"x":249,"y":234,"color":"#333","penSize":5}
{"x":249,"y":234,"color":"#333","penSize":5}
{"x":249,"y":234,"color":"#333","penSize":5}
{}
{}
{"x":98,"y":200,"color":"#333","penSize":5}
{"x":102,"y":199,"color":"#333","penSize":5}
{"x":109,"y":196,"color":"#333","penSize":5}
{"x":119,"y":192,"color":"#333","penSize":5}
{"x":145,"y":183,"color":"#333","penSize":5}
{"x":167,"y":180,"color":"#333","penSize":5}
{"x":192,"y":174,"color":"#333","penSize":5}
{"x":229,"y":170,"color":"#333","penSize":5}
{"x":246,"y":170,"color":"#333","penSize":5}
{"x":312,"y":162,"color":"#333","penSize":5}
{"x":332,"y":161,"color":"#333","penSize":5}
{"x":369,"y":159,"color":"#333","penSize":5}
{"x":406,"y":156,"color":"#333","penSize":5}
{"x":418,"y":155,"color":"#333","penSize":5}
{"x":445,"y":153,"color":"#333","penSize":5}
{"x":473,"y":152,"color":"#333","penSize":5}
{"x":490,"y":152,"color":"#333","penSize":5}
{"x":499,"y":152,"color":"#333","penSize":5}
{"x":505,"y":152,"color":"#333","penSize":5}
{"x":505,"y":152,"color":"#333","penSize":5}
{"x":504,"y":152,"color":"#333","penSize":5}
{"x":503,"y":152,"color":"#333","penSize":5}
{"x":501,"y":152,"color":"#333","penSize":5}
{"x":500,"y":152,"color":"#333","penSize":5}
{"x":499,"y":152,"color":"#333","penSize":5}
{"x":499,"y":152,"color":"#333","penSize":5}
{"x":498,"y":152,"color":"#333","penSize":5}
{"x":498,"y":152,"color":"#333","penSize":5}
{"x":498,"y":152,"color":"#333","penSize":5}
{"x":498,"y":152,"color":"#333","penSize":5}
{"x":497,"y":152,"color":"#333","penSize":5}
{"x":496,"y":153,"color":"#333","penSize":5}
{"x":495,"y":153,"color":"#333","penSize":5}
{"x":494,"y":154,"color":"#333","penSize":5}
{"x":493,"y":154,"color":"#333","penSize":5}
{"x":493,"y":154,"color":"#333","penSize":5}
{"x":491,"y":154,"color":"#333","penSize":5}
{"x":491,"y":154,"color":"#333","penSize":5}
{"x":491,"y":154,"color":"#333","penSize":5}
{"x":490,"y":154,"color":"#333","penSize":5}
{"x":490,"y":154,"color":"#333","penSize":5}
{}
{"x":129,"y":202,"color":"#333","penSize":5}
{"x":128,"y":202,"color":"#333","penSize":5}
{"x":128,"y":202,"color":"#333","penSize":5}
{"x":127,"y":202,"color":"#333","penSize":5}
{"x":126,"y":202,"color":"#333","penSize":5}
{"x":125,"y":202,"color":"#333","penSize":5}
{"x":125,"y":202,"color":"#333","penSize":5}
{"x":124,"y":202,"color":"#333","penSize":5}
{"x":124,"y":202,"color":"#333","penSize":5}
{"x":123,"y":202,"color":"#333","penSize":5}
{"x":123,"y":202,"color":"#333","penSize":5}
{"x":122,"y":202,"color":"#333","penSize":5}
{"x":122,"y":202,"color":"#333","penSize":5}
{"x":122,"y":202,"color":"#333","penSize":5}
{}
{}
{"x":507,"y":155,"color":"#333","penSize":5}
{"x":507,"y":155,"color":"#333","penSize":5}
{"x":508,"y":155,"color":"#333","penSize":5}
{"x":509,"y":155,"color":"#333","penSize":5}
{"x":509,"y":155,"color":"#333","penSize":5}
{"x":510,"y":155,"color":"#333","penSize":5}
{"x":511,"y":155,"color":"#333","penSize":5}
{"x":511,"y":155,"color":"#333","penSize":5}
{"x":512,"y":155,"color":"#333","penSize":5}
{"x":512,"y":155,"color":"#333","penSize":5}
{"x":513,"y":154,"color":"#333","penSize":5}
{"x":513,"y":154,"color":"#333","penSize":5}
{"x":514,"y":154,"color":"#333","penSize":5}
{}
{"x":125,"y":198,"color":"#333","penSize":5}
{"x":126,"y":198,"color":"#333","penSize":5}
{"x":126,"y":198,"color":"#333","penSize":5}
{"x":126,"y":198,"color":"#333","penSize":5}
{"x":127,"y":198,"color":"#333","penSize":5}
{"x":127,"y":198,"color":"#333","penSize":5}
{"x":127,"y":198,"color":"#333","penSize":5}
{"x":128,"y":198,"color":"#333","penSize":5}
{"x":128,"y":198,"color":"#333","penSize":5}
{"x":128,"y":198,"color":"#333","penSize":5}
{"x":129,"y":198,"color":"#333","penSize":5}
{"x":129,"y":198,"color":"#333","penSize":5}
{"x":130,"y":198,"color":"#333","penSize":5}
{"x":130,"y":198,"color":"#333","penSize":5}
{"x":130,"y":198,"color":"#333","penSize":5}
{"x":130,"y":198,"color":"#333","penSize":5}
{"x":130,"y":198,"color":"#333","penSize":5}
{"x":130,"y":198,"color":"#333","penSize":5}
{"x":131,"y":198,"color":"#333","penSize":5}
{}
{"x":545,"y":153,"color":"#333","penSize":5}
{"x":545,"y":153,"color":"#333","penSize":5}
{"x":546,"y":153,"color":"#333","penSize":5}
{"x":546,"y":153,"color":"#333","penSize":5}
{"x":546,"y":153,"color":"#333","penSize":5}
{"x":547,"y":153,"color":"#333","penSize":5}
{"x":547,"y":154,"color":"#333","penSize":5}
{"x":547,"y":154,"color":"#333","penSize":5}
{"x":547,"y":154,"color":"#333","penSize":5}
{"x":548,"y":154,"color":"#333","penSize":5}
{"x":548,"y":154,"color":"#333","penSize":5}
{"x":548,"y":154,"color":"#333","penSize":5}
{"x":548,"y":154,"color":"#333","penSize":5}
{}
{"x":249,"y":153,"color":"#333","penSize":5}
{"x":248,"y":153,"color":"#333","penSize":5}
{"x":248,"y":153,"color":"#333","penSize":5}
{"x":247,"y":153,"color":"#333","penSize":5}
{"x":246,"y":153,"color":"#333","penSize":5}
{"x":246,"y":153,"color":"#333","penSize":5}
{"x":245,"y":153,"color":"#333","penSize":5}
{"x":244,"y":153,"color":"#333","penSize":5}
{"x":244,"y":153,"color":"#333","penSize":5}
{"x":243,"y":153,"color":"#333","penSize":5}
{"x":243,"y":153,"color":"#333","penSize":5}
{"x":242,"y":153,"color":"#333","penSize":5}
{"x":242,"y":153,"color":"#333","penSize":5}
{"x":242,"y":153,"color":"#333","penSize":5}
{"x":241,"y":153,"color":"#333","penSize":5}
{"x":241,"y":153,"color":"#333","penSize":5}
{"x":241,"y":153,"color":"#333","penSize":5}
{"x":242,"y":153,"color":"#333","penSize":5}
{"x":242,"y":153,"color":"#333","penSize":5}
{"x":242,"y":153,"color":"#333","penSize":5}
{}
{"x":109,"y":181,"color":"#333","penSize":5}
{"x":109,"y":181,"color":"#333","penSize":5}
{"x":112,"y":181,"color":"#333","penSize":5}
{"x":114,"y":181,"color":"#333","penSize":5}
{"x":119,"y":181,"color":"#333","penSize":5}
{"x":122,"y":180,"color":"#333","penSize":5}
{"x":127,"y":180,"color":"#333","penSize":5}
{"x":131,"y":179,"color":"#333","penSize":5}
{"x":136,"y":178,"color":"#333","penSize":5}
{"x":140,"y":177,"color":"#333","penSize":5}
{"x":145,"y":177,"color":"#333","penSize":5}
{"x":151,"y":176,"color":"#333","penSize":5}
{"x":156,"y":175,"color":"#333","penSize":5}
{"x":181,"y":174,"color":"#333","penSize":5}
{"x":188,"y":174,"color":"#333","penSize":5}
{"x":215,"y":173,"color":"#333","penSize":5}
{"x":218,"y":173,"color":"#333","penSize":5}
{"x":219,"y":173,"color":"#333","penSize":5}
{"x":219,"y":173,"color":"#333","penSize":5}
{"x":219,"y":173,"color":"#333","penSize":5}
{"x":220,"y":173,"color":"#333","penSize":5}
{"x":221,"y":173,"color":"#333","penSize":5}
{"x":222,"y":173,"color":"#333","penSize":5}
{"x":223,"y":173,"color":"#333","penSize":5}
{"x":226,"y":173,"color":"#333","penSize":5}
{"x":227,"y":173,"color":"#333","penSize":5}
{"x":229,"y":173,"color":"#333","penSize":5}
{"x":229,"y":173,"color":"#333","penSize":5}
{"x":230,"y":173,"color":"#333","penSize":5}
{"x":231,"y":173,"color":"#333","penSize":5}
{"x":232,"y":173,"color":"#333","penSize":5}
{"x":232,"y":173,"color":"#333","penSize":5}
{"x":233,"y":173,"color":"#333","penSize":5}
{"x":234,"y":173,"color":"#333","penSize":5}
{"x":234,"y":173,"color":"#333","penSize":5}
{"x":235,"y":173,"color":"#333","penSize":5}
{"x":235,"y":173,"color":"#333","penSize":5}
{"x":236,"y":173,"color":"#333","penSize":5}
{"x":239,"y":173,"color":"#333","penSize":5}
{"x":239,"y":173,"color":"#333","penSize":5}
{"x":241,"y":173,"color":"#333","penSize":5}
{"x":244,"y":173,"color":"#333","penSize":5}
{"x":245,"y":173,"color":"#333","penSize":5}
{"x":247,"y":173,"color":"#333","penSize":5}
{"x":249,"y":173,"color":"#333","penSize":5}
{"x":250,"y":173,"color":"#333","penSize":5}
{"x":252,"y":173,"color":"#333","penSize":5}
{"x":253,"y":173,"color":"#333","penSize":5}
{"x":254,"y":173,"color":"#333","penSize":5}
{"x":255,"y":173,"color":"#333","penSize":5}
{"x":256,"y":173,"color":"#333","penSize":5}
{"x":256,"y":173,"color":"#333","penSize":5}
{"x":257,"y":173,"color":"#333","penSize":5}
{"x":257,"y":173,"color":"#333","penSize":5}
{"x":257,"y":173,"color":"#333","penSize":5}
{}
{}
{}
{"x":194,"y":181,"color":"#333","penSize":5}
{"x":196,"y":181,"color":"#333","penSize":5}
{"x":197,"y":181,"color":"#333","penSize":5}
{"x":199,"y":181,"color":"#333","penSize":5}
{"x":201,"y":180,"color":"#333","penSize":5}
{"x":204,"y":180,"color":"#333","penSize":5}
{"x":207,"y":180,"color":"#333","penSize":5}
{"x":210,"y":180,"color":"#333","penSize":5}
{"x":213,"y":179,"color":"#333","penSize":5}
{"x":216,"y":178,"color":"#333","penSize":5}
{"x":219,"y":178,"color":"#333","penSize":5}
{"x":223,"y":177,"color":"#333","penSize":5}
{"x":225,"y":177,"color":"#333","penSize":5}
{"x":228,"y":177,"color":"#333","penSize":5}
{"x":229,"y":176,"color":"#333","penSize":5}
{"x":232,"y":175,"color":"#333","penSize":5}
{"x":233,"y":175,"color":"#333","penSize":5}
{"x":237,"y":174,"color":"#333","penSize":5}
{"x":237,"y":174,"color":"#333","penSize":5}
{"x":238,"y":174,"color":"#333","penSize":5}
{"x":239,"y":174,"color":"#333","penSize":5}
{"x":239,"y":174,"color":"#333","penSize":5}
{"x":239,"y":174,"color":"#333","penSize":5}
{"x":239,"y":174,"color":"#333","penSize":5}
{"x":240,"y":174,"color":"#333","penSize":5}
{"x":240,"y":174,"color":"#333","penSize":5}
{"x":241,"y":174,"color":"#333","penSize":5}
{"x":242,"y":174,"color":"#333","penSize":5}
{"x":242,"y":174,"color":"#333","penSize":5}
{"x":243,"y":174,"color":"#333","penSize":5}
{"x":243,"y":174,"color":"#333","penSize":5}
{"x":244,"y":174,"color":"#333","penSize":5}
{"x":244,"y":174,"color":"#333","penSize":5}
{"x":245,"y":174,"color":"#333","penSize":5}
{"x":246,"y":174,"color":"#333","penSize":5}
{"x":246,"y":174,"color":"#333","penSize":5}
{"x":247,"y":174,"color":"#333","penSize":5}
{"x":247,"y":174,"color":"#333","penSize":5}
{"x":248,"y":174,"color":"#333","penSize":5}
{"x":249,"y":174,"color":"#333","penSize":5}
{"x":249,"y":174,"color":"#333","penSize":5}
{"x":250,"y":174,"color":"#333","penSize":5}
{"x":251,"y":174,"color":"#333","penSize":5}
{"x":252,"y":174,"color":"#333","penSize":5}
{"x":252,"y":174,"color":"#333","penSize":5}
{"x":253,"y":174,"color":"#333","penSize":5}
{"x":254,"y":174,"color":"#333","penSize":5}
{"x":254,"y":174,"color":"#333","penSize":5}
{"x":254,"y":174,"color":"#333","penSize":5}
{"x":254,"y":174,"color":"#333","penSize":5}
{"x":255,"y":174,"color":"#333","penSize":5}
{"x":255,"y":174,"color":"#333","penSize":5}
{}
{"x":504,"y":154,"color":"#333","penSize":5}
{"x":505,"y":154,"color":"#333","penSize":5}
{"x":505,"y":154,"color":"#333","penSize":5}
{"x":506,"y":154,"color":"#333","penSize":5}
{"x":507,"y":154,"color":"#333","penSize":5}
{"x":508,"y":154,"color":"#333","penSize":5}
{"x":508,"y":154,"color":"#333","penSize":5}
{"x":509,"y":154,"color":"#333","penSize":5}
{"x":509,"y":154,"color":"#333","penSize":5}
{"x":509,"y":154,"color":"#333","penSize":5}
{"x":509,"y":154,"color":"#333","penSize":5}
{"x":510,"y":154,"color":"#333","penSize":5}
{"x":510,"y":154,"color":"#333","penSize":5}
{"x":510,"y":154,"color":"#333","penSize":5}
{"x":511,"y":154,"color":"#333","penSize":5}
{"x":511,"y":154,"color":"#333","penSize":5}
{"x":511,"y":154,"color":"#333","penSize":5}
{"x":512,"y":154,"color":"#333","penSize":5}
{"x":512,"y":154,"color":"#333","penSize":5}
{}
{"x":543,"y":154,"color":"#333","penSize":5}
{"x":544,"y":154,"color":"#333","penSize":5}
{"x":544,"y":154,"color":"#333","penSize":5}
{"x":544,"y":154,"color":"#333","penSize":5}
{"x":545,"y":154,"color":"#333","penSize":5}
{"x":545,"y":154,"color":"#333","penSize":5}
{"x":546,"y":154,"color":"#333","penSize":5}
{"x":546,"y":154,"color":"#333","penSize":5}
{"x":547,"y":154,"color":"#333","penSize":5}
{"x":547,"y":154,"color":"#333","penSize":5}
{"x":547,"y":154,"color":"#333","penSize":5}
{"x":548,"y":154,"color":"#333","penSize":5}
{"x":548,"y":154,"color":"#333","penSize":5}
{"x":548,"y":154,"color":"#333","penSize":5}
{"x":549,"y":154,"color":"#333","penSize":5}
{"x":549,"y":154,"color":"#333","penSize":5}
{}
{"x":514,"y":159,"color":"#333","penSize":5}
{"x":513,"y":159,"color":"#333","penSize":5}
{"x":512,"y":159,"color":"#333","penSize":5}
{"x":510,"y":159,"color":"#333","penSize":5}
{"x":509,"y":159,"color":"#333","penSize":5}
{"x":508,"y":159,"color":"#333","penSize":5}
{"x":507,"y":159,"color":"#333","penSize":5}
{"x":505,"y":159,"color":"#333","penSize":5}
{"x":505,"y":159,"color":"#333","penSize":5}
{"x":504,"y":159,"color":"#333","penSize":5}
{"x":503,"y":159,"color":"#333","penSize":5}
{"x":503,"y":159,"color":"#333","penSize":5}
{}
{"x":545,"y":157,"color":"#333","penSize":5}
{"x":546,"y":157,"color":"#333","penSize":5}
{"x":546,"y":157,"color":"#333","penSize":5}
{"x":546,"y":157,"color":"#333","penSize":5}
{"x":547,"y":157,"color":"#333","penSize":5}
{"x":547,"y":157,"color":"#333","penSize":5}
{"x":547,"y":157,"color":"#333","penSize":5}
{"x":548,"y":157,"color":"#333","penSize":5}
{"x":548,"y":157,"color":"#333","penSize":5}
{"x":548,"y":157,"color":"#333","penSize":5}
{}
{"x":303,"y":153,"color":"#333","penSize":5}
{"x":302,"y":153,"color":"#333","penSize":5}
{"x":301,"y":153,"color":"#333","penSize":5}
{"x":300,"y":153,"color":"#333","penSize":5}
{"x":299,"y":153,"color":"#333","penSize":5}
{"x":297,"y":153,"color":"#333","penSize":5}
{"x":295,"y":153,"color":"#333","penSize":5}
{"x":293,"y":153,"color":"#333","penSize":5}
{"x":290,"y":153,"color":"#333","penSize":5}
{"x":287,"y":153,"color":"#333","penSize":5}
{"x":285,"y":153,"color":"#333","penSize":5}
{"x":281,"y":154,"color":"#333","penSize":5}
{"x":280,"y":154,"color":"#333","penSize":5}
{"x":274,"y":154,"color":"#333","penSize":5}
{"x":270,"y":155,"color":"#333","penSize":5}
{"x":268,"y":156,"color":"#333","penSize":5}
{"x":263,"y":156,"color":"#333","penSize":5}
{"x":261,"y":157,"color":"#333","penSize":5}
{"x":260,"y":157,"color":"#333","penSize":5}
{"x":257,"y":158,"color":"#333","penSize":5}
{"x":256,"y":158,"color":"#333","penSize":5}
{"x":254,"y":158,"color":"#333","penSize":5}
{"x":253,"y":158,"color":"#333","penSize":5}
{"x":252,"y":159,"color":"#333","penSize":5}
{"x":251,"y":159,"color":"#333","penSize":5}
{"x":250,"y":159,"color":"#333","penSize":5}
{"x":249,"y":159,"color":"#333","penSize":5}
{"x":249,"y":159,"color":"#333","penSize":5}
{"x":249,"y":159,"color":"#333","penSize":5}
{"x":248,"y":159,"color":"#333","penSize":5}
{"x":247,"y":159,"color":"#333","penSize":5}
{"x":247,"y":159,"color":"#333","penSize":5}
{"x":246,"y":159,"color":"#333","penSize":5}
{"x":245,"y":159,"color":"#333","penSize":5}
{"x":243,"y":159,"color":"#333","penSize":5}
{"x":243,"y":159,"color":"#333","penSize":5}
{"x":242,"y":159,"color":"#333","penSize":5}
{"x":241,"y":159,"color":"#333","penSize":5}
{"x":240,"y":159,"color":"#333","penSize":5}
{"x":240,"y":159,"color":"#333","penSize":5}
{"x":239,"y":159,"color":"#333","penSize":5}
{"x":239,"y":159,"color":"#333","penSize":5}
{"x":239,"y":159,"color":"#333","penSize":5}
{"x":239,"y":159,"color":"#333","penSize":5}
{"x":239,"y":158,"color":"#333","penSize":5}
{}
{}
{}
{}
{}
{}
{}
{}
{}
{}
{}
{"x":223,"y":157,"color":"red","penSize":5}
{"x":225,"y":157,"color":"red","penSize":5}
{"x":229,"y":157,"color":"red","penSize":5}
{"x":233,"y":157,"color":"red","penSize":5}
{"x":237,"y":157,"color":"red","penSize":5}
{"x":243,"y":157,"color":"red","penSize":5}
{"x":245,"y":157,"color":"red","penSize":5}
{"x":250,"y":157,"color":"red","penSize":5}
{"x":256,"y":157,"color":"red","penSize":5}
{"x":259,"y":157,"color":"red","penSize":5}
{"x":264,"y":157,"color":"red","penSize":5}
{"x":268,"y":157,"color":"red","penSize":5}
{"x":271,"y":157,"color":"red","penSize":5}
{"x":279,"y":157,"color":"red","penSize":5}
{"x":284,"y":157,"color":"red","penSize":5}
{"x":286,"y":157,"color":"red","penSize":5}
{"x":295,"y":157,"color":"red","penSize":5}
{"x":299,"y":157,"color":"red","penSize":5}
{"x":304,"y":157,"color":"red","penSize":5}
{"x":309,"y":157,"color":"red","penSize":5}
{"x":316,"y":156,"color":"red","penSize":5}
{"x":321,"y":156,"color":"red","penSize":5}
{"x":327,"y":155,"color":"red","penSize":5}
{"x":331,"y":155,"color":"red","penSize":5}
{"x":335,"y":155,"color":"red","penSize":5}
{"x":339,"y":154,"color":"red","penSize":5}
{"x":342,"y":154,"color":"red","penSize":5}
{"x":346,"y":153,"color":"red","penSize":5}
{"x":349,"y":153,"color":"red","penSize":5}
{"x":353,"y":153,"color":"red","penSize":5}
{"x":357,"y":153,"color":"red","penSize":5}
{"x":359,"y":152,"color":"red","penSize":5}
{"x":362,"y":152,"color":"red","penSize":5}
{"x":365,"y":152,"color":"red","penSize":5}
{"x":368,"y":152,"color":"red","penSize":5}
{"x":369,"y":152,"color":"red","penSize":5}
{"x":370,"y":152,"color":"red","penSize":5}
{"x":371,"y":152,"color":"red","penSize":5}
{"x":372,"y":152,"color":"red","penSize":5}
{"x":373,"y":152,"color":"red","penSize":5}
{"x":373,"y":152,"color":"red","penSize":5}
{"x":373,"y":152,"color":"red","penSize":5}
{"x":374,"y":152,"color":"red","penSize":5}
{"x":374,"y":152,"color":"red","penSize":5}
{"x":374,"y":152,"color":"red","penSize":5}
{"x":375,"y":152,"color":"red","penSize":5}
{"x":375,"y":152,"color":"red","penSize":5}
{"x":375,"y":152,"color":"red","penSize":5}
{"x":376,"y":152,"color":"red","penSize":5}
{"x":377,"y":152,"color":"red","penSize":5}
{"x":378,"y":152,"color":"red","penSize":5}
{"x":379,"y":152,"color":"red","penSize":5}
{"x":380,"y":152,"color":"red","penSize":5}
{"x":380,"y":152,"color":"red","penSize":5}
{"x":381,"y":152,"color":"red","penSize":5}
{"x":382,"y":152,"color":"red","penSize":5}
{"x":382,"y":152,"color":"red","penSize":5}
{"x":382,"y":152,"color":"red","penSize":5}
{"x":383,"y":152,"color":"red","penSize":5}
{"x":383,"y":152,"color":"red","penSize":5}
{"x":383,"y":152,"color":"red","penSize":5}
{"x":383,"y":152,"color":"red","penSize":5}
{}
{"x":399,"y":156,"color":"red","penSize":5}
{"x":399,"y":156,"color":"red","penSize":5}
{"x":403,"y":156,"color":"red","penSize":5}
{"x":406,"y":156,"color":"red","penSize":5}
{"x":409,"y":156,"color":"red","penSize":5}
{"x":413,"y":156,"color":"red","penSize":5}
{"x":418,"y":156,"color":"red","penSize":5}
{"x":422,"y":156,"color":"red","penSize":5}
{"x":427,"y":156,"color":"red","penSize":5}
{"x":430,"y":156,"color":"red","penSize":5}
{"x":435,"y":156,"color":"red","penSize":5}
{"x":439,"y":156,"color":"red","penSize":5}
{"x":443,"y":156,"color":"red","penSize":5}
{"x":447,"y":155,"color":"red","penSize":5}
{"x":449,"y":155,"color":"red","penSize":5}
{"x":453,"y":155,"color":"red","penSize":5}
{"x":457,"y":154,"color":"red","penSize":5}
{"x":459,"y":154,"color":"red","penSize":5}
{"x":463,"y":154,"color":"red","penSize":5}
{"x":464,"y":154,"color":"red","penSize":5}
{"x":467,"y":154,"color":"red","penSize":5}
{"x":469,"y":154,"color":"red","penSize":5}
{"x":470,"y":154,"color":"red","penSize":5}
{"x":472,"y":154,"color":"red","penSize":5}
{"x":473,"y":154,"color":"red","penSize":5}
{"x":473,"y":154,"color":"red","penSize":5}
{"x":474,"y":154,"color":"red","penSize":5}
{"x":474,"y":154,"color":"red","penSize":5}
{"x":475,"y":154,"color":"red","penSize":5}
{"x":475,"y":154,"color":"red","penSize":5}
{"x":475,"y":154,"color":"red","penSize":5}
{"x":476,"y":154,"color":"red","penSize":5}
{"x":476,"y":155,"color":"red","penSize":5}
{"x":476,"y":155,"color":"red","penSize":5}
{"x":476,"y":155,"color":"red","penSize":5}
{}
{}
{"x":495,"y":159,"color":"red","penSize":5}
{"x":495,"y":159,"color":"red","penSize":5}
{"x":497,"y":159,"color":"red","penSize":5}
{"x":498,"y":159,"color":"red","penSize":5}
{"x":499,"y":159,"color":"red","penSize":5}
{"x":501,"y":159,"color":"red","penSize":5}
{"x":503,"y":159,"color":"red","penSize":5}
{"x":507,"y":159,"color":"red","penSize":5}
{"x":509,"y":159,"color":"red","penSize":5}
{"x":511,"y":159,"color":"red","penSize":5}
{"x":514,"y":159,"color":"red","penSize":5}
{"x":518,"y":159,"color":"red","penSize":5}
{"x":522,"y":159,"color":"red","penSize":5}
{"x":526,"y":158,"color":"red","penSize":5}
{"x":530,"y":157,"color":"red","penSize":5}
{"x":535,"y":156,"color":"red","penSize":5}
{"x":539,"y":155,"color":"red","penSize":5}
{"x":541,"y":155,"color":"red","penSize":5}
{"x":545,"y":154,"color":"red","penSize":5}
{"x":548,"y":153,"color":"red","penSize":5}
{"x":550,"y":153,"color":"red","penSize":5}
{"x":553,"y":153,"color":"red","penSize":5}
{"x":555,"y":153,"color":"red","penSize":5}
{"x":557,"y":153,"color":"red","penSize":5}
{"x":559,"y":153,"color":"red","penSize":5}
{"x":561,"y":153,"color":"red","penSize":5}
{"x":564,"y":153,"color":"red","penSize":5}
{"x":565,"y":153,"color":"red","penSize":5}
{"x":567,"y":153,"color":"red","penSize":5}
{"x":568,"y":153,"color":"red","penSize":5}
{"x":569,"y":153,"color":"red","penSize":5}
{"x":570,"y":153,"color":"red","penSize":5}
{"x":570,"y":153,"color":"red","penSize":5}
{"x":571,"y":153,"color":"red","penSize":5}
{"x":571,"y":153,"color":"red","penSize":5}
{"x":572,"y":153,"color":"red","penSize":5}
{"x":572,"y":153,"color":"red","penSize":5}
{"x":572,"y":153,"color":"red","penSize":5}
{"x":572,"y":153,"color":"red","penSize":5}
{"x":572,"y":154,"color":"red","penSize":5}
{"x":572,"y":154,"color":"red","penSize":5}
{"x":570,"y":154,"color":"red","penSize":5}
{"x":568,"y":155,"color":"red","penSize":5}
{"x":563,"y":157,"color":"red","penSize":5}
{"x":558,"y":159,"color":"red","penSize":5}
{"x":549,"y":161,"color":"red","penSize":5}
{"x":536,"y":166,"color":"red","penSize":5}
{"x":522,"y":169,"color":"red","penSize":5}
{"x":509,"y":174,"color":"red","penSize":5}
{"x":491,"y":178,"color":"red","penSize":5}
{"x":473,"y":182,"color":"red","penSize":5}
{"x":452,"y":186,"color":"red","penSize":5}
{"x":442,"y":188,"color":"red","penSize":5}
{"x":424,"y":191,"color":"red","penSize":5}
{"x":407,"y":195,"color":"red","penSize":5}
{"x":393,"y":198,"color":"red","penSize":5}
{"x":387,"y":199,"color":"red","penSize":5}
{"x":375,"y":201,"color":"red","penSize":5}
{"x":366,"y":203,"color":"red","penSize":5}
{"x":359,"y":205,"color":"red","penSize":5}
{"x":351,"y":207,"color":"red","penSize":5}
{"x":346,"y":209,"color":"red","penSize":5}
{"x":340,"y":209,"color":"red","penSize":5}
{"x":337,"y":211,"color":"red","penSize":5}
{"x":332,"y":212,"color":"red","penSize":5}
{"x":328,"y":213,"color":"red","penSize":5}
{"x":323,"y":214,"color":"red","penSize":5}
{"x":319,"y":215,"color":"red","penSize":5}
{"x":316,"y":216,"color":"red","penSize":5}
{"x":311,"y":216,"color":"red","penSize":5}
{"x":307,"y":217,"color":"red","penSize":5}
{"x":302,"y":217,"color":"red","penSize":5}
{"x":298,"y":218,"color":"red","penSize":5}
{"x":293,"y":218,"color":"red","penSize":5}
{"x":288,"y":219,"color":"red","penSize":5}
{"x":282,"y":219,"color":"red","penSize":5}
{"x":278,"y":219,"color":"red","penSize":5}
{"x":272,"y":220,"color":"red","penSize":5}
{"x":268,"y":221,"color":"red","penSize":5}
{"x":262,"y":222,"color":"red","penSize":5}
{"x":258,"y":224,"color":"red","penSize":5}
{"x":252,"y":225,"color":"red","penSize":5}
{"x":247,"y":226,"color":"red","penSize":5}
{"x":243,"y":226,"color":"red","penSize":5}
{"x":239,"y":227,"color":"red","penSize":5}
{"x":234,"y":228,"color":"red","penSize":5}
{"x":232,"y":228,"color":"red","penSize":5}
{"x":229,"y":228,"color":"red","penSize":5}
{"x":226,"y":228,"color":"red","penSize":5}
{"x":223,"y":228,"color":"red","penSize":5}
{"x":219,"y":228,"color":"red","penSize":5}
{"x":216,"y":228,"color":"red","penSize":5}
{"x":214,"y":228,"color":"red","penSize":5}
{"x":211,"y":228,"color":"red","penSize":5}
{"x":210,"y":228,"color":"red","penSize":5}
{"x":207,"y":227,"color":"red","penSize":5}
{"x":205,"y":227,"color":"red","penSize":5}
{"x":202,"y":226,"color":"red","penSize":5}
{"x":201,"y":225,"color":"red","penSize":5}
{"x":198,"y":224,"color":"red","penSize":5}
{"x":196,"y":223,"color":"red","penSize":5}
{"x":193,"y":222,"color":"red","penSize":5}
{"x":190,"y":221,"color":"red","penSize":5}
{"x":188,"y":220,"color":"red","penSize":5}
{"x":185,"y":220,"color":"red","penSize":5}
{"x":182,"y":219,"color":"red","penSize":5}
{"x":179,"y":219,"color":"red","penSize":5}
{"x":178,"y":219,"color":"red","penSize":5}
{"x":173,"y":218,"color":"red","penSize":5}
{"x":171,"y":217,"color":"red","penSize":5}
{"x":168,"y":216,"color":"red","penSize":5}
{"x":167,"y":215,"color":"red","penSize":5}
{"x":165,"y":214,"color":"red","penSize":5}
{"x":163,"y":214,"color":"red","penSize":5}
{"x":161,"y":213,"color":"red","penSize":5}
{"x":160,"y":212,"color":"red","penSize":5}
{"x":156,"y":211,"color":"red","penSize":5}
{"x":156,"y":210,"color":"red","penSize":5}
{"x":156,"y":210,"color":"red","penSize":5}
{"x":153,"y":210,"color":"red","penSize":5}
{"x":153,"y":209,"color":"red","penSize":5}
{"x":153,"y":209,"color":"red","penSize":5}
{"x":153,"y":209,"color":"red","penSize":5}
{"x":152,"y":209,"color":"red","penSize":5}
{"x":152,"y":209,"color":"red","penSize":5}
{"x":152,"y":208,"color":"red","penSize":5}
{"x":152,"y":208,"color":"red","penSize":5}
{"x":152,"y":206,"color":"red","penSize":5}
{}
{}
{"x":483,"y":161,"color":"red","penSize":5}
{"x":478,"y":161,"color":"red","penSize":5}
{"x":469,"y":161,"color":"red","penSize":5}
{"x":454,"y":161,"color":"red","penSize":5}
{"x":438,"y":161,"color":"red","penSize":5}
{"x":416,"y":161,"color":"red","penSize":5}
{"x":397,"y":161,"color":"red","penSize":5}
{"x":388,"y":161,"color":"red","penSize":5}
{"x":357,"y":162,"color":"red","penSize":5}
{"x":341,"y":164,"color":"red","penSize":5}
{"x":326,"y":166,"color":"red","penSize":5}
{"x":310,"y":169,"color":"red","penSize":5}
{"x":296,"y":173,"color":"red","penSize":5}
{"x":279,"y":177,"color":"red","penSize":5}
{"x":262,"y":181,"color":"red","penSize":5}
{"x":242,"y":186,"color":"red","penSize":5}
{"x":224,"y":191,"color":"red","penSize":5}
{"x":204,"y":196,"color":"red","penSize":5}
{"x":195,"y":198,"color":"red","penSize":5}
{"x":179,"y":201,"color":"red","penSize":5}
{"x":163,"y":204,"color":"red","penSize":5}
{"x":158,"y":205,"color":"red","penSize":5}
{"x":147,"y":208,"color":"red","penSize":5}
{"x":136,"y":209,"color":"red","penSize":5}
{"x":127,"y":210,"color":"red","penSize":5}
{"x":119,"y":211,"color":"red","penSize":5}
{"x":112,"y":212,"color":"red","penSize":5}
{"x":106,"y":213,"color":"red","penSize":5}
{"x":104,"y":213,"color":"red","penSize":5}
{"x":99,"y":213,"color":"red","penSize":5}
{"x":97,"y":213,"color":"red","penSize":5}
{"x":95,"y":213,"color":"red","penSize":5}
{"x":92,"y":213,"color":"red","penSize":5}
{"x":91,"y":213,"color":"red","penSize":5}
{"x":90,"y":213,"color":"red","penSize":5}
{"x":90,"y":213,"color":"red","penSize":5}
{"x":89,"y":213,"color":"red","penSize":5}
{"x":89,"y":213,"color":"red","penSize":5}
{"x":89,"y":213,"color":"red","penSize":5}
{"x":89,"y":213,"color":"red","penSize":5}
{"x":88,"y":212,"color":"red","penSize":5}
{"x":88,"y":212,"color":"red","penSize":5}
{"x":87,"y":212,"color":"red","penSize":5}
{"x":86,"y":212,"color":"red","penSize":5}
{"x":86,"y":212,"color":"red","penSize":5}
{"x":85,"y":212,"color":"red","penSize":5}
{"x":85,"y":212,"color":"red","penSize":5}
{"x":83,"y":211,"color":"red","penSize":5}
{"x":83,"y":211,"color":"red","penSize":5}
{"x":82,"y":211,"color":"red","penSize":5}
{"x":80,"y":211,"color":"red","penSize":5}
{"x":80,"y":211,"color":"red","penSize":5}
{"x":79,"y":211,"color":"red","penSize":5}
{"x":79,"y":211,"color":"red","penSize":5}
{"x":79,"y":211,"color":"red","penSize":5}
{"x":79,"y":210,"color":"red","penSize":5}
{"x":79,"y":210,"color":"red","penSize":5}
{"x":79,"y":210,"color":"red","penSize":5}
{"x":79,"y":210,"color":"red","penSize":5}
{"x":80,"y":210,"color":"red","penSize":5}
{"x":80,"y":210,"color":"red","penSize":5}
{"x":81,"y":210,"color":"red","penSize":5}
{"x":82,"y":210,"color":"red","penSize":5}
{"x":83,"y":210,"color":"red","penSize":5}
{"x":83,"y":210,"color":"red","penSize":5}
{"x":84,"y":210,"color":"red","penSize":5}
{"x":84,"y":210,"color":"red","penSize":5}
{"x":85,"y":210,"color":"red","penSize":5}
{"x":85,"y":210,"color":"red","penSize":5}
{"x":86,"y":210,"color":"red","penSize":5}
{"x":87,"y":210,"color":"red","penSize":5}
{"x":87,"y":210,"color":"red","penSize":5}
{"x":89,"y":210,"color":"red","penSize":5}
{"x":89,"y":210,"color":"red","penSize":5}
{"x":89,"y":210,"color":"red","penSize":5}
{"x":90,"y":210,"color":"red","penSize":5}
{"x":90,"y":210,"color":"red","penSize":5}
{"x":91,"y":210,"color":"red","penSize":5}
{"x":91,"y":210,"color":"red","penSize":5}
{"x":92,"y":210,"color":"red","penSize":5}
{"x":92,"y":210,"color":"red","penSize":5}
{"x":92,"y":210,"color":"red","penSize":5}
{"x":93,"y":210,"color":"red","penSize":5}
{"x":93,"y":210,"color":"red","penSize":5}
{"x":93,"y":210,"color":"red","penSize":5}
{"x":94,"y":210,"color":"red","penSize":5}
{"x":94,"y":210,"color":"red","penSize":5}
{"x":94,"y":211,"color":"red","penSize":5}
{"x":94,"y":211,"color":"red","penSize":5}
{"x":94,"y":211,"color":"red","penSize":5}
{"x":94,"y":211,"color":"red","penSize":5}
{"x":94,"y":211,"color":"red","penSize":5}
{}
{}
{}
{}
{}
{}
{}
{}
{}
{}
{"x":504,"y":157,"color":"red","penSize":5}
{"x":504,"y":157,"color":"red","penSize":5}
{"x":505,"y":157,"color":"red","penSize":5}
{"x":505,"y":157,"color":"red","penSize":5}
{"x":505,"y":157,"color":"red","penSize":5}
{"x":506,"y":157,"color":"red","penSize":5}
{"x":506,"y":157,"color":"red","penSize":5}
{"x":506,"y":157,"color":"red","penSize":5}
{"x":507,"y":157,"color":"red","penSize":5}
{"x":508,"y":157,"color":"red","penSize":5}
{"x":509,"y":157,"color":"red","penSize":5}
{"x":509,"y":157,"color":"red","penSize":5}
{"x":509,"y":157,"color":"red","penSize":5}
{"x":510,"y":157,"color":"red","penSize":5}
{"x":511,"y":157,"color":"red","penSize":5}
{"x":511,"y":157,"color":"red","penSize":5}
{"x":511,"y":157,"color":"red","penSize":5}
{"x":512,"y":157,"color":"red","penSize":5}
{"x":512,"y":157,"color":"red","penSize":5}
{"x":512,"y":157,"color":"red","penSize":5}
{"x":513,"y":157,"color":"red","penSize":5}
{"x":513,"y":157,"color":"red","penSize":5}
{"x":513,"y":157,"color":"red","penSize":5}
{"x":514,"y":157,"color":"red","penSize":5}
{"x":514,"y":157,"color":"red","penSize":5}
{"x":514,"y":157,"color":"red","penSize":5}
{"x":513,"y":157,"color":"red","penSize":5}
{"x":513,"y":157,"color":"red","penSize":5}
{}
{"x":274,"y":152,"color":"red","penSize":5}
{"x":274,"y":152,"color":"red","penSize":5}
{"x":273,"y":152,"color":"red","penSize":5}
{"x":273,"y":152,"color":"red","penSize":5}
{"x":272,"y":152,"color":"red","penSize":5}
{"x":272,"y":152,"color":"red","penSize":5}
{"x":271,"y":152,"color":"red","penSize":5}
{"x":271,"y":152,"color":"red","penSize":5}
{"x":270,"y":152,"color":"red","penSize":5}
{"x":269,"y":152,"color":"red","penSize":5}
{"x":269,"y":152,"color":"red","penSize":5}
{"x":269,"y":152,"color":"red","penSize":5}
{"x":268,"y":152,"color":"red","penSize":5}
{"x":268,"y":152,"color":"red","penSize":5}
{"x":267,"y":152,"color":"red","penSize":5}
{"x":267,"y":152,"color":"red","penSize":5}
{"x":267,"y":152,"color":"red","penSize":5}
{"x":267,"y":151,"color":"red","penSize":5}
{"x":267,"y":151,"color":"red","penSize":5}
{}
{}
{"x":519,"y":160,"color":"red","penSize":5}
{"x":519,"y":160,"color":"red","penSize":5}
{"x":518,"y":160,"color":"red","penSize":5}
{"x":517,"y":160,"color":"red","penSize":5}
{"x":515,"y":160,"color":"red","penSize":5}
{"x":515,"y":160,"color":"red","penSize":5}
{"x":514,"y":160,"color":"red","penSize":5}
{"x":513,"y":160,"color":"red","penSize":5}
{"x":513,"y":160,"color":"red","penSize":5}
{"x":512,"y":160,"color":"red","penSize":5}
{"x":512,"y":160,"color":"red","penSize":5}
{"x":512,"y":160,"color":"red","penSize":5}
{"x":512,"y":160,"color":"red","penSize":5}
{}
{}
{"x":509,"y":162,"color":"red","penSize":5}
{"x":509,"y":161,"color":"red","penSize":5}
{"x":510,"y":161,"color":"red","penSize":5}
{"x":511,"y":160,"color":"red","penSize":5}
{"x":511,"y":160,"color":"red","penSize":5}
{"x":512,"y":160,"color":"red","penSize":5}
{"x":512,"y":160,"color":"red","penSize":5}
{"x":512,"y":159,"color":"red","penSize":5}
{"x":513,"y":159,"color":"red","penSize":5}
{"x":513,"y":159,"color":"red","penSize":5}
{"x":513,"y":159,"color":"red","penSize":5}
{}
{"x":271,"y":226,"color":"red","penSize":5}
{"x":271,"y":224,"color":"red","penSize":5}
{"x":271,"y":224,"color":"red","penSize":5}
{"x":271,"y":222,"color":"red","penSize":5}
{"x":271,"y":221,"color":"red","penSize":5}
{"x":271,"y":220,"color":"red","penSize":5}
{"x":271,"y":219,"color":"red","penSize":5}
{"x":271,"y":219,"color":"red","penSize":5}
{"x":271,"y":217,"color":"red","penSize":5}
{"x":271,"y":215,"color":"red","penSize":5}
{"x":271,"y":213,"color":"red","penSize":5}
{"x":270,"y":211,"color":"red","penSize":5}
{"x":270,"y":211,"color":"red","penSize":5}
{"x":270,"y":209,"color":"red","penSize":5}
{"x":270,"y":209,"color":"red","penSize":5}
{"x":270,"y":207,"color":"red","penSize":5}
{"x":270,"y":206,"color":"red","penSize":5}
{"x":270,"y":206,"color":"red","penSize":5}
{"x":269,"y":205,"color":"red","penSize":5}
{"x":269,"y":204,"color":"red","penSize":5}
{"x":269,"y":203,"color":"red","penSize":5}
{"x":269,"y":203,"color":"red","penSize":5}
{"x":269,"y":203,"color":"red","penSize":5}
{"x":269,"y":203,"color":"red","penSize":5}
{"x":269,"y":202,"color":"red","penSize":5}
{"x":269,"y":202,"color":"red","penSize":5}
{"x":269,"y":202,"color":"red","penSize":5}
{"x":269,"y":201,"color":"red","penSize":5}
{"x":269,"y":200,"color":"red","penSize":5}
{"x":269,"y":199,"color":"red","penSize":5}
{"x":269,"y":196,"color":"red","penSize":5}
{"x":268,"y":193,"color":"red","penSize":5}
{"x":268,"y":189,"color":"red","penSize":5}
{"x":267,"y":185,"color":"red","penSize":5}
{"x":266,"y":183,"color":"red","penSize":5}
{"x":265,"y":180,"color":"red","penSize":5}
{"x":264,"y":178,"color":"red","penSize":5}
{"x":264,"y":176,"color":"red","penSize":5}
{"x":264,"y":174,"color":"red","penSize":5}
{"x":263,"y":173,"color":"red","penSize":5}
{"x":263,"y":173,"color":"red","penSize":5}
{"x":263,"y":172,"color":"red","penSize":5}
{"x":262,"y":172,"color":"red","penSize":5}
{"x":262,"y":172,"color":"red","penSize":5}
{"x":262,"y":172,"color":"red","penSize":5}
{"x":261,"y":171,"color":"red","penSize":5}
{"x":261,"y":171,"color":"red","penSize":5}
{"x":260,"y":171,"color":"red","penSize":5}
{"x":259,"y":171,"color":"red","penSize":5}
{"x":259,"y":170,"color":"red","penSize":5}
{"x":259,"y":169,"color":"red","penSize":5}
{"x":258,"y":169,"color":"red","penSize":5}
{"x":257,"y":169,"color":"red","penSize":5}
{"x":256,"y":168,"color":"red","penSize":5}
{"x":254,"y":167,"color":"red","penSize":5}
{"x":254,"y":166,"color":"red","penSize":5}
{"x":253,"y":166,"color":"red","penSize":5}
{"x":252,"y":165,"color":"red","penSize":5}
{"x":251,"y":165,"color":"red","penSize":5}
{"x":251,"y":165,"color":"red","penSize":5}
{"x":250,"y":164,"color":"red","penSize":5}
{"x":250,"y":164,"color":"red","penSize":5}
{"x":249,"y":163,"color":"red","penSize":5}
{"x":249,"y":163,"color":"red","penSize":5}
{"x":249,"y":163,"color":"red","penSize":5}
{"x":249,"y":163,"color":"red","penSize":5}
{"x":249,"y":163,"color":"red","penSize":5}
{"x":249,"y":162,"color":"red","penSize":5}
{"x":248,"y":162,"color":"red","penSize":5}
{"x":248,"y":162,"color":"red","penSize":5}
{"x":248,"y":162,"color":"red","penSize":5}
{"x":248,"y":162,"color":"red","penSize":5}
{"x":247,"y":161,"color":"red","penSize":5}
{"x":247,"y":161,"color":"red","penSize":5}
{"x":247,"y":161,"color":"red","penSize":5}
{"x":246,"y":161,"color":"red","penSize":5}
{"x":245,"y":161,"color":"red","penSize":5}
{"x":244,"y":160,"color":"red","penSize":5}
{"x":244,"y":160,"color":"red","penSize":5}
{"x":242,"y":159,"color":"red","penSize":5}
{"x":241,"y":159,"color":"red","penSize":5}
{"x":240,"y":159,"color":"red","penSize":5}
{"x":239,"y":159,"color":"red","penSize":5}
{"x":239,"y":159,"color":"red","penSize":5}
{"x":239,"y":158,"color":"red","penSize":5}
{"x":238,"y":158,"color":"red","penSize":5}
{"x":238,"y":158,"color":"red","penSize":5}
{"x":237,"y":158,"color":"red","penSize":5}
{"x":237,"y":158,"color":"red","penSize":5}
{"x":237,"y":158,"color":"red","penSize":5}
{"x":236,"y":158,"color":"red","penSize":5}
{"x":236,"y":158,"color":"red","penSize":5}
{"x":236,"y":158,"color":"red","penSize":5}
{"x":235,"y":158,"color":"red","penSize":5}
{"x":235,"y":158,"color":"red","penSize":5}
{"x":235,"y":158,"color":"red","penSize":5}
{}
{}
{}
{}
{}
{}
{}
{"x":507,"y":161,"color":"yellow","penSize":5}
{"x":508,"y":161,"color":"yellow","penSize":5}
{"x":508,"y":161,"color":"yellow","penSize":5}
{"x":508,"y":161,"color":"yellow","penSize":5}
{"x":509,"y":161,"color":"yellow","penSize":5}
{"x":509,"y":161,"color":"yellow","penSize":5}
{"x":509,"y":161,"color":"yellow","penSize":5}
{"x":509,"y":161,"color":"yellow","penSize":5}
{"x":509,"y":161,"color":"yellow","penSize":5}
{"x":510,"y":161,"color":"yellow","penSize":5}
{"x":510,"y":161,"color":"yellow","penSize":5}
{"x":511,"y":161,"color":"yellow","penSize":5}
{"x":512,"y":161,"color":"yellow","penSize":5}
{"x":512,"y":161,"color":"yellow","penSize":5}
{"x":513,"y":161,"color":"yellow","penSize":5}
{"x":513,"y":161,"color":"yellow","penSize":5}
{"x":513,"y":161,"color":"yellow","penSize":5}
{"x":514,"y":161,"color":"yellow","penSize":5}
{"x":514,"y":161,"color":"yellow","penSize":5}
{"x":514,"y":161,"color":"yellow","penSize":5}
{"x":515,"y":161,"color":"yellow","penSize":5}
{"x":515,"y":161,"color":"yellow","penSize":5}
{"x":515,"y":161,"color":"yellow","penSize":5}
{"x":515,"y":161,"color":"yellow","penSize":5}
{"x":515,"y":161,"color":"yellow","penSize":5}
{}
{}
{"x":131,"y":208,"color":"yellow","penSize":5}
{"x":129,"y":208,"color":"yellow","penSize":5}
{"x":129,"y":208,"color":"yellow","penSize":5}
{"x":128,"y":208,"color":"yellow","penSize":5}
{"x":126,"y":208,"color":"yellow","penSize":5}
{"x":124,"y":208,"color":"yellow","penSize":5}
{"x":123,"y":208,"color":"yellow","penSize":5}
{"x":122,"y":208,"color":"yellow","penSize":5}
{"x":121,"y":209,"color":"yellow","penSize":5}
{"x":120,"y":209,"color":"yellow","penSize":5}
{"x":119,"y":209,"color":"yellow","penSize":5}
{"x":119,"y":209,"color":"yellow","penSize":5}
{"x":118,"y":209,"color":"yellow","penSize":5}
{"x":117,"y":209,"color":"yellow","penSize":5}
{"x":116,"y":209,"color":"yellow","penSize":5}
{"x":115,"y":209,"color":"yellow","penSize":5}
{"x":114,"y":210,"color":"yellow","penSize":5}
{"x":114,"y":210,"color":"yellow","penSize":5}
{"x":113,"y":210,"color":"yellow","penSize":5}
{"x":112,"y":210,"color":"yellow","penSize":5}
{"x":112,"y":210,"color":"yellow","penSize":5}
{"x":111,"y":210,"color":"yellow","penSize":5}
{"x":110,"y":211,"color":"yellow","penSize":5}
{"x":110,"y":211,"color":"yellow","penSize":5}
{"x":109,"y":211,"color":"yellow","penSize":5}
{"x":109,"y":211,"color":"yellow","penSize":5}
{"x":108,"y":211,"color":"yellow","penSize":5}
{"x":108,"y":211,"color":"yellow","penSize":5}
{"x":107,"y":211,"color":"yellow","penSize":5}
{"x":106,"y":211,"color":"yellow","penSize":5}
{"x":106,"y":211,"color":"yellow","penSize":5}
{"x":106,"y":211,"color":"yellow","penSize":5}
{"x":105,"y":211,"color":"yellow","penSize":5}
{"x":105,"y":211,"color":"yellow","penSize":5}
{"x":105,"y":211,"color":"yellow","penSize":5}
{"x":104,"y":211,"color":"yellow","penSize":5}
{"x":104,"y":211,"color":"yellow","penSize":5}
{"x":103,"y":211,"color":"yellow","penSize":5}
{"x":102,"y":211,"color":"yellow","penSize":5}
{"x":101,"y":211,"color":"yellow","penSize":5}
{"x":100,"y":210,"color":"yellow","penSize":5}
{"x":100,"y":210,"color":"yellow","penSize":5}
{"x":99,"y":210,"color":"yellow","penSize":5}
{"x":99,"y":209,"color":"yellow","penSize":5}
{"x":99,"y":209,"color":"yellow","penSize":5}
{"x":99,"y":209,"color":"yellow","penSize":5}
{"x":99,"y":209,"color":"yellow","penSize":5}
{"x":99,"y":209,"color":"yellow","penSize":5}
{}
{}
{}
{}
{"x":509,"y":160,"color":"yellow","penSize":5}
{"x":509,"y":160,"color":"yellow","penSize":5}
{"x":509,"y":160,"color":"yellow","penSize":5}
{"x":509,"y":160,"color":"yellow","penSize":5}
{"x":509,"y":160,"color":"yellow","penSize":5}
{"x":509,"y":160,"color":"yellow","penSize":5}
{"x":510,"y":160,"color":"yellow","penSize":5}
{"x":510,"y":161,"color":"yellow","penSize":5}
{"x":510,"y":161,"color":"yellow","penSize":5}
{"x":511,"y":161,"color":"yellow","penSize":5}
{"x":511,"y":161,"color":"yellow","penSize":5}
{"x":511,"y":161,"color":"yellow","penSize":5}
{"x":511,"y":162,"color":"yellow","penSize":5}
{"x":511,"y":162,"color":"yellow","penSize":5}
{"x":512,"y":162,"color":"yellow","penSize":5}
{"x":512,"y":162,"color":"yellow","penSize":5}
{"x":512,"y":163,"color":"yellow","penSize":5}
{"x":512,"y":163,"color":"yellow","penSize":5}
{"x":512,"y":163,"color":"yellow","penSize":5}
{"x":513,"y":163,"color":"yellow","penSize":5}
{"x":513,"y":163,"color":"yellow","penSize":5}
{"x":513,"y":163,"color":"yellow","penSize":5}
{"x":513,"y":164,"color":"yellow","penSize":5}
{"x":514,"y":164,"color":"yellow","penSize":5}
{"x":514,"y":164,"color":"yellow","penSize":5}
{"x":514,"y":164,"color":"yellow","penSize":5}
{}
{"x":268,"y":155,"color":"yellow","penSize":5}
{"x":271,"y":155,"color":"yellow","penSize":5}
{"x":275,"y":155,"color":"yellow","penSize":5}
{"x":280,"y":155,"color":"yellow","penSize":5}
{"x":286,"y":155,"color":"yellow","penSize":5}
{"x":289,"y":155,"color":"yellow","penSize":5}
{"x":296,"y":155,"color":"yellow","penSize":5}
{"x":303,"y":155,"color":"yellow","penSize":5}
{"x":309,"y":155,"color":"yellow","penSize":5}
{"x":318,"y":155,"color":"yellow","penSize":5}
{"x":323,"y":154,"color":"yellow","penSize":5}
{"x":329,"y":154,"color":"yellow","penSize":5}
{"x":335,"y":154,"color":"yellow","penSize":5}
{"x":340,"y":153,"color":"yellow","penSize":5}
{"x":346,"y":153,"color":"yellow","penSize":5}
{"x":350,"y":152,"color":"yellow","penSize":5}
{"x":356,"y":151,"color":"yellow","penSize":5}
{"x":359,"y":151,"color":"yellow","penSize":5}
{"x":364,"y":151,"color":"yellow","penSize":5}
{"x":369,"y":150,"color":"yellow","penSize":5}
{"x":372,"y":150,"color":"yellow","penSize":5}
{"x":376,"y":149,"color":"yellow","penSize":5}
{"x":379,"y":149,"color":"yellow","penSize":5}
{"x":381,"y":149,"color":"yellow","penSize":5}
{"x":383,"y":149,"color":"yellow","penSize":5}
{"x":386,"y":149,"color":"yellow","penSize":5}
{"x":388,"y":149,"color":"yellow","penSize":5}
{"x":390,"y":148,"color":"yellow","penSize":5}
{"x":391,"y":148,"color":"yellow","penSize":5}
{"x":392,"y":148,"color":"yellow","penSize":5}
{"x":393,"y":148,"color":"yellow","penSize":5}
{"x":394,"y":148,"color":"yellow","penSize":5}
{"x":394,"y":148,"color":"yellow","penSize":5}
{"x":394,"y":148,"color":"yellow","penSize":5}
{"x":395,"y":148,"color":"yellow","penSize":5}
{"x":395,"y":148,"color":"yellow","penSize":5}
{"x":395,"y":148,"color":"yellow","penSize":5}
{"x":396,"y":148,"color":"yellow","penSize":5}
{"x":396,"y":148,"color":"yellow","penSize":5}
{"x":395,"y":148,"color":"yellow","penSize":5}
{"x":395,"y":148,"color":"yellow","penSize":5}
{"x":394,"y":148,"color":"yellow","penSize":5}
{"x":393,"y":148,"color":"yellow","penSize":5}
{"x":393,"y":148,"color":"yellow","penSize":5}
{"x":392,"y":148,"color":"yellow","penSize":5}
{"x":391,"y":148,"color":"yellow","penSize":5}
{"x":390,"y":149,"color":"yellow","penSize":5}
{"x":390,"y":149,"color":"yellow","penSize":5}
{"x":389,"y":149,"color":"yellow","penSize":5}
{"x":389,"y":149,"color":"yellow","penSize":5}
{"x":389,"y":149,"color":"yellow","penSize":5}
{"x":388,"y":149,"color":"yellow","penSize":5}
{"x":388,"y":149,"color":"yellow","penSize":5}
{"x":387,"y":149,"color":"yellow","penSize":5}
{"x":386,"y":149,"color":"yellow","penSize":5}
{"x":386,"y":149,"color":"yellow","penSize":5}
{"x":386,"y":149,"color":"yellow","penSize":5}
{"x":385,"y":149,"color":"yellow","penSize":5}
{"x":385,"y":149,"color":"yellow","penSize":5}
{"x":384,"y":149,"color":"yellow","penSize":5}
{"x":384,"y":149,"color":"yellow","penSize":5}
{"x":384,"y":149,"color":"yellow","penSize":5}
{"x":383,"y":149,"color":"yellow","penSize":5}
{"x":383,"y":149,"color":"yellow","penSize":5}
{"x":383,"y":149,"color":"yellow","penSize":5}
{"x":382,"y":149,"color":"yellow","penSize":5}
{"x":382,"y":149,"color":"yellow","penSize":5}
{"x":382,"y":149,"color":"yellow","penSize":5}
{"x":382,"y":149,"color":"yellow","penSize":5}
{"x":381,"y":149,"color":"yellow","penSize":5}
{"x":381,"y":149,"color":"yellow","penSize":5}
{"x":381,"y":149,"color":"yellow","penSize":5}
{"x":379,"y":149,"color":"yellow","penSize":5}
{"x":379,"y":149,"color":"yellow","penSize":5}
{"x":379,"y":149,"color":"yellow","penSize":5}
{"x":378,"y":149,"color":"yellow","penSize":5}
{"x":377,"y":149,"color":"yellow","penSize":5}
{"x":376,"y":149,"color":"yellow","penSize":5}
{"x":376,"y":149,"color":"yellow","penSize":5}
{"x":375,"y":149,"color":"yellow","penSize":5}
{"x":375,"y":149,"color":"yellow","penSize":5}
{"x":375,"y":149,"color":"yellow","penSize":5}
{"x":374,"y":149,"color":"yellow","penSize":5}
{"x":374,"y":149,"color":"yellow","penSize":5}
{"x":374,"y":149,"color":"yellow","penSize":5}
{"x":373,"y":149,"color":"yellow","penSize":5}
{"x":373,"y":149,"color":"yellow","penSize":5}
{"x":373,"y":149,"color":"yellow","penSize":5}
{"x":372,"y":149,"color":"yellow","penSize":5}
{"x":371,"y":149,"color":"yellow","penSize":5}
{"x":370,"y":149,"color":"yellow","penSize":5}
{"x":369,"y":149,"color":"yellow","penSize":5}
{"x":368,"y":150,"color":"yellow","penSize":5}
{"x":367,"y":150,"color":"yellow","penSize":5}
{"x":366,"y":150,"color":"yellow","penSize":5}
{"x":365,"y":151,"color":"yellow","penSize":5}
{"x":364,"y":151,"color":"yellow","penSize":5}
{"x":363,"y":151,"color":"yellow","penSize":5}
{"x":363,"y":151,"color":"yellow","penSize":5}
{"x":362,"y":151,"color":"yellow","penSize":5}
{"x":363,"y":151,"color":"yellow","penSize":5}
{"x":363,"y":151,"color":"yellow","penSize":5}
{"x":363,"y":151,"color":"yellow","penSize":5}
{"x":364,"y":151,"color":"yellow","penSize":5}
{"x":364,"y":151,"color":"yellow","penSize":5}
{}
{}
{}
{}
{}
{}
