{}
{}
{}
{}
{}
{}
{}
{}
{}
{"x":509,"y":176,"color":"red","penSize":5}
{"x":508,"y":176,"color":"red","penSize":5}
{"x":504,"y":176,"color":"red","penSize":5}
{"x":499,"y":176,"color":"red","penSize":5}
{"x":494,"y":176,"color":"red","penSize":5}
{"x":469,"y":176,"color":"red","penSize":5}
{"x":459,"y":177,"color":"red","penSize":5}
{"x":446,"y":178,"color":"red","penSize":5}
{"x":410,"y":179,"color":"red","penSize":5}
{"x":387,"y":180,"color":"red","penSize":5}
{"x":360,"y":180,"color":"red","penSize":5}
{"x":333,"y":180,"color":"red","penSize":5}
{"x":257,"y":180,"color":"red","penSize":5}
{"x":239,"y":180,"color":"red","penSize":5}
{"x":224,"y":180,"color":"red","penSize":5}
{"x":210,"y":180,"color":"red","penSize":5}
{"x":205,"y":180,"color":"red","penSize":5}
{"x":184,"y":180,"color":"red","penSize":5}
{"x":176,"y":180,"color":"red","penSize":5}
{"x":168,"y":180,"color":"red","penSize":5}
{"x":156,"y":179,"color":"red","penSize":5}
{"x":152,"y":179,"color":"red","penSize":5}
{"x":149,"y":178,"color":"red","penSize":5}
{"x":141,"y":177,"color":"red","penSize":5}
{"x":135,"y":176,"color":"red","penSize":5}
{"x":133,"y":176,"color":"red","penSize":5}
{"x":130,"y":175,"color":"red","penSize":5}
{"x":126,"y":175,"color":"red","penSize":5}
{"x":124,"y":174,"color":"red","penSize":5}
{"x":122,"y":174,"color":"red","penSize":5}
{"x":120,"y":174,"color":"red","penSize":5}
{"x":119,"y":174,"color":"red","penSize":5}
{"x":118,"y":174,"color":"red","penSize":5}
{"x":117,"y":174,"color":"red","penSize":5}
{"x":117,"y":174,"color":"red","penSize":5}
{"x":116,"y":174,"color":"red","penSize":5}
{"x":115,"y":174,"color":"red","penSize":5}
{"x":114,"y":174,"color":"red","penSize":5}
{"x":114,"y":174,"color":"red","penSize":5}
{"x":113,"y":174,"color":"red","penSize":5}
{"x":112,"y":174,"color":"red","penSize":5}
{"x":110,"y":174,"color":"red","penSize":5}
{"x":109,"y":174,"color":"red","penSize":5}
{"x":108,"y":175,"color":"red","penSize":5}
{"x":106,"y":175,"color":"red","penSize":5}
{"x":104,"y":176,"color":"red","penSize":5}
{"x":102,"y":176,"color":"red","penSize":5}
{"x":100,"y":177,"color":"red","penSize":5}
{"x":99,"y":177,"color":"red","penSize":5}
{"x":97,"y":178,"color":"red","penSize":5}
{"x":96,"y":178,"color":"red","penSize":5}
{"x":95,"y":178,"color":"red","penSize":5}
{"x":95,"y":179,"color":"red","penSize":5}
{"x":94,"y":179,"color":"red","penSize":5}
{"x":94,"y":179,"color":"red","penSize":5}
{"x":93,"y":179,"color":"red","penSize":5}
{"x":93,"y":179,"color":"red","penSize":5}
{"x":92,"y":179,"color":"red","penSize":5}
{"x":92,"y":179,"color":"red","penSize":5}
{"x":92,"y":179,"color":"red","penSize":5}
{"x":91,"y":179,"color":"red","penSize":5}
{"x":91,"y":179,"color":"red","penSize":5}
{"x":90,"y":179,"color":"red","penSize":5}
{"x":90,"y":179,"color":"red","penSize":5}
{"x":90,"y":179,"color":"red","penSize":5}
{"x":89,"y":179,"color":"red","penSize":5}
{"x":88,"y":179,"color":"red","penSize":5}
{"x":88,"y":179,"color":"red","penSize":5}
{"x":87,"y":179,"color":"red","penSize":5}
{"x":87,"y":179,"color":"red","penSize":5}
{"x":86,"y":179,"color":"red","penSize":5}
{"x":86,"y":179,"color":"red","penSize":5}
{"x":86,"y":179,"color":"red","penSize":5}
{"x":85,"y":179,"color":"red","penSize":5}
{"x":85,"y":179,"color":"red","penSize":5}
{"x":85,"y":179,"color":"red","penSize":5}
{"x":84,"y":179,"color":"red","penSize":5}
{"x":84,"y":179,"color":"red","penSize":5}
{"x":84,"y":179,"color":"red","penSize":5}
{"x":85,"y":179,"color":"red","penSize":5}
{"x":85,"y":179,"color":"red","penSize":5}
{"x":85,"y":179,"color":"red","penSize":5}
{"x":86,"y":179,"color":"red","penSize":5}
{"x":86,"y":179,"color":"red","penSize":5}
{"x":87,"y":179,"color":"red","penSize":5}
{}
{}
{}
{"x":258,"y":201,"color":"red","penSize":5}
{"x":255,"y":201,"color":"red","penSize":5}
{"x":248,"y":201,"color":"red","penSize":5}
{"x":245,"y":201,"color":"red","penSize":5}
{"x":240,"y":201,"color":"red","penSize":5}
{"x":237,"y":201,"color":"red","penSize":5}
{"x":232,"y":201,"color":"red","penSize":5}
{"x":230,"y":201,"color":"red","penSize":5}
{"x":224,"y":201,"color":"red","penSize":5}
{"x":212,"y":201,"color":"red","penSize":5}
{"x":208,"y":201,"color":"red","penSize":5}
{"x":203,"y":201,"color":"red","penSize":5}
{"x":198,"y":201,"color":"red","penSize":5}
{"x":187,"y":201,"color":"red","penSize":5}
{"x":182,"y":201,"color":"red","penSize":5}
{"x":180,"y":201,"color":"red","penSize":5}
{"x":176,"y":201,"color":"red","penSize":5}
{"x":172,"y":201,"color":"red","penSize":5}
{"x":164,"y":201,"color":"red","penSize":5}
{"x":161,"y":201,"color":"red","penSize":5}
{"x":160,"y":201,"color":"red","penSize":5}
{"x":157,"y":201,"color":"red","penSize":5}
{"x":155,"y":201,"color":"red","penSize":5}
{"x":154,"y":201,"color":"red","penSize":5}
{"x":151,"y":201,"color":"red","penSize":5}
{"x":150,"y":201,"color":"red","penSize":5}
{"x":149,"y":201,"color":"red","penSize":5}
{"x":147,"y":201,"color":"red","penSize":5}
{"x":145,"y":200,"color":"red","penSize":5}
{"x":144,"y":200,"color":"red","penSize":5}
{"x":142,"y":200,"color":"red","penSize":5}
{"x":141,"y":200,"color":"red","penSize":5}
{"x":140,"y":200,"color":"red","penSize":5}
{"x":140,"y":200,"color":"red","penSize":5}
{"x":139,"y":200,"color":"red","penSize":5}
{"x":139,"y":200,"color":"red","penSize":5}
{"x":138,"y":200,"color":"red","penSize":5}
{"x":138,"y":200,"color":"red","penSize":5}
{"x":138,"y":200,"color":"red","penSize":5}
{"x":137,"y":200,"color":"red","penSize":5}
{"x":137,"y":200,"color":"red","penSize":5}
{"x":137,"y":200,"color":"red","penSize":5}
{"x":136,"y":200,"color":"red","penSize":5}
{"x":136,"y":200,"color":"red","penSize":5}
{"x":136,"y":200,"color":"red","penSize":5}
{}
{"x":500,"y":175,"color":"red","penSize":5}
{"x":499,"y":175,"color":"red","penSize":5}
{"x":496,"y":175,"color":"red","penSize":5}
{"x":492,"y":175,"color":"red","penSize":5}
{"x":481,"y":175,"color":"red","penSize":5}
{"x":472,"y":175,"color":"red","penSize":5}
{"x":461,"y":175,"color":"red","penSize":5}
{"x":449,"y":175,"color":"red","penSize":5}
{"x":442,"y":175,"color":"red","penSize":5}
{"x":429,"y":175,"color":"red","penSize":5}
{"x":418,"y":175,"color":"red","penSize":5}
{"x":412,"y":175,"color":"red","penSize":5}
{"x":403,"y":175,"color":"red","penSize":5}
{"x":400,"y":175,"color":"red","penSize":5}
{"x":394,"y":175,"color":"red","penSize":5}
{"x":390,"y":175,"color":"red","penSize":5}
{"x":387,"y":175,"color":"red","penSize":5}
{"x":385,"y":175,"color":"red","penSize":5}
{"x":383,"y":175,"color":"red","penSize":5}
{"x":380,"y":175,"color":"red","penSize":5}
{"x":376,"y":175,"color":"red","penSize":5}
{"x":371,"y":175,"color":"red","penSize":5}
{"x":366,"y":176,"color":"red","penSize":5}
{"x":360,"y":176,"color":"red","penSize":5}
{"x":354,"y":177,"color":"red","penSize":5}
{"x":350,"y":177,"color":"red","penSize":5}
{"x":345,"y":178,"color":"red","penSize":5}
{"x":330,"y":180,"color":"red","penSize":5}
{"x":327,"y":180,"color":"red","penSize":5}
{"x":318,"y":181,"color":"red","penSize":5}
{"x":311,"y":181,"color":"red","penSize":5}
{"x":305,"y":181,"color":"red","penSize":5}
{"x":300,"y":181,"color":"red","penSize":5}
{"x":294,"y":181,"color":"red","penSize":5}
{"x":290,"y":181,"color":"red","penSize":5}
{"x":287,"y":180,"color":"red","penSize":5}
{"x":285,"y":180,"color":"red","penSize":5}
{"x":282,"y":180,"color":"red","penSize":5}
{"x":280,"y":179,"color":"red","penSize":5}
{"x":278,"y":178,"color":"red","penSize":5}
{"x":276,"y":178,"color":"red","penSize":5}
{"x":274,"y":178,"color":"red","penSize":5}
{"x":272,"y":178,"color":"red","penSize":5}
{"x":270,"y":177,"color":"red","penSize":5}
{"x":269,"y":177,"color":"red","penSize":5}
{"x":267,"y":177,"color":"red","penSize":5}
{"x":266,"y":177,"color":"red","penSize":5}
{"x":264,"y":177,"color":"red","penSize":5}
{"x":264,"y":177,"color":"red","penSize":5}
{"x":262,"y":176,"color":"red","penSize":5}
{"x":262,"y":176,"color":"red","penSize":5}
{"x":261,"y":176,"color":"red","penSize":5}
{"x":261,"y":176,"color":"red","penSize":5}
{"x":261,"y":176,"color":"red","penSize":5}
{"x":261,"y":176,"color":"red","penSize":5}
{"x":261,"y":176,"color":"red","penSize":5}
{"x":261,"y":176,"color":"red","penSize":5}
{"x":262,"y":176,"color":"red","penSize":5}
{"x":262,"y":176,"color":"red","penSize":5}
{"x":262,"y":176,"color":"red","penSize":5}
{"x":263,"y":176,"color":"red","penSize":5}
{}
{}
{}
{}
{}
{}
{}
{"x":160,"y":187,"color":"red","penSize":5}
{"x":161,"y":186,"color":"red","penSize":5}
{"x":163,"y":185,"color":"red","penSize":5}
{"x":166,"y":184,"color":"red","penSize":5}
{"x":170,"y":183,"color":"red","penSize":5}
{"x":173,"y":181,"color":"red","penSize":5}
{"x":177,"y":180,"color":"red","penSize":5}
{"x":181,"y":178,"color":"red","penSize":5}
{"x":186,"y":176,"color":"red","penSize":5}
{"x":191,"y":174,"color":"red","penSize":5}
{"x":196,"y":171,"color":"red","penSize":5}
{"x":201,"y":170,"color":"red","penSize":5}
{"x":207,"y":169,"color":"red","penSize":5}
{"x":216,"y":166,"color":"red","penSize":5}
{"x":229,"y":161,"color":"red","penSize":5}
{"x":237,"y":160,"color":"red","penSize":5}
{"x":240,"y":160,"color":"red","penSize":5}
{"x":245,"y":158,"color":"red","penSize":5}
{"x":249,"y":158,"color":"red","penSize":5}
{"x":253,"y":157,"color":"red","penSize":5}
{"x":258,"y":156,"color":"red","penSize":5}
{"x":262,"y":155,"color":"red","penSize":5}
{"x":272,"y":153,"color":"red","penSize":5}
{"x":277,"y":153,"color":"red","penSize":5}
{"x":281,"y":152,"color":"red","penSize":5}
{"x":286,"y":152,"color":"red","penSize":5}
{"x":290,"y":151,"color":"red","penSize":5}
{"x":295,"y":151,"color":"red","penSize":5}
{"x":297,"y":151,"color":"red","penSize":5}
{"x":303,"y":150,"color":"red","penSize":5}
{"x":307,"y":150,"color":"red","penSize":5}
{"x":309,"y":150,"color":"red","penSize":5}
{"x":314,"y":150,"color":"red","penSize":5}
{"x":317,"y":150,"color":"red","penSize":5}
{"x":320,"y":150,"color":"red","penSize":5}
{"x":324,"y":150,"color":"red","penSize":5}
{"x":327,"y":150,"color":"red","penSize":5}
{"x":330,"y":150,"color":"red","penSize":5}
{"x":334,"y":150,"color":"red","penSize":5}
{"x":338,"y":150,"color":"red","penSize":5}
{"x":339,"y":150,"color":"red","penSize":5}
{"x":342,"y":150,"color":"red","penSize":5}
{"x":349,"y":152,"color":"red","penSize":5}
{"x":350,"y":152,"color":"red","penSize":5}
{"x":353,"y":153,"color":"red","penSize":5}
{"x":357,"y":155,"color":"red","penSize":5}
{"x":359,"y":156,"color":"red","penSize":5}
{"x":360,"y":156,"color":"red","penSize":5}
{"x":363,"y":157,"color":"red","penSize":5}
{"x":365,"y":158,"color":"red","penSize":5}
{"x":366,"y":159,"color":"red","penSize":5}
{"x":368,"y":159,"color":"red","penSize":5}
{"x":370,"y":160,"color":"red","penSize":5}
{"x":370,"y":160,"color":"red","penSize":5}
{"x":371,"y":160,"color":"red","penSize":5}
{"x":373,"y":160,"color":"red","penSize":5}
{"x":375,"y":161,"color":"red","penSize":5}
{"x":377,"y":162,"color":"red","penSize":5}
{"x":379,"y":163,"color":"red","penSize":5}
{"x":380,"y":163,"color":"red","penSize":5}
{"x":383,"y":165,"color":"red","penSize":5}
{"x":385,"y":166,"color":"red","penSize":5}
{"x":388,"y":167,"color":"red","penSize":5}
{"x":390,"y":167,"color":"red","penSize":5}
{"x":393,"y":168,"color":"red","penSize":5}
{"x":395,"y":170,"color":"red","penSize":5}
{"x":398,"y":170,"color":"red","penSize":5}
{"x":400,"y":170,"color":"red","penSize":5}
{"x":403,"y":171,"color":"red","penSize":5}
{"x":405,"y":172,"color":"red","penSize":5}
{"x":407,"y":172,"color":"red","penSize":5}
{"x":409,"y":173,"color":"red","penSize":5}
{"x":410,"y":174,"color":"red","penSize":5}
{"x":412,"y":175,"color":"red","penSize":5}
{"x":414,"y":175,"color":"red","penSize":5}
{"x":416,"y":175,"color":"red","penSize":5}
{"x":417,"y":176,"color":"red","penSize":5}
{"x":419,"y":176,"color":"red","penSize":5}
{"x":420,"y":177,"color":"red","penSize":5}
{"x":421,"y":177,"color":"red","penSize":5}
{"x":423,"y":178,"color":"red","penSize":5}
{"x":426,"y":178,"color":"red","penSize":5}
{"x":428,"y":179,"color":"red","penSize":5}
{"x":430,"y":180,"color":"red","penSize":5}
{"x":432,"y":180,"color":"red","penSize":5}
{"x":435,"y":181,"color":"red","penSize":5}
{"x":438,"y":182,"color":"red","penSize":5}
{"x":440,"y":183,"color":"red","penSize":5}
{"x":442,"y":184,"color":"red","penSize":5}
{"x":444,"y":185,"color":"red","penSize":5}
{"x":446,"y":186,"color":"red","penSize":5}
{"x":448,"y":187,"color":"red","penSize":5}
{"x":449,"y":188,"color":"red","penSize":5}
{"x":450,"y":188,"color":"red","penSize":5}
{"x":450,"y":189,"color":"red","penSize":5}
{"x":452,"y":189,"color":"red","penSize":5}
{"x":454,"y":189,"color":"red","penSize":5}
{"x":456,"y":188,"color":"red","penSize":5}
{"x":457,"y":188,"color":"red","penSize":5}
{"x":459,"y":187,"color":"red","penSize":5}
{"x":461,"y":187,"color":"red","penSize":5}
{"x":464,"y":187,"color":"red","penSize":5}
{"x":466,"y":186,"color":"red","penSize":5}
{"x":468,"y":186,"color":"red","penSize":5}
{"x":470,"y":185,"color":"red","penSize":5}
{"x":472,"y":184,"color":"red","penSize":5}
{"x":474,"y":184,"color":"red","penSize":5}
{"x":477,"y":183,"color":"red","penSize":5}
{"x":479,"y":182,"color":"red","penSize":5}
{"x":481,"y":182,"color":"red","penSize":5}
{"x":484,"y":181,"color":"red","penSize":5}
{"x":487,"y":180,"color":"red","penSize":5}
{"x":489,"y":180,"color":"red","penSize":5}
{"x":492,"y":179,"color":"red","penSize":5}
{"x":495,"y":178,"color":"red","penSize":5}
{"x":497,"y":178,"color":"red","penSize":5}
{"x":499,"y":177,"color":"red","penSize":5}
{"x":502,"y":177,"color":"red","penSize":5}
{"x":504,"y":176,"color":"red","penSize":5}
{"x":505,"y":176,"color":"red","penSize":5}
{"x":507,"y":176,"color":"red","penSize":5}
{"x":508,"y":176,"color":"red","penSize":5}
{"x":509,"y":175,"color":"red","penSize":5}
{"x":509,"y":175,"color":"red","penSize":5}
{"x":510,"y":175,"color":"red","penSize":5}
{"x":511,"y":175,"color":"red","penSize":5}
{"x":512,"y":175,"color":"red","penSize":5}
{"x":513,"y":175,"color":"red","penSize":5}
{"x":513,"y":174,"color":"red","penSize":5}
{"x":514,"y":174,"color":"red","penSize":5}
{"x":516,"y":174,"color":"red","penSize":5}
{"x":517,"y":173,"color":"red","penSize":5}
{"x":518,"y":173,"color":"red","penSize":5}
{"x":519,"y":173,"color":"red","penSize":5}
{"x":520,"y":173,"color":"red","penSize":5}
{"x":520,"y":173,"color":"red","penSize":5}
{"x":520,"y":173,"color":"red","penSize":5}
{"x":521,"y":173,"color":"red","penSize":5}
{"x":521,"y":173,"color":"red","penSize":5}
{"x":522,"y":173,"color":"red","penSize":5}
{"x":522,"y":173,"color":"red","penSize":5}
{"x":522,"y":173,"color":"red","penSize":5}
{"x":522,"y":173,"color":"red","penSize":5}
{"x":523,"y":173,"color":"red","penSize":5}
{}
{}
{}
{"x":883,"y":251,"color":"red","penSize":5}
{"x":882,"y":251,"color":"red","penSize":5}
{"x":882,"y":251,"color":"red","penSize":5}
{"x":880,"y":251,"color":"red","penSize":5}
{"x":880,"y":251,"color":"red","penSize":5}
{"x":879,"y":251,"color":"red","penSize":5}
{"x":879,"y":251,"color":"red","penSize":5}
{"x":879,"y":251,"color":"red","penSize":5}
{"x":879,"y":251,"color":"red","penSize":5}
{"x":878,"y":251,"color":"red","penSize":5}
{"x":878,"y":251,"color":"red","penSize":5}
{"x":877,"y":251,"color":"red","penSize":5}
{"x":876,"y":251,"color":"red","penSize":5}
{"x":876,"y":251,"color":"red","penSize":5}
{"x":876,"y":251,"color":"red","penSize":5}
{"x":875,"y":251,"color":"red","penSize":5}
{"x":875,"y":251,"color":"red","penSize":5}
{"x":875,"y":251,"color":"red","penSize":5}
{"x":874,"y":251,"color":"red","penSize":5}
{"x":874,"y":251,"color":"red","penSize":5}
{"x":873,"y":251,"color":"red","penSize":5}
{"x":872,"y":251,"color":"red","penSize":5}
{"x":871,"y":251,"color":"red","penSize":5}
{"x":870,"y":251,"color":"red","penSize":5}
{"x":869,"y":250,"color":"red","penSize":5}
{"x":869,"y":250,"color":"red","penSize":5}
{"x":867,"y":250,"color":"red","penSize":5}
{"x":867,"y":250,"color":"red","penSize":5}
{"x":866,"y":250,"color":"red","penSize":5}
{"x":865,"y":250,"color":"red","penSize":5}
{"x":865,"y":250,"color":"red","penSize":5}
{"x":865,"y":250,"color":"red","penSize":5}
{}
{}
{}
{}
{}
{}
{}
{}
{}
{}
{}
{}
{}
{"x":494,"y":252,"color":"red","penSize":5}
{"x":495,"y":252,"color":"red","penSize":5}
{"x":497,"y":252,"color":"red","penSize":5}
{"x":502,"y":252,"color":"red","penSize":5}
{"x":508,"y":252,"color":"red","penSize":5}
{"x":523,"y":250,"color":"red","penSize":5}
{"x":547,"y":248,"color":"red","penSize":5}
{"x":560,"y":248,"color":"red","penSize":5}
{"x":576,"y":247,"color":"red","penSize":5}
{"x":590,"y":247,"color":"red","penSize":5}
{"x":624,"y":247,"color":"red","penSize":5}
{"x":640,"y":247,"color":"red","penSize":5}
{"x":670,"y":247,"color":"red","penSize":5}
{"x":685,"y":247,"color":"red","penSize":5}
{"x":692,"y":247,"color":"red","penSize":5}
{"x":702,"y":247,"color":"red","penSize":5}
{"x":713,"y":247,"color":"red","penSize":5}
{"x":721,"y":247,"color":"red","penSize":5}
{"x":730,"y":247,"color":"red","penSize":5}
{"x":743,"y":247,"color":"red","penSize":5}
{"x":747,"y":249,"color":"red","penSize":5}
{"x":760,"y":250,"color":"red","penSize":5}
{"x":766,"y":251,"color":"red","penSize":5}
{"x":770,"y":251,"color":"red","penSize":5}
{"x":773,"y":252,"color":"red","penSize":5}
{"x":779,"y":252,"color":"red","penSize":5}
{"x":781,"y":252,"color":"red","penSize":5}
{"x":786,"y":252,"color":"red","penSize":5}
{"x":790,"y":252,"color":"red","penSize":5}
{"x":792,"y":252,"color":"red","penSize":5}
{"x":796,"y":252,"color":"red","penSize":5}
{"x":800,"y":252,"color":"red","penSize":5}
{"x":802,"y":252,"color":"red","penSize":5}
{"x":806,"y":252,"color":"red","penSize":5}
{"x":809,"y":252,"color":"red","penSize":5}
{"x":812,"y":252,"color":"red","penSize":5}
{"x":815,"y":252,"color":"red","penSize":5}
{"x":818,"y":252,"color":"red","penSize":5}
{"x":820,"y":252,"color":"red","penSize":5}
{"x":824,"y":251,"color":"red","penSize":5}
{"x":828,"y":251,"color":"red","penSize":5}
{"x":830,"y":251,"color":"red","penSize":5}
{"x":834,"y":250,"color":"red","penSize":5}
{"x":835,"y":250,"color":"red","penSize":5}
{"x":838,"y":250,"color":"red","penSize":5}
{"x":841,"y":250,"color":"red","penSize":5}
{"x":842,"y":250,"color":"red","penSize":5}
{"x":845,"y":250,"color":"red","penSize":5}
{"x":847,"y":250,"color":"red","penSize":5}
{"x":850,"y":250,"color":"red","penSize":5}
{"x":851,"y":250,"color":"red","penSize":5}
{"x":853,"y":250,"color":"red","penSize":5}
{"x":856,"y":250,"color":"red","penSize":5}
{"x":858,"y":250,"color":"red","penSize":5}
{"x":859,"y":250,"color":"red","penSize":5}
{"x":861,"y":250,"color":"red","penSize":5}
{"x":862,"y":250,"color":"red","penSize":5}
{"x":864,"y":250,"color":"red","penSize":5}
{"x":865,"y":250,"color":"red","penSize":5}
{"x":866,"y":250,"color":"red","penSize":5}
{"x":867,"y":250,"color":"red","penSize":5}
{"x":868,"y":250,"color":"red","penSize":5}
{"x":868,"y":250,"color":"red","penSize":5}
{"x":869,"y":251,"color":"red","penSize":5}
{"x":869,"y":251,"color":"red","penSize":5}
{"x":869,"y":251,"color":"red","penSize":5}
{"x":870,"y":252,"color":"red","penSize":5}
{"x":871,"y":252,"color":"red","penSize":5}
{"x":872,"y":252,"color":"red","penSize":5}
{"x":873,"y":253,"color":"red","penSize":5}
{"x":874,"y":253,"color":"red","penSize":5}
{"x":875,"y":253,"color":"red","penSize":5}
{"x":876,"y":253,"color":"red","penSize":5}
{"x":877,"y":254,"color":"red","penSize":5}
{"x":878,"y":254,"color":"red","penSize":5}
{"x":879,"y":254,"color":"red","penSize":5}
{"x":879,"y":254,"color":"red","penSize":5}
{"x":880,"y":254,"color":"red","penSize":5}
{"x":882,"y":254,"color":"red","penSize":5}
{"x":883,"y":254,"color":"red","penSize":5}
{"x":884,"y":254,"color":"red","penSize":5}
{"x":885,"y":255,"color":"red","penSize":5}
{"x":887,"y":255,"color":"red","penSize":5}
{"x":888,"y":255,"color":"red","penSize":5}
{"x":888,"y":255,"color":"red","penSize":5}
{"x":889,"y":255,"color":"red","penSize":5}
{"x":889,"y":255,"color":"red","penSize":5}
{"x":889,"y":255,"color":"red","penSize":5}
{"x":889,"y":255,"color":"red","penSize":5}
{"x":889,"y":255,"color":"red","penSize":5}
{"x":889,"y":255,"color":"red","penSize":5}
{"x":890,"y":255,"color":"red","penSize":5}
{"x":890,"y":255,"color":"red","penSize":5}
{"x":890,"y":255,"color":"red","penSize":5}
{"x":891,"y":255,"color":"red","penSize":5}
{"x":891,"y":255,"color":"red","penSize":5}
{"x":891,"y":255,"color":"red","penSize":5}
{"x":892,"y":255,"color":"red","penSize":5}
{"x":892,"y":255,"color":"red","penSize":5}
{"x":892,"y":256,"color":"red","penSize":5}
{}
{}
{}
{"x":132,"y":78,"color":"blue","penSize":5}
{"x":132,"y":79,"color":"blue","penSize":5}
{"x":133,"y":80,"color":"blue","penSize":5}
{"x":134,"y":81,"color":"blue","penSize":5}
{"x":135,"y":83,"color":"blue","penSize":5}
{"x":137,"y":85,"color":"blue","penSize":5}
{"x":138,"y":88,"color":"blue","penSize":5}
{"x":140,"y":90,"color":"blue","penSize":5}
{"x":141,"y":93,"color":"blue","penSize":5}
{"x":143,"y":96,"color":"blue","penSize":5}
{"x":144,"y":99,"color":"blue","penSize":5}
{"x":145,"y":101,"color":"blue","penSize":5}
{"x":147,"y":104,"color":"blue","penSize":5}
{"x":148,"y":106,"color":"blue","penSize":5}
{"x":149,"y":109,"color":"blue","penSize":5}
{"x":150,"y":111,"color":"blue","penSize":5}
{"x":152,"y":115,"color":"blue","penSize":5}
{"x":153,"y":118,"color":"blue","penSize":5}
{"x":155,"y":120,"color":"blue","penSize":5}
{"x":156,"y":124,"color":"blue","penSize":5}
{"x":158,"y":127,"color":"blue","penSize":5}
{"x":159,"y":130,"color":"blue","penSize":5}
{"x":160,"y":133,"color":"blue","penSize":5}
{"x":161,"y":136,"color":"blue","penSize":5}
{"x":162,"y":139,"color":"blue","penSize":5}
{"x":162,"y":140,"color":"blue","penSize":5}
{"x":163,"y":144,"color":"blue","penSize":5}
{"x":164,"y":146,"color":"blue","penSize":5}
{"x":165,"y":148,"color":"blue","penSize":5}
{"x":165,"y":150,"color":"blue","penSize":5}
{"x":166,"y":152,"color":"blue","penSize":5}
{"x":166,"y":154,"color":"blue","penSize":5}
{"x":166,"y":156,"color":"blue","penSize":5}
{"x":167,"y":157,"color":"blue","penSize":5}
{"x":167,"y":160,"color":"blue","penSize":5}
{"x":168,"y":160,"color":"blue","penSize":5}
{"x":168,"y":162,"color":"blue","penSize":5}
{"x":169,"y":165,"color":"blue","penSize":5}
{"x":169,"y":167,"color":"blue","penSize":5}
{"x":169,"y":169,"color":"blue","penSize":5}
{"x":170,"y":171,"color":"blue","penSize":5}
{"x":170,"y":173,"color":"blue","penSize":5}
{"x":170,"y":175,"color":"blue","penSize":5}
{"x":170,"y":177,"color":"blue","penSize":5}
{"x":171,"y":178,"color":"blue","penSize":5}
{"x":171,"y":180,"color":"blue","penSize":5}
{"x":171,"y":180,"color":"blue","penSize":5}
{"x":171,"y":181,"color":"blue","penSize":5}
{"x":171,"y":182,"color":"blue","penSize":5}
{"x":171,"y":182,"color":"blue","penSize":5}
{"x":171,"y":182,"color":"blue","penSize":5}
{"x":171,"y":183,"color":"blue","penSize":5}
{"x":171,"y":183,"color":"blue","penSize":5}
{"x":171,"y":183,"color":"blue","penSize":5}
{"x":172,"y":184,"color":"blue","penSize":5}
{"x":172,"y":184,"color":"blue","penSize":5}
{"x":172,"y":185,"color":"blue","penSize":5}
{"x":172,"y":185,"color":"blue","penSize":5}
{"x":172,"y":186,"color":"blue","penSize":5}
{"x":172,"y":187,"color":"blue","penSize":5}
{"x":172,"y":187,"color":"blue","penSize":5}
{"x":172,"y":188,"color":"blue","penSize":5}
{"x":172,"y":188,"color":"blue","penSize":5}
{"x":172,"y":188,"color":"blue","penSize":5}
{"x":172,"y":189,"color":"blue","penSize":5}
{"x":172,"y":189,"color":"blue","penSize":5}
{"x":172,"y":189,"color":"blue","penSize":5}
{"x":172,"y":189,"color":"blue","penSize":5}
{"x":172,"y":190,"color":"blue","penSize":5}
{"x":172,"y":190,"color":"blue","penSize":5}
{"x":172,"y":190,"color":"blue","penSize":5}
{"x":173,"y":190,"color":"blue","penSize":5}
{"x":173,"y":190,"color":"blue","penSize":5}
{"x":173,"y":191,"color":"blue","penSize":5}
{"x":173,"y":192,"color":"blue","penSize":5}
{"x":173,"y":192,"color":"blue","penSize":5}
{"x":173,"y":193,"color":"blue","penSize":5}
{"x":173,"y":193,"color":"blue","penSize":5}
{"x":173,"y":193,"color":"blue","penSize":5}
{"x":173,"y":194,"color":"blue","penSize":5}
{"x":173,"y":194,"color":"blue","penSize":5}
{}
{}
{}
{"x":154,"y":163,"color":"yellow","penSize":5}
{"x":155,"y":163,"color":"yellow","penSize":5}
{"x":157,"y":163,"color":"yellow","penSize":5}
{"x":159,"y":163,"color":"yellow","penSize":5}
{"x":161,"y":162,"color":"yellow","penSize":5}
{"x":165,"y":162,"color":"yellow","penSize":5}
{"x":168,"y":160,"color":"yellow","penSize":5}
{"x":171,"y":159,"color":"yellow","penSize":5}
{"x":175,"y":159,"color":"yellow","penSize":5}
{"x":179,"y":158,"color":"yellow","penSize":5}
{"x":182,"y":157,"color":"yellow","penSize":5}
{"x":185,"y":157,"color":"yellow","penSize":5}
{"x":189,"y":156,"color":"yellow","penSize":5}
{"x":192,"y":155,"color":"yellow","penSize":5}
{"x":195,"y":154,"color":"yellow","penSize":5}
{"x":199,"y":153,"color":"yellow","penSize":5}
{"x":201,"y":152,"color":"yellow","penSize":5}
{"x":205,"y":151,"color":"yellow","penSize":5}
{"x":209,"y":150,"color":"yellow","penSize":5}
{"x":212,"y":149,"color":"yellow","penSize":5}
{"x":215,"y":149,"color":"yellow","penSize":5}
{"x":219,"y":147,"color":"yellow","penSize":5}
{"x":224,"y":146,"color":"yellow","penSize":5}
{"x":228,"y":144,"color":"yellow","penSize":5}
{"x":232,"y":143,"color":"yellow","penSize":5}
{"x":237,"y":141,"color":"yellow","penSize":5}
{"x":241,"y":139,"color":"yellow","penSize":5}
{"x":246,"y":139,"color":"yellow","penSize":5}
{"x":250,"y":137,"color":"yellow","penSize":5}
{"x":254,"y":136,"color":"yellow","penSize":5}
{"x":257,"y":135,"color":"yellow","penSize":5}
{"x":261,"y":133,"color":"yellow","penSize":5}
{"x":263,"y":133,"color":"yellow","penSize":5}
{"x":266,"y":133,"color":"yellow","penSize":5}
{"x":268,"y":132,"color":"yellow","penSize":5}
{"x":270,"y":132,"color":"yellow","penSize":5}
{"x":273,"y":131,"color":"yellow","penSize":5}
{"x":275,"y":131,"color":"yellow","penSize":5}
{"x":278,"y":130,"color":"yellow","penSize":5}
{"x":280,"y":130,"color":"yellow","penSize":5}
{"x":282,"y":130,"color":"yellow","penSize":5}
{"x":284,"y":130,"color":"yellow","penSize":5}
{"x":287,"y":129,"color":"yellow","penSize":5}
{"x":289,"y":129,"color":"yellow","penSize":5}
{"x":291,"y":129,"color":"yellow","penSize":5}
{"x":293,"y":129,"color":"yellow","penSize":5}
{"x":295,"y":129,"color":"yellow","penSize":5}
{"x":297,"y":129,"color":"yellow","penSize":5}
{"x":298,"y":129,"color":"yellow","penSize":5}
{"x":299,"y":129,"color":"yellow","penSize":5}
{"x":300,"y":129,"color":"yellow","penSize":5}
{"x":302,"y":129,"color":"yellow","penSize":5}
{"x":303,"y":129,"color":"yellow","penSize":5}
{"x":304,"y":128,"color":"yellow","penSize":5}
{"x":305,"y":128,"color":"yellow","penSize":5}
{"x":306,"y":128,"color":"yellow","penSize":5}
{"x":307,"y":128,"color":"yellow","penSize":5}
{"x":308,"y":128,"color":"yellow","penSize":5}
{"x":308,"y":128,"color":"yellow","penSize":5}
{"x":309,"y":128,"color":"yellow","penSize":5}
{"x":309,"y":128,"color":"yellow","penSize":5}
{"x":309,"y":128,"color":"yellow","penSize":5}
{"x":309,"y":128,"color":"yellow","penSize":5}
{"x":309,"y":128,"color":"yellow","penSize":5}
{"x":310,"y":128,"color":"yellow","penSize":5}
{"x":310,"y":128,"color":"yellow","penSize":5}
{"x":310,"y":128,"color":"yellow","penSize":5}
{"x":311,"y":128,"color":"yellow","penSize":5}
{"x":311,"y":128,"color":"yellow","penSize":5}
{"x":312,"y":128,"color":"yellow","penSize":5}
{"x":313,"y":129,"color":"yellow","penSize":5}
{"x":315,"y":129,"color":"yellow","penSize":5}
{"x":317,"y":129,"color":"yellow","penSize":5}
{"x":319,"y":129,"color":"yellow","penSize":5}
{"x":321,"y":129,"color":"yellow","penSize":5}
{"x":324,"y":129,"color":"yellow","penSize":5}
{"x":327,"y":130,"color":"yellow","penSize":5}
{"x":329,"y":131,"color":"yellow","penSize":5}
{"x":332,"y":131,"color":"yellow","penSize":5}
{"x":335,"y":132,"color":"yellow","penSize":5}
{"x":337,"y":133,"color":"yellow","penSize":5}
{"x":339,"y":134,"color":"yellow","penSize":5}
{"x":340,"y":134,"color":"yellow","penSize":5}
{"x":342,"y":134,"color":"yellow","penSize":5}
{"x":343,"y":135,"color":"yellow","penSize":5}
{"x":344,"y":135,"color":"yellow","penSize":5}
{"x":345,"y":136,"color":"yellow","penSize":5}
{"x":345,"y":136,"color":"yellow","penSize":5}
{"x":346,"y":136,"color":"yellow","penSize":5}
{"x":346,"y":136,"color":"yellow","penSize":5}
{"x":346,"y":137,"color":"yellow","penSize":5}
{"x":347,"y":137,"color":"yellow","penSize":5}
{"x":347,"y":137,"color":"yellow","penSize":5}
{"x":347,"y":137,"color":"yellow","penSize":5}
{"x":347,"y":137,"color":"yellow","penSize":5}
{"x":347,"y":137,"color":"yellow","penSize":5}
{"x":347,"y":137,"color":"yellow","penSize":5}
{"x":348,"y":137,"color":"yellow","penSize":5}
{"x":348,"y":138,"color":"yellow","penSize":5}
{"x":349,"y":138,"color":"yellow","penSize":5}
{"x":349,"y":139,"color":"yellow","penSize":5}
{"x":351,"y":139,"color":"yellow","penSize":5}
{"x":352,"y":140,"color":"yellow","penSize":5}
{"x":353,"y":140,"color":"yellow","penSize":5}
{"x":355,"y":142,"color":"yellow","penSize":5}
{"x":357,"y":143,"color":"yellow","penSize":5}
{"x":359,"y":144,"color":"yellow","penSize":5}
{"x":359,"y":145,"color":"yellow","penSize":5}
{"x":360,"y":146,"color":"yellow","penSize":5}
{"x":362,"y":147,"color":"yellow","penSize":5}
{"x":363,"y":148,"color":"yellow","penSize":5}
{"x":364,"y":149,"color":"yellow","penSize":5}
{"x":364,"y":149,"color":"yellow","penSize":5}
{"x":365,"y":149,"color":"yellow","penSize":5}
{"x":365,"y":149,"color":"yellow","penSize":5}
{"x":365,"y":149,"color":"yellow","penSize":5}
{"x":366,"y":150,"color":"yellow","penSize":5}
{"x":366,"y":150,"color":"yellow","penSize":5}
{"x":366,"y":150,"color":"yellow","penSize":5}
{"x":366,"y":151,"color":"yellow","penSize":5}
{"x":366,"y":151,"color":"yellow","penSize":5}
{"x":366,"y":151,"color":"yellow","penSize":5}
{"x":367,"y":152,"color":"yellow","penSize":5}
{"x":367,"y":152,"color":"yellow","penSize":5}
{"x":368,"y":154,"color":"yellow","penSize":5}
{"x":369,"y":156,"color":"yellow","penSize":5}
{"x":369,"y":158,"color":"yellow","penSize":5}
{"x":370,"y":159,"color":"yellow","penSize":5}
{"x":371,"y":160,"color":"yellow","penSize":5}
{"x":372,"y":161,"color":"yellow","penSize":5}
{"x":373,"y":163,"color":"yellow","penSize":5}
{"x":374,"y":163,"color":"yellow","penSize":5}
{"x":374,"y":164,"color":"yellow","penSize":5}
{"x":375,"y":164,"color":"yellow","penSize":5}
{"x":375,"y":165,"color":"yellow","penSize":5}
{"x":375,"y":165,"color":"yellow","penSize":5}
{"x":375,"y":165,"color":"yellow","penSize":5}
{"x":374,"y":165,"color":"yellow","penSize":5}
{"x":374,"y":165,"color":"yellow","penSize":5}
{"x":374,"y":165,"color":"yellow","penSize":5}
{"x":373,"y":165,"color":"yellow","penSize":5}
{"x":373,"y":165,"color":"yellow","penSize":5}
{"x":373,"y":165,"color":"yellow","penSize":5}
{"x":373,"y":164,"color":"yellow","penSize":5}
{"x":372,"y":164,"color":"yellow","penSize":5}
{"x":372,"y":164,"color":"yellow","penSize":5}
{"x":372,"y":164,"color":"yellow","penSize":5}
{"x":371,"y":164,"color":"yellow","penSize":5}
{"x":371,"y":164,"color":"yellow","penSize":5}
{"x":371,"y":164,"color":"yellow","penSize":5}
{"x":371,"y":164,"color":"yellow","penSize":5}
{}
{"x":430,"y":161,"color":"yellow","penSize":5}
{"x":432,"y":161,"color":"yellow","penSize":5}
{"x":434,"y":161,"color":"yellow","penSize":5}
{"x":437,"y":161,"color":"yellow","penSize":5}
{"x":440,"y":161,"color":"yellow","penSize":5}
{"x":443,"y":161,"color":"yellow","penSize":5}
{"x":447,"y":161,"color":"yellow","penSize":5}
{"x":451,"y":161,"color":"yellow","penSize":5}
{"x":457,"y":161,"color":"yellow","penSize":5}
{"x":463,"y":161,"color":"yellow","penSize":5}
{"x":469,"y":161,"color":"yellow","penSize":5}
{"x":475,"y":161,"color":"yellow","penSize":5}
{"x":483,"y":161,"color":"yellow","penSize":5}
{"x":495,"y":161,"color":"yellow","penSize":5}
{"x":504,"y":161,"color":"yellow","penSize":5}
{"x":513,"y":161,"color":"yellow","penSize":5}
{"x":522,"y":161,"color":"yellow","penSize":5}
{"x":527,"y":161,"color":"yellow","penSize":5}
{"x":536,"y":161,"color":"yellow","penSize":5}
{"x":544,"y":161,"color":"yellow","penSize":5}
{"x":551,"y":161,"color":"yellow","penSize":5}
{"x":559,"y":161,"color":"yellow","penSize":5}
{"x":565,"y":161,"color":"yellow","penSize":5}
{"x":572,"y":161,"color":"yellow","penSize":5}
{"x":578,"y":161,"color":"yellow","penSize":5}
{"x":583,"y":161,"color":"yellow","penSize":5}
{"x":588,"y":161,"color":"yellow","penSize":5}
{"x":593,"y":161,"color":"yellow","penSize":5}
{"x":599,"y":161,"color":"yellow","penSize":5}
{"x":603,"y":161,"color":"yellow","penSize":5}
{"x":608,"y":162,"color":"yellow","penSize":5}
{"x":611,"y":162,"color":"yellow","penSize":5}
{"x":613,"y":162,"color":"yellow","penSize":5}
{"x":616,"y":162,"color":"yellow","penSize":5}
{"x":619,"y":162,"color":"yellow","penSize":5}
{"x":622,"y":162,"color":"yellow","penSize":5}
{"x":624,"y":162,"color":"yellow","penSize":5}
{"x":627,"y":162,"color":"yellow","penSize":5}
{"x":629,"y":162,"color":"yellow","penSize":5}
{"x":631,"y":162,"color":"yellow","penSize":5}
{"x":633,"y":162,"color":"yellow","penSize":5}
{"x":635,"y":162,"color":"yellow","penSize":5}
{"x":637,"y":162,"color":"yellow","penSize":5}
{"x":640,"y":163,"color":"yellow","penSize":5}
{"x":642,"y":163,"color":"yellow","penSize":5}
{"x":644,"y":163,"color":"yellow","penSize":5}
{"x":648,"y":163,"color":"yellow","penSize":5}
{"x":650,"y":163,"color":"yellow","penSize":5}
{"x":653,"y":164,"color":"yellow","penSize":5}
{"x":657,"y":164,"color":"yellow","penSize":5}
{"x":659,"y":164,"color":"yellow","penSize":5}
{"x":663,"y":164,"color":"yellow","penSize":5}
{"x":666,"y":164,"color":"yellow","penSize":5}
{"x":668,"y":164,"color":"yellow","penSize":5}
{"x":670,"y":164,"color":"yellow","penSize":5}
{"x":673,"y":164,"color":"yellow","penSize":5}
{"x":675,"y":164,"color":"yellow","penSize":5}
{"x":677,"y":164,"color":"yellow","penSize":5}
{"x":678,"y":164,"color":"yellow","penSize":5}
{"x":678,"y":164,"color":"yellow","penSize":5}
{"x":679,"y":164,"color":"yellow","penSize":5}
{"x":679,"y":164,"color":"yellow","penSize":5}
{"x":679,"y":164,"color":"yellow","penSize":5}
{"x":679,"y":164,"color":"yellow","penSize":5}
{"x":679,"y":164,"color":"yellow","penSize":5}
{"x":679,"y":164,"color":"yellow","penSize":5}
{"x":679,"y":164,"color":"yellow","penSize":5}
{"x":679,"y":164,"color":"yellow","penSize":5}
{"x":679,"y":164,"color":"yellow","penSize":5}
{"x":678,"y":164,"color":"yellow","penSize":5}
{"x":677,"y":164,"color":"yellow","penSize":5}
{"x":676,"y":164,"color":"yellow","penSize":5}
{"x":675,"y":164,"color":"yellow","penSize":5}
{"x":673,"y":165,"color":"yellow","penSize":5}
{"x":671,"y":165,"color":"yellow","penSize":5}
{"x":669,"y":165,"color":"yellow","penSize":5}
{"x":668,"y":165,"color":"yellow","penSize":5}
{"x":666,"y":166,"color":"yellow","penSize":5}
{"x":665,"y":166,"color":"yellow","penSize":5}
{"x":664,"y":166,"color":"yellow","penSize":5}
{"x":663,"y":166,"color":"yellow","penSize":5}
{"x":663,"y":166,"color":"yellow","penSize":5}
{"x":662,"y":166,"color":"yellow","penSize":5}
{"x":662,"y":166,"color":"yellow","penSize":5}
{}
{}
{}
{}
{}
{}
{}
{}
{"x":265,"y":183,"color":"yellow","penSize":5}
{"x":266,"y":183,"color":"yellow","penSize":5}
{"x":268,"y":183,"color":"yellow","penSize":5}
{"x":269,"y":183,"color":"yellow","penSize":5}
{"x":273,"y":183,"color":"yellow","penSize":5}
{"x":276,"y":183,"color":"yellow","penSize":5}
{"x":279,"y":183,"color":"yellow","penSize":5}
{"x":284,"y":183,"color":"yellow","penSize":5}
{"x":289,"y":183,"color":"yellow","penSize":5}
{"x":293,"y":183,"color":"yellow","penSize":5}
{"x":299,"y":183,"color":"yellow","penSize":5}
{"x":305,"y":183,"color":"yellow","penSize":5}
{"x":310,"y":183,"color":"yellow","penSize":5}
{"x":316,"y":183,"color":"yellow","penSize":5}
{"x":321,"y":183,"color":"yellow","penSize":5}
{"x":327,"y":183,"color":"yellow","penSize":5}
{"x":331,"y":183,"color":"yellow","penSize":5}
{"x":336,"y":183,"color":"yellow","penSize":5}
{"x":339,"y":183,"color":"yellow","penSize":5}
{"x":343,"y":183,"color":"yellow","penSize":5}
{"x":347,"y":183,"color":"yellow","penSize":5}
{"x":350,"y":184,"color":"yellow","penSize":5}
{"x":354,"y":184,"color":"yellow","penSize":5}
{"x":358,"y":184,"color":"yellow","penSize":5}
{"x":362,"y":185,"color":"yellow","penSize":5}
{"x":367,"y":185,"color":"yellow","penSize":5}
{"x":371,"y":185,"color":"yellow","penSize":5}
{"x":376,"y":185,"color":"yellow","penSize":5}
{"x":380,"y":185,"color":"yellow","penSize":5}
{"x":385,"y":185,"color":"yellow","penSize":5}
{"x":389,"y":185,"color":"yellow","penSize":5}
{"x":394,"y":185,"color":"yellow","penSize":5}
{"x":399,"y":185,"color":"yellow","penSize":5}
{"x":402,"y":185,"color":"yellow","penSize":5}
{"x":407,"y":185,"color":"yellow","penSize":5}
{"x":410,"y":185,"color":"yellow","penSize":5}
{"x":414,"y":185,"color":"yellow","penSize":5}
{"x":419,"y":185,"color":"yellow","penSize":5}
{"x":423,"y":185,"color":"yellow","penSize":5}
{"x":427,"y":185,"color":"yellow","penSize":5}
{"x":431,"y":185,"color":"yellow","penSize":5}
{"x":436,"y":185,"color":"yellow","penSize":5}
{"x":439,"y":185,"color":"yellow","penSize":5}
{"x":444,"y":184,"color":"yellow","penSize":5}
{"x":447,"y":184,"color":"yellow","penSize":5}
{"x":449,"y":183,"color":"yellow","penSize":5}
{"x":455,"y":183,"color":"yellow","penSize":5}
{"x":456,"y":183,"color":"yellow","penSize":5}
{"x":459,"y":182,"color":"yellow","penSize":5}
{"x":462,"y":182,"color":"yellow","penSize":5}
{"x":467,"y":182,"color":"yellow","penSize":5}
{"x":469,"y":181,"color":"yellow","penSize":5}
{"x":471,"y":181,"color":"yellow","penSize":5}
{"x":473,"y":181,"color":"yellow","penSize":5}
{"x":478,"y":181,"color":"yellow","penSize":5}
{"x":480,"y":180,"color":"yellow","penSize":5}
{"x":482,"y":180,"color":"yellow","penSize":5}
{"x":485,"y":180,"color":"yellow","penSize":5}
{"x":487,"y":180,"color":"yellow","penSize":5}
{"x":489,"y":180,"color":"yellow","penSize":5}
{"x":491,"y":180,"color":"yellow","penSize":5}
{"x":493,"y":180,"color":"yellow","penSize":5}
{"x":495,"y":180,"color":"yellow","penSize":5}
{"x":497,"y":180,"color":"yellow","penSize":5}
{"x":499,"y":180,"color":"yellow","penSize":5}
{"x":500,"y":180,"color":"yellow","penSize":5}
{"x":502,"y":180,"color":"yellow","penSize":5}
{"x":504,"y":180,"color":"yellow","penSize":5}
{"x":506,"y":180,"color":"yellow","penSize":5}
{"x":507,"y":180,"color":"yellow","penSize":5}
{"x":508,"y":180,"color":"yellow","penSize":5}
{"x":509,"y":180,"color":"yellow","penSize":5}
{"x":509,"y":180,"color":"yellow","penSize":5}
{"x":510,"y":180,"color":"yellow","penSize":5}
{"x":510,"y":180,"color":"yellow","penSize":5}
{"x":510,"y":180,"color":"yellow","penSize":5}
{"x":511,"y":180,"color":"yellow","penSize":5}
{"x":511,"y":180,"color":"yellow","penSize":5}
{"x":511,"y":180,"color":"yellow","penSize":5}
{"x":510,"y":180,"color":"yellow","penSize":5}
{"x":510,"y":180,"color":"yellow","penSize":5}
{}
{}
{}
{}
{}
{"x":133,"y":230,"color":"yellow","penSize":5}
{"x":134,"y":230,"color":"yellow","penSize":5}
{"x":136,"y":231,"color":"yellow","penSize":5}
{"x":138,"y":233,"color":"yellow","penSize":5}
{"x":139,"y":235,"color":"yellow","penSize":5}
{"x":141,"y":236,"color":"yellow","penSize":5}
{"x":143,"y":239,"color":"yellow","penSize":5}
{"x":146,"y":240,"color":"yellow","penSize":5}
{"x":149,"y":243,"color":"yellow","penSize":5}
{"x":151,"y":246,"color":"yellow","penSize":5}
{"x":154,"y":249,"color":"yellow","penSize":5}
{"x":157,"y":252,"color":"yellow","penSize":5}
{"x":159,"y":256,"color":"yellow","penSize":5}
{"x":161,"y":259,"color":"yellow","penSize":5}
{"x":162,"y":259,"color":"yellow","penSize":5}
{"x":164,"y":262,"color":"yellow","penSize":5}
{"x":165,"y":264,"color":"yellow","penSize":5}
{"x":167,"y":266,"color":"yellow","penSize":5}
{"x":168,"y":269,"color":"yellow","penSize":5}
{"x":169,"y":270,"color":"yellow","penSize":5}
{"x":170,"y":272,"color":"yellow","penSize":5}
{"x":171,"y":274,"color":"yellow","penSize":5}
{"x":173,"y":276,"color":"yellow","penSize":5}
{"x":175,"y":278,"color":"yellow","penSize":5}
{"x":176,"y":280,"color":"yellow","penSize":5}
{"x":178,"y":282,"color":"yellow","penSize":5}
{"x":179,"y":284,"color":"yellow","penSize":5}
{"x":179,"y":285,"color":"yellow","penSize":5}
{"x":180,"y":287,"color":"yellow","penSize":5}
{"x":180,"y":288,"color":"yellow","penSize":5}
{"x":181,"y":289,"color":"yellow","penSize":5}
{"x":182,"y":289,"color":"yellow","penSize":5}
{"x":182,"y":290,"color":"yellow","penSize":5}
{"x":182,"y":290,"color":"yellow","penSize":5}
{"x":183,"y":291,"color":"yellow","penSize":5}
{"x":183,"y":292,"color":"yellow","penSize":5}
{"x":184,"y":293,"color":"yellow","penSize":5}
{"x":185,"y":296,"color":"yellow","penSize":5}
{"x":186,"y":298,"color":"yellow","penSize":5}
{"x":187,"y":300,"color":"yellow","penSize":5}
{"x":188,"y":304,"color":"yellow","penSize":5}
{"x":189,"y":306,"color":"yellow","penSize":5}
{"x":189,"y":309,"color":"yellow","penSize":5}
{"x":189,"y":310,"color":"yellow","penSize":5}
{"x":190,"y":311,"color":"yellow","penSize":5}
{"x":190,"y":313,"color":"yellow","penSize":5}
{"x":191,"y":314,"color":"yellow","penSize":5}
{"x":191,"y":314,"color":"yellow","penSize":5}
{"x":191,"y":315,"color":"yellow","penSize":5}
{"x":191,"y":315,"color":"yellow","penSize":5}
{"x":191,"y":315,"color":"yellow","penSize":5}
{"x":191,"y":316,"color":"yellow","penSize":5}
{"x":192,"y":316,"color":"yellow","penSize":5}
{"x":192,"y":316,"color":"yellow","penSize":5}
{"x":192,"y":316,"color":"yellow","penSize":5}
{"x":192,"y":316,"color":"yellow","penSize":5}
{"x":192,"y":317,"color":"yellow","penSize":5}
{"x":192,"y":317,"color":"yellow","penSize":5}
{"x":192,"y":319,"color":"yellow","penSize":5}
{"x":193,"y":320,"color":"yellow","penSize":5}
{"x":193,"y":323,"color":"yellow","penSize":5}
{"x":193,"y":325,"color":"yellow","penSize":5}
{"x":194,"y":327,"color":"yellow","penSize":5}
{"x":194,"y":329,"color":"yellow","penSize":5}
{"x":194,"y":331,"color":"yellow","penSize":5}
{"x":195,"y":332,"color":"yellow","penSize":5}
{"x":195,"y":334,"color":"yellow","penSize":5}
{"x":195,"y":335,"color":"yellow","penSize":5}
{"x":195,"y":335,"color":"yellow","penSize":5}
{"x":195,"y":336,"color":"yellow","penSize":5}
{"x":195,"y":336,"color":"yellow","penSize":5}
{"x":195,"y":336,"color":"yellow","penSize":5}
{"x":195,"y":337,"color":"yellow","penSize":5}
{"x":195,"y":337,"color":"yellow","penSize":5}
{}
{}
{}
{"x":157,"y":265,"color":"yellow","penSize":5}
{"x":158,"y":265,"color":"yellow","penSize":5}
{"x":159,"y":265,"color":"yellow","penSize":5}
{"x":163,"y":265,"color":"yellow","penSize":5}
{"x":168,"y":265,"color":"yellow","penSize":5}
{"x":174,"y":265,"color":"yellow","penSize":5}
{"x":183,"y":265,"color":"yellow","penSize":5}
{"x":191,"y":265,"color":"yellow","penSize":5}
{"x":201,"y":265,"color":"yellow","penSize":5}
{"x":212,"y":265,"color":"yellow","penSize":5}
{"x":223,"y":265,"color":"yellow","penSize":5}
{"x":236,"y":265,"color":"yellow","penSize":5}
{"x":248,"y":265,"color":"yellow","penSize":5}
{"x":259,"y":265,"color":"yellow","penSize":5}
{"x":273,"y":265,"color":"yellow","penSize":5}
{"x":288,"y":265,"color":"yellow","penSize":5}
{"x":299,"y":265,"color":"yellow","penSize":5}
{"x":312,"y":265,"color":"yellow","penSize":5}
{"x":326,"y":265,"color":"yellow","penSize":5}
{"x":336,"y":265,"color":"yellow","penSize":5}
{"x":349,"y":265,"color":"yellow","penSize":5}
{"x":355,"y":265,"color":"yellow","penSize":5}
{"x":373,"y":265,"color":"yellow","penSize":5}
{"x":382,"y":263,"color":"yellow","penSize":5}
{"x":392,"y":262,"color":"yellow","penSize":5}
{"x":402,"y":260,"color":"yellow","penSize":5}
{"x":412,"y":258,"color":"yellow","penSize":5}
{"x":420,"y":256,"color":"yellow","penSize":5}
{"x":425,"y":255,"color":"yellow","penSize":5}
{"x":433,"y":253,"color":"yellow","penSize":5}
{"x":440,"y":251,"color":"yellow","penSize":5}
{"x":448,"y":249,"color":"yellow","penSize":5}
{"x":454,"y":249,"color":"yellow","penSize":5}
{"x":461,"y":247,"color":"yellow","penSize":5}
{"x":468,"y":247,"color":"yellow","penSize":5}
{"x":472,"y":246,"color":"yellow","penSize":5}
{"x":478,"y":246,"color":"yellow","penSize":5}
{"x":483,"y":245,"color":"yellow","penSize":5}
{"x":489,"y":244,"color":"yellow","penSize":5}
{"x":493,"y":244,"color":"yellow","penSize":5}
{"x":498,"y":244,"color":"yellow","penSize":5}
{"x":503,"y":244,"color":"yellow","penSize":5}
{"x":509,"y":244,"color":"yellow","penSize":5}
{"x":514,"y":243,"color":"yellow","penSize":5}
{"x":519,"y":243,"color":"yellow","penSize":5}
{"x":524,"y":243,"color":"yellow","penSize":5}
{"x":529,"y":243,"color":"yellow","penSize":5}
{"x":534,"y":243,"color":"yellow","penSize":5}
{"x":538,"y":243,"color":"yellow","penSize":5}
{"x":541,"y":242,"color":"yellow","penSize":5}
{"x":543,"y":242,"color":"yellow","penSize":5}
{"x":547,"y":242,"color":"yellow","penSize":5}
{"x":549,"y":242,"color":"yellow","penSize":5}
{"x":552,"y":242,"color":"yellow","penSize":5}
{"x":555,"y":242,"color":"yellow","penSize":5}
{"x":557,"y":242,"color":"yellow","penSize":5}
{"x":559,"y":242,"color":"yellow","penSize":5}
{"x":560,"y":242,"color":"yellow","penSize":5}
{"x":562,"y":242,"color":"yellow","penSize":5}
{"x":564,"y":242,"color":"yellow","penSize":5}
{"x":565,"y":242,"color":"yellow","penSize":5}
{"x":565,"y":242,"color":"yellow","penSize":5}
{"x":566,"y":242,"color":"yellow","penSize":5}
{"x":566,"y":242,"color":"yellow","penSize":5}
{"x":567,"y":242,"color":"yellow","penSize":5}
{"x":567,"y":243,"color":"yellow","penSize":5}
{"x":567,"y":243,"color":"yellow","penSize":5}
{"x":567,"y":244,"color":"yellow","penSize":5}
{"x":567,"y":245,"color":"yellow","penSize":5}
{"x":567,"y":246,"color":"yellow","penSize":5}
{"x":567,"y":247,"color":"yellow","penSize":5}
{"x":567,"y":248,"color":"yellow","penSize":5}
{"x":567,"y":249,"color":"yellow","penSize":5}
{"x":567,"y":252,"color":"yellow","penSize":5}
{"x":567,"y":254,"color":"yellow","penSize":5}
{"x":567,"y":257,"color":"yellow","penSize":5}
{"x":566,"y":260,"color":"yellow","penSize":5}
{"x":566,"y":262,"color":"yellow","penSize":5}
{"x":565,"y":267,"color":"yellow","penSize":5}
{"x":565,"y":269,"color":"yellow","penSize":5}
{"x":565,"y":271,"color":"yellow","penSize":5}
{"x":564,"y":274,"color":"yellow","penSize":5}
{"x":563,"y":277,"color":"yellow","penSize":5}
{"x":563,"y":278,"color":"yellow","penSize":5}
{"x":562,"y":279,"color":"yellow","penSize":5}
{"x":562,"y":280,"color":"yellow","penSize":5}
{"x":562,"y":280,"color":"yellow","penSize":5}
{"x":561,"y":281,"color":"yellow","penSize":5}
{"x":561,"y":281,"color":"yellow","penSize":5}
{"x":561,"y":281,"color":"yellow","penSize":5}
{"x":561,"y":282,"color":"yellow","penSize":5}
{"x":561,"y":282,"color":"yellow","penSize":5}
{"x":560,"y":282,"color":"yellow","penSize":5}
{"x":560,"y":282,"color":"yellow","penSize":5}
{"x":560,"y":282,"color":"yellow","penSize":5}
{"x":559,"y":283,"color":"yellow","penSize":5}
{"x":559,"y":284,"color":"yellow","penSize":5}
{"x":559,"y":285,"color":"yellow","penSize":5}
{"x":558,"y":286,"color":"yellow","penSize":5}
{"x":558,"y":287,"color":"yellow","penSize":5}
{"x":557,"y":287,"color":"yellow","penSize":5}
{"x":557,"y":288,"color":"yellow","penSize":5}
{"x":557,"y":288,"color":"yellow","penSize":5}
{"x":556,"y":288,"color":"yellow","penSize":5}
{"x":556,"y":289,"color":"yellow","penSize":5}
{"x":556,"y":289,"color":"yellow","penSize":5}
{"x":556,"y":289,"color":"yellow","penSize":5}
{"x":556,"y":289,"color":"yellow","penSize":5}
{"x":555,"y":289,"color":"yellow","penSize":5}
{"x":555,"y":290,"color":"yellow","penSize":5}
{"x":554,"y":291,"color":"yellow","penSize":5}
{"x":554,"y":292,"color":"yellow","penSize":5}
{"x":553,"y":293,"color":"yellow","penSize":5}
{"x":552,"y":295,"color":"yellow","penSize":5}
{"x":552,"y":297,"color":"yellow","penSize":5}
{"x":551,"y":299,"color":"yellow","penSize":5}
{"x":550,"y":300,"color":"yellow","penSize":5}
{"x":549,"y":301,"color":"yellow","penSize":5}
{"x":549,"y":302,"color":"yellow","penSize":5}
{"x":549,"y":303,"color":"yellow","penSize":5}
{"x":549,"y":304,"color":"yellow","penSize":5}
{"x":549,"y":304,"color":"yellow","penSize":5}
{"x":549,"y":305,"color":"yellow","penSize":5}
{"x":549,"y":305,"color":"yellow","penSize":5}
{"x":549,"y":305,"color":"yellow","penSize":5}
{"x":548,"y":305,"color":"yellow","penSize":5}
{"x":548,"y":305,"color":"yellow","penSize":5}
{"x":548,"y":304,"color":"yellow","penSize":5}
{"x":548,"y":304,"color":"yellow","penSize":5}
{}
{"x":153,"y":260,"color":"yellow","penSize":5}
{"x":154,"y":260,"color":"yellow","penSize":5}
{"x":155,"y":260,"color":"yellow","penSize":5}
{"x":158,"y":260,"color":"yellow","penSize":5}
{"x":159,"y":259,"color":"yellow","penSize":5}
{"x":162,"y":259,"color":"yellow","penSize":5}
{"x":168,"y":258,"color":"yellow","penSize":5}
{"x":173,"y":257,"color":"yellow","penSize":5}
{"x":179,"y":255,"color":"yellow","penSize":5}
{"x":182,"y":254,"color":"yellow","penSize":5}
{"x":188,"y":252,"color":"yellow","penSize":5}
{"x":194,"y":251,"color":"yellow","penSize":5}
{"x":199,"y":250,"color":"yellow","penSize":5}
{"x":204,"y":249,"color":"yellow","penSize":5}
{"x":206,"y":249,"color":"yellow","penSize":5}
{"x":209,"y":248,"color":"yellow","penSize":5}
{"x":212,"y":248,"color":"yellow","penSize":5}
{"x":215,"y":247,"color":"yellow","penSize":5}
{"x":218,"y":247,"color":"yellow","penSize":5}
{"x":221,"y":246,"color":"yellow","penSize":5}
{"x":224,"y":246,"color":"yellow","penSize":5}
{"x":227,"y":245,"color":"yellow","penSize":5}
{"x":229,"y":244,"color":"yellow","penSize":5}
{"x":232,"y":244,"color":"yellow","penSize":5}
{"x":237,"y":243,"color":"yellow","penSize":5}
{"x":239,"y":242,"color":"yellow","penSize":5}
{"x":241,"y":242,"color":"yellow","penSize":5}
{"x":247,"y":241,"color":"yellow","penSize":5}
{"x":249,"y":240,"color":"yellow","penSize":5}
{"x":253,"y":239,"color":"yellow","penSize":5}
{"x":256,"y":239,"color":"yellow","penSize":5}
{"x":259,"y":239,"color":"yellow","penSize":5}
{"x":262,"y":239,"color":"yellow","penSize":5}
{"x":266,"y":238,"color":"yellow","penSize":5}
{"x":269,"y":238,"color":"yellow","penSize":5}
{"x":274,"y":236,"color":"yellow","penSize":5}
{"x":279,"y":236,"color":"yellow","penSize":5}
{"x":285,"y":235,"color":"yellow","penSize":5}
{"x":290,"y":234,"color":"yellow","penSize":5}
{"x":296,"y":232,"color":"yellow","penSize":5}
{"x":302,"y":231,"color":"yellow","penSize":5}
{"x":308,"y":231,"color":"yellow","penSize":5}
{"x":313,"y":229,"color":"yellow","penSize":5}
{"x":319,"y":229,"color":"yellow","penSize":5}
{"x":323,"y":229,"color":"yellow","penSize":5}
{"x":329,"y":228,"color":"yellow","penSize":5}
{"x":333,"y":228,"color":"yellow","penSize":5}
{"x":338,"y":228,"color":"yellow","penSize":5}
{"x":342,"y":228,"color":"yellow","penSize":5}
{"x":347,"y":228,"color":"yellow","penSize":5}
{"x":350,"y":228,"color":"yellow","penSize":5}
{"x":355,"y":228,"color":"yellow","penSize":5}
{"x":359,"y":228,"color":"yellow","penSize":5}
{"x":363,"y":228,"color":"yellow","penSize":5}
{"x":365,"y":228,"color":"yellow","penSize":5}
{"x":369,"y":228,"color":"yellow","penSize":5}
{"x":371,"y":228,"color":"yellow","penSize":5}
{"x":374,"y":228,"color":"yellow","penSize":5}
{"x":377,"y":228,"color":"yellow","penSize":5}
{"x":380,"y":228,"color":"yellow","penSize":5}
{"x":382,"y":228,"color":"yellow","penSize":5}
{"x":385,"y":228,"color":"yellow","penSize":5}
{"x":387,"y":228,"color":"yellow","penSize":5}
{"x":389,"y":229,"color":"yellow","penSize":5}
{"x":390,"y":229,"color":"yellow","penSize":5}
{"x":392,"y":229,"color":"yellow","penSize":5}
{"x":393,"y":229,"color":"yellow","penSize":5}
{"x":395,"y":229,"color":"yellow","penSize":5}
{"x":396,"y":229,"color":"yellow","penSize":5}
{"x":396,"y":230,"color":"yellow","penSize":5}
{"x":397,"y":230,"color":"yellow","penSize":5}
{"x":397,"y":230,"color":"yellow","penSize":5}
{"x":397,"y":230,"color":"yellow","penSize":5}
{"x":398,"y":230,"color":"yellow","penSize":5}
{"x":398,"y":230,"color":"yellow","penSize":5}
{"x":398,"y":230,"color":"yellow","penSize":5}
{"x":399,"y":230,"color":"yellow","penSize":5}
{"x":399,"y":230,"color":"yellow","penSize":5}
{"x":399,"y":230,"color":"yellow","penSize":5}
{"x":400,"y":230,"color":"yellow","penSize":5}
{"x":402,"y":230,"color":"yellow","penSize":5}
{"x":406,"y":231,"color":"yellow","penSize":5}
{"x":409,"y":231,"color":"yellow","penSize":5}
{"x":414,"y":232,"color":"yellow","penSize":5}
{"x":419,"y":233,"color":"yellow","penSize":5}
{"x":424,"y":233,"color":"yellow","penSize":5}
{"x":429,"y":234,"color":"yellow","penSize":5}
{"x":431,"y":234,"color":"yellow","penSize":5}
{"x":435,"y":235,"color":"yellow","penSize":5}
{"x":438,"y":235,"color":"yellow","penSize":5}
{"x":440,"y":236,"color":"yellow","penSize":5}
{"x":442,"y":236,"color":"yellow","penSize":5}
{"x":443,"y":236,"color":"yellow","penSize":5}
{"x":443,"y":237,"color":"yellow","penSize":5}
{"x":444,"y":237,"color":"yellow","penSize":5}
{"x":444,"y":237,"color":"yellow","penSize":5}
{"x":445,"y":237,"color":"yellow","penSize":5}
{"x":446,"y":238,"color":"yellow","penSize":5}
{"x":447,"y":239,"color":"yellow","penSize":5}
{"x":449,"y":239,"color":"yellow","penSize":5}
{"x":449,"y":240,"color":"yellow","penSize":5}
{"x":451,"y":240,"color":"yellow","penSize":5}
{"x":452,"y":242,"color":"yellow","penSize":5}
{"x":453,"y":242,"color":"yellow","penSize":5}
{"x":454,"y":243,"color":"yellow","penSize":5}
{"x":455,"y":244,"color":"yellow","penSize":5}
{"x":456,"y":244,"color":"yellow","penSize":5}
{"x":456,"y":244,"color":"yellow","penSize":5}
{"x":456,"y":245,"color":"yellow","penSize":5}
{"x":457,"y":245,"color":"yellow","penSize":5}
{"x":457,"y":245,"color":"yellow","penSize":5}
{"x":457,"y":245,"color":"yellow","penSize":5}
{"x":457,"y":245,"color":"yellow","penSize":5}
{"x":457,"y":245,"color":"yellow","penSize":5}
{"x":457,"y":245,"color":"yellow","penSize":5}
{"x":458,"y":246,"color":"yellow","penSize":5}
{"x":458,"y":246,"color":"yellow","penSize":5}
{"x":459,"y":246,"color":"yellow","penSize":5}
{"x":461,"y":247,"color":"yellow","penSize":5}
{"x":463,"y":248,"color":"yellow","penSize":5}
{"x":466,"y":248,"color":"yellow","penSize":5}
{"x":468,"y":249,"color":"yellow","penSize":5}
{"x":469,"y":249,"color":"yellow","penSize":5}
{"x":471,"y":250,"color":"yellow","penSize":5}
{"x":473,"y":250,"color":"yellow","penSize":5}
{"x":474,"y":251,"color":"yellow","penSize":5}
{"x":474,"y":251,"color":"yellow","penSize":5}
{"x":475,"y":252,"color":"yellow","penSize":5}
{"x":476,"y":252,"color":"yellow","penSize":5}
{"x":476,"y":252,"color":"yellow","penSize":5}
{"x":476,"y":253,"color":"yellow","penSize":5}
{"x":477,"y":253,"color":"yellow","penSize":5}
{"x":477,"y":253,"color":"yellow","penSize":5}
{"x":477,"y":253,"color":"yellow","penSize":5}
{"x":477,"y":253,"color":"yellow","penSize":5}
{"x":478,"y":253,"color":"yellow","penSize":5}
{"x":478,"y":253,"color":"yellow","penSize":5}
{"x":478,"y":253,"color":"yellow","penSize":5}
{"x":479,"y":253,"color":"yellow","penSize":5}
{}
{}
{}
{"x":241,"y":258,"color":"yellow","penSize":5}
{"x":245,"y":258,"color":"yellow","penSize":5}
{"x":249,"y":258,"color":"yellow","penSize":5}
{"x":252,"y":258,"color":"yellow","penSize":5}
{"x":258,"y":258,"color":"yellow","penSize":5}
{"x":263,"y":258,"color":"yellow","penSize":5}
{"x":269,"y":258,"color":"yellow","penSize":5}
{"x":277,"y":256,"color":"yellow","penSize":5}
{"x":280,"y":256,"color":"yellow","penSize":5}
{"x":292,"y":254,"color":"yellow","penSize":5}
{"x":296,"y":253,"color":"yellow","penSize":5}
{"x":304,"y":252,"color":"yellow","penSize":5}
{"x":311,"y":252,"color":"yellow","penSize":5}
{"x":319,"y":251,"color":"yellow","penSize":5}
{"x":327,"y":250,"color":"yellow","penSize":5}
{"x":340,"y":249,"color":"yellow","penSize":5}
{"x":348,"y":249,"color":"yellow","penSize":5}
{"x":352,"y":249,"color":"yellow","penSize":5}
{"x":361,"y":248,"color":"yellow","penSize":5}
{"x":368,"y":248,"color":"yellow","penSize":5}
{"x":374,"y":247,"color":"yellow","penSize":5}
{"x":380,"y":247,"color":"yellow","penSize":5}
{"x":382,"y":247,"color":"yellow","penSize":5}
{"x":387,"y":246,"color":"yellow","penSize":5}
{"x":389,"y":246,"color":"yellow","penSize":5}
{"x":393,"y":246,"color":"yellow","penSize":5}
{"x":395,"y":246,"color":"yellow","penSize":5}
{"x":397,"y":245,"color":"yellow","penSize":5}
{"x":398,"y":245,"color":"yellow","penSize":5}
{"x":400,"y":245,"color":"yellow","penSize":5}
{"x":402,"y":245,"color":"yellow","penSize":5}
{"x":404,"y":245,"color":"yellow","penSize":5}
{"x":406,"y":245,"color":"yellow","penSize":5}
{"x":407,"y":244,"color":"yellow","penSize":5}
{"x":409,"y":244,"color":"yellow","penSize":5}
{"x":410,"y":244,"color":"yellow","penSize":5}
{"x":412,"y":244,"color":"yellow","penSize":5}
{"x":413,"y":244,"color":"yellow","penSize":5}
{"x":414,"y":244,"color":"yellow","penSize":5}
{"x":414,"y":244,"color":"yellow","penSize":5}
{"x":415,"y":244,"color":"yellow","penSize":5}
{"x":415,"y":244,"color":"yellow","penSize":5}
{"x":416,"y":244,"color":"yellow","penSize":5}
{"x":416,"y":244,"color":"yellow","penSize":5}
{"x":416,"y":244,"color":"yellow","penSize":5}
{"x":417,"y":244,"color":"yellow","penSize":5}
{"x":417,"y":244,"color":"yellow","penSize":5}
{"x":417,"y":244,"color":"yellow","penSize":5}
{"x":418,"y":244,"color":"yellow","penSize":5}
{"x":418,"y":244,"color":"yellow","penSize":5}
{"x":418,"y":244,"color":"yellow","penSize":5}
{"x":419,"y":244,"color":"yellow","penSize":5}
{"x":419,"y":245,"color":"yellow","penSize":5}
{"x":419,"y":245,"color":"yellow","penSize":5}
{"x":419,"y":245,"color":"yellow","penSize":5}
{"x":419,"y":245,"color":"yellow","penSize":5}
{"x":419,"y":245,"color":"yellow","penSize":5}
{"x":419,"y":245,"color":"yellow","penSize":5}
{"x":419,"y":246,"color":"yellow","penSize":5}
{"x":419,"y":246,"color":"yellow","penSize":5}
{"x":419,"y":246,"color":"yellow","penSize":5}
{}
{}
{}
{}
{}
{}
{}
{"x":492,"y":254,"color":"yellow","penSize":5}
{"x":492,"y":254,"color":"yellow","penSize":5}
{"x":491,"y":254,"color":"yellow","penSize":5}
{"x":490,"y":254,"color":"yellow","penSize":5}
{"x":490,"y":254,"color":"yellow","penSize":5}
{"x":489,"y":254,"color":"yellow","penSize":5}
{"x":489,"y":254,"color":"yellow","penSize":5}
{"x":489,"y":254,"color":"yellow","penSize":5}
{"x":489,"y":254,"color":"yellow","penSize":5}
{"x":488,"y":254,"color":"yellow","penSize":5}
{"x":488,"y":254,"color":"yellow","penSize":5}
{"x":488,"y":254,"color":"yellow","penSize":5}
{"x":487,"y":254,"color":"yellow","penSize":5}
{"x":487,"y":254,"color":"yellow","penSize":5}
{"x":487,"y":254,"color":"yellow","penSize":5}
{"x":486,"y":254,"color":"yellow","penSize":5}
{"x":486,"y":254,"color":"yellow","penSize":5}
{"x":485,"y":254,"color":"yellow","penSize":5}
{"x":485,"y":254,"color":"yellow","penSize":5}
{"x":485,"y":254,"color":"yellow","penSize":5}
{"x":486,"y":254,"color":"yellow","penSize":5}
{"x":486,"y":254,"color":"yellow","penSize":5}
{"x":486,"y":254,"color":"yellow","penSize":5}
{"x":487,"y":254,"color":"yellow","penSize":5}
{}
{}
{}
{"x":496,"y":249,"color":"yellow","penSize":5}
{"x":497,"y":249,"color":"yellow","penSize":5}
{"x":498,"y":249,"color":"yellow","penSize":5}
{"x":499,"y":249,"color":"yellow","penSize":5}
{"x":500,"y":249,"color":"yellow","penSize":5}
{"x":501,"y":249,"color":"yellow","penSize":5}
{"x":502,"y":249,"color":"yellow","penSize":5}
{"x":504,"y":249,"color":"yellow","penSize":5}
{"x":505,"y":249,"color":"yellow","penSize":5}
{"x":507,"y":249,"color":"yellow","penSize":5}
{"x":509,"y":249,"color":"yellow","penSize":5}
{"x":509,"y":249,"color":"yellow","penSize":5}
{"x":510,"y":249,"color":"yellow","penSize":5}
{"x":511,"y":249,"color":"yellow","penSize":5}
{"x":511,"y":249,"color":"yellow","penSize":5}
{"x":512,"y":249,"color":"yellow","penSize":5}
{"x":513,"y":249,"color":"yellow","penSize":5}
{"x":513,"y":249,"color":"yellow","penSize":5}
{"x":513,"y":249,"color":"yellow","penSize":5}
{"x":514,"y":249,"color":"yellow","penSize":5}
{"x":514,"y":249,"color":"yellow","penSize":5}
{"x":514,"y":249,"color":"yellow","penSize":5}
{"x":514,"y":249,"color":"yellow","penSize":5}
{"x":515,"y":249,"color":"yellow","penSize":5}
{"x":515,"y":249,"color":"yellow","penSize":5}
{"x":515,"y":249,"color":"yellow","penSize":5}
{"x":516,"y":249,"color":"yellow","penSize":5}
{"x":516,"y":249,"color":"yellow","penSize":5}
{"x":517,"y":249,"color":"yellow","penSize":5}
{"x":517,"y":249,"color":"yellow","penSize":5}
{"x":518,"y":249,"color":"yellow","penSize":5}
{"x":519,"y":249,"color":"yellow","penSize":5}
{"x":519,"y":249,"color":"yellow","penSize":5}
{"x":519,"y":249,"color":"yellow","penSize":5}
{"x":520,"y":249,"color":"yellow","penSize":5}
{"x":521,"y":249,"color":"yellow","penSize":5}
{"x":521,"y":249,"color":"yellow","penSize":5}
{"x":522,"y":249,"color":"yellow","penSize":5}
{"x":522,"y":249,"color":"yellow","penSize":5}
{"x":522,"y":249,"color":"yellow","penSize":5}
{"x":523,"y":249,"color":"yellow","penSize":5}
{"x":523,"y":249,"color":"yellow","penSize":5}
{"x":523,"y":249,"color":"yellow","penSize":5}
{"x":524,"y":249,"color":"yellow","penSize":5}
{"x":524,"y":249,"color":"yellow","penSize":5}
{"x":524,"y":249,"color":"yellow","penSize":5}
{"x":524,"y":250,"color":"yellow","penSize":5}
{"x":524,"y":250,"color":"yellow","penSize":5}
{}
{}
{"x":546,"y":245,"color":"yellow","penSize":5}
{"x":544,"y":245,"color":"yellow","penSize":5}
{"x":541,"y":245,"color":"yellow","penSize":5}
{"x":539,"y":245,"color":"yellow","penSize":5}
{"x":535,"y":245,"color":"yellow","penSize":5}
{"x":533,"y":245,"color":"yellow","penSize":5}
{"x":529,"y":245,"color":"yellow","penSize":5}
{"x":527,"y":245,"color":"yellow","penSize":5}
{"x":526,"y":245,"color":"yellow","penSize":5}
{"x":521,"y":245,"color":"yellow","penSize":5}
{"x":520,"y":245,"color":"yellow","penSize":5}
{"x":519,"y":245,"color":"yellow","penSize":5}
{"x":517,"y":245,"color":"yellow","penSize":5}
{"x":516,"y":245,"color":"yellow","penSize":5}
{"x":514,"y":245,"color":"yellow","penSize":5}
{"x":512,"y":245,"color":"yellow","penSize":5}
{"x":509,"y":245,"color":"yellow","penSize":5}
{"x":509,"y":245,"color":"yellow","penSize":5}
{"x":505,"y":245,"color":"yellow","penSize":5}
{"x":504,"y":246,"color":"yellow","penSize":5}
{"x":501,"y":246,"color":"yellow","penSize":5}
{"x":499,"y":246,"color":"yellow","penSize":5}
{"x":499,"y":246,"color":"yellow","penSize":5}
{"x":497,"y":247,"color":"yellow","penSize":5}
{"x":496,"y":247,"color":"yellow","penSize":5}
{"x":495,"y":247,"color":"yellow","penSize":5}
{"x":494,"y":247,"color":"yellow","penSize":5}
{"x":493,"y":247,"color":"yellow","penSize":5}
{"x":493,"y":247,"color":"yellow","penSize":5}
{"x":493,"y":247,"color":"yellow","penSize":5}
{"x":492,"y":247,"color":"yellow","penSize":5}
{"x":492,"y":247,"color":"yellow","penSize":5}
{"x":492,"y":247,"color":"yellow","penSize":5}
{"x":491,"y":247,"color":"yellow","penSize":5}
{"x":491,"y":247,"color":"yellow","penSize":5}
{"x":491,"y":247,"color":"yellow","penSize":5}
{"x":490,"y":247,"color":"yellow","penSize":5}
{"x":489,"y":247,"color":"yellow","penSize":5}
{"x":489,"y":247,"color":"yellow","penSize":5}
{"x":488,"y":247,"color":"yellow","penSize":5}
{"x":487,"y":248,"color":"yellow","penSize":5}
{"x":486,"y":248,"color":"yellow","penSize":5}
{"x":485,"y":248,"color":"yellow","penSize":5}
{"x":483,"y":248,"color":"yellow","penSize":5}
{"x":483,"y":248,"color":"yellow","penSize":5}
{"x":482,"y":248,"color":"yellow","penSize":5}
{"x":480,"y":248,"color":"yellow","penSize":5}
{"x":480,"y":249,"color":"yellow","penSize":5}
{"x":479,"y":249,"color":"yellow","penSize":5}
{"x":479,"y":249,"color":"yellow","penSize":5}
{"x":478,"y":249,"color":"yellow","penSize":5}
{"x":477,"y":249,"color":"yellow","penSize":5}
{"x":476,"y":249,"color":"yellow","penSize":5}
{"x":476,"y":249,"color":"yellow","penSize":5}
{"x":475,"y":249,"color":"yellow","penSize":5}
{"x":475,"y":249,"color":"yellow","penSize":5}
{"x":475,"y":249,"color":"yellow","penSize":5}
{"x":474,"y":249,"color":"yellow","penSize":5}
{"x":474,"y":249,"color":"yellow","penSize":5}
{}
{"x":244,"y":322,"color":"yellow","penSize":5}
{"x":246,"y":322,"color":"yellow","penSize":5}
{"x":249,"y":322,"color":"yellow","penSize":5}
{"x":252,"y":322,"color":"yellow","penSize":5}
{"x":255,"y":322,"color":"yellow","penSize":5}
{"x":259,"y":322,"color":"yellow","penSize":5}
{"x":262,"y":322,"color":"yellow","penSize":5}
{"x":267,"y":322,"color":"yellow","penSize":5}
{"x":272,"y":322,"color":"yellow","penSize":5}
{"x":278,"y":322,"color":"yellow","penSize":5}
{"x":284,"y":322,"color":"yellow","penSize":5}
{"x":289,"y":322,"color":"yellow","penSize":5}
{"x":296,"y":322,"color":"yellow","penSize":5}
{"x":302,"y":320,"color":"yellow","penSize":5}
{"x":309,"y":320,"color":"yellow","penSize":5}
{"x":317,"y":320,"color":"yellow","penSize":5}
{"x":323,"y":319,"color":"yellow","penSize":5}
{"x":329,"y":319,"color":"yellow","penSize":5}
{"x":336,"y":319,"color":"yellow","penSize":5}
{"x":341,"y":319,"color":"yellow","penSize":5}
{"x":348,"y":319,"color":"yellow","penSize":5}
{"x":353,"y":319,"color":"yellow","penSize":5}
{"x":358,"y":319,"color":"yellow","penSize":5}
{"x":364,"y":319,"color":"yellow","penSize":5}
{"x":370,"y":319,"color":"yellow","penSize":5}
{"x":376,"y":319,"color":"yellow","penSize":5}
{"x":382,"y":319,"color":"yellow","penSize":5}
{"x":389,"y":319,"color":"yellow","penSize":5}
{"x":395,"y":319,"color":"yellow","penSize":5}
{"x":400,"y":319,"color":"yellow","penSize":5}
{"x":403,"y":319,"color":"yellow","penSize":5}
{"x":408,"y":319,"color":"yellow","penSize":5}
{"x":411,"y":319,"color":"yellow","penSize":5}
{"x":415,"y":319,"color":"yellow","penSize":5}
{"x":418,"y":319,"color":"yellow","penSize":5}
{"x":419,"y":319,"color":"yellow","penSize":5}
{"x":422,"y":319,"color":"yellow","penSize":5}
{"x":424,"y":319,"color":"yellow","penSize":5}
{"x":426,"y":319,"color":"yellow","penSize":5}
{"x":429,"y":319,"color":"yellow","penSize":5}
{"x":429,"y":319,"color":"yellow","penSize":5}
{"x":432,"y":319,"color":"yellow","penSize":5}
{"x":434,"y":319,"color":"yellow","penSize":5}
{"x":436,"y":319,"color":"yellow","penSize":5}
{"x":438,"y":319,"color":"yellow","penSize":5}
{"x":439,"y":319,"color":"yellow","penSize":5}
{"x":440,"y":319,"color":"yellow","penSize":5}
{"x":441,"y":319,"color":"yellow","penSize":5}
{"x":441,"y":319,"color":"yellow","penSize":5}
{"x":442,"y":319,"color":"yellow","penSize":5}
{"x":442,"y":319,"color":"yellow","penSize":5}
{"x":443,"y":319,"color":"yellow","penSize":5}
{"x":443,"y":319,"color":"yellow","penSize":5}
{"x":443,"y":319,"color":"yellow","penSize":5}
{"x":444,"y":319,"color":"yellow","penSize":5}
{"x":444,"y":319,"color":"yellow","penSize":5}
{"x":445,"y":319,"color":"yellow","penSize":5}
{"x":447,"y":319,"color":"yellow","penSize":5}
{"x":448,"y":318,"color":"yellow","penSize":5}
{"x":449,"y":318,"color":"yellow","penSize":5}
{"x":450,"y":318,"color":"yellow","penSize":5}
{"x":452,"y":317,"color":"yellow","penSize":5}
{"x":453,"y":317,"color":"yellow","penSize":5}
{"x":455,"y":317,"color":"yellow","penSize":5}
{"x":457,"y":317,"color":"yellow","penSize":5}
{"x":458,"y":316,"color":"yellow","penSize":5}
{"x":459,"y":316,"color":"yellow","penSize":5}
{"x":460,"y":316,"color":"yellow","penSize":5}
{"x":462,"y":316,"color":"yellow","penSize":5}
{"x":464,"y":316,"color":"yellow","penSize":5}
{"x":465,"y":315,"color":"yellow","penSize":5}
{"x":466,"y":315,"color":"yellow","penSize":5}
{"x":467,"y":315,"color":"yellow","penSize":5}
{"x":467,"y":315,"color":"yellow","penSize":5}
{"x":468,"y":315,"color":"yellow","penSize":5}
{"x":468,"y":315,"color":"yellow","penSize":5}
{"x":468,"y":315,"color":"yellow","penSize":5}
{"x":469,"y":315,"color":"yellow","penSize":5}
{"x":469,"y":315,"color":"yellow","penSize":5}
{"x":469,"y":315,"color":"yellow","penSize":5}
{"x":468,"y":315,"color":"yellow","penSize":5}
{"x":468,"y":315,"color":"yellow","penSize":5}
{"x":467,"y":315,"color":"yellow","penSize":5}
{"x":467,"y":315,"color":"yellow","penSize":5}
{"x":466,"y":315,"color":"yellow","penSize":5}
{"x":465,"y":315,"color":"yellow","penSize":5}
{"x":465,"y":315,"color":"yellow","penSize":5}
{"x":465,"y":315,"color":"yellow","penSize":5}
{"x":464,"y":315,"color":"yellow","penSize":5}
{"x":464,"y":315,"color":"yellow","penSize":5}
{"x":463,"y":315,"color":"yellow","penSize":5}
{"x":463,"y":315,"color":"yellow","penSize":5}
{"x":463,"y":315,"color":"yellow","penSize":5}
{"x":462,"y":315,"color":"yellow","penSize":5}
{"x":462,"y":315,"color":"yellow","penSize":5}
{"x":462,"y":315,"color":"yellow","penSize":5}
{"x":461,"y":315,"color":"yellow","penSize":5}
{"x":461,"y":315,"color":"yellow","penSize":5}
{"x":461,"y":315,"color":"yellow","penSize":5}
{"x":460,"y":315,"color":"yellow","penSize":5}
{"x":460,"y":315,"color":"yellow","penSize":5}
{"x":460,"y":314,"color":"yellow","penSize":5}
{"x":460,"y":314,"color":"yellow","penSize":5}
{}
{"x":499,"y":318,"color":"yellow","penSize":5}
{"x":501,"y":318,"color":"yellow","penSize":5}
{"x":506,"y":318,"color":"yellow","penSize":5}
{"x":511,"y":318,"color":"yellow","penSize":5}
{"x":516,"y":318,"color":"yellow","penSize":5}
{"x":522,"y":318,"color":"yellow","penSize":5}
{"x":529,"y":318,"color":"yellow","penSize":5}
{"x":536,"y":318,"color":"yellow","penSize":5}
{"x":545,"y":318,"color":"yellow","penSize":5}
{"x":552,"y":318,"color":"yellow","penSize":5}
{"x":561,"y":318,"color":"yellow","penSize":5}
{"x":571,"y":318,"color":"yellow","penSize":5}
{"x":579,"y":318,"color":"yellow","penSize":5}
{"x":590,"y":318,"color":"yellow","penSize":5}
{"x":595,"y":318,"color":"yellow","penSize":5}
{"x":605,"y":318,"color":"yellow","penSize":5}
{"x":612,"y":318,"color":"yellow","penSize":5}
{"x":619,"y":319,"color":"yellow","penSize":5}
{"x":621,"y":319,"color":"yellow","penSize":5}
{"x":626,"y":319,"color":"yellow","penSize":5}
{"x":629,"y":320,"color":"yellow","penSize":5}
{"x":631,"y":320,"color":"yellow","penSize":5}
{"x":633,"y":321,"color":"yellow","penSize":5}
{"x":634,"y":321,"color":"yellow","penSize":5}
{"x":635,"y":321,"color":"yellow","penSize":5}
{"x":635,"y":322,"color":"yellow","penSize":5}
{"x":636,"y":322,"color":"yellow","penSize":5}
{"x":636,"y":322,"color":"yellow","penSize":5}
{"x":636,"y":322,"color":"yellow","penSize":5}
{"x":637,"y":323,"color":"yellow","penSize":5}
{"x":637,"y":323,"color":"yellow","penSize":5}
{"x":637,"y":323,"color":"yellow","penSize":5}
{"x":637,"y":324,"color":"yellow","penSize":5}
{"x":638,"y":324,"color":"yellow","penSize":5}
{"x":638,"y":324,"color":"yellow","penSize":5}
{"x":638,"y":324,"color":"yellow","penSize":5}
{"x":638,"y":324,"color":"yellow","penSize":5}
{"x":639,"y":324,"color":"yellow","penSize":5}
{"x":639,"y":325,"color":"yellow","penSize":5}
{"x":640,"y":325,"color":"yellow","penSize":5}
{"x":641,"y":325,"color":"yellow","penSize":5}
{"x":642,"y":325,"color":"yellow","penSize":5}
{"x":643,"y":325,"color":"yellow","penSize":5}
{"x":644,"y":325,"color":"yellow","penSize":5}
{"x":644,"y":326,"color":"yellow","penSize":5}
{"x":645,"y":326,"color":"yellow","penSize":5}
{"x":645,"y":326,"color":"yellow","penSize":5}
{"x":646,"y":326,"color":"yellow","penSize":5}
{"x":646,"y":326,"color":"yellow","penSize":5}
{}
{}
{}
{}
{"x":588,"y":346,"color":"white","penSize":100}
{"x":589,"y":346,"color":"white","penSize":100}
{"x":592,"y":346,"color":"white","penSize":100}
{"x":597,"y":346,"color":"white","penSize":100}
{"x":600,"y":346,"color":"white","penSize":100}
{"x":606,"y":346,"color":"white","penSize":100}
{"x":610,"y":346,"color":"white","penSize":100}
{"x":618,"y":346,"color":"white","penSize":100}
{"x":624,"y":346,"color":"white","penSize":100}
{"x":632,"y":346,"color":"white","penSize":100}
{"x":641,"y":346,"color":"white","penSize":100}
{"x":650,"y":346,"color":"white","penSize":100}
{"x":660,"y":346,"color":"white","penSize":100}
{"x":669,"y":346,"color":"white","penSize":100}
{"x":680,"y":346,"color":"white","penSize":100}
{"x":689,"y":346,"color":"white","penSize":100}
{"x":695,"y":346,"color":"white","penSize":100}
{"x":704,"y":346,"color":"white","penSize":100}
{"x":712,"y":346,"color":"white","penSize":100}
{"x":721,"y":346,"color":"white","penSize":100}
{"x":729,"y":346,"color":"white","penSize":100}
{"x":738,"y":346,"color":"white","penSize":100}
{"x":746,"y":346,"color":"white","penSize":100}
{"x":759,"y":346,"color":"white","penSize":100}
{"x":769,"y":347,"color":"white","penSize":100}
{"x":779,"y":348,"color":"white","penSize":100}
{"x":788,"y":349,"color":"white","penSize":100}
{"x":793,"y":349,"color":"white","penSize":100}
{"x":803,"y":349,"color":"white","penSize":100}
{"x":810,"y":349,"color":"white","penSize":100}
{"x":819,"y":350,"color":"white","penSize":100}
{"x":825,"y":350,"color":"white","penSize":100}
{"x":827,"y":351,"color":"white","penSize":100}
{"x":831,"y":351,"color":"white","penSize":100}
{"x":839,"y":351,"color":"white","penSize":100}
{"x":841,"y":352,"color":"white","penSize":100}
{"x":845,"y":352,"color":"white","penSize":100}
{"x":849,"y":353,"color":"white","penSize":100}
{"x":851,"y":353,"color":"white","penSize":100}
{"x":856,"y":353,"color":"white","penSize":100}
{"x":860,"y":354,"color":"white","penSize":100}
{"x":864,"y":354,"color":"white","penSize":100}
{"x":869,"y":354,"color":"white","penSize":100}
{"x":873,"y":355,"color":"white","penSize":100}
{"x":877,"y":355,"color":"white","penSize":100}
{"x":881,"y":355,"color":"white","penSize":100}
{"x":885,"y":355,"color":"white","penSize":100}
{"x":887,"y":355,"color":"white","penSize":100}
{"x":892,"y":355,"color":"white","penSize":100}
{"x":895,"y":355,"color":"white","penSize":100}
{"x":899,"y":355,"color":"white","penSize":100}
{"x":901,"y":355,"color":"white","penSize":100}
{"x":905,"y":355,"color":"white","penSize":100}
{"x":909,"y":355,"color":"white","penSize":100}
{"x":910,"y":355,"color":"white","penSize":100}
{"x":913,"y":355,"color":"white","penSize":100}
{"x":916,"y":355,"color":"white","penSize":100}
{"x":918,"y":355,"color":"white","penSize":100}
{"x":919,"y":355,"color":"white","penSize":100}
{"x":921,"y":355,"color":"white","penSize":100}
{"x":922,"y":355,"color":"white","penSize":100}
{"x":922,"y":355,"color":"white","penSize":100}
{"x":923,"y":355,"color":"white","penSize":100}
{"x":923,"y":355,"color":"white","penSize":100}
{"x":924,"y":355,"color":"white","penSize":100}
{"x":924,"y":355,"color":"white","penSize":100}
{"x":924,"y":355,"color":"white","penSize":100}
{"x":924,"y":355,"color":"white","penSize":100}
{"x":924,"y":355,"color":"white","penSize":100}
{"x":923,"y":355,"color":"white","penSize":100}
{"x":922,"y":355,"color":"white","penSize":100}
{"x":922,"y":355,"color":"white","penSize":100}
{"x":921,"y":355,"color":"white","penSize":100}
{"x":921,"y":354,"color":"white","penSize":100}
{"x":921,"y":354,"color":"white","penSize":100}
{"x":920,"y":354,"color":"white","penSize":100}
{"x":920,"y":354,"color":"white","penSize":100}
{"x":920,"y":354,"color":"white","penSize":100}
{"x":919,"y":354,"color":"white","penSize":100}
{"x":919,"y":354,"color":"white","penSize":100}
{"x":919,"y":354,"color":"white","penSize":100}
{"x":919,"y":353,"color":"white","penSize":100}
{"x":919,"y":353,"color":"white","penSize":100}
{"x":917,"y":352,"color":"white","penSize":100}
{"x":917,"y":351,"color":"white","penSize":100}
{"x":915,"y":350,"color":"white","penSize":100}
{"x":914,"y":349,"color":"white","penSize":100}
{"x":913,"y":349,"color":"white","penSize":100}
{"x":912,"y":348,"color":"white","penSize":100}
{"x":911,"y":348,"color":"white","penSize":100}
{"x":911,"y":348,"color":"white","penSize":100}
{"x":910,"y":347,"color":"white","penSize":100}
{"x":910,"y":347,"color":"white","penSize":100}
{"x":909,"y":347,"color":"white","penSize":100}
{"x":909,"y":347,"color":"white","penSize":100}
{}
{}
{"x":669,"y":339,"color":"white","penSize":100}
{"x":671,"y":339,"color":"white","penSize":100}
{"x":672,"y":339,"color":"white","penSize":100}
{"x":673,"y":339,"color":"white","penSize":100}
{"x":676,"y":339,"color":"white","penSize":100}
{"x":678,"y":339,"color":"white","penSize":100}
{"x":679,"y":339,"color":"white","penSize":100}
{"x":681,"y":339,"color":"white","penSize":100}
{"x":683,"y":339,"color":"white","penSize":100}
{"x":685,"y":339,"color":"white","penSize":100}
{"x":687,"y":339,"color":"white","penSize":100}
{"x":688,"y":339,"color":"white","penSize":100}
{"x":689,"y":339,"color":"white","penSize":100}
{"x":691,"y":339,"color":"white","penSize":100}
{"x":692,"y":339,"color":"white","penSize":100}
{"x":694,"y":339,"color":"white","penSize":100}
{"x":697,"y":339,"color":"white","penSize":100}
{"x":698,"y":339,"color":"white","penSize":100}
{"x":699,"y":339,"color":"white","penSize":100}
{"x":701,"y":340,"color":"white","penSize":100}
{"x":703,"y":340,"color":"white","penSize":100}
{"x":705,"y":340,"color":"white","penSize":100}
{"x":707,"y":340,"color":"white","penSize":100}
{"x":709,"y":340,"color":"white","penSize":100}
{"x":710,"y":340,"color":"white","penSize":100}
{"x":712,"y":340,"color":"white","penSize":100}
{"x":714,"y":340,"color":"white","penSize":100}
{"x":716,"y":340,"color":"white","penSize":100}
{"x":718,"y":341,"color":"white","penSize":100}
{"x":719,"y":341,"color":"white","penSize":100}
{"x":721,"y":341,"color":"white","penSize":100}
{"x":722,"y":341,"color":"white","penSize":100}
{"x":724,"y":341,"color":"white","penSize":100}
{"x":726,"y":341,"color":"white","penSize":100}
{"x":727,"y":341,"color":"white","penSize":100}
{"x":728,"y":341,"color":"white","penSize":100}
{"x":729,"y":341,"color":"white","penSize":100}
{"x":729,"y":341,"color":"white","penSize":100}
{"x":729,"y":341,"color":"white","penSize":100}
{"x":729,"y":341,"color":"white","penSize":100}
{"x":729,"y":341,"color":"white","penSize":100}
{"x":730,"y":341,"color":"white","penSize":100}
{"x":730,"y":341,"color":"white","penSize":100}
{"x":730,"y":341,"color":"white","penSize":100}
{"x":731,"y":341,"color":"white","penSize":100}
{"x":731,"y":342,"color":"white","penSize":100}
{"x":731,"y":342,"color":"white","penSize":100}
{"x":732,"y":342,"color":"white","penSize":100}
{"x":733,"y":342,"color":"white","penSize":100}
{"x":735,"y":342,"color":"white","penSize":100}
{"x":736,"y":342,"color":"white","penSize":100}
{"x":738,"y":342,"color":"white","penSize":100}
{"x":739,"y":342,"color":"white","penSize":100}
{"x":740,"y":342,"color":"white","penSize":100}
{"x":742,"y":342,"color":"white","penSize":100}
{"x":742,"y":342,"color":"white","penSize":100}
{"x":743,"y":342,"color":"white","penSize":100}
{"x":744,"y":342,"color":"white","penSize":100}
{"x":744,"y":342,"color":"white","penSize":100}
{"x":744,"y":342,"color":"white","penSize":100}
{"x":745,"y":342,"color":"white","penSize":100}
{}
{"x":777,"y":342,"color":"white","penSize":100}
{"x":779,"y":342,"color":"white","penSize":100}
{"x":779,"y":342,"color":"white","penSize":100}
{"x":781,"y":342,"color":"white","penSize":100}
{"x":784,"y":342,"color":"white","penSize":100}
{"x":786,"y":342,"color":"white","penSize":100}
{"x":789,"y":342,"color":"white","penSize":100}
{"x":790,"y":342,"color":"white","penSize":100}
{"x":791,"y":342,"color":"white","penSize":100}
{"x":793,"y":342,"color":"white","penSize":100}
{"x":795,"y":342,"color":"white","penSize":100}
{"x":797,"y":342,"color":"white","penSize":100}
{"x":799,"y":342,"color":"white","penSize":100}
{"x":799,"y":342,"color":"white","penSize":100}
{"x":800,"y":342,"color":"white","penSize":100}
{"x":802,"y":342,"color":"white","penSize":100}
{"x":803,"y":342,"color":"white","penSize":100}
{"x":804,"y":342,"color":"white","penSize":100}
{"x":805,"y":342,"color":"white","penSize":100}
{"x":807,"y":342,"color":"white","penSize":100}
{"x":808,"y":342,"color":"white","penSize":100}
{"x":809,"y":342,"color":"white","penSize":100}
{"x":809,"y":342,"color":"white","penSize":100}
{"x":810,"y":342,"color":"white","penSize":100}
{"x":812,"y":342,"color":"white","penSize":100}
{"x":813,"y":342,"color":"white","penSize":100}
{"x":814,"y":342,"color":"white","penSize":100}
{"x":815,"y":342,"color":"white","penSize":100}
{"x":816,"y":342,"color":"white","penSize":100}
{"x":816,"y":342,"color":"white","penSize":100}
{"x":817,"y":342,"color":"white","penSize":100}
{"x":817,"y":342,"color":"white","penSize":100}
{"x":818,"y":342,"color":"white","penSize":100}
{"x":818,"y":342,"color":"white","penSize":100}
{"x":818,"y":342,"color":"white","penSize":100}
{"x":819,"y":342,"color":"white","penSize":100}
{"x":819,"y":342,"color":"white","penSize":100}
{"x":819,"y":342,"color":"white","penSize":100}
{"x":820,"y":342,"color":"white","penSize":100}
{"x":821,"y":342,"color":"white","penSize":100}
{"x":823,"y":342,"color":"white","penSize":100}
{"x":825,"y":342,"color":"white","penSize":100}
{"x":827,"y":342,"color":"white","penSize":100}
{"x":829,"y":342,"color":"white","penSize":100}
{"x":830,"y":342,"color":"white","penSize":100}
{"x":832,"y":342,"color":"white","penSize":100}
{"x":835,"y":342,"color":"white","penSize":100}
{"x":837,"y":342,"color":"white","penSize":100}
{"x":838,"y":342,"color":"white","penSize":100}
{"x":839,"y":342,"color":"white","penSize":100}
{"x":841,"y":342,"color":"white","penSize":100}
{"x":842,"y":342,"color":"white","penSize":100}
{"x":843,"y":342,"color":"white","penSize":100}
{"x":844,"y":342,"color":"white","penSize":100}
{"x":845,"y":342,"color":"white","penSize":100}
{"x":846,"y":342,"color":"white","penSize":100}
{"x":847,"y":342,"color":"white","penSize":100}
{"x":847,"y":342,"color":"white","penSize":100}
{"x":848,"y":342,"color":"white","penSize":100}
{"x":848,"y":342,"color":"white","penSize":100}
{"x":849,"y":342,"color":"white","penSize":100}
{"x":849,"y":342,"color":"white","penSize":100}
{"x":849,"y":342,"color":"white","penSize":100}
{"x":849,"y":342,"color":"white","penSize":100}
{"x":849,"y":342,"color":"white","penSize":100}
{"x":848,"y":342,"color":"white","penSize":100}
{"x":848,"y":342,"color":"white","penSize":100}
{"x":848,"y":341,"color":"white","penSize":100}
{}
{}
{"x":882,"y":340,"color":"white","penSize":100}
{"x":880,"y":340,"color":"white","penSize":100}
{"x":878,"y":340,"color":"white","penSize":100}
{"x":874,"y":340,"color":"white","penSize":100}
{"x":873,"y":340,"color":"white","penSize":100}
{"x":869,"y":340,"color":"white","penSize":100}
{"x":868,"y":340,"color":"white","penSize":100}
{"x":866,"y":340,"color":"white","penSize":100}
{"x":864,"y":340,"color":"white","penSize":100}
{"x":862,"y":340,"color":"white","penSize":100}
{"x":861,"y":340,"color":"white","penSize":100}
{"x":860,"y":340,"color":"white","penSize":100}
{"x":860,"y":340,"color":"white","penSize":100}
{"x":859,"y":341,"color":"white","penSize":100}
{"x":859,"y":341,"color":"white","penSize":100}
{"x":859,"y":341,"color":"white","penSize":100}
{"x":859,"y":341,"color":"white","penSize":100}
{"x":859,"y":341,"color":"white","penSize":100}
{"x":860,"y":341,"color":"white","penSize":100}
{"x":860,"y":341,"color":"white","penSize":100}
{"x":860,"y":341,"color":"white","penSize":100}
{"x":861,"y":341,"color":"white","penSize":100}
{"x":861,"y":341,"color":"white","penSize":100}
{"x":861,"y":341,"color":"white","penSize":100}
{"x":861,"y":341,"color":"white","penSize":100}
{"x":862,"y":341,"color":"white","penSize":100}
{"x":862,"y":342,"color":"white","penSize":100}
{"x":862,"y":342,"color":"white","penSize":100}
{"x":862,"y":342,"color":"white","penSize":100}
{"x":863,"y":342,"color":"white","penSize":100}
{"x":863,"y":342,"color":"white","penSize":100}
{"x":863,"y":342,"color":"white","penSize":100}
{"x":864,"y":342,"color":"white","penSize":100}
{"x":864,"y":343,"color":"white","penSize":100}
{"x":864,"y":343,"color":"white","penSize":100}
{"x":865,"y":343,"color":"white","penSize":100}
{"x":865,"y":343,"color":"white","penSize":100}
{"x":865,"y":343,"color":"white","penSize":100}
{"x":866,"y":343,"color":"white","penSize":100}
{"x":866,"y":343,"color":"white","penSize":100}
{"x":866,"y":343,"color":"white","penSize":100}
{"x":867,"y":343,"color":"white","penSize":100}
{"x":867,"y":343,"color":"white","penSize":100}
{"x":867,"y":343,"color":"white","penSize":100}
{"x":868,"y":343,"color":"white","penSize":100}
{"x":868,"y":343,"color":"white","penSize":100}
{"x":868,"y":343,"color":"white","penSize":100}
{"x":869,"y":343,"color":"white","penSize":100}
{"x":868,"y":343,"color":"white","penSize":100}
{"x":868,"y":343,"color":"white","penSize":100}
{"x":868,"y":343,"color":"white","penSize":100}
{"x":867,"y":342,"color":"white","penSize":100}
{"x":866,"y":342,"color":"white","penSize":100}
{"x":865,"y":342,"color":"white","penSize":100}
{}
{}
{}
{}
{}
{}
{}
{}
{}
{}
{}
{}
{"x":249,"y":390,"color":"white","penSize":100}
{"x":249,"y":390,"color":"white","penSize":100}
{"x":249,"y":390,"color":"white","penSize":100}
{"x":249,"y":390,"color":"white","penSize":100}
{"x":250,"y":390,"color":"white","penSize":100}
{"x":250,"y":390,"color":"white","penSize":100}
{"x":251,"y":390,"color":"white","penSize":100}
{"x":252,"y":390,"color":"white","penSize":100}
{"x":253,"y":390,"color":"white","penSize":100}
{"x":254,"y":390,"color":"white","penSize":100}
{"x":255,"y":390,"color":"white","penSize":100}
{"x":255,"y":390,"color":"white","penSize":100}
{"x":256,"y":389,"color":"white","penSize":100}
{"x":256,"y":389,"color":"white","penSize":100}
{"x":257,"y":389,"color":"white","penSize":100}
{"x":257,"y":389,"color":"white","penSize":100}
{"x":257,"y":389,"color":"white","penSize":100}
{"x":258,"y":389,"color":"white","penSize":100}
{"x":257,"y":389,"color":"white","penSize":100}
{"x":257,"y":389,"color":"white","penSize":100}
{"x":257,"y":389,"color":"white","penSize":100}
{"x":256,"y":389,"color":"white","penSize":100}
{"x":256,"y":389,"color":"white","penSize":100}
{}
{}
{"x":253,"y":393,"color":"white","penSize":100}
{"x":254,"y":393,"color":"white","penSize":100}
{"x":255,"y":393,"color":"white","penSize":100}
{"x":256,"y":393,"color":"white","penSize":100}
{"x":258,"y":393,"color":"white","penSize":100}
{"x":259,"y":393,"color":"white","penSize":100}
{"x":261,"y":392,"color":"white","penSize":100}
{"x":262,"y":392,"color":"white","penSize":100}
{"x":263,"y":392,"color":"white","penSize":100}
{"x":264,"y":392,"color":"white","penSize":100}
{"x":264,"y":392,"color":"white","penSize":100}
{"x":264,"y":392,"color":"white","penSize":100}
{"x":265,"y":392,"color":"white","penSize":100}
{"x":265,"y":392,"color":"white","penSize":100}
{"x":265,"y":392,"color":"white","penSize":100}
{"x":265,"y":392,"color":"white","penSize":100}
{"x":264,"y":391,"color":"white","penSize":100}
{"x":263,"y":391,"color":"white","penSize":100}
{"x":262,"y":391,"color":"white","penSize":100}
{"x":261,"y":390,"color":"white","penSize":100}
{}
{}
{}
{"x":267,"y":436,"color":"white","penSize":100}
{"x":269,"y":436,"color":"white","penSize":100}
{"x":273,"y":436,"color":"white","penSize":100}
{"x":278,"y":436,"color":"white","penSize":100}
{"x":284,"y":436,"color":"white","penSize":100}
{"x":291,"y":436,"color":"white","penSize":100}
{"x":299,"y":436,"color":"white","penSize":100}
{"x":307,"y":436,"color":"white","penSize":100}
{"x":315,"y":436,"color":"white","penSize":100}
{"x":324,"y":436,"color":"white","penSize":100}
{"x":327,"y":436,"color":"white","penSize":100}
{"x":333,"y":436,"color":"white","penSize":100}
{"x":339,"y":436,"color":"white","penSize":100}
{"x":346,"y":436,"color":"white","penSize":100}
{"x":349,"y":436,"color":"white","penSize":100}
{"x":354,"y":436,"color":"white","penSize":100}
{"x":359,"y":436,"color":"white","penSize":100}
{"x":363,"y":436,"color":"white","penSize":100}
{"x":367,"y":436,"color":"white","penSize":100}
{"x":371,"y":436,"color":"white","penSize":100}
{"x":375,"y":436,"color":"white","penSize":100}
{"x":379,"y":436,"color":"white","penSize":100}
{"x":382,"y":436,"color":"white","penSize":100}
{"x":386,"y":436,"color":"white","penSize":100}
{"x":389,"y":436,"color":"white","penSize":100}
{"x":393,"y":436,"color":"white","penSize":100}
{"x":397,"y":436,"color":"white","penSize":100}
{"x":399,"y":436,"color":"white","penSize":100}
{"x":404,"y":436,"color":"white","penSize":100}
{"x":407,"y":436,"color":"white","penSize":100}
{"x":409,"y":436,"color":"white","penSize":100}
{"x":413,"y":436,"color":"white","penSize":100}
{"x":417,"y":436,"color":"white","penSize":100}
{"x":419,"y":436,"color":"white","penSize":100}
{"x":423,"y":436,"color":"white","penSize":100}
{"x":425,"y":436,"color":"white","penSize":100}
{"x":427,"y":436,"color":"white","penSize":100}
{"x":429,"y":436,"color":"white","penSize":100}
{"x":431,"y":436,"color":"white","penSize":100}
{"x":432,"y":436,"color":"white","penSize":100}
{"x":434,"y":436,"color":"white","penSize":100}
{"x":435,"y":436,"color":"white","penSize":100}
{"x":435,"y":436,"color":"white","penSize":100}
{"x":436,"y":436,"color":"white","penSize":100}
{"x":437,"y":436,"color":"white","penSize":100}
{"x":437,"y":436,"color":"white","penSize":100}
{"x":437,"y":436,"color":"white","penSize":100}
{"x":437,"y":436,"color":"white","penSize":100}
{}
{}
{}
{}
