{}
{}
{}
{}
{}
{"x":658,"y":340,"color":"red","penSize":5}
{"x":655,"y":340,"color":"red","penSize":5}
{"x":650,"y":340,"color":"red","penSize":5}
{"x":643,"y":340,"color":"red","penSize":5}
{"x":625,"y":340,"color":"red","penSize":5}
{"x":608,"y":340,"color":"red","penSize":5}
{"x":586,"y":340,"color":"red","penSize":5}
{"x":561,"y":340,"color":"red","penSize":5}
{"x":514,"y":340,"color":"red","penSize":5}
{"x":495,"y":340,"color":"red","penSize":5}
{"x":433,"y":341,"color":"red","penSize":5}
{"x":412,"y":342,"color":"red","penSize":5}
{"x":371,"y":342,"color":"red","penSize":5}
{"x":335,"y":342,"color":"red","penSize":5}
{"x":301,"y":342,"color":"red","penSize":5}
{"x":289,"y":341,"color":"red","penSize":5}
{"x":264,"y":337,"color":"red","penSize":5}
{"x":244,"y":334,"color":"red","penSize":5}
{"x":237,"y":333,"color":"red","penSize":5}
{"x":224,"y":330,"color":"red","penSize":5}
{"x":220,"y":330,"color":"red","penSize":5}
{"x":206,"y":328,"color":"red","penSize":5}
{"x":203,"y":328,"color":"red","penSize":5}
{"x":198,"y":328,"color":"red","penSize":5}
{"x":195,"y":327,"color":"red","penSize":5}
{"x":192,"y":327,"color":"red","penSize":5}
{"x":190,"y":327,"color":"red","penSize":5}
{"x":188,"y":327,"color":"red","penSize":5}
{"x":187,"y":327,"color":"red","penSize":5}
{"x":187,"y":327,"color":"red","penSize":5}
{"x":185,"y":327,"color":"red","penSize":5}
{"x":185,"y":327,"color":"red","penSize":5}
{"x":184,"y":327,"color":"red","penSize":5}
{"x":183,"y":327,"color":"red","penSize":5}
{"x":182,"y":327,"color":"red","penSize":5}
{"x":179,"y":328,"color":"red","penSize":5}
{"x":178,"y":328,"color":"red","penSize":5}
{"x":176,"y":329,"color":"red","penSize":5}
{"x":174,"y":329,"color":"red","penSize":5}
{"x":171,"y":330,"color":"red","penSize":5}
{"x":168,"y":330,"color":"red","penSize":5}
{"x":166,"y":331,"color":"red","penSize":5}
{"x":162,"y":331,"color":"red","penSize":5}
{"x":159,"y":331,"color":"red","penSize":5}
{"x":155,"y":331,"color":"red","penSize":5}
{"x":151,"y":331,"color":"red","penSize":5}
{"x":147,"y":331,"color":"red","penSize":5}
{"x":144,"y":331,"color":"red","penSize":5}
{"x":139,"y":331,"color":"red","penSize":5}
{"x":135,"y":331,"color":"red","penSize":5}
{"x":132,"y":331,"color":"red","penSize":5}
{"x":128,"y":331,"color":"red","penSize":5}
{"x":124,"y":331,"color":"red","penSize":5}
{"x":120,"y":331,"color":"red","penSize":5}
{"x":117,"y":331,"color":"red","penSize":5}
{"x":115,"y":331,"color":"red","penSize":5}
{"x":111,"y":331,"color":"red","penSize":5}
{"x":109,"y":330,"color":"red","penSize":5}
{"x":106,"y":330,"color":"red","penSize":5}
{"x":104,"y":330,"color":"red","penSize":5}
{"x":102,"y":329,"color":"red","penSize":5}
{"x":100,"y":329,"color":"red","penSize":5}
{"x":99,"y":329,"color":"red","penSize":5}
{"x":97,"y":329,"color":"red","penSize":5}
{"x":95,"y":329,"color":"red","penSize":5}
{"x":94,"y":328,"color":"red","penSize":5}
{"x":93,"y":328,"color":"red","penSize":5}
{"x":93,"y":328,"color":"red","penSize":5}
{"x":93,"y":328,"color":"red","penSize":5}
{"x":92,"y":328,"color":"red","penSize":5}
{"x":92,"y":328,"color":"red","penSize":5}
{"x":92,"y":328,"color":"red","penSize":5}
{"x":91,"y":328,"color":"red","penSize":5}
{"x":91,"y":328,"color":"red","penSize":5}
{}
{}
{}
{}
{"x":137,"y":338,"color":"white","penSize":100}
{"x":136,"y":338,"color":"white","penSize":100}
{"x":136,"y":338,"color":"white","penSize":100}
{"x":135,"y":338,"color":"white","penSize":100}
{"x":135,"y":338,"color":"white","penSize":100}
{"x":133,"y":338,"color":"white","penSize":100}
{"x":133,"y":337,"color":"white","penSize":100}
{"x":132,"y":337,"color":"white","penSize":100}
{"x":131,"y":335,"color":"white","penSize":100}
{"x":130,"y":335,"color":"white","penSize":100}
{"x":129,"y":333,"color":"white","penSize":100}
{"x":128,"y":332,"color":"white","penSize":100}
{"x":126,"y":330,"color":"white","penSize":100}
{"x":125,"y":329,"color":"white","penSize":100}
{"x":122,"y":327,"color":"white","penSize":100}
{"x":121,"y":326,"color":"white","penSize":100}
{"x":119,"y":324,"color":"white","penSize":100}
{"x":118,"y":323,"color":"white","penSize":100}
{"x":116,"y":321,"color":"white","penSize":100}
{"x":115,"y":320,"color":"white","penSize":100}
{"x":112,"y":317,"color":"white","penSize":100}
{"x":111,"y":316,"color":"white","penSize":100}
{"x":109,"y":314,"color":"white","penSize":100}
{"x":108,"y":313,"color":"white","penSize":100}
{"x":106,"y":311,"color":"white","penSize":100}
{"x":104,"y":309,"color":"white","penSize":100}
{"x":103,"y":306,"color":"white","penSize":100}
{"x":102,"y":305,"color":"white","penSize":100}
{"x":102,"y":304,"color":"white","penSize":100}
{"x":100,"y":301,"color":"white","penSize":100}
{"x":99,"y":300,"color":"white","penSize":100}
{"x":99,"y":299,"color":"white","penSize":100}
{"x":98,"y":297,"color":"white","penSize":100}
{"x":97,"y":296,"color":"white","penSize":100}
{"x":97,"y":295,"color":"white","penSize":100}
{"x":96,"y":294,"color":"white","penSize":100}
{"x":96,"y":293,"color":"white","penSize":100}
{"x":95,"y":292,"color":"white","penSize":100}
{"x":94,"y":291,"color":"white","penSize":100}
{"x":94,"y":290,"color":"white","penSize":100}
{"x":93,"y":289,"color":"white","penSize":100}
{"x":93,"y":288,"color":"white","penSize":100}
{"x":92,"y":287,"color":"white","penSize":100}
{"x":92,"y":286,"color":"white","penSize":100}
{"x":92,"y":286,"color":"white","penSize":100}
{"x":91,"y":285,"color":"white","penSize":100}
{"x":91,"y":285,"color":"white","penSize":100}
{"x":91,"y":284,"color":"white","penSize":100}
{"x":90,"y":284,"color":"white","penSize":100}
{"x":89,"y":283,"color":"white","penSize":100}
{"x":89,"y":283,"color":"white","penSize":100}
{"x":89,"y":283,"color":"white","penSize":100}
{"x":89,"y":282,"color":"white","penSize":100}
{"x":88,"y":282,"color":"white","penSize":100}
{"x":88,"y":281,"color":"white","penSize":100}
{"x":88,"y":281,"color":"white","penSize":100}
{"x":88,"y":281,"color":"white","penSize":100}
{"x":88,"y":280,"color":"white","penSize":100}
{"x":88,"y":280,"color":"white","penSize":100}
{"x":88,"y":280,"color":"white","penSize":100}
{"x":88,"y":279,"color":"white","penSize":100}
{"x":88,"y":279,"color":"white","penSize":100}
{"x":88,"y":279,"color":"white","penSize":100}
{"x":88,"y":278,"color":"white","penSize":100}
{"x":88,"y":278,"color":"white","penSize":100}
{"x":88,"y":277,"color":"white","penSize":100}
{"x":88,"y":277,"color":"white","penSize":100}
{"x":88,"y":276,"color":"white","penSize":100}
{"x":88,"y":276,"color":"white","penSize":100}
{"x":88,"y":276,"color":"white","penSize":100}
{"x":88,"y":275,"color":"white","penSize":100}
{"x":88,"y":275,"color":"white","penSize":100}
{"x":88,"y":275,"color":"white","penSize":100}
{"x":88,"y":275,"color":"white","penSize":100}
{"x":88,"y":274,"color":"white","penSize":100}
{"x":88,"y":274,"color":"white","penSize":100}
{"x":88,"y":273,"color":"white","penSize":100}
{"x":88,"y":273,"color":"white","penSize":100}
{"x":88,"y":272,"color":"white","penSize":100}
{"x":88,"y":272,"color":"white","penSize":100}
{"x":88,"y":272,"color":"white","penSize":100}
{"x":88,"y":271,"color":"white","penSize":100}
{"x":88,"y":271,"color":"white","penSize":100}
{"x":88,"y":270,"color":"white","penSize":100}
{}
{}
{}
{}
{}
{}
{}
{}
{"x":139,"y":473,"color":"white","penSize":100}
{"x":139,"y":475,"color":"white","penSize":100}
{"x":139,"y":478,"color":"white","penSize":100}
{"x":139,"y":482,"color":"white","penSize":100}
{"x":139,"y":486,"color":"white","penSize":100}
{"x":139,"y":492,"color":"white","penSize":100}
{"x":139,"y":503,"color":"white","penSize":100}
{"x":139,"y":513,"color":"white","penSize":100}
{"x":139,"y":526,"color":"white","penSize":100}
{"x":139,"y":539,"color":"white","penSize":100}
{"x":139,"y":545,"color":"white","penSize":100}
{"x":139,"y":556,"color":"white","penSize":100}
{"x":139,"y":567,"color":"white","penSize":100}
{"x":139,"y":577,"color":"white","penSize":100}
{"x":139,"y":585,"color":"white","penSize":100}
{"x":139,"y":589,"color":"white","penSize":100}
{"x":139,"y":595,"color":"white","penSize":100}
{"x":139,"y":599,"color":"white","penSize":100}
{"x":139,"y":602,"color":"white","penSize":100}
{"x":139,"y":604,"color":"white","penSize":100}
{"x":139,"y":605,"color":"white","penSize":100}
{"x":139,"y":605,"color":"white","penSize":100}
{"x":139,"y":606,"color":"white","penSize":100}
{"x":139,"y":608,"color":"white","penSize":100}
{"x":139,"y":609,"color":"white","penSize":100}
{"x":139,"y":614,"color":"white","penSize":100}
{"x":138,"y":617,"color":"white","penSize":100}
{"x":138,"y":620,"color":"white","penSize":100}
{"x":138,"y":626,"color":"white","penSize":100}
{"x":137,"y":633,"color":"white","penSize":100}
{"x":137,"y":640,"color":"white","penSize":100}
{"x":137,"y":648,"color":"white","penSize":100}
{"x":137,"y":657,"color":"white","penSize":100}
{"x":137,"y":664,"color":"white","penSize":100}
{"x":137,"y":672,"color":"white","penSize":100}
{"x":137,"y":678,"color":"white","penSize":100}
{"x":137,"y":685,"color":"white","penSize":100}
{"x":137,"y":691,"color":"white","penSize":100}
{"x":137,"y":694,"color":"white","penSize":100}
{"x":137,"y":698,"color":"white","penSize":100}
{"x":137,"y":702,"color":"white","penSize":100}
{"x":137,"y":705,"color":"white","penSize":100}
{"x":137,"y":708,"color":"white","penSize":100}
{"x":136,"y":711,"color":"white","penSize":100}
{"x":136,"y":713,"color":"white","penSize":100}
{"x":136,"y":715,"color":"white","penSize":100}
{"x":136,"y":716,"color":"white","penSize":100}
{"x":136,"y":717,"color":"white","penSize":100}
{"x":136,"y":718,"color":"white","penSize":100}
{"x":136,"y":718,"color":"white","penSize":100}
{"x":136,"y":719,"color":"white","penSize":100}
{"x":136,"y":719,"color":"white","penSize":100}
{"x":136,"y":720,"color":"white","penSize":100}
{"x":136,"y":720,"color":"white","penSize":100}
{"x":136,"y":720,"color":"white","penSize":100}
{"x":136,"y":721,"color":"white","penSize":100}
{"x":136,"y":721,"color":"white","penSize":100}
{"x":136,"y":721,"color":"white","penSize":100}
{"x":136,"y":722,"color":"white","penSize":100}
{"x":136,"y":722,"color":"white","penSize":100}
{"x":136,"y":722,"color":"white","penSize":100}
{"x":136,"y":723,"color":"white","penSize":100}
{"x":136,"y":723,"color":"white","penSize":100}
{"x":137,"y":723,"color":"white","penSize":100}
{"x":137,"y":723,"color":"white","penSize":100}
{"x":138,"y":723,"color":"white","penSize":100}
{"x":140,"y":723,"color":"white","penSize":100}
{"x":141,"y":723,"color":"white","penSize":100}
{"x":142,"y":723,"color":"white","penSize":100}
{"x":144,"y":723,"color":"white","penSize":100}
{"x":145,"y":722,"color":"white","penSize":100}
{"x":147,"y":722,"color":"white","penSize":100}
{"x":148,"y":721,"color":"white","penSize":100}
{"x":149,"y":721,"color":"white","penSize":100}
{"x":151,"y":720,"color":"white","penSize":100}
{"x":153,"y":719,"color":"white","penSize":100}
{"x":156,"y":716,"color":"white","penSize":100}
{"x":159,"y":713,"color":"white","penSize":100}
{"x":163,"y":709,"color":"white","penSize":100}
{"x":167,"y":705,"color":"white","penSize":100}
{"x":169,"y":702,"color":"white","penSize":100}
{"x":172,"y":699,"color":"white","penSize":100}
{"x":176,"y":695,"color":"white","penSize":100}
{"x":178,"y":694,"color":"white","penSize":100}
{"x":179,"y":693,"color":"white","penSize":100}
{"x":181,"y":691,"color":"white","penSize":100}
{"x":183,"y":691,"color":"white","penSize":100}
{"x":184,"y":690,"color":"white","penSize":100}
{"x":185,"y":690,"color":"white","penSize":100}
{"x":186,"y":690,"color":"white","penSize":100}
{"x":186,"y":689,"color":"white","penSize":100}
{"x":187,"y":689,"color":"white","penSize":100}
{"x":187,"y":689,"color":"white","penSize":100}
{"x":187,"y":689,"color":"white","penSize":100}
{"x":188,"y":689,"color":"white","penSize":100}
{"x":188,"y":689,"color":"white","penSize":100}
{"x":188,"y":688,"color":"white","penSize":100}
{"x":188,"y":688,"color":"white","penSize":100}
{"x":189,"y":688,"color":"white","penSize":100}
{"x":190,"y":687,"color":"white","penSize":100}
{"x":190,"y":686,"color":"white","penSize":100}
{"x":191,"y":686,"color":"white","penSize":100}
{"x":192,"y":685,"color":"white","penSize":100}
{"x":192,"y":685,"color":"white","penSize":100}
{"x":193,"y":684,"color":"white","penSize":100}
{"x":194,"y":684,"color":"white","penSize":100}
{"x":194,"y":684,"color":"white","penSize":100}
{}
{}
{"x":308,"y":135,"color":"#333","penSize":5}
{"x":308,"y":135,"color":"#333","penSize":5}
{"x":308,"y":135,"color":"#333","penSize":5}
{"x":309,"y":135,"color":"#333","penSize":5}
{"x":309,"y":135,"color":"#333","penSize":5}
{}
{}
{}
{}
{}
{}
{}
{}
{}
{}
{}
{}
{}
{}
{}
{}
{}
{}
{}
{}
{}
{}
{}
{}
{}
{}
{}
{"x":446,"y":267,"color":"#333","penSize":5}
{"x":446,"y":267,"color":"#333","penSize":5}
{"x":445,"y":267,"color":"#333","penSize":5}
{"x":445,"y":267,"color":"#333","penSize":5}
{"x":444,"y":267,"color":"#333","penSize":5}
{"x":443,"y":267,"color":"#333","penSize":5}
{"x":443,"y":267,"color":"#333","penSize":5}
{"x":441,"y":267,"color":"#333","penSize":5}
{"x":441,"y":267,"color":"#333","penSize":5}
{"x":440,"y":267,"color":"#333","penSize":5}
{"x":439,"y":267,"color":"#333","penSize":5}
{"x":439,"y":267,"color":"#333","penSize":5}
{"x":438,"y":267,"color":"#333","penSize":5}
{"x":437,"y":266,"color":"#333","penSize":5}
{"x":436,"y":265,"color":"#333","penSize":5}
{"x":435,"y":265,"color":"#333","penSize":5}
{"x":434,"y":264,"color":"#333","penSize":5}
{"x":433,"y":263,"color":"#333","penSize":5}
{"x":432,"y":263,"color":"#333","penSize":5}
{"x":430,"y":262,"color":"#333","penSize":5}
{"x":429,"y":261,"color":"#333","penSize":5}
{"x":429,"y":260,"color":"#333","penSize":5}
{"x":427,"y":260,"color":"#333","penSize":5}
{"x":426,"y":259,"color":"#333","penSize":5}
{"x":426,"y":259,"color":"#333","penSize":5}
{"x":424,"y":258,"color":"#333","penSize":5}
{"x":423,"y":258,"color":"#333","penSize":5}
{"x":423,"y":257,"color":"#333","penSize":5}
{"x":421,"y":256,"color":"#333","penSize":5}
{"x":421,"y":256,"color":"#333","penSize":5}
{"x":420,"y":255,"color":"#333","penSize":5}
{"x":420,"y":255,"color":"#333","penSize":5}
{"x":419,"y":255,"color":"#333","penSize":5}
{"x":419,"y":254,"color":"#333","penSize":5}
{"x":419,"y":254,"color":"#333","penSize":5}
{"x":419,"y":254,"color":"#333","penSize":5}
{"x":419,"y":254,"color":"#333","penSize":5}
{"x":419,"y":254,"color":"#333","penSize":5}
{}
{}
{}
{}
{}
{"x":313,"y":524,"color":"#333","penSize":5}
{"x":312,"y":524,"color":"#333","penSize":5}
{"x":310,"y":524,"color":"#333","penSize":5}
{"x":308,"y":524,"color":"#333","penSize":5}
{"x":305,"y":524,"color":"#333","penSize":5}
{"x":300,"y":524,"color":"#333","penSize":5}
{"x":296,"y":524,"color":"#333","penSize":5}
{"x":290,"y":524,"color":"#333","penSize":5}
{"x":284,"y":524,"color":"#333","penSize":5}
{"x":279,"y":524,"color":"#333","penSize":5}
{"x":272,"y":524,"color":"#333","penSize":5}
{"x":269,"y":524,"color":"#333","penSize":5}
{"x":264,"y":524,"color":"#333","penSize":5}
{"x":259,"y":524,"color":"#333","penSize":5}
{"x":253,"y":524,"color":"#333","penSize":5}
{"x":249,"y":524,"color":"#333","penSize":5}
{"x":244,"y":524,"color":"#333","penSize":5}
{"x":239,"y":524,"color":"#333","penSize":5}
{"x":230,"y":522,"color":"#333","penSize":5}
{"x":224,"y":521,"color":"#333","penSize":5}
{"x":218,"y":521,"color":"#333","penSize":5}
{"x":214,"y":520,"color":"#333","penSize":5}
{"x":207,"y":519,"color":"#333","penSize":5}
{"x":199,"y":519,"color":"#333","penSize":5}
{"x":194,"y":518,"color":"#333","penSize":5}
{"x":189,"y":517,"color":"#333","penSize":5}
{"x":183,"y":517,"color":"#333","penSize":5}
{"x":179,"y":516,"color":"#333","penSize":5}
{"x":175,"y":516,"color":"#333","penSize":5}
{"x":173,"y":516,"color":"#333","penSize":5}
{"x":169,"y":515,"color":"#333","penSize":5}
{"x":167,"y":515,"color":"#333","penSize":5}
{"x":165,"y":515,"color":"#333","penSize":5}
{"x":162,"y":514,"color":"#333","penSize":5}
{"x":160,"y":514,"color":"#333","penSize":5}
{"x":158,"y":513,"color":"#333","penSize":5}
{"x":156,"y":513,"color":"#333","penSize":5}
{"x":155,"y":513,"color":"#333","penSize":5}
{"x":154,"y":513,"color":"#333","penSize":5}
{"x":152,"y":512,"color":"#333","penSize":5}
{"x":151,"y":512,"color":"#333","penSize":5}
{"x":150,"y":511,"color":"#333","penSize":5}
{"x":149,"y":511,"color":"#333","penSize":5}
{"x":148,"y":510,"color":"#333","penSize":5}
{"x":147,"y":510,"color":"#333","penSize":5}
{"x":146,"y":510,"color":"#333","penSize":5}
{"x":144,"y":509,"color":"#333","penSize":5}
{"x":143,"y":509,"color":"#333","penSize":5}
{"x":141,"y":509,"color":"#333","penSize":5}
{"x":139,"y":508,"color":"#333","penSize":5}
{"x":139,"y":508,"color":"#333","penSize":5}
{"x":137,"y":507,"color":"#333","penSize":5}
{"x":136,"y":506,"color":"#333","penSize":5}
{"x":134,"y":506,"color":"#333","penSize":5}
{"x":132,"y":506,"color":"#333","penSize":5}
{"x":131,"y":505,"color":"#333","penSize":5}
{"x":129,"y":504,"color":"#333","penSize":5}
{"x":128,"y":504,"color":"#333","penSize":5}
{"x":127,"y":504,"color":"#333","penSize":5}
{"x":125,"y":503,"color":"#333","penSize":5}
{"x":124,"y":502,"color":"#333","penSize":5}
{"x":122,"y":502,"color":"#333","penSize":5}
{"x":122,"y":502,"color":"#333","penSize":5}
{"x":120,"y":502,"color":"#333","penSize":5}
{"x":120,"y":501,"color":"#333","penSize":5}
{"x":119,"y":501,"color":"#333","penSize":5}
{"x":119,"y":501,"color":"#333","penSize":5}
{"x":119,"y":501,"color":"#333","penSize":5}
{"x":119,"y":501,"color":"#333","penSize":5}
{"x":119,"y":500,"color":"#333","penSize":5}
{"x":119,"y":500,"color":"#333","penSize":5}
{"x":118,"y":500,"color":"#333","penSize":5}
{"x":118,"y":500,"color":"#333","penSize":5}
{"x":118,"y":499,"color":"#333","penSize":5}
{"x":117,"y":499,"color":"#333","penSize":5}
{"x":117,"y":499,"color":"#333","penSize":5}
{"x":117,"y":499,"color":"#333","penSize":5}
{"x":116,"y":499,"color":"#333","penSize":5}
{"x":116,"y":499,"color":"#333","penSize":5}
{"x":116,"y":498,"color":"#333","penSize":5}
{"x":115,"y":498,"color":"#333","penSize":5}
{"x":115,"y":498,"color":"#333","penSize":5}
{"x":114,"y":497,"color":"#333","penSize":5}
{"x":114,"y":497,"color":"#333","penSize":5}
{"x":114,"y":497,"color":"#333","penSize":5}
{"x":113,"y":497,"color":"#333","penSize":5}
{"x":113,"y":496,"color":"#333","penSize":5}
{"x":113,"y":496,"color":"#333","penSize":5}
{"x":113,"y":496,"color":"#333","penSize":5}
{}
{}
{}
{}
{}
{}
{}
{}
{}
{"x":194,"y":290,"color":"#333","penSize":5}
{"x":196,"y":290,"color":"#333","penSize":5}
{"x":198,"y":290,"color":"#333","penSize":5}
{"x":199,"y":290,"color":"#333","penSize":5}
{"x":202,"y":290,"color":"#333","penSize":5}
{"x":203,"y":290,"color":"#333","penSize":5}
{"x":206,"y":290,"color":"#333","penSize":5}
{"x":208,"y":290,"color":"#333","penSize":5}
{"x":210,"y":290,"color":"#333","penSize":5}
{"x":213,"y":290,"color":"#333","penSize":5}
{"x":215,"y":290,"color":"#333","penSize":5}
{"x":217,"y":290,"color":"#333","penSize":5}
{"x":219,"y":290,"color":"#333","penSize":5}
{"x":221,"y":290,"color":"#333","penSize":5}
{"x":223,"y":290,"color":"#333","penSize":5}
{"x":225,"y":290,"color":"#333","penSize":5}
{"x":227,"y":290,"color":"#333","penSize":5}
{"x":229,"y":290,"color":"#333","penSize":5}
{"x":231,"y":290,"color":"#333","penSize":5}
{"x":233,"y":290,"color":"#333","penSize":5}
{"x":235,"y":290,"color":"#333","penSize":5}
{"x":237,"y":290,"color":"#333","penSize":5}
{"x":238,"y":290,"color":"#333","penSize":5}
{"x":239,"y":290,"color":"#333","penSize":5}
{"x":240,"y":290,"color":"#333","penSize":5}
{"x":242,"y":290,"color":"#333","penSize":5}
{"x":243,"y":290,"color":"#333","penSize":5}
{"x":244,"y":290,"color":"#333","penSize":5}
{"x":245,"y":290,"color":"#333","penSize":5}
{"x":247,"y":290,"color":"#333","penSize":5}
{"x":248,"y":290,"color":"#333","penSize":5}
{"x":249,"y":290,"color":"#333","penSize":5}
{"x":250,"y":290,"color":"#333","penSize":5}
{"x":251,"y":290,"color":"#333","penSize":5}
{"x":252,"y":290,"color":"#333","penSize":5}
{"x":253,"y":290,"color":"#333","penSize":5}
{"x":253,"y":290,"color":"#333","penSize":5}
{"x":254,"y":290,"color":"#333","penSize":5}
{"x":254,"y":290,"color":"#333","penSize":5}
{"x":255,"y":290,"color":"#333","penSize":5}
{"x":255,"y":290,"color":"#333","penSize":5}
{"x":255,"y":290,"color":"#333","penSize":5}
{"x":256,"y":290,"color":"#333","penSize":5}
{"x":256,"y":290,"color":"#333","penSize":5}
{"x":256,"y":290,"color":"#333","penSize":5}
{"x":257,"y":290,"color":"#333","penSize":5}
{"x":257,"y":290,"color":"#333","penSize":5}
{"x":257,"y":290,"color":"#333","penSize":5}
{"x":258,"y":290,"color":"#333","penSize":5}
{"x":258,"y":290,"color":"#333","penSize":5}
{"x":258,"y":290,"color":"#333","penSize":5}
{"x":259,"y":290,"color":"#333","penSize":5}
{"x":259,"y":290,"color":"#333","penSize":5}
{"x":259,"y":290,"color":"#333","penSize":5}
{"x":259,"y":290,"color":"#333","penSize":5}
{"x":259,"y":290,"color":"#333","penSize":5}
{"x":260,"y":290,"color":"#333","penSize":5}
{"x":260,"y":290,"color":"#333","penSize":5}
{"x":261,"y":290,"color":"#333","penSize":5}
{"x":263,"y":290,"color":"#333","penSize":5}
{"x":264,"y":290,"color":"#333","penSize":5}
{"x":265,"y":290,"color":"#333","penSize":5}
{"x":267,"y":289,"color":"#333","penSize":5}
{"x":269,"y":289,"color":"#333","penSize":5}
{"x":269,"y":289,"color":"#333","penSize":5}
{"x":271,"y":289,"color":"#333","penSize":5}
{"x":273,"y":289,"color":"#333","penSize":5}
{"x":275,"y":289,"color":"#333","penSize":5}
{"x":277,"y":289,"color":"#333","penSize":5}
{"x":279,"y":289,"color":"#333","penSize":5}
{"x":281,"y":288,"color":"#333","penSize":5}
{"x":284,"y":288,"color":"#333","penSize":5}
{"x":286,"y":288,"color":"#333","penSize":5}
{"x":289,"y":288,"color":"#333","penSize":5}
{"x":290,"y":288,"color":"#333","penSize":5}
{"x":292,"y":288,"color":"#333","penSize":5}
{"x":294,"y":288,"color":"#333","penSize":5}
{"x":296,"y":288,"color":"#333","penSize":5}
{"x":297,"y":288,"color":"#333","penSize":5}
{"x":299,"y":288,"color":"#333","penSize":5}
{"x":301,"y":288,"color":"#333","penSize":5}
{"x":302,"y":288,"color":"#333","penSize":5}
{"x":304,"y":288,"color":"#333","penSize":5}
{"x":307,"y":288,"color":"#333","penSize":5}
{"x":309,"y":288,"color":"#333","penSize":5}
{"x":312,"y":288,"color":"#333","penSize":5}
{"x":314,"y":288,"color":"#333","penSize":5}
{"x":318,"y":288,"color":"#333","penSize":5}
{"x":320,"y":288,"color":"#333","penSize":5}
{"x":324,"y":288,"color":"#333","penSize":5}
{"x":325,"y":288,"color":"#333","penSize":5}
{"x":330,"y":288,"color":"#333","penSize":5}
{"x":332,"y":288,"color":"#333","penSize":5}
{"x":334,"y":288,"color":"#333","penSize":5}
{"x":339,"y":288,"color":"#333","penSize":5}
{"x":340,"y":288,"color":"#333","penSize":5}
{"x":343,"y":288,"color":"#333","penSize":5}
{"x":346,"y":288,"color":"#333","penSize":5}
{"x":348,"y":288,"color":"#333","penSize":5}
{"x":350,"y":288,"color":"#333","penSize":5}
{"x":353,"y":288,"color":"#333","penSize":5}
{"x":355,"y":289,"color":"#333","penSize":5}
{"x":358,"y":289,"color":"#333","penSize":5}
{"x":359,"y":289,"color":"#333","penSize":5}
{"x":362,"y":289,"color":"#333","penSize":5}
{"x":364,"y":289,"color":"#333","penSize":5}
{"x":367,"y":289,"color":"#333","penSize":5}
{"x":369,"y":289,"color":"#333","penSize":5}
{"x":370,"y":289,"color":"#333","penSize":5}
{"x":372,"y":289,"color":"#333","penSize":5}
{"x":374,"y":289,"color":"#333","penSize":5}
{"x":376,"y":289,"color":"#333","penSize":5}
{"x":378,"y":289,"color":"#333","penSize":5}
{"x":380,"y":289,"color":"#333","penSize":5}
{"x":384,"y":289,"color":"#333","penSize":5}
{"x":385,"y":289,"color":"#333","penSize":5}
{"x":388,"y":289,"color":"#333","penSize":5}
{"x":389,"y":289,"color":"#333","penSize":5}
{"x":393,"y":289,"color":"#333","penSize":5}
{"x":395,"y":289,"color":"#333","penSize":5}
{"x":398,"y":289,"color":"#333","penSize":5}
{"x":401,"y":289,"color":"#333","penSize":5}
{"x":402,"y":289,"color":"#333","penSize":5}
{"x":406,"y":289,"color":"#333","penSize":5}
{"x":408,"y":289,"color":"#333","penSize":5}
{"x":411,"y":289,"color":"#333","penSize":5}
{"x":413,"y":289,"color":"#333","penSize":5}
{"x":415,"y":289,"color":"#333","penSize":5}
{"x":418,"y":288,"color":"#333","penSize":5}
{"x":419,"y":288,"color":"#333","penSize":5}
{"x":422,"y":288,"color":"#333","penSize":5}
{"x":424,"y":288,"color":"#333","penSize":5}
{"x":427,"y":288,"color":"#333","penSize":5}
{"x":429,"y":287,"color":"#333","penSize":5}
{"x":430,"y":287,"color":"#333","penSize":5}
{"x":432,"y":287,"color":"#333","penSize":5}
{"x":434,"y":287,"color":"#333","penSize":5}
{"x":436,"y":287,"color":"#333","penSize":5}
{"x":439,"y":287,"color":"#333","penSize":5}
{"x":440,"y":287,"color":"#333","penSize":5}
{"x":442,"y":287,"color":"#333","penSize":5}
{"x":444,"y":287,"color":"#333","penSize":5}
{"x":446,"y":287,"color":"#333","penSize":5}
{"x":448,"y":287,"color":"#333","penSize":5}
{"x":449,"y":287,"color":"#333","penSize":5}
{"x":451,"y":287,"color":"#333","penSize":5}
{"x":453,"y":287,"color":"#333","penSize":5}
{"x":455,"y":287,"color":"#333","penSize":5}
{"x":456,"y":287,"color":"#333","penSize":5}
{"x":457,"y":287,"color":"#333","penSize":5}
{"x":458,"y":287,"color":"#333","penSize":5}
{"x":459,"y":287,"color":"#333","penSize":5}
{"x":459,"y":287,"color":"#333","penSize":5}
{"x":460,"y":287,"color":"#333","penSize":5}
{"x":460,"y":287,"color":"#333","penSize":5}
{"x":460,"y":287,"color":"#333","penSize":5}
{"x":461,"y":287,"color":"#333","penSize":5}
{"x":461,"y":287,"color":"#333","penSize":5}
{"x":461,"y":287,"color":"#333","penSize":5}
{}
{}
{}
{"x":134,"y":406,"color":"blue","penSize":5}
{"x":134,"y":406,"color":"blue","penSize":5}
{"x":133,"y":405,"color":"blue","penSize":5}
{"x":133,"y":404,"color":"blue","penSize":5}
{"x":131,"y":402,"color":"blue","penSize":5}
{"x":130,"y":400,"color":"blue","penSize":5}
{"x":129,"y":399,"color":"blue","penSize":5}
{"x":128,"y":397,"color":"blue","penSize":5}
{"x":128,"y":396,"color":"blue","penSize":5}
{"x":126,"y":394,"color":"blue","penSize":5}
{"x":124,"y":390,"color":"blue","penSize":5}
{"x":124,"y":390,"color":"blue","penSize":5}
{"x":123,"y":389,"color":"blue","penSize":5}
{"x":122,"y":388,"color":"blue","penSize":5}
{"x":121,"y":387,"color":"blue","penSize":5}
{"x":120,"y":386,"color":"blue","penSize":5}
{"x":120,"y":384,"color":"blue","penSize":5}
{"x":119,"y":383,"color":"blue","penSize":5}
{"x":119,"y":382,"color":"blue","penSize":5}
{"x":119,"y":381,"color":"blue","penSize":5}
{"x":118,"y":380,"color":"blue","penSize":5}
{"x":118,"y":379,"color":"blue","penSize":5}
{"x":117,"y":379,"color":"blue","penSize":5}
{"x":116,"y":378,"color":"blue","penSize":5}
{"x":116,"y":377,"color":"blue","penSize":5}
{"x":115,"y":376,"color":"blue","penSize":5}
{"x":115,"y":375,"color":"blue","penSize":5}
{"x":114,"y":374,"color":"blue","penSize":5}
{"x":114,"y":373,"color":"blue","penSize":5}
{"x":113,"y":372,"color":"blue","penSize":5}
{"x":112,"y":372,"color":"blue","penSize":5}
{"x":112,"y":371,"color":"blue","penSize":5}
{"x":111,"y":370,"color":"blue","penSize":5}
{"x":110,"y":369,"color":"blue","penSize":5}
{"x":110,"y":369,"color":"blue","penSize":5}
{"x":109,"y":369,"color":"blue","penSize":5}
{"x":109,"y":368,"color":"blue","penSize":5}
{"x":109,"y":368,"color":"blue","penSize":5}
{"x":108,"y":367,"color":"blue","penSize":5}
{"x":108,"y":367,"color":"blue","penSize":5}
{"x":107,"y":366,"color":"blue","penSize":5}
{"x":107,"y":366,"color":"blue","penSize":5}
{"x":106,"y":365,"color":"blue","penSize":5}
{"x":105,"y":365,"color":"blue","penSize":5}
{"x":104,"y":365,"color":"blue","penSize":5}
{"x":103,"y":364,"color":"blue","penSize":5}
{"x":103,"y":364,"color":"blue","penSize":5}
{"x":102,"y":363,"color":"blue","penSize":5}
{"x":101,"y":363,"color":"blue","penSize":5}
{"x":100,"y":363,"color":"blue","penSize":5}
{"x":99,"y":362,"color":"blue","penSize":5}
{"x":99,"y":362,"color":"blue","penSize":5}
{"x":99,"y":362,"color":"blue","penSize":5}
{"x":98,"y":361,"color":"blue","penSize":5}
{"x":98,"y":361,"color":"blue","penSize":5}
{"x":97,"y":361,"color":"blue","penSize":5}
{"x":96,"y":360,"color":"blue","penSize":5}
{"x":96,"y":360,"color":"blue","penSize":5}
{"x":95,"y":360,"color":"blue","penSize":5}
{"x":94,"y":360,"color":"blue","penSize":5}
{"x":94,"y":359,"color":"blue","penSize":5}
{"x":94,"y":359,"color":"blue","penSize":5}
{"x":93,"y":359,"color":"blue","penSize":5}
{"x":92,"y":359,"color":"blue","penSize":5}
{"x":92,"y":359,"color":"blue","penSize":5}
{"x":92,"y":359,"color":"blue","penSize":5}
{"x":91,"y":359,"color":"blue","penSize":5}
{"x":91,"y":359,"color":"blue","penSize":5}
{"x":91,"y":359,"color":"blue","penSize":5}
{"x":90,"y":359,"color":"blue","penSize":5}
{"x":90,"y":359,"color":"blue","penSize":5}
{"x":90,"y":359,"color":"blue","penSize":5}
{"x":90,"y":359,"color":"blue","penSize":5}
{"x":89,"y":359,"color":"blue","penSize":5}
{"x":89,"y":359,"color":"blue","penSize":5}
{"x":89,"y":359,"color":"blue","penSize":5}
{"x":89,"y":359,"color":"blue","penSize":5}
{"x":89,"y":358,"color":"blue","penSize":5}
{"x":89,"y":358,"color":"blue","penSize":5}
{"x":89,"y":358,"color":"blue","penSize":5}
{"x":89,"y":358,"color":"blue","penSize":5}
{"x":89,"y":358,"color":"blue","penSize":5}
{"x":89,"y":357,"color":"blue","penSize":5}
{}
{}
{}
{}
{}
{}
