{"x":747,"y":103,"color":"green","penSize":5}
{"x":747,"y":103,"color":"green","penSize":5}
{"x":747,"y":103,"color":"green","penSize":5}
{"x":747,"y":103,"color":"green","penSize":5}
{"x":747,"y":103,"color":"green","penSize":5}
{"x":747,"y":103,"color":"green","penSize":5}
{"x":747,"y":103,"color":"green","penSize":5}
{"x":747,"y":103,"color":"green","penSize":5}
{"x":747,"y":103,"color":"green","penSize":5}
{"x":747,"y":103,"color":"green","penSize":5}
{"x":747,"y":103,"color":"green","penSize":5}
{"x":747,"y":103,"color":"green","penSize":5}
{"x":747,"y":103,"color":"green","penSize":5}
{"x":747,"y":103,"color":"green","penSize":5}
{"x":747,"y":103,"color":"green","penSize":5}
{"x":747,"y":103,"color":"green","penSize":5}
{"x":748,"y":102,"color":"green","penSize":5}
{}
{"x":218,"y":170,"color":"green","penSize":5}
{"x":217,"y":170,"color":"green","penSize":5}
{"x":217,"y":170,"color":"green","penSize":5}
{"x":217,"y":171,"color":"green","penSize":5}
{"x":217,"y":171,"color":"green","penSize":5}
{}
{}
{}
{}
{}
{}
{}
{}
{}
{}
{}
{}
{}
{}
{}
{"x":829,"y":434,"color":"yellow","penSize":5}
{"x":825,"y":434,"color":"yellow","penSize":5}
{"x":819,"y":434,"color":"yellow","penSize":5}
{"x":803,"y":434,"color":"yellow","penSize":5}
{"x":788,"y":434,"color":"yellow","penSize":5}
{"x":767,"y":434,"color":"yellow","penSize":5}
{"x":739,"y":434,"color":"yellow","penSize":5}
{"x":708,"y":434,"color":"yellow","penSize":5}
{"x":675,"y":434,"color":"yellow","penSize":5}
{"x":611,"y":434,"color":"yellow","penSize":5}
{"x":572,"y":436,"color":"yellow","penSize":5}
{"x":530,"y":440,"color":"yellow","penSize":5}
{"x":511,"y":440,"color":"yellow","penSize":5}
{"x":477,"y":444,"color":"yellow","penSize":5}
{"x":463,"y":446,"color":"yellow","penSize":5}
{"x":440,"y":450,"color":"yellow","penSize":5}
{"x":433,"y":450,"color":"yellow","penSize":5}
{"x":418,"y":451,"color":"yellow","penSize":5}
{"x":413,"y":452,"color":"yellow","penSize":5}
{"x":404,"y":453,"color":"yellow","penSize":5}
{"x":399,"y":453,"color":"yellow","penSize":5}
{}
{"x":370,"y":410,"color":"yellow","penSize":5}
{"x":368,"y":410,"color":"yellow","penSize":5}
{"x":365,"y":410,"color":"yellow","penSize":5}
{"x":362,"y":410,"color":"yellow","penSize":5}
{"x":355,"y":410,"color":"yellow","penSize":5}
{"x":350,"y":410,"color":"yellow","penSize":5}
{"x":341,"y":410,"color":"yellow","penSize":5}
{"x":333,"y":410,"color":"yellow","penSize":5}
{"x":323,"y":410,"color":"yellow","penSize":5}
{"x":310,"y":410,"color":"yellow","penSize":5}
{"x":297,"y":410,"color":"yellow","penSize":5}
{"x":283,"y":410,"color":"yellow","penSize":5}
{"x":268,"y":410,"color":"yellow","penSize":5}
{"x":255,"y":410,"color":"yellow","penSize":5}
{"x":241,"y":410,"color":"yellow","penSize":5}
{"x":237,"y":410,"color":"yellow","penSize":5}
{"x":227,"y":410,"color":"yellow","penSize":5}
{"x":219,"y":410,"color":"yellow","penSize":5}
{"x":213,"y":410,"color":"yellow","penSize":5}
{"x":210,"y":410,"color":"yellow","penSize":5}
{"x":206,"y":410,"color":"yellow","penSize":5}
{"x":202,"y":410,"color":"yellow","penSize":5}
{"x":200,"y":410,"color":"yellow","penSize":5}
{"x":198,"y":410,"color":"yellow","penSize":5}
{"x":196,"y":410,"color":"yellow","penSize":5}
{"x":196,"y":410,"color":"yellow","penSize":5}
{"x":194,"y":410,"color":"yellow","penSize":5}
{"x":194,"y":410,"color":"yellow","penSize":5}
{"x":193,"y":410,"color":"yellow","penSize":5}
{"x":193,"y":410,"color":"yellow","penSize":5}
{"x":193,"y":410,"color":"yellow","penSize":5}
{"x":192,"y":410,"color":"yellow","penSize":5}
{"x":192,"y":410,"color":"yellow","penSize":5}
{"x":191,"y":410,"color":"yellow","penSize":5}
{"x":190,"y":411,"color":"yellow","penSize":5}
{"x":190,"y":412,"color":"yellow","penSize":5}
{"x":188,"y":412,"color":"yellow","penSize":5}
{"x":187,"y":413,"color":"yellow","penSize":5}
{"x":186,"y":413,"color":"yellow","penSize":5}
{"x":185,"y":414,"color":"yellow","penSize":5}
{"x":183,"y":414,"color":"yellow","penSize":5}
{"x":182,"y":415,"color":"yellow","penSize":5}
{"x":180,"y":415,"color":"yellow","penSize":5}
{"x":180,"y":415,"color":"yellow","penSize":5}
{"x":178,"y":415,"color":"yellow","penSize":5}
{"x":176,"y":416,"color":"yellow","penSize":5}
{"x":175,"y":416,"color":"yellow","penSize":5}
{"x":173,"y":416,"color":"yellow","penSize":5}
{"x":172,"y":416,"color":"yellow","penSize":5}
{"x":170,"y":416,"color":"yellow","penSize":5}
{"x":170,"y":416,"color":"yellow","penSize":5}
{"x":169,"y":416,"color":"yellow","penSize":5}
{"x":168,"y":416,"color":"yellow","penSize":5}
{"x":167,"y":416,"color":"yellow","penSize":5}
{"x":167,"y":416,"color":"yellow","penSize":5}
{"x":166,"y":416,"color":"yellow","penSize":5}
{"x":166,"y":416,"color":"yellow","penSize":5}
{"x":166,"y":416,"color":"yellow","penSize":5}
{"x":165,"y":416,"color":"yellow","penSize":5}
{"x":165,"y":416,"color":"yellow","penSize":5}
{"x":165,"y":416,"color":"yellow","penSize":5}
{"x":164,"y":416,"color":"yellow","penSize":5}
{"x":164,"y":416,"color":"yellow","penSize":5}
{"x":163,"y":416,"color":"yellow","penSize":5}
{"x":163,"y":416,"color":"yellow","penSize":5}
{"x":162,"y":416,"color":"yellow","penSize":5}
{"x":162,"y":416,"color":"yellow","penSize":5}
{"x":162,"y":416,"color":"yellow","penSize":5}
{"x":161,"y":416,"color":"yellow","penSize":5}
{"x":161,"y":416,"color":"yellow","penSize":5}
{"x":161,"y":416,"color":"yellow","penSize":5}
{"x":160,"y":416,"color":"yellow","penSize":5}
{"x":160,"y":416,"color":"yellow","penSize":5}
{"x":160,"y":416,"color":"yellow","penSize":5}
{"x":160,"y":416,"color":"yellow","penSize":5}
{"x":160,"y":416,"color":"yellow","penSize":5}
{"x":160,"y":416,"color":"yellow","penSize":5}
{"x":159,"y":416,"color":"yellow","penSize":5}
{"x":159,"y":416,"color":"yellow","penSize":5}
{"x":158,"y":416,"color":"yellow","penSize":5}
{"x":158,"y":416,"color":"yellow","penSize":5}
{"x":158,"y":416,"color":"yellow","penSize":5}
{"x":157,"y":416,"color":"yellow","penSize":5}
{"x":157,"y":416,"color":"yellow","penSize":5}
{"x":156,"y":416,"color":"yellow","penSize":5}
{"x":156,"y":416,"color":"yellow","penSize":5}
{"x":156,"y":416,"color":"yellow","penSize":5}
{}
{}
{"x":158,"y":511,"color":"yellow","penSize":5}
{"x":158,"y":511,"color":"yellow","penSize":5}
{"x":157,"y":510,"color":"yellow","penSize":5}
{"x":156,"y":510,"color":"yellow","penSize":5}
{"x":155,"y":509,"color":"yellow","penSize":5}
{"x":155,"y":507,"color":"yellow","penSize":5}
{"x":153,"y":505,"color":"yellow","penSize":5}
{"x":152,"y":503,"color":"yellow","penSize":5}
{"x":150,"y":501,"color":"yellow","penSize":5}
{"x":149,"y":500,"color":"yellow","penSize":5}
{"x":146,"y":497,"color":"yellow","penSize":5}
{"x":144,"y":494,"color":"yellow","penSize":5}
{"x":141,"y":491,"color":"yellow","penSize":5}
{"x":140,"y":489,"color":"yellow","penSize":5}
{"x":137,"y":487,"color":"yellow","penSize":5}
{"x":135,"y":484,"color":"yellow","penSize":5}
{"x":133,"y":481,"color":"yellow","penSize":5}
{"x":131,"y":480,"color":"yellow","penSize":5}
{"x":130,"y":478,"color":"yellow","penSize":5}
{"x":127,"y":476,"color":"yellow","penSize":5}
{"x":126,"y":474,"color":"yellow","penSize":5}
{"x":124,"y":472,"color":"yellow","penSize":5}
{"x":123,"y":471,"color":"yellow","penSize":5}
{"x":121,"y":470,"color":"yellow","penSize":5}
{"x":120,"y":469,"color":"yellow","penSize":5}
{"x":119,"y":468,"color":"yellow","penSize":5}
{"x":119,"y":468,"color":"yellow","penSize":5}
{"x":118,"y":467,"color":"yellow","penSize":5}
{"x":118,"y":466,"color":"yellow","penSize":5}
{"x":118,"y":466,"color":"yellow","penSize":5}
{"x":118,"y":466,"color":"yellow","penSize":5}
{}
{}
{"x":142,"y":500,"color":"yellow","penSize":5}
{"x":141,"y":500,"color":"yellow","penSize":5}
{"x":140,"y":500,"color":"yellow","penSize":5}
{"x":139,"y":498,"color":"yellow","penSize":5}
{"x":136,"y":496,"color":"yellow","penSize":5}
{"x":134,"y":495,"color":"yellow","penSize":5}
{"x":130,"y":491,"color":"yellow","penSize":5}
{"x":127,"y":488,"color":"yellow","penSize":5}
{"x":123,"y":484,"color":"yellow","penSize":5}
{"x":119,"y":480,"color":"yellow","penSize":5}
{"x":117,"y":475,"color":"yellow","penSize":5}
{"x":112,"y":468,"color":"yellow","penSize":5}
{"x":109,"y":462,"color":"yellow","penSize":5}
{"x":104,"y":456,"color":"yellow","penSize":5}
{"x":103,"y":453,"color":"yellow","penSize":5}
{"x":100,"y":447,"color":"yellow","penSize":5}
{"x":96,"y":442,"color":"yellow","penSize":5}
{"x":92,"y":437,"color":"yellow","penSize":5}
{"x":90,"y":433,"color":"yellow","penSize":5}
{"x":88,"y":429,"color":"yellow","penSize":5}
{"x":86,"y":426,"color":"yellow","penSize":5}
{}
{}
{"x":152,"y":503,"color":"yellow","penSize":5}
{"x":152,"y":502,"color":"yellow","penSize":5}
{"x":152,"y":500,"color":"yellow","penSize":5}
{"x":152,"y":499,"color":"yellow","penSize":5}
{"x":151,"y":497,"color":"yellow","penSize":5}
{"x":150,"y":494,"color":"yellow","penSize":5}
{"x":148,"y":491,"color":"yellow","penSize":5}
{"x":147,"y":488,"color":"yellow","penSize":5}
{"x":145,"y":484,"color":"yellow","penSize":5}
{"x":140,"y":479,"color":"yellow","penSize":5}
{"x":139,"y":474,"color":"yellow","penSize":5}
{"x":136,"y":469,"color":"yellow","penSize":5}
{"x":133,"y":461,"color":"yellow","penSize":5}
{"x":130,"y":456,"color":"yellow","penSize":5}
{"x":129,"y":453,"color":"yellow","penSize":5}
{"x":127,"y":450,"color":"yellow","penSize":5}
{"x":124,"y":446,"color":"yellow","penSize":5}
{"x":122,"y":442,"color":"yellow","penSize":5}
{"x":121,"y":441,"color":"yellow","penSize":5}
{"x":120,"y":440,"color":"yellow","penSize":5}
{"x":119,"y":438,"color":"yellow","penSize":5}
{"x":119,"y":437,"color":"yellow","penSize":5}
{"x":118,"y":436,"color":"yellow","penSize":5}
{"x":118,"y":435,"color":"yellow","penSize":5}
{"x":116,"y":433,"color":"yellow","penSize":5}
{"x":116,"y":433,"color":"yellow","penSize":5}
{"x":115,"y":431,"color":"yellow","penSize":5}
{"x":114,"y":430,"color":"yellow","penSize":5}
{"x":114,"y":430,"color":"yellow","penSize":5}
{"x":113,"y":430,"color":"yellow","penSize":5}
{"x":113,"y":430,"color":"yellow","penSize":5}
{"x":112,"y":430,"color":"yellow","penSize":5}
{"x":112,"y":429,"color":"yellow","penSize":5}
{"x":112,"y":429,"color":"yellow","penSize":5}
{"x":111,"y":429,"color":"yellow","penSize":5}
{"x":111,"y":429,"color":"yellow","penSize":5}
{"x":111,"y":428,"color":"yellow","penSize":5}
{"x":111,"y":428,"color":"yellow","penSize":5}
{"x":110,"y":428,"color":"yellow","penSize":5}
{"x":110,"y":427,"color":"yellow","penSize":5}
{"x":110,"y":427,"color":"yellow","penSize":5}
{"x":109,"y":427,"color":"yellow","penSize":5}
{"x":109,"y":426,"color":"yellow","penSize":5}
{"x":109,"y":425,"color":"yellow","penSize":5}
{"x":109,"y":424,"color":"yellow","penSize":5}
{"x":108,"y":424,"color":"yellow","penSize":5}
{"x":108,"y":423,"color":"yellow","penSize":5}
{"x":107,"y":422,"color":"yellow","penSize":5}
{"x":106,"y":422,"color":"yellow","penSize":5}
{"x":105,"y":420,"color":"yellow","penSize":5}
{"x":105,"y":420,"color":"yellow","penSize":5}
{"x":104,"y":420,"color":"yellow","penSize":5}
{"x":103,"y":419,"color":"yellow","penSize":5}
{"x":102,"y":418,"color":"yellow","penSize":5}
{"x":102,"y":417,"color":"yellow","penSize":5}
{"x":101,"y":416,"color":"yellow","penSize":5}
{"x":100,"y":415,"color":"yellow","penSize":5}
{"x":100,"y":414,"color":"yellow","penSize":5}
{"x":100,"y":414,"color":"yellow","penSize":5}
{"x":100,"y":413,"color":"yellow","penSize":5}
{"x":99,"y":412,"color":"yellow","penSize":5}
{"x":99,"y":412,"color":"yellow","penSize":5}
{"x":99,"y":411,"color":"yellow","penSize":5}
{"x":99,"y":411,"color":"yellow","penSize":5}
{"x":99,"y":411,"color":"yellow","penSize":5}
{"x":99,"y":411,"color":"yellow","penSize":5}
{"x":99,"y":410,"color":"yellow","penSize":5}
{"x":99,"y":410,"color":"yellow","penSize":5}
{"x":99,"y":410,"color":"yellow","penSize":5}
{"x":99,"y":410,"color":"yellow","penSize":5}
{"x":99,"y":410,"color":"yellow","penSize":5}
{"x":99,"y":410,"color":"yellow","penSize":5}
{"x":99,"y":409,"color":"yellow","penSize":5}
{"x":99,"y":409,"color":"yellow","penSize":5}
{"x":98,"y":408,"color":"yellow","penSize":5}
{"x":98,"y":408,"color":"yellow","penSize":5}
{"x":98,"y":408,"color":"yellow","penSize":5}
{"x":98,"y":407,"color":"yellow","penSize":5}
{"x":98,"y":407,"color":"yellow","penSize":5}
{}
{}
{"x":139,"y":410,"color":"yellow","penSize":5}
{"x":139,"y":408,"color":"yellow","penSize":5}
{"x":139,"y":405,"color":"yellow","penSize":5}
{"x":139,"y":403,"color":"yellow","penSize":5}
{"x":139,"y":400,"color":"yellow","penSize":5}
{"x":138,"y":397,"color":"yellow","penSize":5}
{"x":136,"y":390,"color":"yellow","penSize":5}
{"x":132,"y":382,"color":"yellow","penSize":5}
{"x":130,"y":373,"color":"yellow","penSize":5}
{"x":127,"y":364,"color":"yellow","penSize":5}
{"x":124,"y":355,"color":"yellow","penSize":5}
{"x":121,"y":345,"color":"yellow","penSize":5}
{"x":116,"y":327,"color":"yellow","penSize":5}
{"x":115,"y":322,"color":"yellow","penSize":5}
{"x":114,"y":315,"color":"yellow","penSize":5}
{"x":112,"y":310,"color":"yellow","penSize":5}
{"x":111,"y":307,"color":"yellow","penSize":5}
{"x":110,"y":303,"color":"yellow","penSize":5}
{"x":109,"y":300,"color":"yellow","penSize":5}
{"x":109,"y":298,"color":"yellow","penSize":5}
{"x":108,"y":295,"color":"yellow","penSize":5}
{"x":107,"y":294,"color":"yellow","penSize":5}
{"x":106,"y":292,"color":"yellow","penSize":5}
{"x":106,"y":291,"color":"yellow","penSize":5}
{"x":104,"y":290,"color":"yellow","penSize":5}
{"x":104,"y":290,"color":"yellow","penSize":5}
{"x":103,"y":289,"color":"yellow","penSize":5}
{"x":102,"y":288,"color":"yellow","penSize":5}
{"x":102,"y":287,"color":"yellow","penSize":5}
{"x":101,"y":286,"color":"yellow","penSize":5}
{"x":100,"y":286,"color":"yellow","penSize":5}
{"x":100,"y":284,"color":"yellow","penSize":5}
{"x":100,"y":284,"color":"yellow","penSize":5}
{"x":100,"y":283,"color":"yellow","penSize":5}
{"x":99,"y":282,"color":"yellow","penSize":5}
{"x":99,"y":282,"color":"yellow","penSize":5}
{"x":98,"y":281,"color":"yellow","penSize":5}
{"x":98,"y":280,"color":"yellow","penSize":5}
{"x":97,"y":280,"color":"yellow","penSize":5}
{"x":97,"y":280,"color":"yellow","penSize":5}
{"x":96,"y":280,"color":"yellow","penSize":5}
{"x":96,"y":279,"color":"yellow","penSize":5}
{"x":96,"y":278,"color":"yellow","penSize":5}
{"x":96,"y":278,"color":"yellow","penSize":5}
{"x":96,"y":278,"color":"yellow","penSize":5}
{"x":95,"y":277,"color":"yellow","penSize":5}
{"x":95,"y":277,"color":"yellow","penSize":5}
{"x":95,"y":276,"color":"yellow","penSize":5}
{"x":95,"y":276,"color":"yellow","penSize":5}
{"x":95,"y":275,"color":"yellow","penSize":5}
{"x":94,"y":274,"color":"yellow","penSize":5}
{"x":94,"y":273,"color":"yellow","penSize":5}
{"x":94,"y":272,"color":"yellow","penSize":5}
{"x":94,"y":271,"color":"yellow","penSize":5}
{"x":94,"y":270,"color":"yellow","penSize":5}
{"x":94,"y":269,"color":"yellow","penSize":5}
{"x":94,"y":268,"color":"yellow","penSize":5}
{"x":94,"y":267,"color":"yellow","penSize":5}
{"x":94,"y":266,"color":"yellow","penSize":5}
{"x":94,"y":265,"color":"yellow","penSize":5}
{"x":94,"y":264,"color":"yellow","penSize":5}
{"x":95,"y":263,"color":"yellow","penSize":5}
{"x":95,"y":262,"color":"yellow","penSize":5}
{"x":95,"y":262,"color":"yellow","penSize":5}
{"x":95,"y":261,"color":"yellow","penSize":5}
{"x":96,"y":260,"color":"yellow","penSize":5}
{"x":96,"y":260,"color":"yellow","penSize":5}
{"x":96,"y":260,"color":"yellow","penSize":5}
{"x":96,"y":260,"color":"yellow","penSize":5}
{"x":96,"y":259,"color":"yellow","penSize":5}
{"x":97,"y":258,"color":"yellow","penSize":5}
{"x":97,"y":258,"color":"yellow","penSize":5}
{"x":97,"y":257,"color":"yellow","penSize":5}
{"x":97,"y":257,"color":"yellow","penSize":5}
{"x":97,"y":256,"color":"yellow","penSize":5}
{"x":97,"y":256,"color":"yellow","penSize":5}
{"x":97,"y":255,"color":"yellow","penSize":5}
{"x":98,"y":255,"color":"yellow","penSize":5}
{"x":98,"y":255,"color":"yellow","penSize":5}
{"x":98,"y":254,"color":"yellow","penSize":5}
{}
{}
{"x":368,"y":335,"color":"yellow","penSize":5}
{"x":366,"y":335,"color":"yellow","penSize":5}
{"x":364,"y":335,"color":"yellow","penSize":5}
{"x":359,"y":335,"color":"yellow","penSize":5}
{"x":354,"y":335,"color":"yellow","penSize":5}
{"x":347,"y":335,"color":"yellow","penSize":5}
{"x":340,"y":335,"color":"yellow","penSize":5}
{"x":330,"y":335,"color":"yellow","penSize":5}
{"x":320,"y":335,"color":"yellow","penSize":5}
{"x":308,"y":337,"color":"yellow","penSize":5}
{"x":296,"y":339,"color":"yellow","penSize":5}
{"x":283,"y":341,"color":"yellow","penSize":5}
{"x":270,"y":344,"color":"yellow","penSize":5}
{"x":258,"y":346,"color":"yellow","penSize":5}
{"x":245,"y":349,"color":"yellow","penSize":5}
{"x":239,"y":349,"color":"yellow","penSize":5}
{"x":229,"y":350,"color":"yellow","penSize":5}
{"x":219,"y":350,"color":"yellow","penSize":5}
{"x":211,"y":350,"color":"yellow","penSize":5}
{"x":203,"y":350,"color":"yellow","penSize":5}
{"x":198,"y":350,"color":"yellow","penSize":5}
{"x":191,"y":350,"color":"yellow","penSize":5}
{"x":188,"y":350,"color":"yellow","penSize":5}
{"x":186,"y":350,"color":"yellow","penSize":5}
{"x":182,"y":350,"color":"yellow","penSize":5}
{"x":180,"y":350,"color":"yellow","penSize":5}
{"x":177,"y":349,"color":"yellow","penSize":5}
{"x":175,"y":348,"color":"yellow","penSize":5}
{"x":174,"y":348,"color":"yellow","penSize":5}
{"x":173,"y":348,"color":"yellow","penSize":5}
{"x":173,"y":348,"color":"yellow","penSize":5}
{"x":172,"y":347,"color":"yellow","penSize":5}
{"x":172,"y":347,"color":"yellow","penSize":5}
{"x":172,"y":347,"color":"yellow","penSize":5}
{"x":171,"y":347,"color":"yellow","penSize":5}
{"x":171,"y":347,"color":"yellow","penSize":5}
{"x":171,"y":347,"color":"yellow","penSize":5}
{"x":171,"y":346,"color":"yellow","penSize":5}
{"x":170,"y":346,"color":"yellow","penSize":5}
{"x":170,"y":346,"color":"yellow","penSize":5}
{"x":170,"y":345,"color":"yellow","penSize":5}
{"x":170,"y":345,"color":"yellow","penSize":5}
{"x":169,"y":344,"color":"yellow","penSize":5}
{"x":169,"y":344,"color":"yellow","penSize":5}
{"x":168,"y":343,"color":"yellow","penSize":5}
{"x":167,"y":343,"color":"yellow","penSize":5}
{"x":167,"y":342,"color":"yellow","penSize":5}
{"x":165,"y":342,"color":"yellow","penSize":5}
{"x":164,"y":341,"color":"yellow","penSize":5}
{"x":163,"y":340,"color":"yellow","penSize":5}
{"x":162,"y":340,"color":"yellow","penSize":5}
{"x":161,"y":340,"color":"yellow","penSize":5}
{"x":161,"y":339,"color":"yellow","penSize":5}
{"x":160,"y":339,"color":"yellow","penSize":5}
{"x":160,"y":338,"color":"yellow","penSize":5}
{"x":159,"y":338,"color":"yellow","penSize":5}
{"x":159,"y":337,"color":"yellow","penSize":5}
{"x":159,"y":336,"color":"yellow","penSize":5}
{"x":158,"y":336,"color":"yellow","penSize":5}
{"x":158,"y":335,"color":"yellow","penSize":5}
{"x":157,"y":335,"color":"yellow","penSize":5}
{"x":157,"y":335,"color":"yellow","penSize":5}
{"x":156,"y":335,"color":"yellow","penSize":5}
{"x":156,"y":334,"color":"yellow","penSize":5}
{"x":155,"y":334,"color":"yellow","penSize":5}
{"x":155,"y":334,"color":"yellow","penSize":5}
{"x":155,"y":334,"color":"yellow","penSize":5}
{"x":154,"y":334,"color":"yellow","penSize":5}
{"x":154,"y":334,"color":"yellow","penSize":5}
{"x":154,"y":334,"color":"yellow","penSize":5}
{"x":153,"y":334,"color":"yellow","penSize":5}
{"x":153,"y":334,"color":"yellow","penSize":5}
{"x":153,"y":334,"color":"yellow","penSize":5}
{"x":152,"y":334,"color":"yellow","penSize":5}
{"x":152,"y":334,"color":"yellow","penSize":5}
{"x":152,"y":334,"color":"yellow","penSize":5}
{"x":151,"y":334,"color":"yellow","penSize":5}
{}
{}
{}
{}
{}
{}
{"x":449,"y":249,"color":"red","penSize":5}
{"x":448,"y":249,"color":"red","penSize":5}
{"x":446,"y":249,"color":"red","penSize":5}
{"x":444,"y":249,"color":"red","penSize":5}
{"x":442,"y":249,"color":"red","penSize":5}
{"x":439,"y":249,"color":"red","penSize":5}
{"x":434,"y":249,"color":"red","penSize":5}
{"x":429,"y":249,"color":"red","penSize":5}
{"x":421,"y":249,"color":"red","penSize":5}
{"x":413,"y":249,"color":"red","penSize":5}
{"x":402,"y":249,"color":"red","penSize":5}
{"x":390,"y":249,"color":"red","penSize":5}
{"x":377,"y":249,"color":"red","penSize":5}
{"x":349,"y":249,"color":"red","penSize":5}
{"x":334,"y":249,"color":"red","penSize":5}
{"x":321,"y":249,"color":"red","penSize":5}
{"x":306,"y":249,"color":"red","penSize":5}
{"x":293,"y":249,"color":"red","penSize":5}
{"x":280,"y":249,"color":"red","penSize":5}
{"x":268,"y":249,"color":"red","penSize":5}
{"x":255,"y":249,"color":"red","penSize":5}
{"x":243,"y":249,"color":"red","penSize":5}
{"x":230,"y":250,"color":"red","penSize":5}
{"x":219,"y":252,"color":"red","penSize":5}
{"x":208,"y":253,"color":"red","penSize":5}
{"x":198,"y":254,"color":"red","penSize":5}
{"x":192,"y":255,"color":"red","penSize":5}
{"x":184,"y":256,"color":"red","penSize":5}
{"x":175,"y":257,"color":"red","penSize":5}
{"x":169,"y":258,"color":"red","penSize":5}
{"x":161,"y":258,"color":"red","penSize":5}
{"x":155,"y":259,"color":"red","penSize":5}
{"x":153,"y":259,"color":"red","penSize":5}
{"x":149,"y":259,"color":"red","penSize":5}
{"x":145,"y":260,"color":"red","penSize":5}
{"x":142,"y":260,"color":"red","penSize":5}
{"x":140,"y":260,"color":"red","penSize":5}
{"x":138,"y":260,"color":"red","penSize":5}
{"x":135,"y":260,"color":"red","penSize":5}
{"x":134,"y":260,"color":"red","penSize":5}
{"x":133,"y":260,"color":"red","penSize":5}
{"x":132,"y":260,"color":"red","penSize":5}
{"x":131,"y":260,"color":"red","penSize":5}
{"x":130,"y":260,"color":"red","penSize":5}
{"x":130,"y":260,"color":"red","penSize":5}
{"x":129,"y":260,"color":"red","penSize":5}
{"x":128,"y":260,"color":"red","penSize":5}
{"x":127,"y":260,"color":"red","penSize":5}
{"x":126,"y":260,"color":"red","penSize":5}
{"x":125,"y":260,"color":"red","penSize":5}
{"x":124,"y":260,"color":"red","penSize":5}
{"x":123,"y":260,"color":"red","penSize":5}
{"x":122,"y":260,"color":"red","penSize":5}
{"x":121,"y":260,"color":"red","penSize":5}
{"x":121,"y":260,"color":"red","penSize":5}
{"x":120,"y":260,"color":"red","penSize":5}
{"x":120,"y":260,"color":"red","penSize":5}
{"x":119,"y":260,"color":"red","penSize":5}
{"x":119,"y":260,"color":"red","penSize":5}
{"x":119,"y":260,"color":"red","penSize":5}
{}
{}
{}
{}
{}
{}
{}
{}
{}
{}
{}
{}
{}
{}
{}
{}
{}
{}
{}
{}
{}
{}
{}
{}
{}
{}
{}
{}
{}
{}
{}
{}
{}
{}
{}
{}
{}
{}
{}
{}
{}
{}
{}
{}
{}
{}
{}
{}
{}
{}
{}
{}
{}
{}
{}
{}
{}
{}
{}
{}
{}
{}
{}
{}
{"x":150,"y":410,"color":"#333","penSize":5}
{"x":154,"y":410,"color":"#333","penSize":5}
{"x":159,"y":410,"color":"#333","penSize":5}
{"x":163,"y":410,"color":"#333","penSize":5}
{"x":170,"y":410,"color":"#333","penSize":5}
{"x":178,"y":410,"color":"#333","penSize":5}
{"x":185,"y":410,"color":"#333","penSize":5}
{"x":192,"y":410,"color":"#333","penSize":5}
{"x":196,"y":410,"color":"#333","penSize":5}
{"x":200,"y":410,"color":"#333","penSize":5}
{"x":201,"y":410,"color":"#333","penSize":5}
{"x":202,"y":410,"color":"#333","penSize":5}
{"x":202,"y":410,"color":"#333","penSize":5}
{"x":203,"y":410,"color":"#333","penSize":5}
{"x":203,"y":410,"color":"#333","penSize":5}
{"x":203,"y":410,"color":"#333","penSize":5}
{"x":204,"y":410,"color":"#333","penSize":5}
{"x":204,"y":410,"color":"#333","penSize":5}
{"x":205,"y":410,"color":"#333","penSize":5}
{"x":213,"y":410,"color":"#333","penSize":5}
{"x":219,"y":410,"color":"#333","penSize":5}
{"x":231,"y":410,"color":"#333","penSize":5}
{"x":249,"y":410,"color":"#333","penSize":5}
{"x":257,"y":410,"color":"#333","penSize":5}
{"x":260,"y":410,"color":"#333","penSize":5}
{"x":265,"y":410,"color":"#333","penSize":5}
{"x":271,"y":410,"color":"#333","penSize":5}
{"x":272,"y":410,"color":"#333","penSize":5}
{"x":274,"y":410,"color":"#333","penSize":5}
{"x":274,"y":410,"color":"#333","penSize":5}
{"x":275,"y":410,"color":"#333","penSize":5}
{"x":275,"y":410,"color":"#333","penSize":5}
{"x":276,"y":410,"color":"#333","penSize":5}
{"x":276,"y":410,"color":"#333","penSize":5}
{"x":276,"y":410,"color":"#333","penSize":5}
{"x":281,"y":410,"color":"#333","penSize":5}
{"x":292,"y":410,"color":"#333","penSize":5}
{"x":295,"y":410,"color":"#333","penSize":5}
{"x":299,"y":410,"color":"#333","penSize":5}
{"x":307,"y":410,"color":"#333","penSize":5}
{"x":310,"y":410,"color":"#333","penSize":5}
{"x":326,"y":411,"color":"#333","penSize":5}
{"x":338,"y":413,"color":"#333","penSize":5}
{"x":349,"y":414,"color":"#333","penSize":5}
{"x":359,"y":415,"color":"#333","penSize":5}
{"x":360,"y":415,"color":"#333","penSize":5}
{"x":361,"y":415,"color":"#333","penSize":5}
{"x":362,"y":415,"color":"#333","penSize":5}
{"x":362,"y":415,"color":"#333","penSize":5}
{"x":362,"y":415,"color":"#333","penSize":5}
{"x":363,"y":415,"color":"#333","penSize":5}
{"x":363,"y":415,"color":"#333","penSize":5}
{"x":363,"y":415,"color":"#333","penSize":5}
{"x":364,"y":415,"color":"#333","penSize":5}
{"x":364,"y":415,"color":"#333","penSize":5}
{"x":364,"y":415,"color":"#333","penSize":5}
{"x":365,"y":415,"color":"#333","penSize":5}
{"x":368,"y":415,"color":"#333","penSize":5}
{"x":370,"y":415,"color":"#333","penSize":5}
{"x":374,"y":415,"color":"#333","penSize":5}
{"x":379,"y":415,"color":"#333","penSize":5}
{"x":382,"y":416,"color":"#333","penSize":5}
{"x":387,"y":416,"color":"#333","penSize":5}
{"x":388,"y":416,"color":"#333","penSize":5}
{"x":389,"y":416,"color":"#333","penSize":5}
{"x":390,"y":416,"color":"#333","penSize":5}
{"x":390,"y":416,"color":"#333","penSize":5}
{"x":390,"y":416,"color":"#333","penSize":5}
{"x":390,"y":416,"color":"#333","penSize":5}
{"x":390,"y":417,"color":"#333","penSize":5}
{}
{}
{}
{}
{}
{}
{}
{"x":154,"y":553,"color":"#333","penSize":5}
{"x":157,"y":553,"color":"#333","penSize":5}
{"x":160,"y":553,"color":"#333","penSize":5}
{"x":163,"y":553,"color":"#333","penSize":5}
{"x":169,"y":553,"color":"#333","penSize":5}
{"x":174,"y":553,"color":"#333","penSize":5}
{"x":180,"y":553,"color":"#333","penSize":5}
{"x":192,"y":553,"color":"#333","penSize":5}
{"x":204,"y":553,"color":"#333","penSize":5}
{"x":213,"y":553,"color":"#333","penSize":5}
{"x":221,"y":553,"color":"#333","penSize":5}
{"x":255,"y":553,"color":"#333","penSize":5}
{"x":273,"y":553,"color":"#333","penSize":5}
{"x":290,"y":553,"color":"#333","penSize":5}
{"x":322,"y":556,"color":"#333","penSize":5}
{"x":343,"y":557,"color":"#333","penSize":5}
{"x":366,"y":559,"color":"#333","penSize":5}
{"x":383,"y":560,"color":"#333","penSize":5}
{"x":401,"y":560,"color":"#333","penSize":5}
{"x":410,"y":560,"color":"#333","penSize":5}
{"x":424,"y":560,"color":"#333","penSize":5}
{"x":430,"y":560,"color":"#333","penSize":5}
{"x":438,"y":560,"color":"#333","penSize":5}
{"x":449,"y":560,"color":"#333","penSize":5}
{"x":455,"y":560,"color":"#333","penSize":5}
{"x":459,"y":560,"color":"#333","penSize":5}
{"x":467,"y":560,"color":"#333","penSize":5}
{"x":474,"y":560,"color":"#333","penSize":5}
{"x":488,"y":559,"color":"#333","penSize":5}
{"x":493,"y":559,"color":"#333","penSize":5}
{"x":503,"y":558,"color":"#333","penSize":5}
{"x":508,"y":558,"color":"#333","penSize":5}
{"x":512,"y":558,"color":"#333","penSize":5}
{"x":517,"y":557,"color":"#333","penSize":5}
{"x":526,"y":555,"color":"#333","penSize":5}
{"x":538,"y":554,"color":"#333","penSize":5}
{"x":543,"y":554,"color":"#333","penSize":5}
{"x":552,"y":553,"color":"#333","penSize":5}
{"x":561,"y":553,"color":"#333","penSize":5}
{"x":569,"y":553,"color":"#333","penSize":5}
{"x":577,"y":553,"color":"#333","penSize":5}
{"x":581,"y":553,"color":"#333","penSize":5}
{"x":590,"y":553,"color":"#333","penSize":5}
{"x":598,"y":553,"color":"#333","penSize":5}
{"x":605,"y":554,"color":"#333","penSize":5}
{"x":610,"y":554,"color":"#333","penSize":5}
{"x":613,"y":554,"color":"#333","penSize":5}
{"x":615,"y":554,"color":"#333","penSize":5}
{"x":620,"y":554,"color":"#333","penSize":5}
{"x":621,"y":554,"color":"#333","penSize":5}
{"x":622,"y":554,"color":"#333","penSize":5}
{"x":625,"y":554,"color":"#333","penSize":5}
{"x":627,"y":554,"color":"#333","penSize":5}
{"x":629,"y":554,"color":"#333","penSize":5}
{"x":629,"y":554,"color":"#333","penSize":5}
{"x":630,"y":554,"color":"#333","penSize":5}
{"x":631,"y":554,"color":"#333","penSize":5}
{"x":631,"y":554,"color":"#333","penSize":5}
{"x":632,"y":554,"color":"#333","penSize":5}
{"x":636,"y":554,"color":"#333","penSize":5}
{"x":637,"y":554,"color":"#333","penSize":5}
{"x":639,"y":554,"color":"#333","penSize":5}
{"x":640,"y":554,"color":"#333","penSize":5}
{"x":641,"y":554,"color":"#333","penSize":5}
{"x":643,"y":554,"color":"#333","penSize":5}
{"x":645,"y":554,"color":"#333","penSize":5}
{"x":650,"y":553,"color":"#333","penSize":5}
{"x":650,"y":553,"color":"#333","penSize":5}
{"x":655,"y":553,"color":"#333","penSize":5}
{"x":658,"y":553,"color":"#333","penSize":5}
{"x":660,"y":553,"color":"#333","penSize":5}
{"x":661,"y":553,"color":"#333","penSize":5}
{"x":663,"y":553,"color":"#333","penSize":5}
{"x":664,"y":553,"color":"#333","penSize":5}
{"x":665,"y":553,"color":"#333","penSize":5}
{"x":666,"y":553,"color":"#333","penSize":5}
{"x":667,"y":553,"color":"#333","penSize":5}
{"x":667,"y":553,"color":"#333","penSize":5}
{"x":668,"y":553,"color":"#333","penSize":5}
{"x":669,"y":553,"color":"#333","penSize":5}
{"x":669,"y":553,"color":"#333","penSize":5}
{"x":669,"y":553,"color":"#333","penSize":5}
{"x":670,"y":553,"color":"#333","penSize":5}
{"x":670,"y":553,"color":"#333","penSize":5}
{"x":670,"y":553,"color":"#333","penSize":5}
{}
{}
{}
{}
{}
{}
{}
{}
{}
{}
{"x":349,"y":443,"color":"#333","penSize":5}
{"x":347,"y":443,"color":"#333","penSize":5}
{"x":346,"y":443,"color":"#333","penSize":5}
{"x":342,"y":443,"color":"#333","penSize":5}
{"x":340,"y":443,"color":"#333","penSize":5}
{"x":336,"y":443,"color":"#333","penSize":5}
{"x":331,"y":443,"color":"#333","penSize":5}
{"x":328,"y":443,"color":"#333","penSize":5}
{"x":323,"y":443,"color":"#333","penSize":5}
{"x":320,"y":443,"color":"#333","penSize":5}
{"x":316,"y":443,"color":"#333","penSize":5}
{"x":312,"y":443,"color":"#333","penSize":5}
{"x":309,"y":443,"color":"#333","penSize":5}
{"x":304,"y":443,"color":"#333","penSize":5}
{"x":300,"y":443,"color":"#333","penSize":5}
{"x":300,"y":443,"color":"#333","penSize":5}
{"x":296,"y":443,"color":"#333","penSize":5}
{"x":290,"y":443,"color":"#333","penSize":5}
{"x":290,"y":443,"color":"#333","penSize":5}
{"x":285,"y":443,"color":"#333","penSize":5}
{"x":281,"y":442,"color":"#333","penSize":5}
{"x":280,"y":442,"color":"#333","penSize":5}
{"x":278,"y":442,"color":"#333","penSize":5}
{"x":273,"y":441,"color":"#333","penSize":5}
{"x":272,"y":441,"color":"#333","penSize":5}
{"x":270,"y":441,"color":"#333","penSize":5}
{"x":268,"y":440,"color":"#333","penSize":5}
{"x":266,"y":440,"color":"#333","penSize":5}
{"x":265,"y":440,"color":"#333","penSize":5}
{"x":263,"y":439,"color":"#333","penSize":5}
{"x":263,"y":439,"color":"#333","penSize":5}
{"x":262,"y":439,"color":"#333","penSize":5}
{"x":262,"y":439,"color":"#333","penSize":5}
{"x":261,"y":439,"color":"#333","penSize":5}
{"x":261,"y":439,"color":"#333","penSize":5}
{"x":261,"y":439,"color":"#333","penSize":5}
{"x":261,"y":439,"color":"#333","penSize":5}
{"x":260,"y":439,"color":"#333","penSize":5}
{"x":260,"y":439,"color":"#333","penSize":5}
{"x":260,"y":439,"color":"#333","penSize":5}
{"x":260,"y":439,"color":"#333","penSize":5}
{"x":260,"y":439,"color":"#333","penSize":5}
{"x":258,"y":438,"color":"#333","penSize":5}
{"x":257,"y":438,"color":"#333","penSize":5}
{"x":256,"y":438,"color":"#333","penSize":5}
{"x":255,"y":438,"color":"#333","penSize":5}
{"x":253,"y":438,"color":"#333","penSize":5}
{"x":252,"y":437,"color":"#333","penSize":5}
{"x":251,"y":437,"color":"#333","penSize":5}
{"x":250,"y":437,"color":"#333","penSize":5}
{"x":250,"y":437,"color":"#333","penSize":5}
{"x":249,"y":437,"color":"#333","penSize":5}
{"x":249,"y":437,"color":"#333","penSize":5}
{"x":249,"y":437,"color":"#333","penSize":5}
{}
{}
{}
{}
{}
{}
{}
{}
{}
{}
{}
{}
{}
{}
{}
{}
{}
{}
{}
