{}
{}
{}
{}
{}
{}
{}
{}
{}
{}
{}
{}
{}
{}
{}
{"x":98,"y":300,"color":"#333","penSize":5}
{"x":100,"y":299,"color":"#333","penSize":5}
{"x":102,"y":297,"color":"#333","penSize":5}
{"x":104,"y":296,"color":"#333","penSize":5}
{"x":108,"y":294,"color":"#333","penSize":5}
{"x":110,"y":292,"color":"#333","penSize":5}
{"x":114,"y":288,"color":"#333","penSize":5}
{"x":118,"y":286,"color":"#333","penSize":5}
{"x":121,"y":284,"color":"#333","penSize":5}
{"x":124,"y":282,"color":"#333","penSize":5}
{"x":127,"y":280,"color":"#333","penSize":5}
{"x":129,"y":279,"color":"#333","penSize":5}
{"x":131,"y":278,"color":"#333","penSize":5}
{"x":133,"y":276,"color":"#333","penSize":5}
{"x":135,"y":275,"color":"#333","penSize":5}
{"x":137,"y":275,"color":"#333","penSize":5}
{"x":138,"y":275,"color":"#333","penSize":5}
{"x":139,"y":274,"color":"#333","penSize":5}
{"x":140,"y":274,"color":"#333","penSize":5}
{"x":140,"y":273,"color":"#333","penSize":5}
{"x":142,"y":273,"color":"#333","penSize":5}
{"x":142,"y":272,"color":"#333","penSize":5}
{"x":143,"y":272,"color":"#333","penSize":5}
{"x":144,"y":272,"color":"#333","penSize":5}
{"x":145,"y":271,"color":"#333","penSize":5}
{"x":146,"y":271,"color":"#333","penSize":5}
{"x":147,"y":270,"color":"#333","penSize":5}
{"x":148,"y":269,"color":"#333","penSize":5}
{"x":149,"y":269,"color":"#333","penSize":5}
{"x":149,"y":269,"color":"#333","penSize":5}
{"x":150,"y":268,"color":"#333","penSize":5}
{"x":150,"y":268,"color":"#333","penSize":5}
{"x":151,"y":268,"color":"#333","penSize":5}
{"x":151,"y":268,"color":"#333","penSize":5}
{"x":151,"y":268,"color":"#333","penSize":5}
{"x":152,"y":267,"color":"#333","penSize":5}
{"x":152,"y":267,"color":"#333","penSize":5}
{"x":152,"y":267,"color":"#333","penSize":5}
{"x":152,"y":267,"color":"#333","penSize":5}
{"x":153,"y":266,"color":"#333","penSize":5}
{"x":153,"y":266,"color":"#333","penSize":5}
{"x":153,"y":266,"color":"#333","penSize":5}
{"x":153,"y":265,"color":"#333","penSize":5}
{"x":154,"y":265,"color":"#333","penSize":5}
{"x":154,"y":265,"color":"#333","penSize":5}
{"x":154,"y":265,"color":"#333","penSize":5}
{"x":154,"y":264,"color":"#333","penSize":5}
{"x":154,"y":264,"color":"#333","penSize":5}
{"x":153,"y":264,"color":"#333","penSize":5}
{}
{}
{}
{}
{"x":405,"y":278,"color":"red","penSize":5}
{"x":402,"y":278,"color":"red","penSize":5}
{"x":398,"y":279,"color":"red","penSize":5}
{"x":393,"y":280,"color":"red","penSize":5}
{"x":388,"y":282,"color":"red","penSize":5}
{"x":381,"y":283,"color":"red","penSize":5}
{"x":373,"y":284,"color":"red","penSize":5}
{"x":359,"y":287,"color":"red","penSize":5}
{"x":343,"y":289,"color":"red","penSize":5}
{"x":326,"y":292,"color":"red","penSize":5}
{"x":309,"y":292,"color":"red","penSize":5}
{"x":285,"y":292,"color":"red","penSize":5}
{"x":273,"y":292,"color":"red","penSize":5}
{"x":263,"y":292,"color":"red","penSize":5}
{"x":255,"y":292,"color":"red","penSize":5}
{"x":248,"y":292,"color":"red","penSize":5}
{"x":243,"y":292,"color":"red","penSize":5}
{"x":238,"y":292,"color":"red","penSize":5}
{"x":233,"y":292,"color":"red","penSize":5}
{"x":229,"y":292,"color":"red","penSize":5}
{"x":225,"y":292,"color":"red","penSize":5}
{"x":221,"y":292,"color":"red","penSize":5}
{"x":218,"y":292,"color":"red","penSize":5}
{"x":214,"y":292,"color":"red","penSize":5}
{"x":211,"y":292,"color":"red","penSize":5}
{"x":207,"y":292,"color":"red","penSize":5}
{"x":204,"y":292,"color":"red","penSize":5}
{"x":201,"y":293,"color":"red","penSize":5}
{"x":198,"y":293,"color":"red","penSize":5}
{"x":195,"y":294,"color":"red","penSize":5}
{"x":191,"y":295,"color":"red","penSize":5}
{"x":189,"y":295,"color":"red","penSize":5}
{"x":185,"y":296,"color":"red","penSize":5}
{"x":182,"y":297,"color":"red","penSize":5}
{"x":178,"y":297,"color":"red","penSize":5}
{"x":175,"y":297,"color":"red","penSize":5}
{"x":171,"y":297,"color":"red","penSize":5}
{"x":168,"y":297,"color":"red","penSize":5}
{"x":164,"y":297,"color":"red","penSize":5}
{"x":161,"y":296,"color":"red","penSize":5}
{"x":157,"y":294,"color":"red","penSize":5}
{"x":153,"y":293,"color":"red","penSize":5}
{"x":148,"y":291,"color":"red","penSize":5}
{"x":144,"y":289,"color":"red","penSize":5}
{"x":140,"y":287,"color":"red","penSize":5}
{"x":139,"y":287,"color":"red","penSize":5}
{"x":135,"y":286,"color":"red","penSize":5}
{"x":132,"y":285,"color":"red","penSize":5}
{"x":130,"y":284,"color":"red","penSize":5}
{"x":128,"y":283,"color":"red","penSize":5}
{"x":127,"y":282,"color":"red","penSize":5}
{"x":126,"y":282,"color":"red","penSize":5}
{"x":124,"y":281,"color":"red","penSize":5}
{"x":124,"y":281,"color":"red","penSize":5}
{"x":123,"y":281,"color":"red","penSize":5}
{"x":123,"y":280,"color":"red","penSize":5}
{"x":123,"y":280,"color":"red","penSize":5}
{"x":123,"y":280,"color":"red","penSize":5}
{"x":122,"y":280,"color":"red","penSize":5}
{"x":122,"y":280,"color":"red","penSize":5}
{"x":122,"y":280,"color":"red","penSize":5}
{"x":121,"y":280,"color":"red","penSize":5}
{"x":121,"y":280,"color":"red","penSize":5}
{"x":120,"y":280,"color":"red","penSize":5}
{"x":120,"y":280,"color":"red","penSize":5}
{"x":119,"y":280,"color":"red","penSize":5}
{"x":119,"y":280,"color":"red","penSize":5}
{"x":118,"y":280,"color":"red","penSize":5}
{"x":118,"y":280,"color":"red","penSize":5}
{"x":118,"y":280,"color":"red","penSize":5}
{"x":118,"y":280,"color":"red","penSize":5}
{"x":117,"y":280,"color":"red","penSize":5}
{"x":117,"y":280,"color":"red","penSize":5}
{"x":117,"y":280,"color":"red","penSize":5}
{"x":116,"y":280,"color":"red","penSize":5}
{"x":116,"y":280,"color":"red","penSize":5}
{"x":116,"y":280,"color":"red","penSize":5}
{"x":115,"y":280,"color":"red","penSize":5}
{"x":115,"y":280,"color":"red","penSize":5}
{"x":115,"y":280,"color":"red","penSize":5}
{"x":114,"y":280,"color":"red","penSize":5}
{"x":114,"y":280,"color":"red","penSize":5}
{"x":114,"y":280,"color":"red","penSize":5}
{"x":114,"y":279,"color":"red","penSize":5}
{"x":113,"y":279,"color":"red","penSize":5}
{"x":113,"y":279,"color":"red","penSize":5}
{"x":113,"y":279,"color":"red","penSize":5}
{"x":113,"y":279,"color":"red","penSize":5}
{"x":112,"y":279,"color":"red","penSize":5}
{"x":112,"y":279,"color":"red","penSize":5}
{"x":112,"y":279,"color":"red","penSize":5}
{"x":112,"y":278,"color":"red","penSize":5}
{"x":111,"y":278,"color":"red","penSize":5}
{"x":111,"y":278,"color":"red","penSize":5}
{"x":111,"y":278,"color":"red","penSize":5}
{"x":111,"y":277,"color":"red","penSize":5}
{"x":112,"y":277,"color":"red","penSize":5}
{}
{}
{}
{}
{}
{}
{}
{}
{}
{}
{}
{}
{}
{}
{}
{}
{}
{}
{}
{}
{}
{}
{"x":300,"y":348,"color":"yellow","penSize":5}
{"x":298,"y":348,"color":"yellow","penSize":5}
{"x":291,"y":348,"color":"yellow","penSize":5}
{"x":285,"y":348,"color":"yellow","penSize":5}
{"x":277,"y":348,"color":"yellow","penSize":5}
{"x":266,"y":348,"color":"yellow","penSize":5}
{"x":255,"y":348,"color":"yellow","penSize":5}
{"x":243,"y":348,"color":"yellow","penSize":5}
{"x":229,"y":348,"color":"yellow","penSize":5}
{"x":218,"y":348,"color":"yellow","penSize":5}
{"x":207,"y":348,"color":"yellow","penSize":5}
{"x":197,"y":348,"color":"yellow","penSize":5}
{"x":192,"y":348,"color":"yellow","penSize":5}
{"x":183,"y":348,"color":"yellow","penSize":5}
{"x":176,"y":348,"color":"yellow","penSize":5}
{"x":168,"y":348,"color":"yellow","penSize":5}
{"x":162,"y":348,"color":"yellow","penSize":5}
{"x":156,"y":349,"color":"yellow","penSize":5}
{"x":150,"y":349,"color":"yellow","penSize":5}
{"x":146,"y":349,"color":"yellow","penSize":5}
{"x":141,"y":350,"color":"yellow","penSize":5}
{"x":139,"y":350,"color":"yellow","penSize":5}
{"x":135,"y":350,"color":"yellow","penSize":5}
{"x":132,"y":350,"color":"yellow","penSize":5}
{"x":128,"y":350,"color":"yellow","penSize":5}
{"x":126,"y":350,"color":"yellow","penSize":5}
{"x":124,"y":350,"color":"yellow","penSize":5}
{"x":122,"y":350,"color":"yellow","penSize":5}
{"x":121,"y":350,"color":"yellow","penSize":5}
{"x":118,"y":348,"color":"yellow","penSize":5}
{"x":117,"y":348,"color":"yellow","penSize":5}
{"x":116,"y":347,"color":"yellow","penSize":5}
{"x":115,"y":347,"color":"yellow","penSize":5}
{"x":114,"y":346,"color":"yellow","penSize":5}
{"x":113,"y":345,"color":"yellow","penSize":5}
{"x":112,"y":345,"color":"yellow","penSize":5}
{"x":111,"y":345,"color":"yellow","penSize":5}
{"x":110,"y":344,"color":"yellow","penSize":5}
{"x":109,"y":344,"color":"yellow","penSize":5}
{"x":108,"y":344,"color":"yellow","penSize":5}
{"x":107,"y":344,"color":"yellow","penSize":5}
{"x":106,"y":343,"color":"yellow","penSize":5}
{"x":106,"y":343,"color":"yellow","penSize":5}
{"x":106,"y":343,"color":"yellow","penSize":5}
{"x":105,"y":343,"color":"yellow","penSize":5}
{"x":105,"y":343,"color":"yellow","penSize":5}
{}
{}
{}
{"x":295,"y":305,"color":"yellow","penSize":5}
{"x":293,"y":305,"color":"yellow","penSize":5}
{"x":289,"y":304,"color":"yellow","penSize":5}
{"x":282,"y":303,"color":"yellow","penSize":5}
{"x":275,"y":303,"color":"yellow","penSize":5}
{"x":266,"y":303,"color":"yellow","penSize":5}
{"x":255,"y":303,"color":"yellow","penSize":5}
{"x":245,"y":303,"color":"yellow","penSize":5}
{"x":231,"y":303,"color":"yellow","penSize":5}
{"x":220,"y":303,"color":"yellow","penSize":5}
{"x":208,"y":304,"color":"yellow","penSize":5}
{"x":196,"y":306,"color":"yellow","penSize":5}
{"x":185,"y":308,"color":"yellow","penSize":5}
{"x":179,"y":308,"color":"yellow","penSize":5}
{"x":168,"y":310,"color":"yellow","penSize":5}
{"x":160,"y":310,"color":"yellow","penSize":5}
{"x":151,"y":311,"color":"yellow","penSize":5}
{"x":144,"y":311,"color":"yellow","penSize":5}
{"x":136,"y":311,"color":"yellow","penSize":5}
{"x":130,"y":311,"color":"yellow","penSize":5}
{"x":125,"y":311,"color":"yellow","penSize":5}
{"x":121,"y":311,"color":"yellow","penSize":5}
{"x":118,"y":311,"color":"yellow","penSize":5}
{"x":113,"y":311,"color":"yellow","penSize":5}
{"x":111,"y":311,"color":"yellow","penSize":5}
{"x":108,"y":310,"color":"yellow","penSize":5}
{"x":106,"y":310,"color":"yellow","penSize":5}
{"x":104,"y":309,"color":"yellow","penSize":5}
{"x":102,"y":309,"color":"yellow","penSize":5}
{"x":101,"y":309,"color":"yellow","penSize":5}
{"x":100,"y":308,"color":"yellow","penSize":5}
{"x":99,"y":308,"color":"yellow","penSize":5}
{"x":98,"y":308,"color":"yellow","penSize":5}
{"x":97,"y":308,"color":"yellow","penSize":5}
{"x":96,"y":307,"color":"yellow","penSize":5}
{"x":95,"y":307,"color":"yellow","penSize":5}
{"x":95,"y":307,"color":"yellow","penSize":5}
{"x":94,"y":307,"color":"yellow","penSize":5}
{"x":93,"y":307,"color":"yellow","penSize":5}
{"x":93,"y":307,"color":"yellow","penSize":5}
{"x":92,"y":307,"color":"yellow","penSize":5}
{"x":92,"y":307,"color":"yellow","penSize":5}
{"x":91,"y":306,"color":"yellow","penSize":5}
{"x":91,"y":306,"color":"yellow","penSize":5}
{"x":91,"y":306,"color":"yellow","penSize":5}
{"x":90,"y":306,"color":"yellow","penSize":5}
{"x":90,"y":306,"color":"yellow","penSize":5}
{"x":90,"y":306,"color":"yellow","penSize":5}
{"x":90,"y":306,"color":"yellow","penSize":5}
{"x":89,"y":306,"color":"yellow","penSize":5}
{"x":89,"y":306,"color":"yellow","penSize":5}
{"x":89,"y":306,"color":"yellow","penSize":5}
{}
{}
{}
{}
{}
{}
{}
{}
{}
{}
{}
{}
{}
{}
{"x":354,"y":350,"color":"yellow","penSize":5}
{"x":353,"y":350,"color":"yellow","penSize":5}
{"x":350,"y":350,"color":"yellow","penSize":5}
{"x":346,"y":350,"color":"yellow","penSize":5}
{"x":338,"y":350,"color":"yellow","penSize":5}
{"x":331,"y":350,"color":"yellow","penSize":5}
{"x":324,"y":350,"color":"yellow","penSize":5}
{"x":312,"y":350,"color":"yellow","penSize":5}
{"x":300,"y":350,"color":"yellow","penSize":5}
{"x":286,"y":350,"color":"yellow","penSize":5}
{"x":271,"y":350,"color":"yellow","penSize":5}
{"x":257,"y":350,"color":"yellow","penSize":5}
{"x":240,"y":350,"color":"yellow","penSize":5}
{"x":227,"y":350,"color":"yellow","penSize":5}
{"x":212,"y":350,"color":"yellow","penSize":5}
{"x":198,"y":350,"color":"yellow","penSize":5}
{"x":186,"y":350,"color":"yellow","penSize":5}
{"x":175,"y":350,"color":"yellow","penSize":5}
{"x":166,"y":349,"color":"yellow","penSize":5}
{"x":161,"y":348,"color":"yellow","penSize":5}
{"x":152,"y":347,"color":"yellow","penSize":5}
{"x":144,"y":346,"color":"yellow","penSize":5}
{"x":139,"y":345,"color":"yellow","penSize":5}
{"x":133,"y":344,"color":"yellow","penSize":5}
{"x":131,"y":344,"color":"yellow","penSize":5}
{"x":127,"y":343,"color":"yellow","penSize":5}
{"x":123,"y":342,"color":"yellow","penSize":5}
{"x":121,"y":342,"color":"yellow","penSize":5}
{"x":119,"y":342,"color":"yellow","penSize":5}
{"x":118,"y":341,"color":"yellow","penSize":5}
{"x":117,"y":341,"color":"yellow","penSize":5}
{"x":115,"y":341,"color":"yellow","penSize":5}
{"x":115,"y":341,"color":"yellow","penSize":5}
{"x":115,"y":341,"color":"yellow","penSize":5}
{"x":114,"y":340,"color":"yellow","penSize":5}
{"x":114,"y":340,"color":"yellow","penSize":5}
{"x":114,"y":340,"color":"yellow","penSize":5}
{"x":113,"y":340,"color":"yellow","penSize":5}
{"x":113,"y":340,"color":"yellow","penSize":5}
{"x":112,"y":340,"color":"yellow","penSize":5}
{"x":112,"y":340,"color":"yellow","penSize":5}
{"x":111,"y":340,"color":"yellow","penSize":5}
{"x":110,"y":340,"color":"yellow","penSize":5}
{"x":109,"y":340,"color":"yellow","penSize":5}
{"x":108,"y":341,"color":"yellow","penSize":5}
{"x":107,"y":341,"color":"yellow","penSize":5}
{"x":106,"y":341,"color":"yellow","penSize":5}
{"x":105,"y":341,"color":"yellow","penSize":5}
{"x":105,"y":341,"color":"yellow","penSize":5}
{"x":104,"y":342,"color":"yellow","penSize":5}
{"x":104,"y":342,"color":"yellow","penSize":5}
{"x":104,"y":342,"color":"yellow","penSize":5}
{"x":103,"y":342,"color":"yellow","penSize":5}
{}
{}
{}
{}
{}
{}
{}
{}
{"x":360,"y":304,"color":"yellow","penSize":5}
{"x":359,"y":304,"color":"yellow","penSize":5}
{"x":357,"y":304,"color":"yellow","penSize":5}
{"x":355,"y":304,"color":"yellow","penSize":5}
{"x":352,"y":304,"color":"yellow","penSize":5}
{"x":348,"y":304,"color":"yellow","penSize":5}
{"x":344,"y":304,"color":"yellow","penSize":5}
{"x":336,"y":304,"color":"yellow","penSize":5}
{"x":330,"y":304,"color":"yellow","penSize":5}
{"x":321,"y":304,"color":"yellow","penSize":5}
{"x":312,"y":304,"color":"yellow","penSize":5}
{"x":301,"y":304,"color":"yellow","penSize":5}
{"x":289,"y":304,"color":"yellow","penSize":5}
{"x":263,"y":304,"color":"yellow","penSize":5}
{"x":250,"y":304,"color":"yellow","penSize":5}
{"x":244,"y":304,"color":"yellow","penSize":5}
{"x":232,"y":303,"color":"yellow","penSize":5}
{"x":221,"y":303,"color":"yellow","penSize":5}
{"x":212,"y":303,"color":"yellow","penSize":5}
{"x":203,"y":303,"color":"yellow","penSize":5}
{"x":194,"y":303,"color":"yellow","penSize":5}
{"x":188,"y":303,"color":"yellow","penSize":5}
{"x":181,"y":303,"color":"yellow","penSize":5}
{"x":174,"y":302,"color":"yellow","penSize":5}
{"x":170,"y":302,"color":"yellow","penSize":5}
{"x":165,"y":302,"color":"yellow","penSize":5}
{"x":160,"y":301,"color":"yellow","penSize":5}
{"x":156,"y":301,"color":"yellow","penSize":5}
{"x":154,"y":301,"color":"yellow","penSize":5}
{"x":150,"y":300,"color":"yellow","penSize":5}
{"x":148,"y":300,"color":"yellow","penSize":5}
{"x":145,"y":300,"color":"yellow","penSize":5}
{"x":143,"y":300,"color":"yellow","penSize":5}
{"x":141,"y":300,"color":"yellow","penSize":5}
{"x":139,"y":300,"color":"yellow","penSize":5}
{"x":137,"y":300,"color":"yellow","penSize":5}
{"x":136,"y":300,"color":"yellow","penSize":5}
{"x":135,"y":300,"color":"yellow","penSize":5}
{"x":134,"y":300,"color":"yellow","penSize":5}
{"x":133,"y":300,"color":"yellow","penSize":5}
{"x":133,"y":300,"color":"yellow","penSize":5}
{"x":132,"y":300,"color":"yellow","penSize":5}
{"x":132,"y":300,"color":"yellow","penSize":5}
{"x":132,"y":300,"color":"yellow","penSize":5}
{"x":131,"y":300,"color":"yellow","penSize":5}
{"x":131,"y":300,"color":"yellow","penSize":5}
{"x":131,"y":300,"color":"yellow","penSize":5}
{"x":130,"y":300,"color":"yellow","penSize":5}
{"x":129,"y":300,"color":"yellow","penSize":5}
{"x":129,"y":300,"color":"yellow","penSize":5}
{"x":128,"y":300,"color":"yellow","penSize":5}
{"x":127,"y":300,"color":"yellow","penSize":5}
{"x":126,"y":300,"color":"yellow","penSize":5}
{"x":125,"y":300,"color":"yellow","penSize":5}
{"x":124,"y":300,"color":"yellow","penSize":5}
{"x":123,"y":300,"color":"yellow","penSize":5}
{"x":122,"y":300,"color":"yellow","penSize":5}
{"x":122,"y":300,"color":"yellow","penSize":5}
{"x":120,"y":300,"color":"yellow","penSize":5}
{"x":120,"y":300,"color":"yellow","penSize":5}
{"x":119,"y":300,"color":"yellow","penSize":5}
{"x":118,"y":300,"color":"yellow","penSize":5}
{"x":117,"y":300,"color":"yellow","penSize":5}
{"x":116,"y":300,"color":"yellow","penSize":5}
{"x":116,"y":300,"color":"yellow","penSize":5}
{"x":115,"y":300,"color":"yellow","penSize":5}
{"x":114,"y":300,"color":"yellow","penSize":5}
{"x":114,"y":300,"color":"yellow","penSize":5}
{"x":114,"y":300,"color":"yellow","penSize":5}
{"x":113,"y":300,"color":"yellow","penSize":5}
{"x":113,"y":300,"color":"yellow","penSize":5}
{"x":113,"y":300,"color":"yellow","penSize":5}
{"x":112,"y":300,"color":"yellow","penSize":5}
{"x":112,"y":300,"color":"yellow","penSize":5}
{"x":112,"y":300,"color":"yellow","penSize":5}
{"x":111,"y":300,"color":"yellow","penSize":5}
{"x":111,"y":300,"color":"yellow","penSize":5}
{"x":111,"y":300,"color":"yellow","penSize":5}
{"x":110,"y":300,"color":"yellow","penSize":5}
{"x":110,"y":300,"color":"yellow","penSize":5}
{"x":110,"y":300,"color":"yellow","penSize":5}
{}
{}
{}
{}
{}
{}
{}
{}
{}
{}
{}
{}
{}
{}
{}
{}
{}
{}
{}
{"x":155,"y":390,"color":"yellow","penSize":5}
{"x":154,"y":390,"color":"yellow","penSize":5}
{"x":153,"y":390,"color":"yellow","penSize":5}
{"x":152,"y":389,"color":"yellow","penSize":5}
{"x":151,"y":388,"color":"yellow","penSize":5}
{"x":149,"y":386,"color":"yellow","penSize":5}
{"x":147,"y":385,"color":"yellow","penSize":5}
{"x":145,"y":383,"color":"yellow","penSize":5}
{"x":142,"y":381,"color":"yellow","penSize":5}
{"x":139,"y":379,"color":"yellow","penSize":5}
{"x":136,"y":376,"color":"yellow","penSize":5}
{"x":133,"y":374,"color":"yellow","penSize":5}
{"x":130,"y":371,"color":"yellow","penSize":5}
{"x":127,"y":368,"color":"yellow","penSize":5}
{"x":122,"y":365,"color":"yellow","penSize":5}
{"x":119,"y":362,"color":"yellow","penSize":5}
{"x":115,"y":358,"color":"yellow","penSize":5}
{"x":112,"y":356,"color":"yellow","penSize":5}
{"x":108,"y":352,"color":"yellow","penSize":5}
{"x":105,"y":350,"color":"yellow","penSize":5}
{"x":101,"y":346,"color":"yellow","penSize":5}
{"x":98,"y":344,"color":"yellow","penSize":5}
{"x":96,"y":341,"color":"yellow","penSize":5}
{"x":95,"y":340,"color":"yellow","penSize":5}
{"x":91,"y":336,"color":"yellow","penSize":5}
{"x":89,"y":334,"color":"yellow","penSize":5}
{"x":88,"y":333,"color":"yellow","penSize":5}
{"x":86,"y":331,"color":"yellow","penSize":5}
{"x":85,"y":330,"color":"yellow","penSize":5}
{"x":84,"y":329,"color":"yellow","penSize":5}
{"x":82,"y":328,"color":"yellow","penSize":5}
{"x":82,"y":327,"color":"yellow","penSize":5}
{"x":81,"y":326,"color":"yellow","penSize":5}
{"x":80,"y":325,"color":"yellow","penSize":5}
{"x":80,"y":325,"color":"yellow","penSize":5}
{"x":79,"y":324,"color":"yellow","penSize":5}
{"x":79,"y":324,"color":"yellow","penSize":5}
{"x":79,"y":324,"color":"yellow","penSize":5}
{"x":78,"y":323,"color":"yellow","penSize":5}
{"x":78,"y":323,"color":"yellow","penSize":5}
{"x":78,"y":322,"color":"yellow","penSize":5}
{"x":78,"y":322,"color":"yellow","penSize":5}
{"x":77,"y":322,"color":"yellow","penSize":5}
{"x":77,"y":321,"color":"yellow","penSize":5}
{"x":77,"y":320,"color":"yellow","penSize":5}
{"x":77,"y":320,"color":"yellow","penSize":5}
{"x":76,"y":320,"color":"yellow","penSize":5}
{"x":76,"y":319,"color":"yellow","penSize":5}
{"x":76,"y":319,"color":"yellow","penSize":5}
{"x":76,"y":319,"color":"yellow","penSize":5}
{"x":75,"y":319,"color":"yellow","penSize":5}
{"x":75,"y":319,"color":"yellow","penSize":5}
{"x":75,"y":318,"color":"yellow","penSize":5}
{"x":75,"y":318,"color":"yellow","penSize":5}
{"x":75,"y":318,"color":"yellow","penSize":5}
{"x":75,"y":317,"color":"yellow","penSize":5}
{"x":75,"y":317,"color":"yellow","penSize":5}
{}
{}
{}
{}
{}
{}
{}
{}
{}
{}
{}
{}
{}
{}
{"x":351,"y":321,"color":"yellow","penSize":5}
{"x":347,"y":321,"color":"yellow","penSize":5}
{"x":341,"y":321,"color":"yellow","penSize":5}
{"x":333,"y":321,"color":"yellow","penSize":5}
{"x":322,"y":321,"color":"yellow","penSize":5}
{"x":309,"y":321,"color":"yellow","penSize":5}
{"x":292,"y":321,"color":"yellow","penSize":5}
{"x":275,"y":321,"color":"yellow","penSize":5}
{"x":256,"y":321,"color":"yellow","penSize":5}
{"x":237,"y":321,"color":"yellow","penSize":5}
{"x":217,"y":321,"color":"yellow","penSize":5}
{"x":200,"y":321,"color":"yellow","penSize":5}
{"x":182,"y":321,"color":"yellow","penSize":5}
{"x":168,"y":321,"color":"yellow","penSize":5}
{"x":162,"y":321,"color":"yellow","penSize":5}
{"x":151,"y":321,"color":"yellow","penSize":5}
{"x":141,"y":322,"color":"yellow","penSize":5}
{"x":133,"y":323,"color":"yellow","penSize":5}
{"x":126,"y":323,"color":"yellow","penSize":5}
{"x":124,"y":324,"color":"yellow","penSize":5}
{"x":120,"y":324,"color":"yellow","penSize":5}
{"x":116,"y":325,"color":"yellow","penSize":5}
{"x":113,"y":325,"color":"yellow","penSize":5}
{"x":111,"y":325,"color":"yellow","penSize":5}
{"x":109,"y":325,"color":"yellow","penSize":5}
{"x":107,"y":325,"color":"yellow","penSize":5}
{"x":107,"y":325,"color":"yellow","penSize":5}
{"x":106,"y":325,"color":"yellow","penSize":5}
{"x":106,"y":325,"color":"yellow","penSize":5}
{"x":105,"y":325,"color":"yellow","penSize":5}
{"x":105,"y":325,"color":"yellow","penSize":5}
{"x":104,"y":325,"color":"yellow","penSize":5}
{"x":104,"y":325,"color":"yellow","penSize":5}
{"x":104,"y":325,"color":"yellow","penSize":5}
{"x":103,"y":325,"color":"yellow","penSize":5}
{"x":103,"y":325,"color":"yellow","penSize":5}
{"x":103,"y":325,"color":"yellow","penSize":5}
{}
{}
{}
{}
{}
{}
{}
{}
{}
{}
{}
{}
{}
{}
{}
{}
{}
{}
{}
{}
{}
{}
{}
{}
{}
{}
{}
{}
{}
{}
{}
{}
{}
{}
{}
{}
{}
{}
{}
{}
{}
{"x":116,"y":282,"color":"red","penSize":5}
{"x":116,"y":284,"color":"red","penSize":5}
{"x":115,"y":287,"color":"red","penSize":5}
{"x":113,"y":290,"color":"red","penSize":5}
{"x":112,"y":294,"color":"red","penSize":5}
{"x":110,"y":298,"color":"red","penSize":5}
{"x":108,"y":303,"color":"red","penSize":5}
{"x":107,"y":308,"color":"red","penSize":5}
{"x":105,"y":312,"color":"red","penSize":5}
{"x":103,"y":317,"color":"red","penSize":5}
{"x":102,"y":321,"color":"red","penSize":5}
{"x":100,"y":325,"color":"red","penSize":5}
{"x":99,"y":328,"color":"red","penSize":5}
{"x":99,"y":329,"color":"red","penSize":5}
{"x":98,"y":332,"color":"red","penSize":5}
{"x":97,"y":334,"color":"red","penSize":5}
{"x":97,"y":336,"color":"red","penSize":5}
{"x":96,"y":338,"color":"red","penSize":5}
{"x":96,"y":339,"color":"red","penSize":5}
{"x":96,"y":339,"color":"red","penSize":5}
{"x":96,"y":340,"color":"red","penSize":5}
{"x":96,"y":340,"color":"red","penSize":5}
{"x":96,"y":341,"color":"red","penSize":5}
{"x":96,"y":341,"color":"red","penSize":5}
{"x":96,"y":341,"color":"red","penSize":5}
{"x":96,"y":342,"color":"red","penSize":5}
{"x":96,"y":342,"color":"red","penSize":5}
{"x":96,"y":342,"color":"red","penSize":5}
{"x":95,"y":343,"color":"red","penSize":5}
{"x":95,"y":345,"color":"red","penSize":5}
{"x":95,"y":346,"color":"red","penSize":5}
{"x":95,"y":348,"color":"red","penSize":5}
{"x":95,"y":351,"color":"red","penSize":5}
{"x":94,"y":352,"color":"red","penSize":5}
{"x":94,"y":353,"color":"red","penSize":5}
{"x":94,"y":355,"color":"red","penSize":5}
{"x":94,"y":355,"color":"red","penSize":5}
{"x":94,"y":356,"color":"red","penSize":5}
{"x":94,"y":356,"color":"red","penSize":5}
{"x":94,"y":357,"color":"red","penSize":5}
{"x":93,"y":357,"color":"red","penSize":5}
{"x":93,"y":356,"color":"red","penSize":5}
{"x":93,"y":356,"color":"red","penSize":5}
{"x":93,"y":356,"color":"red","penSize":5}
{"x":93,"y":355,"color":"red","penSize":5}
{"x":93,"y":355,"color":"red","penSize":5}
{"x":93,"y":355,"color":"red","penSize":5}
{"x":93,"y":354,"color":"red","penSize":5}
{"x":93,"y":354,"color":"red","penSize":5}
{"x":93,"y":354,"color":"red","penSize":5}
{"x":93,"y":353,"color":"red","penSize":5}
{"x":93,"y":353,"color":"red","penSize":5}
{"x":93,"y":352,"color":"red","penSize":5}
{"x":93,"y":352,"color":"red","penSize":5}
{"x":93,"y":351,"color":"red","penSize":5}
{"x":93,"y":351,"color":"red","penSize":5}
{"x":93,"y":351,"color":"red","penSize":5}
{"x":93,"y":350,"color":"red","penSize":5}
{"x":93,"y":350,"color":"red","penSize":5}
{"x":93,"y":349,"color":"red","penSize":5}
{"x":93,"y":349,"color":"red","penSize":5}
{"x":93,"y":349,"color":"red","penSize":5}
{"x":94,"y":348,"color":"red","penSize":5}
{"x":94,"y":348,"color":"red","penSize":5}
{"x":94,"y":348,"color":"red","penSize":5}
{"x":94,"y":347,"color":"red","penSize":5}
{"x":94,"y":347,"color":"red","penSize":5}
{"x":95,"y":347,"color":"red","penSize":5}
{"x":95,"y":347,"color":"red","penSize":5}
{"x":95,"y":346,"color":"red","penSize":5}
{"x":95,"y":346,"color":"red","penSize":5}
{"x":95,"y":346,"color":"red","penSize":5}
{"x":96,"y":346,"color":"red","penSize":5}
{"x":96,"y":346,"color":"red","penSize":5}
{"x":96,"y":345,"color":"red","penSize":5}
{"x":96,"y":345,"color":"red","penSize":5}
{"x":96,"y":345,"color":"red","penSize":5}
{"x":96,"y":345,"color":"red","penSize":5}
{"x":97,"y":344,"color":"red","penSize":5}
{"x":97,"y":344,"color":"red","penSize":5}
{"x":97,"y":344,"color":"red","penSize":5}
{"x":97,"y":344,"color":"red","penSize":5}
{"x":97,"y":343,"color":"red","penSize":5}
{"x":97,"y":343,"color":"red","penSize":5}
{"x":96,"y":343,"color":"red","penSize":5}
{"x":96,"y":343,"color":"red","penSize":5}
{"x":95,"y":343,"color":"red","penSize":5}
{"x":94,"y":343,"color":"red","penSize":5}
{"x":93,"y":343,"color":"red","penSize":5}
{}
{}
{"x":339,"y":321,"color":"red","penSize":5}
{"x":337,"y":321,"color":"red","penSize":5}
{"x":334,"y":321,"color":"red","penSize":5}
{"x":330,"y":321,"color":"red","penSize":5}
{"x":325,"y":321,"color":"red","penSize":5}
{"x":320,"y":321,"color":"red","penSize":5}
{"x":307,"y":321,"color":"red","penSize":5}
{"x":300,"y":321,"color":"red","penSize":5}
{"x":292,"y":321,"color":"red","penSize":5}
{"x":284,"y":321,"color":"red","penSize":5}
{"x":268,"y":321,"color":"red","penSize":5}
{"x":260,"y":321,"color":"red","penSize":5}
{"x":252,"y":321,"color":"red","penSize":5}
{"x":245,"y":321,"color":"red","penSize":5}
{"x":238,"y":321,"color":"red","penSize":5}
{"x":232,"y":321,"color":"red","penSize":5}
{"x":225,"y":321,"color":"red","penSize":5}
{"x":219,"y":321,"color":"red","penSize":5}
{"x":214,"y":321,"color":"red","penSize":5}
{"x":208,"y":321,"color":"red","penSize":5}
{"x":204,"y":320,"color":"red","penSize":5}
{"x":199,"y":320,"color":"red","penSize":5}
{"x":194,"y":319,"color":"red","penSize":5}
{"x":189,"y":318,"color":"red","penSize":5}
{"x":187,"y":318,"color":"red","penSize":5}
{"x":179,"y":317,"color":"red","penSize":5}
{"x":176,"y":317,"color":"red","penSize":5}
{"x":173,"y":317,"color":"red","penSize":5}
{"x":171,"y":317,"color":"red","penSize":5}
{"x":169,"y":317,"color":"red","penSize":5}
{"x":167,"y":316,"color":"red","penSize":5}
{"x":165,"y":316,"color":"red","penSize":5}
{"x":163,"y":316,"color":"red","penSize":5}
{"x":162,"y":316,"color":"red","penSize":5}
{"x":160,"y":316,"color":"red","penSize":5}
{"x":157,"y":315,"color":"red","penSize":5}
{"x":155,"y":315,"color":"red","penSize":5}
{"x":153,"y":315,"color":"red","penSize":5}
{"x":151,"y":315,"color":"red","penSize":5}
{"x":149,"y":314,"color":"red","penSize":5}
{"x":147,"y":314,"color":"red","penSize":5}
{"x":145,"y":314,"color":"red","penSize":5}
{"x":143,"y":314,"color":"red","penSize":5}
{"x":141,"y":314,"color":"red","penSize":5}
{"x":139,"y":314,"color":"red","penSize":5}
{"x":137,"y":314,"color":"red","penSize":5}
{"x":136,"y":314,"color":"red","penSize":5}
{"x":133,"y":314,"color":"red","penSize":5}
{"x":132,"y":314,"color":"red","penSize":5}
{"x":130,"y":314,"color":"red","penSize":5}
{"x":129,"y":314,"color":"red","penSize":5}
{"x":128,"y":314,"color":"red","penSize":5}
{"x":127,"y":314,"color":"red","penSize":5}
{"x":126,"y":314,"color":"red","penSize":5}
{"x":126,"y":314,"color":"red","penSize":5}
{"x":125,"y":314,"color":"red","penSize":5}
{"x":125,"y":314,"color":"red","penSize":5}
{"x":125,"y":314,"color":"red","penSize":5}
{"x":124,"y":314,"color":"red","penSize":5}
{"x":124,"y":314,"color":"red","penSize":5}
{"x":124,"y":314,"color":"red","penSize":5}
{"x":122,"y":314,"color":"red","penSize":5}
{"x":119,"y":314,"color":"red","penSize":5}
{"x":118,"y":314,"color":"red","penSize":5}
{"x":116,"y":314,"color":"red","penSize":5}
{"x":113,"y":315,"color":"red","penSize":5}
{"x":111,"y":315,"color":"red","penSize":5}
{"x":108,"y":316,"color":"red","penSize":5}
{"x":107,"y":316,"color":"red","penSize":5}
{"x":105,"y":317,"color":"red","penSize":5}
{"x":104,"y":317,"color":"red","penSize":5}
{"x":103,"y":317,"color":"red","penSize":5}
{"x":103,"y":317,"color":"red","penSize":5}
{"x":103,"y":317,"color":"red","penSize":5}
{"x":102,"y":317,"color":"red","penSize":5}
{}
{}
{"x":98,"y":230,"color":"red","penSize":5}
{"x":98,"y":232,"color":"red","penSize":5}
{"x":98,"y":235,"color":"red","penSize":5}
{"x":98,"y":238,"color":"red","penSize":5}
{"x":98,"y":242,"color":"red","penSize":5}
{"x":98,"y":244,"color":"red","penSize":5}
{"x":98,"y":247,"color":"red","penSize":5}
{"x":98,"y":249,"color":"red","penSize":5}
{"x":98,"y":252,"color":"red","penSize":5}
{"x":98,"y":253,"color":"red","penSize":5}
{"x":98,"y":254,"color":"red","penSize":5}
{"x":98,"y":256,"color":"red","penSize":5}
{"x":98,"y":256,"color":"red","penSize":5}
{"x":98,"y":257,"color":"red","penSize":5}
{"x":98,"y":257,"color":"red","penSize":5}
{"x":98,"y":258,"color":"red","penSize":5}
{"x":98,"y":258,"color":"red","penSize":5}
{"x":98,"y":259,"color":"red","penSize":5}
{"x":98,"y":261,"color":"red","penSize":5}
{"x":98,"y":261,"color":"red","penSize":5}
{"x":98,"y":262,"color":"red","penSize":5}
{"x":98,"y":263,"color":"red","penSize":5}
{"x":98,"y":263,"color":"red","penSize":5}
{"x":98,"y":263,"color":"red","penSize":5}
{"x":98,"y":264,"color":"red","penSize":5}
{"x":98,"y":264,"color":"red","penSize":5}
{"x":98,"y":264,"color":"red","penSize":5}
{"x":98,"y":265,"color":"red","penSize":5}
{"x":98,"y":265,"color":"red","penSize":5}
{"x":98,"y":265,"color":"red","penSize":5}
{"x":99,"y":265,"color":"red","penSize":5}
{"x":99,"y":265,"color":"red","penSize":5}
{"x":99,"y":266,"color":"red","penSize":5}
{"x":100,"y":266,"color":"red","penSize":5}
{"x":100,"y":266,"color":"red","penSize":5}
{"x":101,"y":267,"color":"red","penSize":5}
{"x":101,"y":267,"color":"red","penSize":5}
{"x":101,"y":267,"color":"red","penSize":5}
{"x":101,"y":267,"color":"red","penSize":5}
{"x":102,"y":268,"color":"red","penSize":5}
{"x":102,"y":268,"color":"red","penSize":5}
{"x":102,"y":269,"color":"red","penSize":5}
{"x":102,"y":269,"color":"red","penSize":5}
{"x":102,"y":270,"color":"red","penSize":5}
{"x":102,"y":272,"color":"red","penSize":5}
{"x":102,"y":273,"color":"red","penSize":5}
{"x":103,"y":274,"color":"red","penSize":5}
{"x":103,"y":275,"color":"red","penSize":5}
{"x":103,"y":275,"color":"red","penSize":5}
{"x":103,"y":276,"color":"red","penSize":5}
{"x":103,"y":276,"color":"red","penSize":5}
{"x":103,"y":277,"color":"red","penSize":5}
{"x":103,"y":277,"color":"red","penSize":5}
{"x":103,"y":277,"color":"red","penSize":5}
{"x":103,"y":278,"color":"red","penSize":5}
{"x":103,"y":278,"color":"red","penSize":5}
{"x":103,"y":277,"color":"red","penSize":5}
{"x":103,"y":277,"color":"red","penSize":5}
{}
{"x":119,"y":284,"color":"red","penSize":5}
{"x":119,"y":285,"color":"red","penSize":5}
{"x":119,"y":288,"color":"red","penSize":5}
{"x":119,"y":289,"color":"red","penSize":5}
{"x":119,"y":291,"color":"red","penSize":5}
{"x":119,"y":295,"color":"red","penSize":5}
{"x":119,"y":298,"color":"red","penSize":5}
{"x":119,"y":300,"color":"red","penSize":5}
{"x":119,"y":303,"color":"red","penSize":5}
{"x":119,"y":305,"color":"red","penSize":5}
{"x":119,"y":308,"color":"red","penSize":5}
{"x":119,"y":310,"color":"red","penSize":5}
{"x":119,"y":311,"color":"red","penSize":5}
{"x":119,"y":314,"color":"red","penSize":5}
{"x":119,"y":315,"color":"red","penSize":5}
{"x":119,"y":317,"color":"red","penSize":5}
{"x":119,"y":319,"color":"red","penSize":5}
{"x":119,"y":321,"color":"red","penSize":5}
{"x":118,"y":322,"color":"red","penSize":5}
{"x":118,"y":323,"color":"red","penSize":5}
{"x":118,"y":325,"color":"red","penSize":5}
{"x":118,"y":326,"color":"red","penSize":5}
{"x":118,"y":327,"color":"red","penSize":5}
{"x":117,"y":329,"color":"red","penSize":5}
{"x":117,"y":330,"color":"red","penSize":5}
{"x":117,"y":332,"color":"red","penSize":5}
{"x":117,"y":333,"color":"red","penSize":5}
{"x":117,"y":335,"color":"red","penSize":5}
{"x":117,"y":337,"color":"red","penSize":5}
{"x":116,"y":339,"color":"red","penSize":5}
{"x":116,"y":341,"color":"red","penSize":5}
{"x":116,"y":342,"color":"red","penSize":5}
{"x":115,"y":343,"color":"red","penSize":5}
{"x":115,"y":344,"color":"red","penSize":5}
{"x":115,"y":345,"color":"red","penSize":5}
{"x":115,"y":345,"color":"red","penSize":5}
{"x":115,"y":346,"color":"red","penSize":5}
{"x":115,"y":346,"color":"red","penSize":5}
{"x":114,"y":347,"color":"red","penSize":5}
{"x":114,"y":347,"color":"red","penSize":5}
{"x":114,"y":347,"color":"red","penSize":5}
{"x":114,"y":348,"color":"red","penSize":5}
{"x":114,"y":348,"color":"red","penSize":5}
{"x":113,"y":348,"color":"red","penSize":5}
{"x":113,"y":348,"color":"red","penSize":5}
{"x":111,"y":349,"color":"red","penSize":5}
{"x":110,"y":350,"color":"red","penSize":5}
{"x":110,"y":350,"color":"red","penSize":5}
{"x":108,"y":351,"color":"red","penSize":5}
{"x":107,"y":352,"color":"red","penSize":5}
{"x":106,"y":352,"color":"red","penSize":5}
{"x":105,"y":353,"color":"red","penSize":5}
{"x":103,"y":353,"color":"red","penSize":5}
{"x":102,"y":353,"color":"red","penSize":5}
{"x":102,"y":353,"color":"red","penSize":5}
{"x":101,"y":353,"color":"red","penSize":5}
{"x":101,"y":353,"color":"red","penSize":5}
{"x":100,"y":353,"color":"red","penSize":5}
{"x":99,"y":353,"color":"red","penSize":5}
{"x":99,"y":353,"color":"red","penSize":5}
{"x":98,"y":353,"color":"red","penSize":5}
{"x":98,"y":353,"color":"red","penSize":5}
{"x":97,"y":353,"color":"red","penSize":5}
{"x":97,"y":353,"color":"red","penSize":5}
{"x":96,"y":353,"color":"red","penSize":5}
{"x":96,"y":352,"color":"red","penSize":5}
{"x":96,"y":352,"color":"red","penSize":5}
{"x":95,"y":352,"color":"red","penSize":5}
{"x":95,"y":351,"color":"red","penSize":5}
{"x":95,"y":351,"color":"red","penSize":5}
{"x":94,"y":351,"color":"red","penSize":5}
{"x":93,"y":351,"color":"red","penSize":5}
{"x":93,"y":350,"color":"red","penSize":5}
{"x":92,"y":350,"color":"red","penSize":5}
{"x":91,"y":350,"color":"red","penSize":5}
{"x":91,"y":350,"color":"red","penSize":5}
{"x":91,"y":350,"color":"red","penSize":5}
{"x":90,"y":349,"color":"red","penSize":5}
{"x":90,"y":349,"color":"red","penSize":5}
{"x":90,"y":349,"color":"red","penSize":5}
{"x":90,"y":349,"color":"red","penSize":5}
{"x":90,"y":348,"color":"red","penSize":5}
{"x":90,"y":348,"color":"red","penSize":5}
{"x":91,"y":348,"color":"red","penSize":5}
{"x":91,"y":348,"color":"red","penSize":5}
{"x":91,"y":348,"color":"red","penSize":5}
{"x":91,"y":348,"color":"red","penSize":5}
{"x":92,"y":348,"color":"red","penSize":5}
{"x":92,"y":348,"color":"red","penSize":5}
{"x":92,"y":348,"color":"red","penSize":5}
{"x":93,"y":348,"color":"red","penSize":5}
{"x":93,"y":348,"color":"red","penSize":5}
{"x":93,"y":348,"color":"red","penSize":5}
{"x":94,"y":348,"color":"red","penSize":5}
{"x":94,"y":348,"color":"red","penSize":5}
{"x":94,"y":348,"color":"red","penSize":5}
{"x":94,"y":349,"color":"red","penSize":5}
{"x":95,"y":349,"color":"red","penSize":5}
{}
{}
{}
{"x":136,"y":46,"color":"red","penSize":5}
{"x":136,"y":46,"color":"red","penSize":5}
{"x":136,"y":46,"color":"red","penSize":5}
{"x":136,"y":46,"color":"red","penSize":5}
{"x":136,"y":46,"color":"red","penSize":5}
{"x":136,"y":46,"color":"red","penSize":5}
{"x":136,"y":46,"color":"red","penSize":5}
{"x":136,"y":46,"color":"red","penSize":5}
{"x":136,"y":46,"color":"red","penSize":5}
{"x":136,"y":46,"color":"red","penSize":5}
{"x":136,"y":46,"color":"red","penSize":5}
{"x":136,"y":46,"color":"red","penSize":5}
{"x":136,"y":46,"color":"red","penSize":5}
{"x":136,"y":46,"color":"red","penSize":5}
{"x":136,"y":46,"color":"red","penSize":5}
{"x":136,"y":46,"color":"red","penSize":5}
{}
{}
{}
{}
{}
{"x":97,"y":233,"color":"#333","penSize":5}
{"x":97,"y":233,"color":"#333","penSize":5}
{"x":99,"y":234,"color":"#333","penSize":5}
{"x":99,"y":235,"color":"#333","penSize":5}
{"x":99,"y":236,"color":"#333","penSize":5}
{"x":100,"y":236,"color":"#333","penSize":5}
{"x":100,"y":238,"color":"#333","penSize":5}
{"x":100,"y":238,"color":"#333","penSize":5}
{"x":100,"y":238,"color":"#333","penSize":5}
{"x":101,"y":239,"color":"#333","penSize":5}
{"x":101,"y":239,"color":"#333","penSize":5}
{"x":101,"y":239,"color":"#333","penSize":5}
{"x":101,"y":239,"color":"#333","penSize":5}
{"x":101,"y":239,"color":"#333","penSize":5}
{"x":101,"y":239,"color":"#333","penSize":5}
{"x":101,"y":240,"color":"#333","penSize":5}
{"x":101,"y":240,"color":"#333","penSize":5}
{"x":101,"y":240,"color":"#333","penSize":5}
{"x":101,"y":241,"color":"#333","penSize":5}
{"x":101,"y":241,"color":"#333","penSize":5}
{"x":101,"y":241,"color":"#333","penSize":5}
{"x":101,"y":241,"color":"#333","penSize":5}
{"x":101,"y":242,"color":"#333","penSize":5}
{"x":100,"y":242,"color":"#333","penSize":5}
{"x":100,"y":242,"color":"#333","penSize":5}
{"x":100,"y":242,"color":"#333","penSize":5}
{"x":100,"y":242,"color":"#333","penSize":5}
{"x":99,"y":243,"color":"#333","penSize":5}
{"x":99,"y":243,"color":"#333","penSize":5}
{"x":99,"y":244,"color":"#333","penSize":5}
{"x":99,"y":245,"color":"#333","penSize":5}
{"x":98,"y":246,"color":"#333","penSize":5}
{"x":97,"y":246,"color":"#333","penSize":5}
{"x":96,"y":247,"color":"#333","penSize":5}
{"x":96,"y":248,"color":"#333","penSize":5}
{"x":95,"y":248,"color":"#333","penSize":5}
{"x":95,"y":249,"color":"#333","penSize":5}
{"x":95,"y":249,"color":"#333","penSize":5}
{"x":95,"y":249,"color":"#333","penSize":5}
{"x":95,"y":249,"color":"#333","penSize":5}
{"x":95,"y":249,"color":"#333","penSize":5}
{"x":95,"y":249,"color":"#333","penSize":5}
{"x":95,"y":250,"color":"#333","penSize":5}
{"x":95,"y":250,"color":"#333","penSize":5}
{"x":95,"y":250,"color":"#333","penSize":5}
{"x":96,"y":250,"color":"#333","penSize":5}
{"x":96,"y":251,"color":"#333","penSize":5}
{"x":96,"y":251,"color":"#333","penSize":5}
{"x":96,"y":251,"color":"#333","penSize":5}
{"x":96,"y":253,"color":"#333","penSize":5}
{"x":96,"y":254,"color":"#333","penSize":5}
{"x":96,"y":255,"color":"#333","penSize":5}
{"x":96,"y":257,"color":"#333","penSize":5}
{"x":97,"y":259,"color":"#333","penSize":5}
{"x":97,"y":260,"color":"#333","penSize":5}
{"x":97,"y":261,"color":"#333","penSize":5}
{"x":97,"y":263,"color":"#333","penSize":5}
{"x":97,"y":264,"color":"#333","penSize":5}
{"x":97,"y":264,"color":"#333","penSize":5}
{"x":97,"y":265,"color":"#333","penSize":5}
{"x":97,"y":265,"color":"#333","penSize":5}
{"x":97,"y":265,"color":"#333","penSize":5}
{"x":97,"y":266,"color":"#333","penSize":5}
{"x":97,"y":265,"color":"#333","penSize":5}
{}
{}
{"x":119,"y":276,"color":"#333","penSize":5}
{"x":119,"y":278,"color":"#333","penSize":5}
{"x":119,"y":279,"color":"#333","penSize":5}
{"x":119,"y":281,"color":"#333","penSize":5}
{"x":119,"y":284,"color":"#333","penSize":5}
{"x":119,"y":285,"color":"#333","penSize":5}
{"x":119,"y":288,"color":"#333","penSize":5}
{"x":119,"y":289,"color":"#333","penSize":5}
{"x":119,"y":292,"color":"#333","penSize":5}
{"x":119,"y":294,"color":"#333","penSize":5}
{"x":119,"y":295,"color":"#333","penSize":5}
{"x":119,"y":297,"color":"#333","penSize":5}
{"x":119,"y":298,"color":"#333","penSize":5}
{"x":119,"y":299,"color":"#333","penSize":5}
{"x":119,"y":299,"color":"#333","penSize":5}
{"x":119,"y":301,"color":"#333","penSize":5}
{"x":119,"y":301,"color":"#333","penSize":5}
{"x":119,"y":302,"color":"#333","penSize":5}
{"x":119,"y":304,"color":"#333","penSize":5}
{"x":118,"y":305,"color":"#333","penSize":5}
{"x":118,"y":306,"color":"#333","penSize":5}
{"x":118,"y":308,"color":"#333","penSize":5}
{"x":117,"y":309,"color":"#333","penSize":5}
{"x":117,"y":312,"color":"#333","penSize":5}
{"x":116,"y":314,"color":"#333","penSize":5}
{"x":116,"y":318,"color":"#333","penSize":5}
{"x":115,"y":320,"color":"#333","penSize":5}
{"x":115,"y":323,"color":"#333","penSize":5}
{"x":114,"y":325,"color":"#333","penSize":5}
{"x":113,"y":329,"color":"#333","penSize":5}
{"x":113,"y":330,"color":"#333","penSize":5}
{"x":112,"y":332,"color":"#333","penSize":5}
{"x":111,"y":334,"color":"#333","penSize":5}
{"x":110,"y":336,"color":"#333","penSize":5}
{"x":109,"y":337,"color":"#333","penSize":5}
{"x":109,"y":338,"color":"#333","penSize":5}
{"x":108,"y":339,"color":"#333","penSize":5}
{"x":108,"y":339,"color":"#333","penSize":5}
{"x":107,"y":339,"color":"#333","penSize":5}
{"x":107,"y":339,"color":"#333","penSize":5}
{"x":107,"y":340,"color":"#333","penSize":5}
{"x":106,"y":340,"color":"#333","penSize":5}
{"x":106,"y":340,"color":"#333","penSize":5}
{"x":106,"y":340,"color":"#333","penSize":5}
{"x":105,"y":340,"color":"#333","penSize":5}
{"x":105,"y":341,"color":"#333","penSize":5}
{"x":105,"y":341,"color":"#333","penSize":5}
{"x":105,"y":341,"color":"#333","penSize":5}
{"x":104,"y":341,"color":"#333","penSize":5}
{"x":104,"y":341,"color":"#333","penSize":5}
{"x":103,"y":341,"color":"#333","penSize":5}
{"x":102,"y":342,"color":"#333","penSize":5}
{"x":102,"y":342,"color":"#333","penSize":5}
{"x":101,"y":342,"color":"#333","penSize":5}
{"x":100,"y":343,"color":"#333","penSize":5}
{"x":100,"y":343,"color":"#333","penSize":5}
{"x":99,"y":343,"color":"#333","penSize":5}
{"x":99,"y":344,"color":"#333","penSize":5}
{"x":99,"y":344,"color":"#333","penSize":5}
{"x":99,"y":344,"color":"#333","penSize":5}
{"x":98,"y":344,"color":"#333","penSize":5}
{"x":98,"y":344,"color":"#333","penSize":5}
{"x":98,"y":344,"color":"#333","penSize":5}
{"x":97,"y":344,"color":"#333","penSize":5}
{"x":97,"y":344,"color":"#333","penSize":5}
{"x":97,"y":344,"color":"#333","penSize":5}
{"x":96,"y":344,"color":"#333","penSize":5}
{"x":96,"y":344,"color":"#333","penSize":5}
{"x":96,"y":344,"color":"#333","penSize":5}
{"x":95,"y":344,"color":"#333","penSize":5}
{"x":95,"y":344,"color":"#333","penSize":5}
{"x":95,"y":344,"color":"#333","penSize":5}
{"x":94,"y":344,"color":"#333","penSize":5}
{}
{}
{}
{"x":110,"y":304,"color":"#333","penSize":5}
{"x":111,"y":304,"color":"#333","penSize":5}
{"x":111,"y":304,"color":"#333","penSize":5}
{"x":111,"y":304,"color":"#333","penSize":5}
{"x":112,"y":304,"color":"#333","penSize":5}
{"x":112,"y":304,"color":"#333","penSize":5}
{"x":112,"y":304,"color":"#333","penSize":5}
{"x":112,"y":305,"color":"#333","penSize":5}
{"x":112,"y":305,"color":"#333","penSize":5}
{"x":112,"y":306,"color":"#333","penSize":5}
{"x":112,"y":307,"color":"#333","penSize":5}
{"x":112,"y":308,"color":"#333","penSize":5}
{"x":112,"y":309,"color":"#333","penSize":5}
{"x":112,"y":310,"color":"#333","penSize":5}
{"x":112,"y":311,"color":"#333","penSize":5}
{"x":112,"y":313,"color":"#333","penSize":5}
{"x":111,"y":314,"color":"#333","penSize":5}
{"x":110,"y":316,"color":"#333","penSize":5}
{"x":109,"y":317,"color":"#333","penSize":5}
{"x":109,"y":319,"color":"#333","penSize":5}
{"x":108,"y":320,"color":"#333","penSize":5}
{"x":107,"y":321,"color":"#333","penSize":5}
{"x":106,"y":322,"color":"#333","penSize":5}
{"x":105,"y":323,"color":"#333","penSize":5}
{"x":104,"y":324,"color":"#333","penSize":5}
{"x":103,"y":324,"color":"#333","penSize":5}
{"x":103,"y":325,"color":"#333","penSize":5}
{"x":102,"y":325,"color":"#333","penSize":5}
{"x":101,"y":326,"color":"#333","penSize":5}
{"x":101,"y":327,"color":"#333","penSize":5}
{"x":100,"y":327,"color":"#333","penSize":5}
{"x":100,"y":328,"color":"#333","penSize":5}
{"x":99,"y":328,"color":"#333","penSize":5}
{"x":99,"y":328,"color":"#333","penSize":5}
{"x":99,"y":329,"color":"#333","penSize":5}
{"x":99,"y":329,"color":"#333","penSize":5}
{"x":99,"y":329,"color":"#333","penSize":5}
{"x":99,"y":329,"color":"#333","penSize":5}
{"x":98,"y":329,"color":"#333","penSize":5}
{"x":98,"y":329,"color":"#333","penSize":5}
{}
{}
{}
{}
{"x":110,"y":302,"color":"#333","penSize":5}
{"x":114,"y":302,"color":"#333","penSize":5}
{"x":118,"y":302,"color":"#333","penSize":5}
{"x":122,"y":302,"color":"#333","penSize":5}
{"x":129,"y":302,"color":"#333","penSize":5}
{"x":137,"y":302,"color":"#333","penSize":5}
{"x":147,"y":302,"color":"#333","penSize":5}
{"x":157,"y":302,"color":"#333","penSize":5}
{"x":167,"y":302,"color":"#333","penSize":5}
{"x":177,"y":301,"color":"#333","penSize":5}
{"x":188,"y":300,"color":"#333","penSize":5}
{"x":199,"y":299,"color":"#333","penSize":5}
{"x":210,"y":298,"color":"#333","penSize":5}
{"x":221,"y":296,"color":"#333","penSize":5}
{"x":227,"y":296,"color":"#333","penSize":5}
{"x":242,"y":295,"color":"#333","penSize":5}
{"x":248,"y":295,"color":"#333","penSize":5}
{"x":256,"y":295,"color":"#333","penSize":5}
{"x":265,"y":295,"color":"#333","penSize":5}
{"x":271,"y":295,"color":"#333","penSize":5}
{"x":278,"y":295,"color":"#333","penSize":5}
{"x":284,"y":295,"color":"#333","penSize":5}
{"x":286,"y":295,"color":"#333","penSize":5}
{"x":290,"y":295,"color":"#333","penSize":5}
{"x":293,"y":295,"color":"#333","penSize":5}
{"x":296,"y":295,"color":"#333","penSize":5}
{"x":299,"y":295,"color":"#333","penSize":5}
{"x":300,"y":295,"color":"#333","penSize":5}
{"x":302,"y":295,"color":"#333","penSize":5}
{"x":303,"y":295,"color":"#333","penSize":5}
{"x":305,"y":295,"color":"#333","penSize":5}
{"x":306,"y":295,"color":"#333","penSize":5}
{"x":307,"y":295,"color":"#333","penSize":5}
{"x":307,"y":295,"color":"#333","penSize":5}
{"x":308,"y":295,"color":"#333","penSize":5}
{"x":308,"y":295,"color":"#333","penSize":5}
{"x":308,"y":295,"color":"#333","penSize":5}
{"x":309,"y":295,"color":"#333","penSize":5}
{"x":309,"y":295,"color":"#333","penSize":5}
{"x":309,"y":295,"color":"#333","penSize":5}
{"x":309,"y":295,"color":"#333","penSize":5}
{"x":309,"y":295,"color":"#333","penSize":5}
{"x":310,"y":295,"color":"#333","penSize":5}
{"x":310,"y":295,"color":"#333","penSize":5}
{"x":312,"y":295,"color":"#333","penSize":5}
{"x":314,"y":295,"color":"#333","penSize":5}
{"x":315,"y":295,"color":"#333","penSize":5}
{"x":318,"y":295,"color":"#333","penSize":5}
{"x":319,"y":295,"color":"#333","penSize":5}
{"x":322,"y":295,"color":"#333","penSize":5}
{"x":323,"y":295,"color":"#333","penSize":5}
{"x":326,"y":295,"color":"#333","penSize":5}
{"x":328,"y":295,"color":"#333","penSize":5}
{"x":329,"y":295,"color":"#333","penSize":5}
{"x":332,"y":295,"color":"#333","penSize":5}
{"x":334,"y":295,"color":"#333","penSize":5}
{"x":336,"y":295,"color":"#333","penSize":5}
{"x":338,"y":295,"color":"#333","penSize":5}
{"x":339,"y":295,"color":"#333","penSize":5}
{"x":339,"y":295,"color":"#333","penSize":5}
{"x":340,"y":295,"color":"#333","penSize":5}
{"x":340,"y":295,"color":"#333","penSize":5}
{"x":341,"y":295,"color":"#333","penSize":5}
{"x":341,"y":295,"color":"#333","penSize":5}
{"x":341,"y":295,"color":"#333","penSize":5}
{"x":342,"y":295,"color":"#333","penSize":5}
{}
{}
{}
{"x":110,"y":323,"color":"#333","penSize":5}
{"x":113,"y":323,"color":"#333","penSize":5}
{"x":117,"y":323,"color":"#333","penSize":5}
{"x":120,"y":323,"color":"#333","penSize":5}
{"x":124,"y":323,"color":"#333","penSize":5}
{"x":129,"y":323,"color":"#333","penSize":5}
{"x":133,"y":323,"color":"#333","penSize":5}
{"x":137,"y":323,"color":"#333","penSize":5}
{"x":140,"y":323,"color":"#333","penSize":5}
{"x":144,"y":323,"color":"#333","penSize":5}
{"x":148,"y":323,"color":"#333","penSize":5}
{"x":152,"y":323,"color":"#333","penSize":5}
{"x":157,"y":323,"color":"#333","penSize":5}
{"x":161,"y":323,"color":"#333","penSize":5}
{"x":166,"y":323,"color":"#333","penSize":5}
{"x":170,"y":323,"color":"#333","penSize":5}
{"x":173,"y":323,"color":"#333","penSize":5}
{"x":177,"y":323,"color":"#333","penSize":5}
{"x":179,"y":323,"color":"#333","penSize":5}
{"x":183,"y":323,"color":"#333","penSize":5}
{"x":185,"y":323,"color":"#333","penSize":5}
{"x":188,"y":323,"color":"#333","penSize":5}
{"x":189,"y":323,"color":"#333","penSize":5}
{"x":190,"y":323,"color":"#333","penSize":5}
{"x":193,"y":323,"color":"#333","penSize":5}
{"x":194,"y":322,"color":"#333","penSize":5}
{"x":197,"y":322,"color":"#333","penSize":5}
{"x":199,"y":322,"color":"#333","penSize":5}
{"x":201,"y":321,"color":"#333","penSize":5}
{"x":203,"y":321,"color":"#333","penSize":5}
{"x":205,"y":320,"color":"#333","penSize":5}
{"x":207,"y":320,"color":"#333","penSize":5}
{"x":209,"y":320,"color":"#333","penSize":5}
{"x":211,"y":319,"color":"#333","penSize":5}
{"x":213,"y":319,"color":"#333","penSize":5}
{"x":215,"y":319,"color":"#333","penSize":5}
{"x":217,"y":319,"color":"#333","penSize":5}
{"x":219,"y":318,"color":"#333","penSize":5}
{"x":222,"y":317,"color":"#333","penSize":5}
{"x":224,"y":317,"color":"#333","penSize":5}
{"x":227,"y":316,"color":"#333","penSize":5}
{"x":229,"y":316,"color":"#333","penSize":5}
{"x":231,"y":316,"color":"#333","penSize":5}
{"x":233,"y":316,"color":"#333","penSize":5}
{"x":235,"y":316,"color":"#333","penSize":5}
{"x":237,"y":315,"color":"#333","penSize":5}
{"x":239,"y":315,"color":"#333","penSize":5}
{"x":239,"y":315,"color":"#333","penSize":5}
{"x":241,"y":315,"color":"#333","penSize":5}
{"x":242,"y":315,"color":"#333","penSize":5}
{"x":242,"y":315,"color":"#333","penSize":5}
{"x":243,"y":315,"color":"#333","penSize":5}
{"x":244,"y":315,"color":"#333","penSize":5}
{"x":244,"y":315,"color":"#333","penSize":5}
{"x":245,"y":315,"color":"#333","penSize":5}
{"x":246,"y":315,"color":"#333","penSize":5}
{"x":246,"y":315,"color":"#333","penSize":5}
{"x":246,"y":315,"color":"#333","penSize":5}
{"x":246,"y":315,"color":"#333","penSize":5}
{"x":247,"y":315,"color":"#333","penSize":5}
{"x":247,"y":315,"color":"#333","penSize":5}
{}
{"x":323,"y":320,"color":"#333","penSize":5}
{"x":321,"y":320,"color":"#333","penSize":5}
{"x":319,"y":320,"color":"#333","penSize":5}
{"x":316,"y":320,"color":"#333","penSize":5}
{"x":311,"y":320,"color":"#333","penSize":5}
{"x":307,"y":320,"color":"#333","penSize":5}
{"x":300,"y":320,"color":"#333","penSize":5}
{"x":293,"y":320,"color":"#333","penSize":5}
{"x":288,"y":320,"color":"#333","penSize":5}
{"x":282,"y":320,"color":"#333","penSize":5}
{"x":279,"y":320,"color":"#333","penSize":5}
{"x":275,"y":320,"color":"#333","penSize":5}
{"x":271,"y":320,"color":"#333","penSize":5}
{"x":269,"y":320,"color":"#333","penSize":5}
{"x":266,"y":320,"color":"#333","penSize":5}
{"x":264,"y":320,"color":"#333","penSize":5}
{"x":261,"y":321,"color":"#333","penSize":5}
{"x":259,"y":321,"color":"#333","penSize":5}
{"x":258,"y":321,"color":"#333","penSize":5}
{"x":256,"y":321,"color":"#333","penSize":5}
{"x":255,"y":321,"color":"#333","penSize":5}
{"x":253,"y":321,"color":"#333","penSize":5}
{"x":251,"y":321,"color":"#333","penSize":5}
{"x":249,"y":321,"color":"#333","penSize":5}
{"x":249,"y":321,"color":"#333","penSize":5}
{"x":248,"y":321,"color":"#333","penSize":5}
{"x":246,"y":321,"color":"#333","penSize":5}
{"x":245,"y":321,"color":"#333","penSize":5}
{"x":244,"y":321,"color":"#333","penSize":5}
{"x":242,"y":321,"color":"#333","penSize":5}
{"x":240,"y":321,"color":"#333","penSize":5}
{"x":239,"y":321,"color":"#333","penSize":5}
{"x":238,"y":322,"color":"#333","penSize":5}
{"x":236,"y":322,"color":"#333","penSize":5}
{"x":235,"y":322,"color":"#333","penSize":5}
{"x":233,"y":323,"color":"#333","penSize":5}
{"x":231,"y":323,"color":"#333","penSize":5}
{"x":229,"y":323,"color":"#333","penSize":5}
{"x":229,"y":323,"color":"#333","penSize":5}
{"x":228,"y":324,"color":"#333","penSize":5}
{"x":226,"y":324,"color":"#333","penSize":5}
{"x":225,"y":325,"color":"#333","penSize":5}
{"x":224,"y":325,"color":"#333","penSize":5}
{"x":222,"y":325,"color":"#333","penSize":5}
{"x":221,"y":325,"color":"#333","penSize":5}
{"x":220,"y":326,"color":"#333","penSize":5}
{"x":219,"y":326,"color":"#333","penSize":5}
{"x":217,"y":327,"color":"#333","penSize":5}
{"x":216,"y":327,"color":"#333","penSize":5}
{"x":214,"y":327,"color":"#333","penSize":5}
{"x":213,"y":327,"color":"#333","penSize":5}
{"x":211,"y":327,"color":"#333","penSize":5}
{"x":210,"y":327,"color":"#333","penSize":5}
{"x":209,"y":327,"color":"#333","penSize":5}
{"x":208,"y":327,"color":"#333","penSize":5}
{"x":207,"y":328,"color":"#333","penSize":5}
{"x":205,"y":328,"color":"#333","penSize":5}
{"x":204,"y":328,"color":"#333","penSize":5}
{"x":203,"y":328,"color":"#333","penSize":5}
{"x":202,"y":328,"color":"#333","penSize":5}
{"x":201,"y":328,"color":"#333","penSize":5}
{"x":201,"y":328,"color":"#333","penSize":5}
{"x":201,"y":328,"color":"#333","penSize":5}
{"x":200,"y":328,"color":"#333","penSize":5}
{"x":200,"y":328,"color":"#333","penSize":5}
{}
{}
{"x":133,"y":351,"color":"#333","penSize":5}
{"x":133,"y":349,"color":"#333","penSize":5}
{"x":131,"y":347,"color":"#333","penSize":5}
{"x":130,"y":341,"color":"#333","penSize":5}
{"x":128,"y":337,"color":"#333","penSize":5}
{"x":125,"y":331,"color":"#333","penSize":5}
{"x":122,"y":326,"color":"#333","penSize":5}
{"x":119,"y":319,"color":"#333","penSize":5}
{"x":117,"y":313,"color":"#333","penSize":5}
{"x":114,"y":308,"color":"#333","penSize":5}
{"x":113,"y":305,"color":"#333","penSize":5}
{"x":110,"y":299,"color":"#333","penSize":5}
{"x":108,"y":295,"color":"#333","penSize":5}
{"x":105,"y":289,"color":"#333","penSize":5}
{"x":103,"y":286,"color":"#333","penSize":5}
{"x":100,"y":281,"color":"#333","penSize":5}
{"x":99,"y":279,"color":"#333","penSize":5}
{"x":98,"y":278,"color":"#333","penSize":5}
{"x":96,"y":275,"color":"#333","penSize":5}
{"x":95,"y":273,"color":"#333","penSize":5}
{"x":93,"y":269,"color":"#333","penSize":5}
{"x":91,"y":268,"color":"#333","penSize":5}
{"x":90,"y":266,"color":"#333","penSize":5}
{"x":89,"y":263,"color":"#333","penSize":5}
{"x":89,"y":260,"color":"#333","penSize":5}
{"x":89,"y":259,"color":"#333","penSize":5}
{"x":88,"y":257,"color":"#333","penSize":5}
{"x":87,"y":255,"color":"#333","penSize":5}
{"x":87,"y":253,"color":"#333","penSize":5}
{"x":87,"y":252,"color":"#333","penSize":5}
{"x":86,"y":250,"color":"#333","penSize":5}
{"x":86,"y":249,"color":"#333","penSize":5}
{"x":86,"y":249,"color":"#333","penSize":5}
{"x":86,"y":248,"color":"#333","penSize":5}
{"x":86,"y":247,"color":"#333","penSize":5}
{"x":86,"y":246,"color":"#333","penSize":5}
{"x":85,"y":244,"color":"#333","penSize":5}
{"x":85,"y":243,"color":"#333","penSize":5}
{"x":85,"y":242,"color":"#333","penSize":5}
{"x":85,"y":241,"color":"#333","penSize":5}
{"x":85,"y":239,"color":"#333","penSize":5}
{"x":85,"y":239,"color":"#333","penSize":5}
{"x":85,"y":238,"color":"#333","penSize":5}
{"x":85,"y":237,"color":"#333","penSize":5}
{"x":85,"y":236,"color":"#333","penSize":5}
{"x":85,"y":236,"color":"#333","penSize":5}
{"x":85,"y":235,"color":"#333","penSize":5}
{"x":85,"y":234,"color":"#333","penSize":5}
{"x":85,"y":233,"color":"#333","penSize":5}
{"x":85,"y":233,"color":"#333","penSize":5}
{"x":85,"y":232,"color":"#333","penSize":5}
{"x":85,"y":231,"color":"#333","penSize":5}
{"x":85,"y":230,"color":"#333","penSize":5}
{"x":85,"y":229,"color":"#333","penSize":5}
{"x":85,"y":229,"color":"#333","penSize":5}
{"x":85,"y":229,"color":"#333","penSize":5}
{"x":85,"y":228,"color":"#333","penSize":5}
{"x":85,"y":228,"color":"#333","penSize":5}
{"x":85,"y":227,"color":"#333","penSize":5}
{"x":85,"y":227,"color":"#333","penSize":5}
{"x":85,"y":227,"color":"#333","penSize":5}
{"x":85,"y":226,"color":"#333","penSize":5}
{"x":85,"y":226,"color":"#333","penSize":5}
{"x":85,"y":226,"color":"#333","penSize":5}
{"x":85,"y":225,"color":"#333","penSize":5}
{"x":85,"y":225,"color":"#333","penSize":5}
{"x":85,"y":225,"color":"#333","penSize":5}
{"x":85,"y":224,"color":"#333","penSize":5}
{"x":85,"y":224,"color":"#333","penSize":5}
{"x":85,"y":224,"color":"#333","penSize":5}
{"x":85,"y":223,"color":"#333","penSize":5}
{"x":85,"y":223,"color":"#333","penSize":5}
{"x":85,"y":222,"color":"#333","penSize":5}
{"x":85,"y":222,"color":"#333","penSize":5}
{"x":85,"y":220,"color":"#333","penSize":5}
{"x":85,"y":219,"color":"#333","penSize":5}
{"x":85,"y":219,"color":"#333","penSize":5}
{"x":85,"y":218,"color":"#333","penSize":5}
{"x":85,"y":217,"color":"#333","penSize":5}
{"x":85,"y":216,"color":"#333","penSize":5}
{"x":85,"y":215,"color":"#333","penSize":5}
{"x":86,"y":214,"color":"#333","penSize":5}
{"x":86,"y":214,"color":"#333","penSize":5}
{"x":86,"y":214,"color":"#333","penSize":5}
{"x":86,"y":214,"color":"#333","penSize":5}
{"x":86,"y":214,"color":"#333","penSize":5}
{}
{}
{}
{"x":167,"y":371,"color":"#333","penSize":5}
{"x":168,"y":371,"color":"#333","penSize":5}
{"x":169,"y":371,"color":"#333","penSize":5}
{"x":170,"y":371,"color":"#333","penSize":5}
{"x":171,"y":371,"color":"#333","penSize":5}
{"x":173,"y":371,"color":"#333","penSize":5}
{"x":174,"y":371,"color":"#333","penSize":5}
{"x":175,"y":371,"color":"#333","penSize":5}
{"x":176,"y":371,"color":"#333","penSize":5}
{"x":176,"y":371,"color":"#333","penSize":5}
{"x":177,"y":371,"color":"#333","penSize":5}
{"x":177,"y":371,"color":"#333","penSize":5}
{"x":177,"y":371,"color":"#333","penSize":5}
{"x":176,"y":371,"color":"#333","penSize":5}
{}
{}
{}
{}
{"x":104,"y":295,"color":"#333","penSize":5}
{"x":105,"y":295,"color":"#333","penSize":5}
{"x":109,"y":295,"color":"#333","penSize":5}
{"x":114,"y":295,"color":"#333","penSize":5}
{"x":118,"y":295,"color":"#333","penSize":5}
{"x":122,"y":295,"color":"#333","penSize":5}
{"x":128,"y":295,"color":"#333","penSize":5}
{"x":133,"y":295,"color":"#333","penSize":5}
{"x":140,"y":295,"color":"#333","penSize":5}
{"x":147,"y":295,"color":"#333","penSize":5}
{"x":154,"y":295,"color":"#333","penSize":5}
{"x":162,"y":295,"color":"#333","penSize":5}
{"x":170,"y":295,"color":"#333","penSize":5}
{"x":179,"y":295,"color":"#333","penSize":5}
{"x":187,"y":297,"color":"#333","penSize":5}
{"x":195,"y":298,"color":"#333","penSize":5}
{"x":203,"y":299,"color":"#333","penSize":5}
{"x":210,"y":301,"color":"#333","penSize":5}
{"x":215,"y":302,"color":"#333","penSize":5}
{"x":221,"y":304,"color":"#333","penSize":5}
{"x":229,"y":306,"color":"#333","penSize":5}
{"x":235,"y":308,"color":"#333","penSize":5}
{"x":240,"y":309,"color":"#333","penSize":5}
{"x":247,"y":310,"color":"#333","penSize":5}
{"x":252,"y":312,"color":"#333","penSize":5}
{"x":257,"y":313,"color":"#333","penSize":5}
{"x":261,"y":314,"color":"#333","penSize":5}
{"x":266,"y":315,"color":"#333","penSize":5}
{"x":269,"y":316,"color":"#333","penSize":5}
{"x":273,"y":318,"color":"#333","penSize":5}
{"x":276,"y":319,"color":"#333","penSize":5}
{"x":278,"y":319,"color":"#333","penSize":5}
{"x":280,"y":319,"color":"#333","penSize":5}
{"x":283,"y":320,"color":"#333","penSize":5}
{"x":285,"y":320,"color":"#333","penSize":5}
{"x":287,"y":321,"color":"#333","penSize":5}
{"x":289,"y":322,"color":"#333","penSize":5}
{"x":290,"y":323,"color":"#333","penSize":5}
{"x":291,"y":323,"color":"#333","penSize":5}
{"x":293,"y":323,"color":"#333","penSize":5}
{"x":295,"y":324,"color":"#333","penSize":5}
{"x":296,"y":324,"color":"#333","penSize":5}
{"x":297,"y":325,"color":"#333","penSize":5}
{"x":299,"y":325,"color":"#333","penSize":5}
{"x":299,"y":326,"color":"#333","penSize":5}
{"x":301,"y":326,"color":"#333","penSize":5}
{"x":302,"y":326,"color":"#333","penSize":5}
{"x":303,"y":327,"color":"#333","penSize":5}
{"x":304,"y":327,"color":"#333","penSize":5}
{"x":305,"y":328,"color":"#333","penSize":5}
{"x":306,"y":328,"color":"#333","penSize":5}
{"x":306,"y":328,"color":"#333","penSize":5}
{"x":307,"y":328,"color":"#333","penSize":5}
{"x":308,"y":328,"color":"#333","penSize":5}
{"x":308,"y":328,"color":"#333","penSize":5}
{"x":308,"y":328,"color":"#333","penSize":5}
{"x":309,"y":328,"color":"#333","penSize":5}
{"x":309,"y":328,"color":"#333","penSize":5}
{"x":309,"y":328,"color":"#333","penSize":5}
{"x":309,"y":328,"color":"#333","penSize":5}
{"x":310,"y":328,"color":"#333","penSize":5}
{"x":312,"y":328,"color":"#333","penSize":5}
{"x":313,"y":328,"color":"#333","penSize":5}
{"x":315,"y":328,"color":"#333","penSize":5}
{"x":317,"y":328,"color":"#333","penSize":5}
{"x":319,"y":328,"color":"#333","penSize":5}
{"x":320,"y":328,"color":"#333","penSize":5}
{"x":322,"y":328,"color":"#333","penSize":5}
{"x":325,"y":328,"color":"#333","penSize":5}
{"x":326,"y":328,"color":"#333","penSize":5}
{"x":328,"y":327,"color":"#333","penSize":5}
{"x":330,"y":327,"color":"#333","penSize":5}
{"x":331,"y":327,"color":"#333","penSize":5}
{"x":333,"y":327,"color":"#333","penSize":5}
{"x":335,"y":327,"color":"#333","penSize":5}
{"x":336,"y":327,"color":"#333","penSize":5}
{"x":338,"y":327,"color":"#333","penSize":5}
{"x":339,"y":327,"color":"#333","penSize":5}
{"x":339,"y":327,"color":"#333","penSize":5}
{"x":340,"y":327,"color":"#333","penSize":5}
{"x":341,"y":327,"color":"#333","penSize":5}
{"x":342,"y":327,"color":"#333","penSize":5}
{"x":342,"y":327,"color":"#333","penSize":5}
{"x":343,"y":327,"color":"#333","penSize":5}
{"x":343,"y":327,"color":"#333","penSize":5}
{"x":343,"y":327,"color":"#333","penSize":5}
{"x":344,"y":327,"color":"#333","penSize":5}
{"x":344,"y":327,"color":"#333","penSize":5}
{}
{}
{}
