{}
{}
{"x":252,"y":427,"color":"red","penSize":5}
{"x":249,"y":423,"color":"red","penSize":5}
{"x":248,"y":419,"color":"red","penSize":5}
{"x":245,"y":413,"color":"red","penSize":5}
{"x":240,"y":406,"color":"red","penSize":5}
{"x":236,"y":398,"color":"red","penSize":5}
{"x":230,"y":390,"color":"red","penSize":5}
{"x":225,"y":383,"color":"red","penSize":5}
{"x":219,"y":373,"color":"red","penSize":5}
{"x":214,"y":364,"color":"red","penSize":5}
{"x":208,"y":357,"color":"red","penSize":5}
{"x":203,"y":349,"color":"red","penSize":5}
{"x":201,"y":345,"color":"red","penSize":5}
{"x":196,"y":338,"color":"red","penSize":5}
{"x":190,"y":328,"color":"red","penSize":5}
{"x":187,"y":324,"color":"red","penSize":5}
{"x":185,"y":321,"color":"red","penSize":5}
{"x":181,"y":315,"color":"red","penSize":5}
{"x":179,"y":312,"color":"red","penSize":5}
{"x":177,"y":309,"color":"red","penSize":5}
{"x":176,"y":308,"color":"red","penSize":5}
{"x":175,"y":307,"color":"red","penSize":5}
{"x":173,"y":305,"color":"red","penSize":5}
{"x":173,"y":304,"color":"red","penSize":5}
{"x":172,"y":303,"color":"red","penSize":5}
{"x":171,"y":302,"color":"red","penSize":5}
{"x":171,"y":302,"color":"red","penSize":5}
{"x":170,"y":301,"color":"red","penSize":5}
{"x":169,"y":300,"color":"red","penSize":5}
{"x":168,"y":300,"color":"red","penSize":5}
{"x":168,"y":300,"color":"red","penSize":5}
{"x":167,"y":299,"color":"red","penSize":5}
{"x":166,"y":298,"color":"red","penSize":5}
{"x":165,"y":298,"color":"red","penSize":5}
{"x":165,"y":298,"color":"red","penSize":5}
{"x":164,"y":297,"color":"red","penSize":5}
{"x":164,"y":297,"color":"red","penSize":5}
{"x":163,"y":297,"color":"red","penSize":5}
{"x":163,"y":297,"color":"red","penSize":5}
{"x":162,"y":296,"color":"red","penSize":5}
{"x":162,"y":296,"color":"red","penSize":5}
{"x":162,"y":296,"color":"red","penSize":5}
{"x":161,"y":296,"color":"red","penSize":5}
{"x":161,"y":295,"color":"red","penSize":5}
{"x":161,"y":295,"color":"red","penSize":5}
{"x":160,"y":295,"color":"red","penSize":5}
{"x":160,"y":295,"color":"red","penSize":5}
{"x":160,"y":294,"color":"red","penSize":5}
{}
{}
{}
{}
{"x":216,"y":264,"color":"#333","penSize":5}
{"x":218,"y":264,"color":"#333","penSize":5}
{"x":219,"y":264,"color":"#333","penSize":5}
{"x":221,"y":264,"color":"#333","penSize":5}
{"x":225,"y":266,"color":"#333","penSize":5}
{"x":229,"y":268,"color":"#333","penSize":5}
{"x":233,"y":271,"color":"#333","penSize":5}
{"x":237,"y":275,"color":"#333","penSize":5}
{"x":241,"y":279,"color":"#333","penSize":5}
{"x":243,"y":282,"color":"#333","penSize":5}
{"x":248,"y":287,"color":"#333","penSize":5}
{"x":252,"y":292,"color":"#333","penSize":5}
{"x":256,"y":295,"color":"#333","penSize":5}
{"x":260,"y":299,"color":"#333","penSize":5}
{"x":262,"y":302,"color":"#333","penSize":5}
{"x":266,"y":306,"color":"#333","penSize":5}
{"x":269,"y":309,"color":"#333","penSize":5}
{"x":272,"y":312,"color":"#333","penSize":5}
{"x":274,"y":315,"color":"#333","penSize":5}
{"x":277,"y":318,"color":"#333","penSize":5}
{"x":279,"y":320,"color":"#333","penSize":5}
{"x":282,"y":323,"color":"#333","penSize":5}
{"x":284,"y":326,"color":"#333","penSize":5}
{"x":284,"y":328,"color":"#333","penSize":5}
{"x":287,"y":332,"color":"#333","penSize":5}
{"x":288,"y":333,"color":"#333","penSize":5}
{"x":289,"y":335,"color":"#333","penSize":5}
{"x":290,"y":337,"color":"#333","penSize":5}
{"x":291,"y":338,"color":"#333","penSize":5}
{"x":292,"y":339,"color":"#333","penSize":5}
{"x":292,"y":341,"color":"#333","penSize":5}
{"x":292,"y":342,"color":"#333","penSize":5}
{"x":293,"y":343,"color":"#333","penSize":5}
{"x":293,"y":344,"color":"#333","penSize":5}
{"x":293,"y":345,"color":"#333","penSize":5}
{"x":294,"y":345,"color":"#333","penSize":5}
{"x":294,"y":347,"color":"#333","penSize":5}
{"x":294,"y":348,"color":"#333","penSize":5}
{"x":294,"y":348,"color":"#333","penSize":5}
{"x":294,"y":349,"color":"#333","penSize":5}
{"x":294,"y":349,"color":"#333","penSize":5}
{"x":295,"y":350,"color":"#333","penSize":5}
{"x":295,"y":350,"color":"#333","penSize":5}
{"x":295,"y":350,"color":"#333","penSize":5}
{"x":295,"y":351,"color":"#333","penSize":5}
{"x":295,"y":351,"color":"#333","penSize":5}
{}
{}
{"x":209,"y":238,"color":"#333","penSize":5}
{"x":212,"y":237,"color":"#333","penSize":5}
{"x":216,"y":235,"color":"#333","penSize":5}
{"x":219,"y":233,"color":"#333","penSize":5}
{"x":224,"y":231,"color":"#333","penSize":5}
{"x":231,"y":228,"color":"#333","penSize":5}
{"x":235,"y":228,"color":"#333","penSize":5}
{"x":246,"y":224,"color":"#333","penSize":5}
{"x":251,"y":224,"color":"#333","penSize":5}
{"x":263,"y":223,"color":"#333","penSize":5}
{"x":268,"y":223,"color":"#333","penSize":5}
{"x":274,"y":223,"color":"#333","penSize":5}
{"x":278,"y":223,"color":"#333","penSize":5}
{"x":283,"y":223,"color":"#333","penSize":5}
{"x":287,"y":223,"color":"#333","penSize":5}
{"x":290,"y":223,"color":"#333","penSize":5}
{"x":292,"y":223,"color":"#333","penSize":5}
{"x":294,"y":223,"color":"#333","penSize":5}
{"x":295,"y":223,"color":"#333","penSize":5}
{"x":296,"y":223,"color":"#333","penSize":5}
{"x":297,"y":223,"color":"#333","penSize":5}
{"x":297,"y":223,"color":"#333","penSize":5}
{"x":298,"y":223,"color":"#333","penSize":5}
{"x":298,"y":223,"color":"#333","penSize":5}
{"x":298,"y":222,"color":"#333","penSize":5}
{"x":298,"y":222,"color":"#333","penSize":5}
{"x":298,"y":222,"color":"#333","penSize":5}
{"x":298,"y":221,"color":"#333","penSize":5}
{"x":298,"y":221,"color":"#333","penSize":5}
{"x":297,"y":221,"color":"#333","penSize":5}
{"x":296,"y":221,"color":"#333","penSize":5}
{"x":294,"y":221,"color":"#333","penSize":5}
{"x":293,"y":221,"color":"#333","penSize":5}
{"x":292,"y":221,"color":"#333","penSize":5}
{"x":291,"y":221,"color":"#333","penSize":5}
{"x":289,"y":222,"color":"#333","penSize":5}
{"x":288,"y":222,"color":"#333","penSize":5}
{"x":287,"y":222,"color":"#333","penSize":5}
{"x":286,"y":223,"color":"#333","penSize":5}
{"x":285,"y":223,"color":"#333","penSize":5}
{"x":285,"y":223,"color":"#333","penSize":5}
{"x":284,"y":224,"color":"#333","penSize":5}
{"x":283,"y":224,"color":"#333","penSize":5}
{"x":282,"y":224,"color":"#333","penSize":5}
{"x":280,"y":224,"color":"#333","penSize":5}
{"x":279,"y":224,"color":"#333","penSize":5}
{"x":279,"y":224,"color":"#333","penSize":5}
{"x":278,"y":224,"color":"#333","penSize":5}
{"x":278,"y":224,"color":"#333","penSize":5}
{"x":277,"y":224,"color":"#333","penSize":5}
{"x":277,"y":224,"color":"#333","penSize":5}
{"x":277,"y":224,"color":"#333","penSize":5}
{"x":276,"y":224,"color":"#333","penSize":5}
{"x":276,"y":224,"color":"#333","penSize":5}
{"x":276,"y":224,"color":"#333","penSize":5}
{"x":275,"y":224,"color":"#333","penSize":5}
{"x":275,"y":224,"color":"#333","penSize":5}
{"x":275,"y":224,"color":"#333","penSize":5}
{"x":274,"y":224,"color":"#333","penSize":5}
{"x":274,"y":224,"color":"#333","penSize":5}
{"x":273,"y":224,"color":"#333","penSize":5}
{"x":273,"y":224,"color":"#333","penSize":5}
{"x":273,"y":224,"color":"#333","penSize":5}
{"x":272,"y":224,"color":"#333","penSize":5}
{"x":272,"y":224,"color":"#333","penSize":5}
{"x":271,"y":224,"color":"#333","penSize":5}
{"x":271,"y":224,"color":"#333","penSize":5}
{"x":271,"y":224,"color":"#333","penSize":5}
{"x":271,"y":224,"color":"#333","penSize":5}
{"x":271,"y":224,"color":"#333","penSize":5}
{"x":271,"y":223,"color":"#333","penSize":5}
{"x":271,"y":223,"color":"#333","penSize":5}
{}
{}
{}
{}
{}
{}
{"x":450,"y":311,"color":"yellow","penSize":5}
{"x":448,"y":311,"color":"yellow","penSize":5}
{"x":446,"y":311,"color":"yellow","penSize":5}
{"x":443,"y":311,"color":"yellow","penSize":5}
{"x":440,"y":311,"color":"yellow","penSize":5}
{"x":434,"y":311,"color":"yellow","penSize":5}
{"x":427,"y":311,"color":"yellow","penSize":5}
{"x":420,"y":311,"color":"yellow","penSize":5}
{"x":411,"y":311,"color":"yellow","penSize":5}
{"x":401,"y":311,"color":"yellow","penSize":5}
{"x":390,"y":312,"color":"yellow","penSize":5}
{"x":378,"y":312,"color":"yellow","penSize":5}
{"x":366,"y":312,"color":"yellow","penSize":5}
{"x":353,"y":312,"color":"yellow","penSize":5}
{"x":342,"y":312,"color":"yellow","penSize":5}
{"x":331,"y":310,"color":"yellow","penSize":5}
{"x":319,"y":308,"color":"yellow","penSize":5}
{"x":315,"y":307,"color":"yellow","penSize":5}
{"x":306,"y":306,"color":"yellow","penSize":5}
{"x":298,"y":305,"color":"yellow","penSize":5}
{"x":291,"y":304,"color":"yellow","penSize":5}
{"x":285,"y":302,"color":"yellow","penSize":5}
{"x":279,"y":302,"color":"yellow","penSize":5}
{"x":273,"y":301,"color":"yellow","penSize":5}
{"x":269,"y":300,"color":"yellow","penSize":5}
{"x":264,"y":300,"color":"yellow","penSize":5}
{"x":259,"y":300,"color":"yellow","penSize":5}
{"x":257,"y":300,"color":"yellow","penSize":5}
{"x":253,"y":299,"color":"yellow","penSize":5}
{"x":251,"y":299,"color":"yellow","penSize":5}
{"x":248,"y":298,"color":"yellow","penSize":5}
{"x":246,"y":298,"color":"yellow","penSize":5}
{"x":245,"y":298,"color":"yellow","penSize":5}
{"x":243,"y":298,"color":"yellow","penSize":5}
{"x":242,"y":298,"color":"yellow","penSize":5}
{"x":241,"y":298,"color":"yellow","penSize":5}
{"x":240,"y":298,"color":"yellow","penSize":5}
{"x":238,"y":298,"color":"yellow","penSize":5}
{"x":237,"y":298,"color":"yellow","penSize":5}
{"x":236,"y":298,"color":"yellow","penSize":5}
{"x":234,"y":298,"color":"yellow","penSize":5}
{"x":233,"y":299,"color":"yellow","penSize":5}
{"x":232,"y":299,"color":"yellow","penSize":5}
{"x":231,"y":299,"color":"yellow","penSize":5}
{"x":229,"y":300,"color":"yellow","penSize":5}
{"x":227,"y":300,"color":"yellow","penSize":5}
{"x":226,"y":301,"color":"yellow","penSize":5}
{"x":224,"y":301,"color":"yellow","penSize":5}
{"x":222,"y":301,"color":"yellow","penSize":5}
{"x":220,"y":302,"color":"yellow","penSize":5}
{"x":218,"y":302,"color":"yellow","penSize":5}
{"x":216,"y":302,"color":"yellow","penSize":5}
{"x":213,"y":303,"color":"yellow","penSize":5}
{"x":211,"y":303,"color":"yellow","penSize":5}
{"x":209,"y":303,"color":"yellow","penSize":5}
{"x":206,"y":303,"color":"yellow","penSize":5}
{"x":204,"y":304,"color":"yellow","penSize":5}
{"x":202,"y":304,"color":"yellow","penSize":5}
{"x":200,"y":304,"color":"yellow","penSize":5}
{"x":197,"y":305,"color":"yellow","penSize":5}
{"x":195,"y":305,"color":"yellow","penSize":5}
{"x":194,"y":305,"color":"yellow","penSize":5}
{"x":192,"y":305,"color":"yellow","penSize":5}
{"x":191,"y":305,"color":"yellow","penSize":5}
{"x":190,"y":306,"color":"yellow","penSize":5}
{"x":189,"y":306,"color":"yellow","penSize":5}
{"x":187,"y":306,"color":"yellow","penSize":5}
{"x":187,"y":306,"color":"yellow","penSize":5}
{"x":186,"y":306,"color":"yellow","penSize":5}
{"x":186,"y":306,"color":"yellow","penSize":5}
{"x":185,"y":306,"color":"yellow","penSize":5}
{"x":185,"y":306,"color":"yellow","penSize":5}
{"x":185,"y":306,"color":"yellow","penSize":5}
{"x":184,"y":306,"color":"yellow","penSize":5}
{"x":184,"y":306,"color":"yellow","penSize":5}
{"x":184,"y":307,"color":"yellow","penSize":5}
{"x":183,"y":307,"color":"yellow","penSize":5}
{"x":183,"y":307,"color":"yellow","penSize":5}
{"x":183,"y":307,"color":"yellow","penSize":5}
{"x":183,"y":307,"color":"yellow","penSize":5}
{"x":182,"y":307,"color":"yellow","penSize":5}
{"x":182,"y":307,"color":"yellow","penSize":5}
{"x":182,"y":307,"color":"yellow","penSize":5}
{"x":182,"y":307,"color":"yellow","penSize":5}
{"x":181,"y":307,"color":"yellow","penSize":5}
{"x":180,"y":307,"color":"yellow","penSize":5}
{"x":180,"y":307,"color":"yellow","penSize":5}
{"x":179,"y":307,"color":"yellow","penSize":5}
{"x":178,"y":307,"color":"yellow","penSize":5}
{"x":177,"y":307,"color":"yellow","penSize":5}
{"x":176,"y":307,"color":"yellow","penSize":5}
{"x":176,"y":307,"color":"yellow","penSize":5}
{"x":175,"y":307,"color":"yellow","penSize":5}
{"x":175,"y":307,"color":"yellow","penSize":5}
{"x":174,"y":307,"color":"yellow","penSize":5}
{"x":174,"y":307,"color":"yellow","penSize":5}
{"x":173,"y":307,"color":"yellow","penSize":5}
{"x":173,"y":307,"color":"yellow","penSize":5}
{"x":173,"y":307,"color":"yellow","penSize":5}
{"x":172,"y":307,"color":"yellow","penSize":5}
{}
{}
{}
{}
{}
{}
{}
{"x":377,"y":380,"color":"blue","penSize":5}
{"x":374,"y":380,"color":"blue","penSize":5}
{"x":368,"y":380,"color":"blue","penSize":5}
{"x":360,"y":380,"color":"blue","penSize":5}
{"x":342,"y":380,"color":"blue","penSize":5}
{"x":327,"y":380,"color":"blue","penSize":5}
{"x":294,"y":380,"color":"blue","penSize":5}
{"x":276,"y":380,"color":"blue","penSize":5}
{"x":266,"y":380,"color":"blue","penSize":5}
{"x":251,"y":380,"color":"blue","penSize":5}
{"x":244,"y":379,"color":"blue","penSize":5}
{"x":239,"y":379,"color":"blue","penSize":5}
{"x":229,"y":378,"color":"blue","penSize":5}
{"x":223,"y":376,"color":"blue","penSize":5}
{"x":219,"y":376,"color":"blue","penSize":5}
{"x":216,"y":376,"color":"blue","penSize":5}
{"x":214,"y":375,"color":"blue","penSize":5}
{"x":213,"y":375,"color":"blue","penSize":5}
{"x":213,"y":375,"color":"blue","penSize":5}
{"x":212,"y":375,"color":"blue","penSize":5}
{"x":212,"y":375,"color":"blue","penSize":5}
{"x":211,"y":375,"color":"blue","penSize":5}
{"x":210,"y":376,"color":"blue","penSize":5}
{"x":209,"y":376,"color":"blue","penSize":5}
{"x":208,"y":377,"color":"blue","penSize":5}
{"x":207,"y":378,"color":"blue","penSize":5}
{"x":206,"y":378,"color":"blue","penSize":5}
{"x":205,"y":379,"color":"blue","penSize":5}
{"x":204,"y":379,"color":"blue","penSize":5}
{"x":204,"y":379,"color":"blue","penSize":5}
{"x":204,"y":380,"color":"blue","penSize":5}
{"x":204,"y":380,"color":"blue","penSize":5}
{"x":203,"y":380,"color":"blue","penSize":5}
{"x":203,"y":380,"color":"blue","penSize":5}
{"x":203,"y":380,"color":"blue","penSize":5}
{"x":202,"y":380,"color":"blue","penSize":5}
{}
{}
{}
{}
{}
{}
{}
{}
{}
{}
{"x":469,"y":357,"color":"red","penSize":5}
{"x":467,"y":357,"color":"red","penSize":5}
{"x":464,"y":357,"color":"red","penSize":5}
{"x":456,"y":357,"color":"red","penSize":5}
{"x":451,"y":357,"color":"red","penSize":5}
{"x":449,"y":357,"color":"red","penSize":5}
{"x":437,"y":357,"color":"red","penSize":5}
{"x":430,"y":357,"color":"red","penSize":5}
{"x":422,"y":357,"color":"red","penSize":5}
{"x":418,"y":357,"color":"red","penSize":5}
{"x":405,"y":357,"color":"red","penSize":5}
{"x":400,"y":357,"color":"red","penSize":5}
{"x":392,"y":357,"color":"red","penSize":5}
{"x":383,"y":357,"color":"red","penSize":5}
{"x":376,"y":357,"color":"red","penSize":5}
{"x":368,"y":357,"color":"red","penSize":5}
{"x":362,"y":357,"color":"red","penSize":5}
{"x":356,"y":357,"color":"red","penSize":5}
{"x":353,"y":357,"color":"red","penSize":5}
{"x":349,"y":357,"color":"red","penSize":5}
{"x":345,"y":357,"color":"red","penSize":5}
{"x":341,"y":357,"color":"red","penSize":5}
{"x":338,"y":357,"color":"red","penSize":5}
{"x":336,"y":357,"color":"red","penSize":5}
{"x":334,"y":357,"color":"red","penSize":5}
{"x":332,"y":357,"color":"red","penSize":5}
{"x":331,"y":357,"color":"red","penSize":5}
{"x":329,"y":357,"color":"red","penSize":5}
{"x":328,"y":357,"color":"red","penSize":5}
{"x":327,"y":357,"color":"red","penSize":5}
{"x":326,"y":357,"color":"red","penSize":5}
{"x":324,"y":357,"color":"red","penSize":5}
{"x":323,"y":357,"color":"red","penSize":5}
{"x":321,"y":357,"color":"red","penSize":5}
{"x":319,"y":357,"color":"red","penSize":5}
{"x":317,"y":357,"color":"red","penSize":5}
{"x":314,"y":357,"color":"red","penSize":5}
{"x":312,"y":357,"color":"red","penSize":5}
{"x":310,"y":357,"color":"red","penSize":5}
{"x":308,"y":357,"color":"red","penSize":5}
{"x":306,"y":357,"color":"red","penSize":5}
{"x":304,"y":357,"color":"red","penSize":5}
{"x":302,"y":357,"color":"red","penSize":5}
{"x":300,"y":357,"color":"red","penSize":5}
{"x":299,"y":357,"color":"red","penSize":5}
{"x":297,"y":357,"color":"red","penSize":5}
{"x":296,"y":357,"color":"red","penSize":5}
{"x":295,"y":357,"color":"red","penSize":5}
{"x":293,"y":357,"color":"red","penSize":5}
{"x":292,"y":357,"color":"red","penSize":5}
{"x":291,"y":357,"color":"red","penSize":5}
{"x":291,"y":357,"color":"red","penSize":5}
{"x":290,"y":357,"color":"red","penSize":5}
{"x":289,"y":357,"color":"red","penSize":5}
{"x":289,"y":358,"color":"red","penSize":5}
{"x":289,"y":358,"color":"red","penSize":5}
{"x":288,"y":358,"color":"red","penSize":5}
{"x":288,"y":358,"color":"red","penSize":5}
{"x":288,"y":358,"color":"red","penSize":5}
{"x":287,"y":358,"color":"red","penSize":5}
{"x":286,"y":358,"color":"red","penSize":5}
{"x":286,"y":359,"color":"red","penSize":5}
{"x":285,"y":359,"color":"red","penSize":5}
{"x":284,"y":359,"color":"red","penSize":5}
{"x":283,"y":360,"color":"red","penSize":5}
{"x":282,"y":360,"color":"red","penSize":5}
{"x":281,"y":360,"color":"red","penSize":5}
{"x":280,"y":360,"color":"red","penSize":5}
{"x":279,"y":360,"color":"red","penSize":5}
{"x":278,"y":360,"color":"red","penSize":5}
{"x":278,"y":360,"color":"red","penSize":5}
{"x":278,"y":360,"color":"red","penSize":5}
{"x":277,"y":360,"color":"red","penSize":5}
{"x":277,"y":360,"color":"red","penSize":5}
{"x":277,"y":360,"color":"red","penSize":5}
{"x":277,"y":360,"color":"red","penSize":5}
{"x":278,"y":360,"color":"red","penSize":5}
{"x":278,"y":360,"color":"red","penSize":5}
{}
{}
{}
{"x":215,"y":39,"color":"red","penSize":5}
{"x":215,"y":39,"color":"red","penSize":5}
{}
{"x":180,"y":339,"color":"red","penSize":5}
{"x":181,"y":339,"color":"red","penSize":5}
{"x":181,"y":339,"color":"red","penSize":5}
{"x":181,"y":340,"color":"red","penSize":5}
{"x":181,"y":340,"color":"red","penSize":5}
{"x":182,"y":340,"color":"red","penSize":5}
{"x":182,"y":341,"color":"red","penSize":5}
{"x":183,"y":341,"color":"red","penSize":5}
{"x":183,"y":342,"color":"red","penSize":5}
{"x":183,"y":342,"color":"red","penSize":5}
{"x":183,"y":343,"color":"red","penSize":5}
{"x":184,"y":343,"color":"red","penSize":5}
{"x":184,"y":343,"color":"red","penSize":5}
{"x":184,"y":344,"color":"red","penSize":5}
{"x":185,"y":344,"color":"red","penSize":5}
{"x":185,"y":345,"color":"red","penSize":5}
{"x":185,"y":345,"color":"red","penSize":5}
{"x":186,"y":346,"color":"red","penSize":5}
{"x":186,"y":347,"color":"red","penSize":5}
{"x":186,"y":347,"color":"red","penSize":5}
{"x":186,"y":348,"color":"red","penSize":5}
{"x":187,"y":348,"color":"red","penSize":5}
{"x":187,"y":349,"color":"red","penSize":5}
{"x":187,"y":350,"color":"red","penSize":5}
{"x":188,"y":350,"color":"red","penSize":5}
{"x":188,"y":351,"color":"red","penSize":5}
{"x":188,"y":351,"color":"red","penSize":5}
{"x":188,"y":352,"color":"red","penSize":5}
{"x":189,"y":352,"color":"red","penSize":5}
{"x":189,"y":353,"color":"red","penSize":5}
{"x":189,"y":353,"color":"red","penSize":5}
{"x":190,"y":354,"color":"red","penSize":5}
{"x":190,"y":355,"color":"red","penSize":5}
{"x":190,"y":355,"color":"red","penSize":5}
{"x":191,"y":356,"color":"red","penSize":5}
{"x":191,"y":357,"color":"red","penSize":5}
{"x":191,"y":357,"color":"red","penSize":5}
{"x":192,"y":358,"color":"red","penSize":5}
{"x":192,"y":359,"color":"red","penSize":5}
{"x":192,"y":360,"color":"red","penSize":5}
{"x":192,"y":360,"color":"red","penSize":5}
{"x":193,"y":361,"color":"red","penSize":5}
{"x":193,"y":361,"color":"red","penSize":5}
{"x":193,"y":362,"color":"red","penSize":5}
{"x":193,"y":363,"color":"red","penSize":5}
{"x":193,"y":363,"color":"red","penSize":5}
{"x":194,"y":364,"color":"red","penSize":5}
{"x":194,"y":364,"color":"red","penSize":5}
{"x":194,"y":365,"color":"red","penSize":5}
{"x":194,"y":365,"color":"red","penSize":5}
{"x":194,"y":366,"color":"red","penSize":5}
{"x":194,"y":366,"color":"red","penSize":5}
{"x":194,"y":367,"color":"red","penSize":5}
{"x":194,"y":367,"color":"red","penSize":5}
{"x":194,"y":368,"color":"red","penSize":5}
{"x":194,"y":368,"color":"red","penSize":5}
{"x":194,"y":369,"color":"red","penSize":5}
{"x":194,"y":369,"color":"red","penSize":5}
{"x":194,"y":369,"color":"red","penSize":5}
{"x":194,"y":370,"color":"red","penSize":5}
{"x":194,"y":370,"color":"red","penSize":5}
{"x":194,"y":370,"color":"red","penSize":5}
{"x":194,"y":370,"color":"red","penSize":5}
{"x":194,"y":370,"color":"red","penSize":5}
{"x":194,"y":371,"color":"red","penSize":5}
{"x":194,"y":371,"color":"red","penSize":5}
{"x":194,"y":371,"color":"red","penSize":5}
{"x":194,"y":371,"color":"red","penSize":5}
{"x":194,"y":371,"color":"red","penSize":5}
{"x":194,"y":371,"color":"red","penSize":5}
{"x":194,"y":372,"color":"red","penSize":5}
{"x":194,"y":372,"color":"red","penSize":5}
{"x":194,"y":372,"color":"red","penSize":5}
{"x":194,"y":372,"color":"red","penSize":5}
{"x":194,"y":373,"color":"red","penSize":5}
{"x":194,"y":373,"color":"red","penSize":5}
{"x":194,"y":373,"color":"red","penSize":5}
{"x":194,"y":374,"color":"red","penSize":5}
{"x":194,"y":374,"color":"red","penSize":5}
{"x":194,"y":374,"color":"red","penSize":5}
{"x":195,"y":375,"color":"red","penSize":5}
{"x":195,"y":375,"color":"red","penSize":5}
{"x":195,"y":376,"color":"red","penSize":5}
{"x":195,"y":376,"color":"red","penSize":5}
{"x":195,"y":376,"color":"red","penSize":5}
{"x":195,"y":377,"color":"red","penSize":5}
{"x":195,"y":377,"color":"red","penSize":5}
{"x":195,"y":377,"color":"red","penSize":5}
{"x":195,"y":378,"color":"red","penSize":5}
{"x":196,"y":378,"color":"red","penSize":5}
{"x":196,"y":379,"color":"red","penSize":5}
{"x":196,"y":379,"color":"red","penSize":5}
{"x":196,"y":379,"color":"red","penSize":5}
{"x":196,"y":379,"color":"red","penSize":5}
{"x":196,"y":379,"color":"red","penSize":5}
{"x":196,"y":379,"color":"red","penSize":5}
{"x":196,"y":380,"color":"red","penSize":5}
{"x":196,"y":380,"color":"red","penSize":5}
{"x":196,"y":380,"color":"red","penSize":5}
{"x":196,"y":380,"color":"red","penSize":5}
{"x":196,"y":380,"color":"red","penSize":5}
{"x":196,"y":380,"color":"red","penSize":5}
{"x":196,"y":380,"color":"red","penSize":5}
{"x":196,"y":380,"color":"red","penSize":5}
{"x":196,"y":380,"color":"red","penSize":5}
{"x":196,"y":380,"color":"red","penSize":5}
{"x":196,"y":380,"color":"red","penSize":5}
{"x":196,"y":380,"color":"red","penSize":5}
{"x":196,"y":380,"color":"red","penSize":5}
{}
{"x":172,"y":30,"color":"red","penSize":5}
{"x":172,"y":30,"color":"red","penSize":5}
{}
{}
{}
{"x":282,"y":270,"color":"#333","penSize":5}
{"x":284,"y":270,"color":"#333","penSize":5}
{"x":288,"y":270,"color":"#333","penSize":5}
{"x":290,"y":270,"color":"#333","penSize":5}
{"x":299,"y":270,"color":"#333","penSize":5}
{"x":305,"y":270,"color":"#333","penSize":5}
{"x":309,"y":270,"color":"#333","penSize":5}
{"x":314,"y":270,"color":"#333","penSize":5}
{"x":321,"y":270,"color":"#333","penSize":5}
{"x":329,"y":270,"color":"#333","penSize":5}
{"x":335,"y":270,"color":"#333","penSize":5}
{"x":341,"y":270,"color":"#333","penSize":5}
{"x":348,"y":270,"color":"#333","penSize":5}
{"x":354,"y":270,"color":"#333","penSize":5}
{"x":359,"y":270,"color":"#333","penSize":5}
{"x":365,"y":270,"color":"#333","penSize":5}
{"x":367,"y":270,"color":"#333","penSize":5}
{"x":369,"y":271,"color":"#333","penSize":5}
{"x":373,"y":271,"color":"#333","penSize":5}
{"x":375,"y":272,"color":"#333","penSize":5}
{"x":378,"y":273,"color":"#333","penSize":5}
{"x":379,"y":273,"color":"#333","penSize":5}
{"x":381,"y":273,"color":"#333","penSize":5}
{"x":384,"y":274,"color":"#333","penSize":5}
{"x":385,"y":275,"color":"#333","penSize":5}
{"x":388,"y":275,"color":"#333","penSize":5}
{"x":389,"y":276,"color":"#333","penSize":5}
{"x":390,"y":276,"color":"#333","penSize":5}
{"x":391,"y":277,"color":"#333","penSize":5}
{"x":394,"y":278,"color":"#333","penSize":5}
{"x":395,"y":278,"color":"#333","penSize":5}
{"x":397,"y":279,"color":"#333","penSize":5}
{"x":399,"y":279,"color":"#333","penSize":5}
{"x":399,"y":279,"color":"#333","penSize":5}
{"x":400,"y":279,"color":"#333","penSize":5}
{"x":401,"y":279,"color":"#333","penSize":5}
{"x":402,"y":280,"color":"#333","penSize":5}
{"x":402,"y":280,"color":"#333","penSize":5}
{"x":403,"y":280,"color":"#333","penSize":5}
{"x":404,"y":280,"color":"#333","penSize":5}
{"x":404,"y":280,"color":"#333","penSize":5}
{"x":404,"y":280,"color":"#333","penSize":5}
{"x":405,"y":280,"color":"#333","penSize":5}
{"x":405,"y":280,"color":"#333","penSize":5}
{"x":405,"y":280,"color":"#333","penSize":5}
{"x":406,"y":280,"color":"#333","penSize":5}
{}
{}
{}
{}
{}
{}
{}
{}
{}
{}
{}
{"x":260,"y":488,"color":"#333","penSize":5}
{"x":260,"y":488,"color":"#333","penSize":5}
{"x":260,"y":484,"color":"#333","penSize":5}
{"x":260,"y":480,"color":"#333","penSize":5}
{"x":260,"y":477,"color":"#333","penSize":5}
{"x":260,"y":470,"color":"#333","penSize":5}
{"x":260,"y":463,"color":"#333","penSize":5}
{"x":260,"y":456,"color":"#333","penSize":5}
{"x":260,"y":449,"color":"#333","penSize":5}
{"x":260,"y":441,"color":"#333","penSize":5}
{"x":260,"y":433,"color":"#333","penSize":5}
{"x":260,"y":426,"color":"#333","penSize":5}
{"x":259,"y":419,"color":"#333","penSize":5}
{"x":259,"y":411,"color":"#333","penSize":5}
{"x":257,"y":405,"color":"#333","penSize":5}
{"x":256,"y":398,"color":"#333","penSize":5}
{"x":254,"y":390,"color":"#333","penSize":5}
{"x":252,"y":382,"color":"#333","penSize":5}
{"x":250,"y":374,"color":"#333","penSize":5}
{"x":249,"y":370,"color":"#333","penSize":5}
{"x":248,"y":363,"color":"#333","penSize":5}
{"x":246,"y":356,"color":"#333","penSize":5}
{"x":244,"y":348,"color":"#333","penSize":5}
{"x":242,"y":341,"color":"#333","penSize":5}
{"x":241,"y":335,"color":"#333","penSize":5}
{"x":239,"y":329,"color":"#333","penSize":5}
{"x":238,"y":322,"color":"#333","penSize":5}
{"x":237,"y":316,"color":"#333","penSize":5}
{"x":236,"y":311,"color":"#333","penSize":5}
{"x":235,"y":305,"color":"#333","penSize":5}
{"x":235,"y":299,"color":"#333","penSize":5}
{"x":234,"y":294,"color":"#333","penSize":5}
{"x":234,"y":289,"color":"#333","penSize":5}
{"x":234,"y":284,"color":"#333","penSize":5}
{"x":234,"y":279,"color":"#333","penSize":5}
{"x":233,"y":273,"color":"#333","penSize":5}
{"x":233,"y":269,"color":"#333","penSize":5}
{"x":232,"y":264,"color":"#333","penSize":5}
{"x":231,"y":259,"color":"#333","penSize":5}
{"x":231,"y":254,"color":"#333","penSize":5}
{"x":230,"y":249,"color":"#333","penSize":5}
{"x":230,"y":244,"color":"#333","penSize":5}
{"x":229,"y":239,"color":"#333","penSize":5}
{"x":229,"y":235,"color":"#333","penSize":5}
{"x":229,"y":231,"color":"#333","penSize":5}
{"x":229,"y":229,"color":"#333","penSize":5}
{"x":229,"y":227,"color":"#333","penSize":5}
{"x":228,"y":224,"color":"#333","penSize":5}
{"x":228,"y":221,"color":"#333","penSize":5}
{"x":227,"y":219,"color":"#333","penSize":5}
{"x":227,"y":219,"color":"#333","penSize":5}
{"x":227,"y":217,"color":"#333","penSize":5}
{"x":226,"y":217,"color":"#333","penSize":5}
{"x":226,"y":215,"color":"#333","penSize":5}
{"x":225,"y":215,"color":"#333","penSize":5}
{"x":225,"y":214,"color":"#333","penSize":5}
{"x":225,"y":214,"color":"#333","penSize":5}
{"x":224,"y":213,"color":"#333","penSize":5}
{"x":224,"y":213,"color":"#333","penSize":5}
{"x":224,"y":213,"color":"#333","penSize":5}
{"x":224,"y":213,"color":"#333","penSize":5}
{"x":224,"y":212,"color":"#333","penSize":5}
{"x":223,"y":212,"color":"#333","penSize":5}
{"x":223,"y":212,"color":"#333","penSize":5}
{"x":223,"y":212,"color":"#333","penSize":5}
{"x":222,"y":211,"color":"#333","penSize":5}
{"x":222,"y":211,"color":"#333","penSize":5}
{"x":222,"y":211,"color":"#333","penSize":5}
{"x":222,"y":210,"color":"#333","penSize":5}
{"x":222,"y":210,"color":"#333","penSize":5}
{"x":222,"y":209,"color":"#333","penSize":5}
{"x":221,"y":209,"color":"#333","penSize":5}
{"x":221,"y":209,"color":"#333","penSize":5}
{"x":221,"y":209,"color":"#333","penSize":5}
{"x":221,"y":209,"color":"#333","penSize":5}
{"x":221,"y":209,"color":"#333","penSize":5}
{"x":220,"y":209,"color":"#333","penSize":5}
{"x":220,"y":208,"color":"#333","penSize":5}
{"x":220,"y":208,"color":"#333","penSize":5}
{"x":220,"y":208,"color":"#333","penSize":5}
{"x":220,"y":208,"color":"#333","penSize":5}
{"x":220,"y":208,"color":"#333","penSize":5}
{}
{}
{}
{}
{}
{}
{}
{}
{}
