{}
{}
{}
{}
{"x":219,"y":244,"color":"yellow","penSize":5}
{"x":221,"y":244,"color":"yellow","penSize":5}
{"x":224,"y":244,"color":"yellow","penSize":5}
{"x":227,"y":244,"color":"yellow","penSize":5}
{"x":230,"y":244,"color":"yellow","penSize":5}
{"x":235,"y":244,"color":"yellow","penSize":5}
{"x":238,"y":244,"color":"yellow","penSize":5}
{"x":243,"y":244,"color":"yellow","penSize":5}
{"x":247,"y":244,"color":"yellow","penSize":5}
{"x":251,"y":244,"color":"yellow","penSize":5}
{"x":255,"y":244,"color":"yellow","penSize":5}
{"x":260,"y":244,"color":"yellow","penSize":5}
{"x":261,"y":244,"color":"yellow","penSize":5}
{"x":265,"y":244,"color":"yellow","penSize":5}
{"x":267,"y":244,"color":"yellow","penSize":5}
{"x":271,"y":244,"color":"yellow","penSize":5}
{"x":274,"y":244,"color":"yellow","penSize":5}
{"x":276,"y":244,"color":"yellow","penSize":5}
{"x":278,"y":244,"color":"yellow","penSize":5}
{"x":280,"y":244,"color":"yellow","penSize":5}
{"x":281,"y":244,"color":"yellow","penSize":5}
{"x":282,"y":244,"color":"yellow","penSize":5}
{"x":284,"y":244,"color":"yellow","penSize":5}
{"x":284,"y":244,"color":"yellow","penSize":5}
{"x":285,"y":244,"color":"yellow","penSize":5}
{"x":286,"y":244,"color":"yellow","penSize":5}
{"x":286,"y":244,"color":"yellow","penSize":5}
{"x":287,"y":244,"color":"yellow","penSize":5}
{"x":288,"y":244,"color":"yellow","penSize":5}
{"x":288,"y":244,"color":"yellow","penSize":5}
{"x":290,"y":244,"color":"yellow","penSize":5}
{"x":290,"y":244,"color":"yellow","penSize":5}
{"x":291,"y":244,"color":"yellow","penSize":5}
{"x":293,"y":244,"color":"yellow","penSize":5}
{"x":294,"y":245,"color":"yellow","penSize":5}
{"x":294,"y":245,"color":"yellow","penSize":5}
{"x":295,"y":245,"color":"yellow","penSize":5}
{"x":296,"y":245,"color":"yellow","penSize":5}
{"x":296,"y":245,"color":"yellow","penSize":5}
{"x":297,"y":245,"color":"yellow","penSize":5}
{"x":297,"y":245,"color":"yellow","penSize":5}
{"x":298,"y":245,"color":"yellow","penSize":5}
{"x":299,"y":245,"color":"yellow","penSize":5}
{"x":299,"y":245,"color":"yellow","penSize":5}
{"x":300,"y":245,"color":"yellow","penSize":5}
{"x":301,"y":245,"color":"yellow","penSize":5}
{"x":301,"y":245,"color":"yellow","penSize":5}
{"x":302,"y":245,"color":"yellow","penSize":5}
{"x":303,"y":245,"color":"yellow","penSize":5}
{"x":303,"y":245,"color":"yellow","penSize":5}
{"x":304,"y":245,"color":"yellow","penSize":5}
{"x":305,"y":245,"color":"yellow","penSize":5}
{"x":306,"y":245,"color":"yellow","penSize":5}
{"x":306,"y":245,"color":"yellow","penSize":5}
{"x":307,"y":245,"color":"yellow","penSize":5}
{"x":308,"y":245,"color":"yellow","penSize":5}
{"x":308,"y":245,"color":"yellow","penSize":5}
{"x":309,"y":245,"color":"yellow","penSize":5}
{"x":310,"y":245,"color":"yellow","penSize":5}
{"x":310,"y":245,"color":"yellow","penSize":5}
{"x":311,"y":245,"color":"yellow","penSize":5}
{"x":311,"y":245,"color":"yellow","penSize":5}
{"x":312,"y":245,"color":"yellow","penSize":5}
{"x":313,"y":245,"color":"yellow","penSize":5}
{"x":313,"y":245,"color":"yellow","penSize":5}
{"x":314,"y":245,"color":"yellow","penSize":5}
{"x":314,"y":245,"color":"yellow","penSize":5}
{"x":314,"y":245,"color":"yellow","penSize":5}
{"x":315,"y":245,"color":"yellow","penSize":5}
{"x":315,"y":245,"color":"yellow","penSize":5}
{"x":315,"y":245,"color":"yellow","penSize":5}
{"x":315,"y":245,"color":"yellow","penSize":5}
{"x":316,"y":245,"color":"yellow","penSize":5}
{"x":316,"y":245,"color":"yellow","penSize":5}
{"x":316,"y":245,"color":"yellow","penSize":5}
{"x":317,"y":245,"color":"yellow","penSize":5}
{"x":317,"y":245,"color":"yellow","penSize":5}
{"x":317,"y":245,"color":"yellow","penSize":5}
{"x":318,"y":245,"color":"yellow","penSize":5}
{"x":318,"y":245,"color":"yellow","penSize":5}
{"x":319,"y":245,"color":"yellow","penSize":5}
{"x":319,"y":245,"color":"yellow","penSize":5}
{"x":320,"y":244,"color":"yellow","penSize":5}
{"x":321,"y":244,"color":"yellow","penSize":5}
{"x":321,"y":244,"color":"yellow","penSize":5}
{"x":321,"y":244,"color":"yellow","penSize":5}
{"x":321,"y":244,"color":"yellow","penSize":5}
{"x":322,"y":244,"color":"yellow","penSize":5}
{"x":322,"y":244,"color":"yellow","penSize":5}
{"x":322,"y":244,"color":"yellow","penSize":5}
{"x":322,"y":244,"color":"yellow","penSize":5}
{"x":322,"y":244,"color":"yellow","penSize":5}
{}
{}
{}
{}
{}
{}
{}
{"x":189,"y":198,"color":"red","penSize":5}
{"x":190,"y":198,"color":"red","penSize":5}
{"x":192,"y":198,"color":"red","penSize":5}
{"x":195,"y":198,"color":"red","penSize":5}
{"x":199,"y":198,"color":"red","penSize":5}
{"x":206,"y":198,"color":"red","penSize":5}
{"x":213,"y":198,"color":"red","penSize":5}
{"x":221,"y":198,"color":"red","penSize":5}
{"x":229,"y":198,"color":"red","penSize":5}
{"x":238,"y":198,"color":"red","penSize":5}
{"x":243,"y":198,"color":"red","penSize":5}
{"x":251,"y":198,"color":"red","penSize":5}
{"x":260,"y":198,"color":"red","penSize":5}
{"x":268,"y":198,"color":"red","penSize":5}
{"x":277,"y":198,"color":"red","penSize":5}
{"x":285,"y":198,"color":"red","penSize":5}
{"x":293,"y":198,"color":"red","penSize":5}
{"x":300,"y":198,"color":"red","penSize":5}
{"x":306,"y":198,"color":"red","penSize":5}
{"x":313,"y":198,"color":"red","penSize":5}
{"x":319,"y":198,"color":"red","penSize":5}
{"x":324,"y":198,"color":"red","penSize":5}
{"x":329,"y":198,"color":"red","penSize":5}
{"x":334,"y":198,"color":"red","penSize":5}
{"x":338,"y":198,"color":"red","penSize":5}
{"x":342,"y":198,"color":"red","penSize":5}
{"x":346,"y":198,"color":"red","penSize":5}
{"x":348,"y":198,"color":"red","penSize":5}
{"x":354,"y":199,"color":"red","penSize":5}
{"x":356,"y":199,"color":"red","penSize":5}
{"x":358,"y":199,"color":"red","penSize":5}
{"x":361,"y":200,"color":"red","penSize":5}
{"x":363,"y":200,"color":"red","penSize":5}
{"x":366,"y":201,"color":"red","penSize":5}
{"x":368,"y":201,"color":"red","penSize":5}
{"x":371,"y":201,"color":"red","penSize":5}
{"x":372,"y":201,"color":"red","penSize":5}
{"x":374,"y":201,"color":"red","penSize":5}
{"x":376,"y":201,"color":"red","penSize":5}
{"x":378,"y":201,"color":"red","penSize":5}
{"x":379,"y":201,"color":"red","penSize":5}
{"x":381,"y":201,"color":"red","penSize":5}
{"x":383,"y":201,"color":"red","penSize":5}
{"x":385,"y":201,"color":"red","penSize":5}
{"x":386,"y":201,"color":"red","penSize":5}
{"x":388,"y":201,"color":"red","penSize":5}
{"x":390,"y":201,"color":"red","penSize":5}
{"x":392,"y":201,"color":"red","penSize":5}
{"x":393,"y":201,"color":"red","penSize":5}
{"x":395,"y":201,"color":"red","penSize":5}
{"x":396,"y":201,"color":"red","penSize":5}
{"x":398,"y":201,"color":"red","penSize":5}
{"x":399,"y":201,"color":"red","penSize":5}
{"x":400,"y":201,"color":"red","penSize":5}
{"x":401,"y":201,"color":"red","penSize":5}
{"x":402,"y":201,"color":"red","penSize":5}
{"x":404,"y":201,"color":"red","penSize":5}
{"x":405,"y":201,"color":"red","penSize":5}
{"x":406,"y":201,"color":"red","penSize":5}
{"x":407,"y":201,"color":"red","penSize":5}
{"x":408,"y":201,"color":"red","penSize":5}
{"x":409,"y":201,"color":"red","penSize":5}
{"x":410,"y":201,"color":"red","penSize":5}
{"x":411,"y":201,"color":"red","penSize":5}
{"x":412,"y":201,"color":"red","penSize":5}
{"x":412,"y":201,"color":"red","penSize":5}
{"x":413,"y":201,"color":"red","penSize":5}
{"x":414,"y":201,"color":"red","penSize":5}
{"x":414,"y":201,"color":"red","penSize":5}
{"x":414,"y":201,"color":"red","penSize":5}
{"x":414,"y":201,"color":"red","penSize":5}
{"x":415,"y":201,"color":"red","penSize":5}
{"x":416,"y":200,"color":"red","penSize":5}
{"x":416,"y":200,"color":"red","penSize":5}
{"x":416,"y":200,"color":"red","penSize":5}
{"x":416,"y":200,"color":"red","penSize":5}
{"x":417,"y":200,"color":"red","penSize":5}
{"x":417,"y":200,"color":"red","penSize":5}
{"x":417,"y":200,"color":"red","penSize":5}
{"x":418,"y":200,"color":"red","penSize":5}
{"x":418,"y":200,"color":"red","penSize":5}
{"x":418,"y":200,"color":"red","penSize":5}
{"x":419,"y":200,"color":"red","penSize":5}
{"x":419,"y":200,"color":"red","penSize":5}
{"x":419,"y":200,"color":"red","penSize":5}
{"x":419,"y":200,"color":"red","penSize":5}
{"x":420,"y":201,"color":"red","penSize":5}
{"x":420,"y":201,"color":"red","penSize":5}
{"x":420,"y":201,"color":"red","penSize":5}
{"x":421,"y":201,"color":"red","penSize":5}
{"x":421,"y":201,"color":"red","penSize":5}
{"x":421,"y":201,"color":"red","penSize":5}
{"x":422,"y":201,"color":"red","penSize":5}
{"x":422,"y":201,"color":"red","penSize":5}
{"x":422,"y":202,"color":"red","penSize":5}
{"x":422,"y":202,"color":"red","penSize":5}
{}
{"x":257,"y":172,"color":"red","penSize":5}
{"x":257,"y":172,"color":"red","penSize":5}
{"x":259,"y":172,"color":"red","penSize":5}
{"x":260,"y":172,"color":"red","penSize":5}
{"x":261,"y":172,"color":"red","penSize":5}
{"x":262,"y":172,"color":"red","penSize":5}
{"x":264,"y":172,"color":"red","penSize":5}
{"x":266,"y":172,"color":"red","penSize":5}
{"x":267,"y":172,"color":"red","penSize":5}
{"x":269,"y":172,"color":"red","penSize":5}
{"x":271,"y":172,"color":"red","penSize":5}
{"x":273,"y":172,"color":"red","penSize":5}
{"x":274,"y":172,"color":"red","penSize":5}
{"x":277,"y":172,"color":"red","penSize":5}
{"x":278,"y":172,"color":"red","penSize":5}
{"x":280,"y":172,"color":"red","penSize":5}
{"x":283,"y":172,"color":"red","penSize":5}
{"x":284,"y":172,"color":"red","penSize":5}
{"x":285,"y":172,"color":"red","penSize":5}
{"x":287,"y":172,"color":"red","penSize":5}
{"x":288,"y":172,"color":"red","penSize":5}
{"x":289,"y":172,"color":"red","penSize":5}
{"x":290,"y":172,"color":"red","penSize":5}
{"x":290,"y":172,"color":"red","penSize":5}
{"x":291,"y":172,"color":"red","penSize":5}
{"x":291,"y":172,"color":"red","penSize":5}
{"x":291,"y":172,"color":"red","penSize":5}
{"x":292,"y":172,"color":"red","penSize":5}
{"x":292,"y":172,"color":"red","penSize":5}
{"x":292,"y":172,"color":"red","penSize":5}
{"x":293,"y":173,"color":"red","penSize":5}
{"x":293,"y":173,"color":"red","penSize":5}
{"x":294,"y":173,"color":"red","penSize":5}
{"x":294,"y":174,"color":"red","penSize":5}
{"x":294,"y":174,"color":"red","penSize":5}
{"x":295,"y":174,"color":"red","penSize":5}
{"x":295,"y":174,"color":"red","penSize":5}
{"x":295,"y":174,"color":"red","penSize":5}
{}
{}
{}
{}
{}
{}
{}
{}
{}
{}
{}
{"x":192,"y":407,"color":"#333","penSize":5}
{"x":190,"y":407,"color":"#333","penSize":5}
{"x":190,"y":407,"color":"#333","penSize":5}
{"x":185,"y":407,"color":"#333","penSize":5}
{"x":183,"y":407,"color":"#333","penSize":5}
{"x":176,"y":408,"color":"#333","penSize":5}
{"x":173,"y":409,"color":"#333","penSize":5}
{"x":165,"y":410,"color":"#333","penSize":5}
{"x":161,"y":410,"color":"#333","penSize":5}
{"x":155,"y":410,"color":"#333","penSize":5}
{"x":149,"y":411,"color":"#333","penSize":5}
{"x":143,"y":411,"color":"#333","penSize":5}
{"x":138,"y":411,"color":"#333","penSize":5}
{"x":131,"y":411,"color":"#333","penSize":5}
{"x":129,"y":411,"color":"#333","penSize":5}
{"x":126,"y":411,"color":"#333","penSize":5}
{"x":123,"y":411,"color":"#333","penSize":5}
{"x":119,"y":411,"color":"#333","penSize":5}
{"x":118,"y":411,"color":"#333","penSize":5}
{"x":116,"y":411,"color":"#333","penSize":5}
{"x":115,"y":411,"color":"#333","penSize":5}
{"x":113,"y":411,"color":"#333","penSize":5}
{"x":113,"y":411,"color":"#333","penSize":5}
{"x":112,"y":411,"color":"#333","penSize":5}
{"x":112,"y":411,"color":"#333","penSize":5}
{"x":111,"y":411,"color":"#333","penSize":5}
{"x":110,"y":411,"color":"#333","penSize":5}
{"x":110,"y":411,"color":"#333","penSize":5}
{"x":109,"y":411,"color":"#333","penSize":5}
{"x":109,"y":411,"color":"#333","penSize":5}
{"x":109,"y":411,"color":"#333","penSize":5}
{"x":109,"y":411,"color":"#333","penSize":5}
{"x":108,"y":411,"color":"#333","penSize":5}
{"x":107,"y":411,"color":"#333","penSize":5}
{"x":107,"y":411,"color":"#333","penSize":5}
{"x":107,"y":411,"color":"#333","penSize":5}
{"x":106,"y":411,"color":"#333","penSize":5}
{"x":106,"y":411,"color":"#333","penSize":5}
{"x":105,"y":411,"color":"#333","penSize":5}
{"x":104,"y":411,"color":"#333","penSize":5}
{"x":104,"y":411,"color":"#333","penSize":5}
{"x":103,"y":411,"color":"#333","penSize":5}
{"x":102,"y":411,"color":"#333","penSize":5}
{"x":102,"y":411,"color":"#333","penSize":5}
{"x":102,"y":411,"color":"#333","penSize":5}
{"x":101,"y":411,"color":"#333","penSize":5}
{"x":101,"y":410,"color":"#333","penSize":5}
{"x":102,"y":410,"color":"#333","penSize":5}
{"x":102,"y":410,"color":"#333","penSize":5}
{"x":102,"y":410,"color":"#333","penSize":5}
{"x":103,"y":410,"color":"#333","penSize":5}
{"x":103,"y":410,"color":"#333","penSize":5}
{"x":103,"y":410,"color":"#333","penSize":5}
{"x":104,"y":410,"color":"#333","penSize":5}
{"x":104,"y":410,"color":"#333","penSize":5}
{"x":104,"y":410,"color":"#333","penSize":5}
{"x":105,"y":410,"color":"#333","penSize":5}
{"x":105,"y":410,"color":"#333","penSize":5}
{"x":105,"y":411,"color":"#333","penSize":5}
{}
{}
{}
{}
{}
{}
{}
{}
{}
{}
{}
{}
{}
{}
{}
{}
{}
{"x":187,"y":421,"color":"white","penSize":100}
{"x":186,"y":421,"color":"white","penSize":100}
{"x":184,"y":421,"color":"white","penSize":100}
{"x":182,"y":421,"color":"white","penSize":100}
{"x":179,"y":421,"color":"white","penSize":100}
{"x":176,"y":421,"color":"white","penSize":100}
{"x":173,"y":421,"color":"white","penSize":100}
{"x":169,"y":421,"color":"white","penSize":100}
{"x":165,"y":421,"color":"white","penSize":100}
{"x":162,"y":421,"color":"white","penSize":100}
{"x":158,"y":421,"color":"white","penSize":100}
{"x":155,"y":421,"color":"white","penSize":100}
{"x":153,"y":421,"color":"white","penSize":100}
{"x":149,"y":421,"color":"white","penSize":100}
{"x":148,"y":421,"color":"white","penSize":100}
{"x":145,"y":421,"color":"white","penSize":100}
{"x":143,"y":421,"color":"white","penSize":100}
{"x":141,"y":421,"color":"white","penSize":100}
{"x":139,"y":421,"color":"white","penSize":100}
{"x":139,"y":421,"color":"white","penSize":100}
{"x":137,"y":421,"color":"white","penSize":100}
{"x":135,"y":421,"color":"white","penSize":100}
{"x":133,"y":422,"color":"white","penSize":100}
{"x":131,"y":422,"color":"white","penSize":100}
{"x":130,"y":422,"color":"white","penSize":100}
{"x":129,"y":423,"color":"white","penSize":100}
{"x":128,"y":423,"color":"white","penSize":100}
{"x":126,"y":423,"color":"white","penSize":100}
{"x":125,"y":424,"color":"white","penSize":100}
{"x":124,"y":424,"color":"white","penSize":100}
{"x":123,"y":425,"color":"white","penSize":100}
{"x":122,"y":425,"color":"white","penSize":100}
{"x":121,"y":425,"color":"white","penSize":100}
{"x":120,"y":426,"color":"white","penSize":100}
{"x":119,"y":426,"color":"white","penSize":100}
{"x":119,"y":426,"color":"white","penSize":100}
{"x":118,"y":426,"color":"white","penSize":100}
{"x":117,"y":427,"color":"white","penSize":100}
{"x":116,"y":427,"color":"white","penSize":100}
{"x":115,"y":427,"color":"white","penSize":100}
{"x":114,"y":427,"color":"white","penSize":100}
{"x":114,"y":427,"color":"white","penSize":100}
{"x":113,"y":427,"color":"white","penSize":100}
{"x":112,"y":427,"color":"white","penSize":100}
{"x":112,"y":427,"color":"white","penSize":100}
{"x":112,"y":427,"color":"white","penSize":100}
{"x":111,"y":427,"color":"white","penSize":100}
{"x":111,"y":427,"color":"white","penSize":100}
{"x":111,"y":427,"color":"white","penSize":100}
{"x":110,"y":427,"color":"white","penSize":100}
{"x":110,"y":427,"color":"white","penSize":100}
{"x":110,"y":427,"color":"white","penSize":100}
{"x":109,"y":427,"color":"white","penSize":100}
{"x":109,"y":427,"color":"white","penSize":100}
{"x":109,"y":427,"color":"white","penSize":100}
{"x":109,"y":427,"color":"white","penSize":100}
{"x":109,"y":427,"color":"white","penSize":100}
{}
{}
