{}
{"x":121,"y":98,"color":"#333","penSize":5}
{"x":121,"y":98,"color":"#333","penSize":5}
{"x":121,"y":98,"color":"#333","penSize":5}
{"x":121,"y":97,"color":"#333","penSize":5}
{"x":121,"y":97,"color":"#333","penSize":5}
{"x":121,"y":97,"color":"#333","penSize":5}
{"x":120,"y":97,"color":"#333","penSize":5}
{"x":120,"y":97,"color":"#333","penSize":5}
{"x":120,"y":97,"color":"#333","penSize":5}
{"x":120,"y":97,"color":"#333","penSize":5}
{"x":120,"y":97,"color":"#333","penSize":5}
{"x":120,"y":97,"color":"#333","penSize":5}
{"x":120,"y":97,"color":"#333","penSize":5}
{"x":120,"y":97,"color":"#333","penSize":5}
{"x":120,"y":97,"color":"#333","penSize":5}
{"x":120,"y":97,"color":"#333","penSize":5}
{"x":120,"y":98,"color":"#333","penSize":5}
{"x":119,"y":99,"color":"#333","penSize":5}
{"x":118,"y":101,"color":"#333","penSize":5}
{"x":117,"y":104,"color":"#333","penSize":5}
{"x":116,"y":107,"color":"#333","penSize":5}
{"x":116,"y":110,"color":"#333","penSize":5}
{"x":115,"y":113,"color":"#333","penSize":5}
{"x":114,"y":116,"color":"#333","penSize":5}
{"x":113,"y":118,"color":"#333","penSize":5}
{"x":113,"y":121,"color":"#333","penSize":5}
{"x":112,"y":124,"color":"#333","penSize":5}
{"x":112,"y":127,"color":"#333","penSize":5}
{"x":111,"y":130,"color":"#333","penSize":5}
{"x":110,"y":132,"color":"#333","penSize":5}
{"x":109,"y":135,"color":"#333","penSize":5}
{"x":108,"y":138,"color":"#333","penSize":5}
{"x":108,"y":140,"color":"#333","penSize":5}
{"x":107,"y":142,"color":"#333","penSize":5}
{"x":106,"y":144,"color":"#333","penSize":5}
{"x":106,"y":146,"color":"#333","penSize":5}
{"x":105,"y":147,"color":"#333","penSize":5}
{"x":105,"y":147,"color":"#333","penSize":5}
{"x":105,"y":148,"color":"#333","penSize":5}
{"x":105,"y":148,"color":"#333","penSize":5}
{"x":105,"y":148,"color":"#333","penSize":5}
{"x":105,"y":148,"color":"#333","penSize":5}
{"x":105,"y":148,"color":"#333","penSize":5}
{"x":105,"y":148,"color":"#333","penSize":5}
{"x":105,"y":148,"color":"#333","penSize":5}
{"x":105,"y":148,"color":"#333","penSize":5}
{}
{"x":121,"y":95,"color":"#333","penSize":5}
{"x":122,"y":96,"color":"#333","penSize":5}
{"x":123,"y":97,"color":"#333","penSize":5}
{"x":123,"y":99,"color":"#333","penSize":5}
{"x":124,"y":102,"color":"#333","penSize":5}
{"x":125,"y":104,"color":"#333","penSize":5}
{"x":127,"y":107,"color":"#333","penSize":5}
{"x":128,"y":111,"color":"#333","penSize":5}
{"x":129,"y":115,"color":"#333","penSize":5}
{"x":130,"y":118,"color":"#333","penSize":5}
{"x":131,"y":122,"color":"#333","penSize":5}
{"x":131,"y":125,"color":"#333","penSize":5}
{"x":132,"y":128,"color":"#333","penSize":5}
{"x":133,"y":131,"color":"#333","penSize":5}
{"x":133,"y":134,"color":"#333","penSize":5}
{"x":133,"y":136,"color":"#333","penSize":5}
{"x":134,"y":139,"color":"#333","penSize":5}
{"x":134,"y":140,"color":"#333","penSize":5}
{"x":134,"y":142,"color":"#333","penSize":5}
{"x":135,"y":143,"color":"#333","penSize":5}
{"x":135,"y":144,"color":"#333","penSize":5}
{"x":135,"y":145,"color":"#333","penSize":5}
{"x":135,"y":145,"color":"#333","penSize":5}
{"x":135,"y":146,"color":"#333","penSize":5}
{"x":135,"y":146,"color":"#333","penSize":5}
{"x":135,"y":146,"color":"#333","penSize":5}
{"x":135,"y":146,"color":"#333","penSize":5}
{"x":135,"y":146,"color":"#333","penSize":5}
{"x":134,"y":146,"color":"#333","penSize":5}
{}
{"x":118,"y":131,"color":"#333","penSize":5}
{"x":120,"y":131,"color":"#333","penSize":5}
{"x":122,"y":131,"color":"#333","penSize":5}
{"x":124,"y":131,"color":"#333","penSize":5}
{"x":126,"y":131,"color":"#333","penSize":5}
{"x":128,"y":131,"color":"#333","penSize":5}
{"x":130,"y":130,"color":"#333","penSize":5}
{"x":132,"y":130,"color":"#333","penSize":5}
{}
{"x":158,"y":120,"color":"#333","penSize":5}
{"x":158,"y":121,"color":"#333","penSize":5}
{"x":158,"y":123,"color":"#333","penSize":5}
{"x":158,"y":125,"color":"#333","penSize":5}
{"x":158,"y":127,"color":"#333","penSize":5}
{"x":158,"y":129,"color":"#333","penSize":5}
{"x":158,"y":131,"color":"#333","penSize":5}
{"x":158,"y":133,"color":"#333","penSize":5}
{"x":158,"y":134,"color":"#333","penSize":5}
{"x":158,"y":135,"color":"#333","penSize":5}
{}
{"x":157,"y":121,"color":"#333","penSize":5}
{"x":158,"y":120,"color":"#333","penSize":5}
{"x":159,"y":119,"color":"#333","penSize":5}
{"x":160,"y":118,"color":"#333","penSize":5}
{"x":162,"y":117,"color":"#333","penSize":5}
{"x":163,"y":117,"color":"#333","penSize":5}
{"x":165,"y":116,"color":"#333","penSize":5}
{"x":166,"y":116,"color":"#333","penSize":5}
{"x":167,"y":116,"color":"#333","penSize":5}
{"x":169,"y":116,"color":"#333","penSize":5}
{"x":170,"y":116,"color":"#333","penSize":5}
{"x":171,"y":116,"color":"#333","penSize":5}
{"x":172,"y":117,"color":"#333","penSize":5}
{"x":173,"y":118,"color":"#333","penSize":5}
{"x":173,"y":119,"color":"#333","penSize":5}
{"x":173,"y":120,"color":"#333","penSize":5}
{"x":173,"y":122,"color":"#333","penSize":5}
{"x":173,"y":125,"color":"#333","penSize":5}
{"x":173,"y":128,"color":"#333","penSize":5}
{"x":173,"y":131,"color":"#333","penSize":5}
{"x":174,"y":133,"color":"#333","penSize":5}
{"x":174,"y":136,"color":"#333","penSize":5}
{"x":175,"y":138,"color":"#333","penSize":5}
{"x":176,"y":140,"color":"#333","penSize":5}
{"x":178,"y":142,"color":"#333","penSize":5}
{"x":179,"y":143,"color":"#333","penSize":5}
{}
{"x":199,"y":117,"color":"#333","penSize":5}
{"x":198,"y":117,"color":"#333","penSize":5}
{"x":197,"y":116,"color":"#333","penSize":5}
{"x":195,"y":116,"color":"#333","penSize":5}
{"x":194,"y":117,"color":"#333","penSize":5}
{"x":192,"y":118,"color":"#333","penSize":5}
{"x":190,"y":120,"color":"#333","penSize":5}
{"x":189,"y":122,"color":"#333","penSize":5}
{"x":188,"y":125,"color":"#333","penSize":5}
{"x":187,"y":128,"color":"#333","penSize":5}
{"x":187,"y":131,"color":"#333","penSize":5}
{"x":187,"y":134,"color":"#333","penSize":5}
{"x":188,"y":136,"color":"#333","penSize":5}
{"x":189,"y":138,"color":"#333","penSize":5}
{"x":191,"y":139,"color":"#333","penSize":5}
{"x":192,"y":139,"color":"#333","penSize":5}
{"x":193,"y":139,"color":"#333","penSize":5}
{"x":195,"y":139,"color":"#333","penSize":5}
{"x":196,"y":138,"color":"#333","penSize":5}
{"x":198,"y":137,"color":"#333","penSize":5}
{"x":199,"y":136,"color":"#333","penSize":5}
{"x":200,"y":134,"color":"#333","penSize":5}
{"x":201,"y":132,"color":"#333","penSize":5}
{"x":201,"y":129,"color":"#333","penSize":5}
{"x":202,"y":126,"color":"#333","penSize":5}
{}
{"x":205,"y":91,"color":"#333","penSize":5}
{"x":205,"y":87,"color":"#333","penSize":5}
{"x":206,"y":85,"color":"#333","penSize":5}
{"x":206,"y":83,"color":"#333","penSize":5}
{"x":206,"y":82,"color":"#333","penSize":5}
{"x":206,"y":82,"color":"#333","penSize":5}
{"x":206,"y":82,"color":"#333","penSize":5}
{"x":206,"y":82,"color":"#333","penSize":5}
{"x":206,"y":82,"color":"#333","penSize":5}
{"x":206,"y":83,"color":"#333","penSize":5}
{"x":206,"y":85,"color":"#333","penSize":5}
{"x":206,"y":87,"color":"#333","penSize":5}
{"x":206,"y":91,"color":"#333","penSize":5}
{"x":206,"y":94,"color":"#333","penSize":5}
{"x":206,"y":99,"color":"#333","penSize":5}
{"x":206,"y":104,"color":"#333","penSize":5}
{"x":206,"y":109,"color":"#333","penSize":5}
{"x":206,"y":114,"color":"#333","penSize":5}
{"x":206,"y":119,"color":"#333","penSize":5}
{"x":206,"y":123,"color":"#333","penSize":5}
{"x":207,"y":127,"color":"#333","penSize":5}
{"x":208,"y":129,"color":"#333","penSize":5}
{"x":209,"y":131,"color":"#333","penSize":5}
{"x":209,"y":133,"color":"#333","penSize":5}
{"x":210,"y":135,"color":"#333","penSize":5}
{"x":211,"y":136,"color":"#333","penSize":5}
{"x":213,"y":137,"color":"#333","penSize":5}
{"x":214,"y":138,"color":"#333","penSize":5}
{"x":215,"y":139,"color":"#333","penSize":5}
{"x":216,"y":140,"color":"#333","penSize":5}
{"x":217,"y":140,"color":"#333","penSize":5}
{"x":218,"y":140,"color":"#333","penSize":5}
{}
{"x":224,"y":119,"color":"#333","penSize":5}
{"x":224,"y":122,"color":"#333","penSize":5}
{"x":224,"y":125,"color":"#333","penSize":5}
{"x":224,"y":128,"color":"#333","penSize":5}
{"x":224,"y":131,"color":"#333","penSize":5}
{"x":224,"y":135,"color":"#333","penSize":5}
{"x":224,"y":137,"color":"#333","penSize":5}
{"x":224,"y":139,"color":"#333","penSize":5}
{"x":224,"y":140,"color":"#333","penSize":5}
{"x":224,"y":141,"color":"#333","penSize":5}
{"x":224,"y":141,"color":"#333","penSize":5}
{}
{"x":225,"y":121,"color":"#333","penSize":5}
{"x":226,"y":120,"color":"#333","penSize":5}
{"x":227,"y":118,"color":"#333","penSize":5}
{"x":228,"y":117,"color":"#333","penSize":5}
{"x":230,"y":116,"color":"#333","penSize":5}
{"x":232,"y":115,"color":"#333","penSize":5}
{"x":234,"y":114,"color":"#333","penSize":5}
{"x":236,"y":114,"color":"#333","penSize":5}
{"x":238,"y":113,"color":"#333","penSize":5}
{"x":241,"y":113,"color":"#333","penSize":5}
{"x":243,"y":113,"color":"#333","penSize":5}
{}
{"x":257,"y":134,"color":"#333","penSize":5}
{"x":258,"y":137,"color":"#333","penSize":5}
{"x":258,"y":139,"color":"#333","penSize":5}
{"x":260,"y":141,"color":"#333","penSize":5}
{"x":261,"y":142,"color":"#333","penSize":5}
{"x":262,"y":142,"color":"#333","penSize":5}
{"x":264,"y":142,"color":"#333","penSize":5}
{"x":265,"y":142,"color":"#333","penSize":5}
{"x":266,"y":141,"color":"#333","penSize":5}
{"x":268,"y":140,"color":"#333","penSize":5}
{"x":269,"y":138,"color":"#333","penSize":5}
{"x":270,"y":136,"color":"#333","penSize":5}
{"x":271,"y":134,"color":"#333","penSize":5}
{"x":271,"y":131,"color":"#333","penSize":5}
{"x":271,"y":129,"color":"#333","penSize":5}
{"x":271,"y":126,"color":"#333","penSize":5}
{"x":271,"y":124,"color":"#333","penSize":5}
{"x":270,"y":123,"color":"#333","penSize":5}
{"x":268,"y":121,"color":"#333","penSize":5}
{"x":267,"y":120,"color":"#333","penSize":5}
{"x":265,"y":119,"color":"#333","penSize":5}
{"x":263,"y":119,"color":"#333","penSize":5}
{"x":261,"y":119,"color":"#333","penSize":5}
{"x":258,"y":120,"color":"#333","penSize":5}
{"x":256,"y":122,"color":"#333","penSize":5}
{"x":254,"y":123,"color":"#333","penSize":5}
{"x":253,"y":125,"color":"#333","penSize":5}
{"x":252,"y":127,"color":"#333","penSize":5}
{"x":251,"y":128,"color":"#333","penSize":5}
{"x":251,"y":130,"color":"#333","penSize":5}
{"x":251,"y":132,"color":"#333","penSize":5}
{}
{"x":296,"y":113,"color":"#333","penSize":5}
{"x":296,"y":115,"color":"#333","penSize":5}
{"x":296,"y":117,"color":"#333","penSize":5}
{"x":296,"y":120,"color":"#333","penSize":5}
{"x":296,"y":123,"color":"#333","penSize":5}
{"x":297,"y":126,"color":"#333","penSize":5}
{"x":297,"y":128,"color":"#333","penSize":5}
{"x":297,"y":131,"color":"#333","penSize":5}
{"x":298,"y":134,"color":"#333","penSize":5}
{"x":298,"y":136,"color":"#333","penSize":5}
{"x":298,"y":138,"color":"#333","penSize":5}
{"x":298,"y":140,"color":"#333","penSize":5}
{"x":298,"y":141,"color":"#333","penSize":5}
{"x":298,"y":141,"color":"#333","penSize":5}
{"x":298,"y":141,"color":"#333","penSize":5}
{}
{"x":294,"y":94,"color":"#333","penSize":5}
{"x":294,"y":94,"color":"#333","penSize":5}
{"x":294,"y":94,"color":"#333","penSize":5}
{"x":295,"y":94,"color":"#333","penSize":5}
{}
{"x":329,"y":114,"color":"#333","penSize":5}
{"x":328,"y":115,"color":"#333","penSize":5}
{"x":327,"y":116,"color":"#333","penSize":5}
{"x":327,"y":117,"color":"#333","penSize":5}
{"x":326,"y":117,"color":"#333","penSize":5}
{"x":325,"y":118,"color":"#333","penSize":5}
{"x":324,"y":118,"color":"#333","penSize":5}
{"x":323,"y":119,"color":"#333","penSize":5}
{"x":322,"y":120,"color":"#333","penSize":5}
{"x":321,"y":122,"color":"#333","penSize":5}
{"x":321,"y":124,"color":"#333","penSize":5}
{"x":320,"y":127,"color":"#333","penSize":5}
{"x":320,"y":130,"color":"#333","penSize":5}
{"x":320,"y":133,"color":"#333","penSize":5}
{"x":320,"y":136,"color":"#333","penSize":5}
{"x":320,"y":138,"color":"#333","penSize":5}
{"x":320,"y":140,"color":"#333","penSize":5}
{"x":321,"y":141,"color":"#333","penSize":5}
{"x":322,"y":142,"color":"#333","penSize":5}
{"x":324,"y":142,"color":"#333","penSize":5}
{"x":325,"y":142,"color":"#333","penSize":5}
{"x":326,"y":142,"color":"#333","penSize":5}
{"x":328,"y":141,"color":"#333","penSize":5}
{"x":329,"y":140,"color":"#333","penSize":5}
{"x":331,"y":138,"color":"#333","penSize":5}
{"x":333,"y":135,"color":"#333","penSize":5}
{"x":334,"y":131,"color":"#333","penSize":5}
{"x":336,"y":126,"color":"#333","penSize":5}
{"x":338,"y":120,"color":"#333","penSize":5}
{"x":339,"y":113,"color":"#333","penSize":5}
{"x":341,"y":106,"color":"#333","penSize":5}
{"x":342,"y":99,"color":"#333","penSize":5}
{"x":342,"y":92,"color":"#333","penSize":5}
{"x":343,"y":85,"color":"#333","penSize":5}
{"x":343,"y":80,"color":"#333","penSize":5}
{"x":343,"y":76,"color":"#333","penSize":5}
{"x":343,"y":73,"color":"#333","penSize":5}
{"x":343,"y":71,"color":"#333","penSize":5}
{"x":343,"y":71,"color":"#333","penSize":5}
{"x":343,"y":71,"color":"#333","penSize":5}
{"x":343,"y":71,"color":"#333","penSize":5}
{"x":343,"y":72,"color":"#333","penSize":5}
{"x":342,"y":75,"color":"#333","penSize":5}
{"x":342,"y":79,"color":"#333","penSize":5}
{"x":341,"y":85,"color":"#333","penSize":5}
{"x":340,"y":91,"color":"#333","penSize":5}
{"x":340,"y":99,"color":"#333","penSize":5}
{"x":340,"y":107,"color":"#333","penSize":5}
{"x":340,"y":116,"color":"#333","penSize":5}
{"x":340,"y":124,"color":"#333","penSize":5}
{"x":341,"y":132,"color":"#333","penSize":5}
{"x":342,"y":138,"color":"#333","penSize":5}
{"x":344,"y":142,"color":"#333","penSize":5}
{"x":346,"y":145,"color":"#333","penSize":5}
{"x":349,"y":147,"color":"#333","penSize":5}
{"x":352,"y":148,"color":"#333","penSize":5}
{"x":356,"y":149,"color":"#333","penSize":5}
{"x":361,"y":149,"color":"#333","penSize":5}
{"x":367,"y":149,"color":"#333","penSize":5}
{"x":373,"y":148,"color":"#333","penSize":5}
{"x":380,"y":146,"color":"#333","penSize":5}
{}
{}
{}
{}
{}
{"x":402,"y":100,"color":"#333","penSize":5}
{"x":401,"y":100,"color":"#333","penSize":5}
{"x":401,"y":100,"color":"#333","penSize":5}
{"x":401,"y":100,"color":"#333","penSize":5}
{"x":401,"y":100,"color":"#333","penSize":5}
{"x":401,"y":100,"color":"#333","penSize":5}
{"x":401,"y":100,"color":"#333","penSize":5}
{"x":400,"y":100,"color":"#333","penSize":5}
{"x":399,"y":100,"color":"#333","penSize":5}
{"x":399,"y":101,"color":"#333","penSize":5}
{"x":398,"y":102,"color":"#333","penSize":5}
{"x":396,"y":103,"color":"#333","penSize":5}
{"x":395,"y":105,"color":"#333","penSize":5}
{"x":393,"y":108,"color":"#333","penSize":5}
{"x":392,"y":110,"color":"#333","penSize":5}
{"x":390,"y":113,"color":"#333","penSize":5}
{"x":389,"y":116,"color":"#333","penSize":5}
{"x":387,"y":118,"color":"#333","penSize":5}
{"x":386,"y":121,"color":"#333","penSize":5}
{"x":385,"y":124,"color":"#333","penSize":5}
{"x":384,"y":126,"color":"#333","penSize":5}
{"x":383,"y":129,"color":"#333","penSize":5}
{"x":383,"y":132,"color":"#333","penSize":5}
{"x":383,"y":135,"color":"#333","penSize":5}
{"x":383,"y":137,"color":"#333","penSize":5}
{"x":383,"y":140,"color":"#333","penSize":5}
{"x":383,"y":142,"color":"#333","penSize":5}
{"x":383,"y":144,"color":"#333","penSize":5}
{"x":384,"y":145,"color":"#333","penSize":5}
{"x":385,"y":146,"color":"#333","penSize":5}
{"x":386,"y":147,"color":"#333","penSize":5}
{"x":388,"y":148,"color":"#333","penSize":5}
{"x":389,"y":149,"color":"#333","penSize":5}
{"x":391,"y":149,"color":"#333","penSize":5}
{"x":392,"y":150,"color":"#333","penSize":5}
{"x":394,"y":151,"color":"#333","penSize":5}
{"x":395,"y":151,"color":"#333","penSize":5}
{"x":398,"y":151,"color":"#333","penSize":5}
{"x":400,"y":151,"color":"#333","penSize":5}
{}
{"x":423,"y":123,"color":"#333","penSize":5}
{"x":421,"y":123,"color":"#333","penSize":5}
{"x":420,"y":122,"color":"#333","penSize":5}
{"x":419,"y":122,"color":"#333","penSize":5}
{"x":418,"y":122,"color":"#333","penSize":5}
{"x":416,"y":123,"color":"#333","penSize":5}
{"x":415,"y":125,"color":"#333","penSize":5}
{"x":414,"y":127,"color":"#333","penSize":5}
{"x":413,"y":129,"color":"#333","penSize":5}
{"x":413,"y":132,"color":"#333","penSize":5}
{"x":413,"y":135,"color":"#333","penSize":5}
{"x":413,"y":137,"color":"#333","penSize":5}
{"x":413,"y":140,"color":"#333","penSize":5}
{"x":414,"y":142,"color":"#333","penSize":5}
{"x":415,"y":143,"color":"#333","penSize":5}
{"x":417,"y":144,"color":"#333","penSize":5}
{"x":418,"y":145,"color":"#333","penSize":5}
{"x":420,"y":145,"color":"#333","penSize":5}
{"x":421,"y":145,"color":"#333","penSize":5}
{"x":423,"y":145,"color":"#333","penSize":5}
{"x":425,"y":143,"color":"#333","penSize":5}
{"x":426,"y":142,"color":"#333","penSize":5}
{"x":427,"y":139,"color":"#333","penSize":5}
{"x":429,"y":137,"color":"#333","penSize":5}
{}
{"x":435,"y":94,"color":"#333","penSize":5}
{"x":435,"y":93,"color":"#333","penSize":5}
{"x":435,"y":93,"color":"#333","penSize":5}
{"x":435,"y":93,"color":"#333","penSize":5}
{"x":435,"y":93,"color":"#333","penSize":5}
{"x":435,"y":93,"color":"#333","penSize":5}
{"x":435,"y":93,"color":"#333","penSize":5}
{"x":435,"y":94,"color":"#333","penSize":5}
{"x":435,"y":95,"color":"#333","penSize":5}
{"x":435,"y":97,"color":"#333","penSize":5}
{"x":435,"y":99,"color":"#333","penSize":5}
{"x":435,"y":101,"color":"#333","penSize":5}
{"x":435,"y":104,"color":"#333","penSize":5}
{"x":435,"y":107,"color":"#333","penSize":5}
{"x":435,"y":111,"color":"#333","penSize":5}
{"x":435,"y":116,"color":"#333","penSize":5}
{"x":435,"y":120,"color":"#333","penSize":5}
{"x":435,"y":124,"color":"#333","penSize":5}
{"x":435,"y":128,"color":"#333","penSize":5}
{"x":435,"y":131,"color":"#333","penSize":5}
{"x":435,"y":134,"color":"#333","penSize":5}
{"x":436,"y":136,"color":"#333","penSize":5}
{"x":437,"y":138,"color":"#333","penSize":5}
{"x":438,"y":139,"color":"#333","penSize":5}
{"x":439,"y":140,"color":"#333","penSize":5}
{"x":441,"y":141,"color":"#333","penSize":5}
{"x":442,"y":142,"color":"#333","penSize":5}
{"x":443,"y":142,"color":"#333","penSize":5}
{"x":445,"y":142,"color":"#333","penSize":5}
{"x":446,"y":142,"color":"#333","penSize":5}
{"x":447,"y":142,"color":"#333","penSize":5}
{"x":449,"y":142,"color":"#333","penSize":5}
{"x":450,"y":141,"color":"#333","penSize":5}
{"x":451,"y":140,"color":"#333","penSize":5}
{"x":452,"y":139,"color":"#333","penSize":5}
{"x":453,"y":138,"color":"#333","penSize":5}
{}
{"x":459,"y":115,"color":"#333","penSize":5}
{"x":459,"y":117,"color":"#333","penSize":5}
{"x":459,"y":119,"color":"#333","penSize":5}
{"x":459,"y":121,"color":"#333","penSize":5}
{"x":460,"y":124,"color":"#333","penSize":5}
{"x":460,"y":128,"color":"#333","penSize":5}
{"x":460,"y":132,"color":"#333","penSize":5}
{"x":461,"y":137,"color":"#333","penSize":5}
{"x":461,"y":142,"color":"#333","penSize":5}
{"x":461,"y":147,"color":"#333","penSize":5}
{"x":461,"y":152,"color":"#333","penSize":5}
{"x":461,"y":157,"color":"#333","penSize":5}
{"x":461,"y":161,"color":"#333","penSize":5}
{"x":461,"y":165,"color":"#333","penSize":5}
{"x":461,"y":168,"color":"#333","penSize":5}
{"x":461,"y":171,"color":"#333","penSize":5}
{"x":461,"y":173,"color":"#333","penSize":5}
{"x":461,"y":175,"color":"#333","penSize":5}
{"x":460,"y":176,"color":"#333","penSize":5}
{"x":460,"y":176,"color":"#333","penSize":5}
{"x":460,"y":176,"color":"#333","penSize":5}
{"x":459,"y":175,"color":"#333","penSize":5}
{}
{"x":458,"y":123,"color":"#333","penSize":5}
{"x":459,"y":123,"color":"#333","penSize":5}
{"x":461,"y":123,"color":"#333","penSize":5}
{"x":462,"y":123,"color":"#333","penSize":5}
{"x":464,"y":123,"color":"#333","penSize":5}
{"x":466,"y":124,"color":"#333","penSize":5}
{"x":467,"y":125,"color":"#333","penSize":5}
{"x":468,"y":126,"color":"#333","penSize":5}
{"x":470,"y":127,"color":"#333","penSize":5}
{"x":471,"y":128,"color":"#333","penSize":5}
{"x":471,"y":130,"color":"#333","penSize":5}
{"x":472,"y":131,"color":"#333","penSize":5}
{"x":472,"y":132,"color":"#333","penSize":5}
{"x":472,"y":133,"color":"#333","penSize":5}
{"x":472,"y":134,"color":"#333","penSize":5}
{"x":471,"y":136,"color":"#333","penSize":5}
{"x":470,"y":138,"color":"#333","penSize":5}
{"x":469,"y":139,"color":"#333","penSize":5}
{"x":467,"y":141,"color":"#333","penSize":5}
{"x":465,"y":142,"color":"#333","penSize":5}
{"x":463,"y":144,"color":"#333","penSize":5}
{"x":461,"y":144,"color":"#333","penSize":5}
{"x":459,"y":145,"color":"#333","penSize":5}
{"x":457,"y":145,"color":"#333","penSize":5}
{"x":456,"y":145,"color":"#333","penSize":5}
{"x":455,"y":144,"color":"#333","penSize":5}
{}
{"x":470,"y":98,"color":"#333","penSize":5}
{"x":472,"y":99,"color":"#333","penSize":5}
{"x":473,"y":100,"color":"#333","penSize":5}
{"x":475,"y":102,"color":"#333","penSize":5}
{"x":476,"y":103,"color":"#333","penSize":5}
{"x":477,"y":105,"color":"#333","penSize":5}
{"x":479,"y":107,"color":"#333","penSize":5}
{"x":481,"y":110,"color":"#333","penSize":5}
{"x":482,"y":112,"color":"#333","penSize":5}
{"x":484,"y":115,"color":"#333","penSize":5}
{"x":485,"y":118,"color":"#333","penSize":5}
{"x":486,"y":122,"color":"#333","penSize":5}
{"x":486,"y":125,"color":"#333","penSize":5}
{"x":487,"y":129,"color":"#333","penSize":5}
{"x":487,"y":132,"color":"#333","penSize":5}
{"x":487,"y":136,"color":"#333","penSize":5}
{"x":486,"y":140,"color":"#333","penSize":5}
{"x":485,"y":144,"color":"#333","penSize":5}
{"x":483,"y":147,"color":"#333","penSize":5}
{"x":482,"y":150,"color":"#333","penSize":5}
{"x":480,"y":153,"color":"#333","penSize":5}
{}
{"x":711,"y":110,"color":"#333","penSize":5}
{"x":711,"y":110,"color":"#333","penSize":5}
{"x":711,"y":111,"color":"#333","penSize":5}
{"x":711,"y":112,"color":"#333","penSize":5}
{"x":711,"y":114,"color":"#333","penSize":5}
{"x":711,"y":116,"color":"#333","penSize":5}
{"x":711,"y":119,"color":"#333","penSize":5}
{"x":711,"y":123,"color":"#333","penSize":5}
{"x":711,"y":127,"color":"#333","penSize":5}
{"x":711,"y":131,"color":"#333","penSize":5}
{"x":711,"y":135,"color":"#333","penSize":5}
{"x":711,"y":139,"color":"#333","penSize":5}
{"x":711,"y":142,"color":"#333","penSize":5}
{"x":711,"y":145,"color":"#333","penSize":5}
{"x":711,"y":147,"color":"#333","penSize":5}
{"x":711,"y":148,"color":"#333","penSize":5}
{"x":711,"y":149,"color":"#333","penSize":5}
{"x":711,"y":149,"color":"#333","penSize":5}
{"x":711,"y":149,"color":"#333","penSize":5}
{"x":711,"y":149,"color":"#333","penSize":5}
{"x":711,"y":149,"color":"#333","penSize":5}
{"x":711,"y":149,"color":"#333","penSize":5}
{"x":711,"y":148,"color":"#333","penSize":5}
{}
{"x":710,"y":82,"color":"#333","penSize":5}
{"x":710,"y":82,"color":"#333","penSize":5}
{"x":710,"y":81,"color":"#333","penSize":5}
{"x":710,"y":81,"color":"#333","penSize":5}
{"x":710,"y":81,"color":"#333","penSize":5}
{"x":710,"y":81,"color":"#333","penSize":5}
{"x":710,"y":81,"color":"#333","penSize":5}
{"x":710,"y":81,"color":"#333","penSize":5}
{"x":710,"y":81,"color":"#333","penSize":5}
{"x":710,"y":82,"color":"#333","penSize":5}
{"x":711,"y":83,"color":"#333","penSize":5}
{"x":711,"y":85,"color":"#333","penSize":5}
{"x":712,"y":86,"color":"#333","penSize":5}
{"x":713,"y":88,"color":"#333","penSize":5}
{"x":714,"y":91,"color":"#333","penSize":5}
{}
{"x":734,"y":132,"color":"#333","penSize":5}
{"x":734,"y":136,"color":"#333","penSize":5}
{"x":734,"y":139,"color":"#333","penSize":5}
{"x":734,"y":142,"color":"#333","penSize":5}
{"x":735,"y":144,"color":"#333","penSize":5}
{"x":737,"y":146,"color":"#333","penSize":5}
{"x":739,"y":148,"color":"#333","penSize":5}
{"x":741,"y":149,"color":"#333","penSize":5}
{"x":743,"y":150,"color":"#333","penSize":5}
{"x":745,"y":151,"color":"#333","penSize":5}
{"x":748,"y":152,"color":"#333","penSize":5}
{"x":750,"y":152,"color":"#333","penSize":5}
{"x":753,"y":152,"color":"#333","penSize":5}
{"x":755,"y":152,"color":"#333","penSize":5}
{"x":756,"y":150,"color":"#333","penSize":5}
{"x":758,"y":148,"color":"#333","penSize":5}
{"x":760,"y":146,"color":"#333","penSize":5}
{"x":760,"y":143,"color":"#333","penSize":5}
{"x":761,"y":140,"color":"#333","penSize":5}
{"x":761,"y":138,"color":"#333","penSize":5}
{"x":761,"y":135,"color":"#333","penSize":5}
{"x":761,"y":132,"color":"#333","penSize":5}
{"x":761,"y":129,"color":"#333","penSize":5}
{"x":761,"y":127,"color":"#333","penSize":5}
{"x":760,"y":125,"color":"#333","penSize":5}
{"x":759,"y":123,"color":"#333","penSize":5}
{"x":757,"y":122,"color":"#333","penSize":5}
{"x":756,"y":120,"color":"#333","penSize":5}
{"x":754,"y":119,"color":"#333","penSize":5}
{"x":752,"y":118,"color":"#333","penSize":5}
{"x":750,"y":118,"color":"#333","penSize":5}
{"x":748,"y":117,"color":"#333","penSize":5}
{"x":745,"y":117,"color":"#333","penSize":5}
{"x":743,"y":118,"color":"#333","penSize":5}
{"x":742,"y":119,"color":"#333","penSize":5}
{"x":740,"y":121,"color":"#333","penSize":5}
{"x":738,"y":123,"color":"#333","penSize":5}
{"x":737,"y":125,"color":"#333","penSize":5}
{"x":736,"y":127,"color":"#333","penSize":5}
{"x":736,"y":129,"color":"#333","penSize":5}
{"x":736,"y":131,"color":"#333","penSize":5}
{"x":736,"y":133,"color":"#333","penSize":5}
{"x":737,"y":134,"color":"#333","penSize":5}
{"x":739,"y":134,"color":"#333","penSize":5}
{"x":741,"y":134,"color":"#333","penSize":5}
{}
{"x":783,"y":107,"color":"#333","penSize":5}
{"x":781,"y":109,"color":"#333","penSize":5}
{"x":780,"y":110,"color":"#333","penSize":5}
{"x":778,"y":112,"color":"#333","penSize":5}
{"x":776,"y":115,"color":"#333","penSize":5}
{"x":775,"y":117,"color":"#333","penSize":5}
{"x":773,"y":119,"color":"#333","penSize":5}
{"x":773,"y":121,"color":"#333","penSize":5}
{"x":772,"y":123,"color":"#333","penSize":5}
{"x":772,"y":124,"color":"#333","penSize":5}
{"x":773,"y":125,"color":"#333","penSize":5}
{"x":775,"y":125,"color":"#333","penSize":5}
{"x":778,"y":126,"color":"#333","penSize":5}
{"x":780,"y":127,"color":"#333","penSize":5}
{"x":784,"y":127,"color":"#333","penSize":5}
{"x":787,"y":128,"color":"#333","penSize":5}
{"x":790,"y":129,"color":"#333","penSize":5}
{"x":792,"y":131,"color":"#333","penSize":5}
{"x":795,"y":133,"color":"#333","penSize":5}
{"x":797,"y":134,"color":"#333","penSize":5}
{"x":799,"y":136,"color":"#333","penSize":5}
{"x":800,"y":138,"color":"#333","penSize":5}
{"x":801,"y":140,"color":"#333","penSize":5}
{"x":802,"y":141,"color":"#333","penSize":5}
{"x":802,"y":142,"color":"#333","penSize":5}
{"x":802,"y":143,"color":"#333","penSize":5}
{"x":802,"y":145,"color":"#333","penSize":5}
{"x":802,"y":145,"color":"#333","penSize":5}
{"x":800,"y":146,"color":"#333","penSize":5}
{"x":799,"y":147,"color":"#333","penSize":5}
{"x":797,"y":148,"color":"#333","penSize":5}
{"x":795,"y":149,"color":"#333","penSize":5}
{"x":792,"y":150,"color":"#333","penSize":5}
{"x":788,"y":150,"color":"#333","penSize":5}
{"x":784,"y":151,"color":"#333","penSize":5}
{"x":780,"y":151,"color":"#333","penSize":5}
{"x":775,"y":152,"color":"#333","penSize":5}
{"x":770,"y":152,"color":"#333","penSize":5}
{"x":765,"y":152,"color":"#333","penSize":5}
{"x":760,"y":153,"color":"#333","penSize":5}
{"x":756,"y":154,"color":"#333","penSize":5}
{"x":753,"y":156,"color":"#333","penSize":5}
{}
{"x":738,"y":175,"color":"#333","penSize":5}
{"x":740,"y":175,"color":"#333","penSize":5}
{"x":742,"y":175,"color":"#333","penSize":5}
{"x":744,"y":175,"color":"#333","penSize":5}
{"x":746,"y":175,"color":"#333","penSize":5}
{"x":749,"y":175,"color":"#333","penSize":5}
{"x":751,"y":175,"color":"#333","penSize":5}
{"x":754,"y":175,"color":"#333","penSize":5}
{"x":758,"y":175,"color":"#333","penSize":5}
{"x":762,"y":175,"color":"#333","penSize":5}
{"x":766,"y":175,"color":"#333","penSize":5}
{"x":770,"y":174,"color":"#333","penSize":5}
{"x":775,"y":174,"color":"#333","penSize":5}
{"x":780,"y":173,"color":"#333","penSize":5}
{"x":784,"y":172,"color":"#333","penSize":5}
{"x":789,"y":172,"color":"#333","penSize":5}
{}
{"x":909,"y":117,"color":"#333","penSize":5}
{"x":909,"y":117,"color":"#333","penSize":5}
{"x":908,"y":116,"color":"#333","penSize":5}
{"x":908,"y":116,"color":"#333","penSize":5}
{"x":908,"y":116,"color":"#333","penSize":5}
{"x":908,"y":116,"color":"#333","penSize":5}
{"x":908,"y":116,"color":"#333","penSize":5}
{"x":907,"y":116,"color":"#333","penSize":5}
{"x":907,"y":116,"color":"#333","penSize":5}
{"x":906,"y":116,"color":"#333","penSize":5}
{"x":906,"y":116,"color":"#333","penSize":5}
{"x":905,"y":117,"color":"#333","penSize":5}
{"x":903,"y":118,"color":"#333","penSize":5}
{"x":902,"y":119,"color":"#333","penSize":5}
{"x":901,"y":121,"color":"#333","penSize":5}
{"x":899,"y":123,"color":"#333","penSize":5}
{"x":897,"y":125,"color":"#333","penSize":5}
{"x":895,"y":127,"color":"#333","penSize":5}
{"x":893,"y":130,"color":"#333","penSize":5}
{"x":892,"y":132,"color":"#333","penSize":5}
{"x":890,"y":134,"color":"#333","penSize":5}
{"x":889,"y":136,"color":"#333","penSize":5}
{"x":888,"y":138,"color":"#333","penSize":5}
{"x":887,"y":140,"color":"#333","penSize":5}
{"x":887,"y":142,"color":"#333","penSize":5}
{"x":887,"y":144,"color":"#333","penSize":5}
{"x":887,"y":145,"color":"#333","penSize":5}
{"x":887,"y":146,"color":"#333","penSize":5}
{"x":888,"y":147,"color":"#333","penSize":5}
{"x":889,"y":148,"color":"#333","penSize":5}
{"x":890,"y":149,"color":"#333","penSize":5}
{"x":891,"y":150,"color":"#333","penSize":5}
{"x":893,"y":151,"color":"#333","penSize":5}
{"x":894,"y":151,"color":"#333","penSize":5}
{"x":896,"y":152,"color":"#333","penSize":5}
{"x":898,"y":153,"color":"#333","penSize":5}
{"x":899,"y":153,"color":"#333","penSize":5}
{"x":901,"y":153,"color":"#333","penSize":5}
{"x":903,"y":153,"color":"#333","penSize":5}
{"x":905,"y":153,"color":"#333","penSize":5}
{"x":907,"y":153,"color":"#333","penSize":5}
{"x":909,"y":152,"color":"#333","penSize":5}
{"x":911,"y":151,"color":"#333","penSize":5}
{}
{"x":953,"y":123,"color":"#333","penSize":5}
{"x":953,"y":124,"color":"#333","penSize":5}
{"x":954,"y":126,"color":"#333","penSize":5}
{"x":954,"y":128,"color":"#333","penSize":5}
{"x":954,"y":130,"color":"#333","penSize":5}
{"x":954,"y":133,"color":"#333","penSize":5}
{"x":954,"y":136,"color":"#333","penSize":5}
{"x":954,"y":139,"color":"#333","penSize":5}
{"x":954,"y":142,"color":"#333","penSize":5}
{"x":954,"y":146,"color":"#333","penSize":5}
{"x":954,"y":150,"color":"#333","penSize":5}
{"x":954,"y":154,"color":"#333","penSize":5}
{"x":954,"y":159,"color":"#333","penSize":5}
{"x":954,"y":163,"color":"#333","penSize":5}
{"x":953,"y":167,"color":"#333","penSize":5}
{"x":953,"y":171,"color":"#333","penSize":5}
{"x":952,"y":173,"color":"#333","penSize":5}
{"x":952,"y":176,"color":"#333","penSize":5}
{"x":952,"y":178,"color":"#333","penSize":5}
{"x":951,"y":179,"color":"#333","penSize":5}
{"x":951,"y":181,"color":"#333","penSize":5}
{"x":951,"y":181,"color":"#333","penSize":5}
{"x":951,"y":181,"color":"#333","penSize":5}
{"x":951,"y":181,"color":"#333","penSize":5}
{"x":951,"y":181,"color":"#333","penSize":5}
{"x":951,"y":181,"color":"#333","penSize":5}
{"x":951,"y":179,"color":"#333","penSize":5}
{}
{"x":955,"y":121,"color":"#333","penSize":5}
{"x":957,"y":120,"color":"#333","penSize":5}
{"x":959,"y":119,"color":"#333","penSize":5}
{"x":960,"y":118,"color":"#333","penSize":5}
{"x":962,"y":118,"color":"#333","penSize":5}
{"x":963,"y":118,"color":"#333","penSize":5}
{"x":964,"y":119,"color":"#333","penSize":5}
{"x":966,"y":120,"color":"#333","penSize":5}
{"x":967,"y":121,"color":"#333","penSize":5}
{"x":968,"y":122,"color":"#333","penSize":5}
{"x":970,"y":124,"color":"#333","penSize":5}
{"x":971,"y":125,"color":"#333","penSize":5}
{"x":972,"y":127,"color":"#333","penSize":5}
{"x":973,"y":128,"color":"#333","penSize":5}
{"x":974,"y":130,"color":"#333","penSize":5}
{"x":974,"y":132,"color":"#333","penSize":5}
{"x":974,"y":133,"color":"#333","penSize":5}
{"x":974,"y":135,"color":"#333","penSize":5}
{"x":974,"y":136,"color":"#333","penSize":5}
{"x":974,"y":138,"color":"#333","penSize":5}
{"x":973,"y":139,"color":"#333","penSize":5}
{"x":972,"y":141,"color":"#333","penSize":5}
{"x":971,"y":142,"color":"#333","penSize":5}
{"x":969,"y":143,"color":"#333","penSize":5}
{"x":967,"y":145,"color":"#333","penSize":5}
{"x":965,"y":146,"color":"#333","penSize":5}
{"x":963,"y":147,"color":"#333","penSize":5}
{"x":961,"y":147,"color":"#333","penSize":5}
{"x":959,"y":148,"color":"#333","penSize":5}
{"x":957,"y":149,"color":"#333","penSize":5}
{"x":956,"y":150,"color":"#333","penSize":5}
{}
{"x":1005,"y":134,"color":"#333","penSize":5}
{"x":1005,"y":134,"color":"#333","penSize":5}
{"x":1006,"y":134,"color":"#333","penSize":5}
{"x":1008,"y":134,"color":"#333","penSize":5}
{"x":1010,"y":134,"color":"#333","penSize":5}
{"x":1013,"y":134,"color":"#333","penSize":5}
{"x":1015,"y":133,"color":"#333","penSize":5}
{"x":1019,"y":133,"color":"#333","penSize":5}
{"x":1022,"y":132,"color":"#333","penSize":5}
{"x":1025,"y":132,"color":"#333","penSize":5}
{"x":1027,"y":132,"color":"#333","penSize":5}
{"x":1030,"y":132,"color":"#333","penSize":5}
{"x":1032,"y":131,"color":"#333","penSize":5}
{"x":1033,"y":131,"color":"#333","penSize":5}
{"x":1034,"y":131,"color":"#333","penSize":5}
{"x":1034,"y":131,"color":"#333","penSize":5}
{"x":1034,"y":130,"color":"#333","penSize":5}
{}
{"x":1024,"y":102,"color":"#333","penSize":5}
{"x":1024,"y":105,"color":"#333","penSize":5}
{"x":1024,"y":108,"color":"#333","penSize":5}
{"x":1024,"y":112,"color":"#333","penSize":5}
{"x":1024,"y":117,"color":"#333","penSize":5}
{"x":1023,"y":123,"color":"#333","penSize":5}
{"x":1022,"y":128,"color":"#333","penSize":5}
{"x":1022,"y":134,"color":"#333","penSize":5}
{"x":1021,"y":139,"color":"#333","penSize":5}
{"x":1021,"y":143,"color":"#333","penSize":5}
{"x":1021,"y":147,"color":"#333","penSize":5}
{"x":1021,"y":149,"color":"#333","penSize":5}
{"x":1021,"y":151,"color":"#333","penSize":5}
{"x":1022,"y":152,"color":"#333","penSize":5}
{"x":1023,"y":153,"color":"#333","penSize":5}
{"x":1025,"y":154,"color":"#333","penSize":5}
{"x":1026,"y":154,"color":"#333","penSize":5}
{"x":1028,"y":154,"color":"#333","penSize":5}
{"x":1030,"y":154,"color":"#333","penSize":5}
{"x":1033,"y":153,"color":"#333","penSize":5}
{"x":1035,"y":152,"color":"#333","penSize":5}
{}
{"x":1137,"y":693,"color":"#333","penSize":5}
{}
{"x":1084,"y":701,"color":"red","penSize":5}
{"x":1084,"y":701,"color":"red","penSize":5}
{}
{}
{"x":962,"y":95,"color":"white","penSize":100}
{"x":962,"y":95,"color":"white","penSize":100}
{"x":962,"y":95,"color":"white","penSize":100}
{"x":962,"y":95,"color":"white","penSize":100}
{"x":962,"y":95,"color":"white","penSize":100}
{"x":962,"y":96,"color":"white","penSize":100}
{"x":962,"y":96,"color":"white","penSize":100}
{"x":962,"y":98,"color":"white","penSize":100}
{"x":962,"y":99,"color":"white","penSize":100}
{"x":962,"y":102,"color":"white","penSize":100}
{"x":963,"y":105,"color":"white","penSize":100}
{"x":963,"y":108,"color":"white","penSize":100}
{"x":963,"y":113,"color":"white","penSize":100}
{"x":963,"y":119,"color":"white","penSize":100}
{"x":963,"y":125,"color":"white","penSize":100}
{"x":963,"y":131,"color":"white","penSize":100}
{"x":962,"y":138,"color":"white","penSize":100}
{"x":962,"y":144,"color":"white","penSize":100}
{"x":961,"y":149,"color":"white","penSize":100}
{"x":960,"y":153,"color":"white","penSize":100}
{"x":959,"y":157,"color":"white","penSize":100}
{"x":958,"y":160,"color":"white","penSize":100}
{"x":957,"y":162,"color":"white","penSize":100}
{"x":957,"y":164,"color":"white","penSize":100}
{"x":956,"y":166,"color":"white","penSize":100}
{"x":956,"y":168,"color":"white","penSize":100}
{"x":956,"y":169,"color":"white","penSize":100}
{"x":956,"y":169,"color":"white","penSize":100}
{"x":956,"y":170,"color":"white","penSize":100}
{"x":956,"y":170,"color":"white","penSize":100}
{"x":956,"y":170,"color":"white","penSize":100}
{"x":956,"y":170,"color":"white","penSize":100}
{"x":956,"y":169,"color":"white","penSize":100}
{"x":956,"y":168,"color":"white","penSize":100}
{"x":956,"y":165,"color":"white","penSize":100}
{"x":957,"y":162,"color":"white","penSize":100}
{"x":958,"y":159,"color":"white","penSize":100}
{"x":959,"y":154,"color":"white","penSize":100}
{"x":960,"y":150,"color":"white","penSize":100}
{"x":961,"y":146,"color":"white","penSize":100}
{"x":962,"y":141,"color":"white","penSize":100}
{"x":963,"y":137,"color":"white","penSize":100}
{"x":964,"y":132,"color":"white","penSize":100}
{"x":966,"y":128,"color":"white","penSize":100}
{"x":967,"y":125,"color":"white","penSize":100}
{"x":968,"y":122,"color":"white","penSize":100}
{"x":969,"y":119,"color":"white","penSize":100}
{"x":970,"y":117,"color":"white","penSize":100}
{"x":971,"y":116,"color":"white","penSize":100}
{"x":971,"y":116,"color":"white","penSize":100}
{"x":971,"y":115,"color":"white","penSize":100}
{"x":971,"y":115,"color":"white","penSize":100}
{"x":971,"y":116,"color":"white","penSize":100}
{"x":971,"y":118,"color":"white","penSize":100}
{"x":971,"y":121,"color":"white","penSize":100}
{"x":970,"y":126,"color":"white","penSize":100}
{"x":968,"y":132,"color":"white","penSize":100}
{"x":966,"y":138,"color":"white","penSize":100}
{"x":964,"y":144,"color":"white","penSize":100}
{"x":961,"y":150,"color":"white","penSize":100}
{"x":959,"y":156,"color":"white","penSize":100}
{"x":958,"y":163,"color":"white","penSize":100}
{"x":956,"y":169,"color":"white","penSize":100}
{"x":955,"y":174,"color":"white","penSize":100}
{"x":954,"y":178,"color":"white","penSize":100}
{"x":954,"y":180,"color":"white","penSize":100}
{"x":954,"y":182,"color":"white","penSize":100}
{"x":954,"y":182,"color":"white","penSize":100}
{"x":954,"y":182,"color":"white","penSize":100}
{"x":954,"y":182,"color":"white","penSize":100}
{"x":955,"y":180,"color":"white","penSize":100}
{"x":957,"y":176,"color":"white","penSize":100}
{"x":959,"y":171,"color":"white","penSize":100}
{"x":961,"y":165,"color":"white","penSize":100}
{"x":963,"y":158,"color":"white","penSize":100}
{"x":966,"y":151,"color":"white","penSize":100}
{"x":969,"y":144,"color":"white","penSize":100}
{"x":972,"y":136,"color":"white","penSize":100}
{"x":975,"y":128,"color":"white","penSize":100}
{"x":978,"y":120,"color":"white","penSize":100}
{"x":982,"y":113,"color":"white","penSize":100}
{"x":985,"y":108,"color":"white","penSize":100}
{"x":988,"y":104,"color":"white","penSize":100}
{"x":990,"y":102,"color":"white","penSize":100}
{"x":991,"y":101,"color":"white","penSize":100}
{"x":992,"y":101,"color":"white","penSize":100}
{"x":992,"y":101,"color":"white","penSize":100}
{"x":992,"y":104,"color":"white","penSize":100}
{"x":992,"y":108,"color":"white","penSize":100}
{"x":990,"y":113,"color":"white","penSize":100}
{"x":988,"y":120,"color":"white","penSize":100}
{"x":985,"y":128,"color":"white","penSize":100}
{"x":981,"y":136,"color":"white","penSize":100}
{"x":977,"y":144,"color":"white","penSize":100}
{"x":973,"y":153,"color":"white","penSize":100}
{"x":968,"y":161,"color":"white","penSize":100}
{"x":964,"y":168,"color":"white","penSize":100}
{"x":961,"y":174,"color":"white","penSize":100}
{"x":959,"y":178,"color":"white","penSize":100}
{"x":958,"y":180,"color":"white","penSize":100}
{"x":958,"y":181,"color":"white","penSize":100}
{"x":959,"y":180,"color":"white","penSize":100}
{"x":961,"y":177,"color":"white","penSize":100}
{"x":965,"y":172,"color":"white","penSize":100}
{"x":970,"y":166,"color":"white","penSize":100}
{"x":975,"y":158,"color":"white","penSize":100}
{"x":980,"y":151,"color":"white","penSize":100}
{"x":985,"y":143,"color":"white","penSize":100}
{"x":990,"y":135,"color":"white","penSize":100}
{"x":996,"y":127,"color":"white","penSize":100}
{"x":1000,"y":118,"color":"white","penSize":100}
{"x":1005,"y":111,"color":"white","penSize":100}
{"x":1009,"y":105,"color":"white","penSize":100}
{"x":1012,"y":101,"color":"white","penSize":100}
{"x":1014,"y":98,"color":"white","penSize":100}
{"x":1015,"y":98,"color":"white","penSize":100}
{"x":1015,"y":98,"color":"white","penSize":100}
{"x":1014,"y":100,"color":"white","penSize":100}
{"x":1012,"y":104,"color":"white","penSize":100}
{"x":1009,"y":110,"color":"white","penSize":100}
{"x":1006,"y":117,"color":"white","penSize":100}
{"x":1003,"y":125,"color":"white","penSize":100}
{"x":1000,"y":132,"color":"white","penSize":100}
{"x":997,"y":139,"color":"white","penSize":100}
{"x":995,"y":145,"color":"white","penSize":100}
{"x":993,"y":149,"color":"white","penSize":100}
{"x":992,"y":152,"color":"white","penSize":100}
{"x":992,"y":154,"color":"white","penSize":100}
{"x":992,"y":154,"color":"white","penSize":100}
{"x":992,"y":154,"color":"white","penSize":100}
{"x":993,"y":153,"color":"white","penSize":100}
{"x":995,"y":150,"color":"white","penSize":100}
{"x":998,"y":146,"color":"white","penSize":100}
{"x":1001,"y":141,"color":"white","penSize":100}
{"x":1005,"y":135,"color":"white","penSize":100}
{"x":1008,"y":128,"color":"white","penSize":100}
{"x":1012,"y":122,"color":"white","penSize":100}
{"x":1015,"y":116,"color":"white","penSize":100}
{"x":1018,"y":112,"color":"white","penSize":100}
{"x":1020,"y":109,"color":"white","penSize":100}
{"x":1021,"y":108,"color":"white","penSize":100}
{"x":1022,"y":108,"color":"white","penSize":100}
{"x":1022,"y":109,"color":"white","penSize":100}
{"x":1021,"y":112,"color":"white","penSize":100}
{"x":1019,"y":116,"color":"white","penSize":100}
{"x":1016,"y":122,"color":"white","penSize":100}
{"x":1013,"y":129,"color":"white","penSize":100}
{"x":1011,"y":135,"color":"white","penSize":100}
{"x":1008,"y":141,"color":"white","penSize":100}
{"x":1007,"y":146,"color":"white","penSize":100}
{"x":1006,"y":150,"color":"white","penSize":100}
{"x":1005,"y":152,"color":"white","penSize":100}
{"x":1005,"y":153,"color":"white","penSize":100}
{"x":1006,"y":153,"color":"white","penSize":100}
{"x":1008,"y":153,"color":"white","penSize":100}
{"x":1010,"y":150,"color":"white","penSize":100}
{"x":1013,"y":147,"color":"white","penSize":100}
{"x":1016,"y":143,"color":"white","penSize":100}
{"x":1020,"y":139,"color":"white","penSize":100}
{"x":1023,"y":135,"color":"white","penSize":100}
{"x":1025,"y":132,"color":"white","penSize":100}
{"x":1026,"y":130,"color":"white","penSize":100}
{"x":1027,"y":129,"color":"white","penSize":100}
{"x":1027,"y":129,"color":"white","penSize":100}
{"x":1027,"y":129,"color":"white","penSize":100}
{"x":1026,"y":131,"color":"white","penSize":100}
{"x":1025,"y":134,"color":"white","penSize":100}
{"x":1023,"y":138,"color":"white","penSize":100}
{"x":1021,"y":142,"color":"white","penSize":100}
{"x":1020,"y":146,"color":"white","penSize":100}
{"x":1019,"y":149,"color":"white","penSize":100}
{"x":1019,"y":152,"color":"white","penSize":100}
{"x":1019,"y":154,"color":"white","penSize":100}
{"x":1020,"y":155,"color":"white","penSize":100}
{"x":1022,"y":156,"color":"white","penSize":100}
{"x":1023,"y":156,"color":"white","penSize":100}
{"x":1026,"y":157,"color":"white","penSize":100}
{"x":1028,"y":157,"color":"white","penSize":100}
{"x":1030,"y":157,"color":"white","penSize":100}
{"x":1032,"y":158,"color":"white","penSize":100}
{}
{"x":1096,"y":705,"color":"white","penSize":100}
{"x":1096,"y":705,"color":"white","penSize":100}
{"x":1096,"y":705,"color":"white","penSize":100}
{"x":1095,"y":705,"color":"white","penSize":100}
{"x":1095,"y":705,"color":"white","penSize":100}
{"x":1095,"y":705,"color":"white","penSize":100}
{"x":1095,"y":705,"color":"white","penSize":100}
{"x":1095,"y":705,"color":"white","penSize":100}
{"x":1095,"y":705,"color":"white","penSize":100}
{"x":1095,"y":705,"color":"white","penSize":100}
{"x":1095,"y":705,"color":"white","penSize":100}
{"x":1095,"y":705,"color":"white","penSize":100}
{}
{"x":935,"y":134,"color":"#333","penSize":5}
{"x":935,"y":135,"color":"#333","penSize":5}
{"x":935,"y":136,"color":"#333","penSize":5}
{"x":935,"y":137,"color":"#333","penSize":5}
{"x":935,"y":139,"color":"#333","penSize":5}
{"x":935,"y":140,"color":"#333","penSize":5}
{"x":935,"y":142,"color":"#333","penSize":5}
{"x":935,"y":145,"color":"#333","penSize":5}
{"x":935,"y":148,"color":"#333","penSize":5}
{"x":935,"y":151,"color":"#333","penSize":5}
{"x":934,"y":154,"color":"#333","penSize":5}
{"x":934,"y":158,"color":"#333","penSize":5}
{"x":933,"y":164,"color":"#333","penSize":5}
{"x":932,"y":166,"color":"#333","penSize":5}
{"x":932,"y":168,"color":"#333","penSize":5}
{"x":932,"y":170,"color":"#333","penSize":5}
{"x":932,"y":170,"color":"#333","penSize":5}
{"x":932,"y":171,"color":"#333","penSize":5}
{"x":932,"y":171,"color":"#333","penSize":5}
{"x":932,"y":171,"color":"#333","penSize":5}
{"x":932,"y":171,"color":"#333","penSize":5}
{"x":931,"y":171,"color":"#333","penSize":5}
{}
{"x":934,"y":133,"color":"#333","penSize":5}
{"x":934,"y":133,"color":"#333","penSize":5}
{"x":935,"y":132,"color":"#333","penSize":5}
{"x":936,"y":132,"color":"#333","penSize":5}
{"x":937,"y":132,"color":"#333","penSize":5}
{"x":938,"y":132,"color":"#333","penSize":5}
{"x":940,"y":132,"color":"#333","penSize":5}
{"x":942,"y":133,"color":"#333","penSize":5}
{"x":944,"y":134,"color":"#333","penSize":5}
{"x":946,"y":135,"color":"#333","penSize":5}
{"x":948,"y":136,"color":"#333","penSize":5}
{"x":949,"y":137,"color":"#333","penSize":5}
{"x":950,"y":137,"color":"#333","penSize":5}
{"x":951,"y":138,"color":"#333","penSize":5}
{"x":952,"y":139,"color":"#333","penSize":5}
{"x":953,"y":140,"color":"#333","penSize":5}
{"x":953,"y":140,"color":"#333","penSize":5}
{"x":953,"y":141,"color":"#333","penSize":5}
{"x":953,"y":143,"color":"#333","penSize":5}
{"x":953,"y":144,"color":"#333","penSize":5}
{"x":952,"y":145,"color":"#333","penSize":5}
{"x":951,"y":147,"color":"#333","penSize":5}
{"x":950,"y":148,"color":"#333","penSize":5}
{"x":949,"y":149,"color":"#333","penSize":5}
{"x":948,"y":150,"color":"#333","penSize":5}
{"x":947,"y":151,"color":"#333","penSize":5}
{"x":945,"y":152,"color":"#333","penSize":5}
{"x":944,"y":153,"color":"#333","penSize":5}
{"x":943,"y":154,"color":"#333","penSize":5}
{"x":942,"y":154,"color":"#333","penSize":5}
{"x":941,"y":154,"color":"#333","penSize":5}
{"x":941,"y":154,"color":"#333","penSize":5}
{"x":940,"y":154,"color":"#333","penSize":5}
{}
{"x":962,"y":145,"color":"#333","penSize":5}
{"x":964,"y":145,"color":"#333","penSize":5}
{"x":965,"y":145,"color":"#333","penSize":5}
{"x":967,"y":144,"color":"#333","penSize":5}
{"x":968,"y":144,"color":"#333","penSize":5}
{"x":970,"y":144,"color":"#333","penSize":5}
{"x":972,"y":144,"color":"#333","penSize":5}
{"x":973,"y":144,"color":"#333","penSize":5}
{"x":975,"y":144,"color":"#333","penSize":5}
{"x":976,"y":144,"color":"#333","penSize":5}
{"x":977,"y":143,"color":"#333","penSize":5}
{"x":978,"y":143,"color":"#333","penSize":5}
{"x":979,"y":143,"color":"#333","penSize":5}
{}
{"x":973,"y":125,"color":"#333","penSize":5}
{"x":973,"y":126,"color":"#333","penSize":5}
{"x":974,"y":129,"color":"#333","penSize":5}
{"x":974,"y":131,"color":"#333","penSize":5}
{"x":974,"y":134,"color":"#333","penSize":5}
{"x":974,"y":137,"color":"#333","penSize":5}
{"x":974,"y":141,"color":"#333","penSize":5}
{"x":973,"y":144,"color":"#333","penSize":5}
{"x":972,"y":148,"color":"#333","penSize":5}
{"x":972,"y":151,"color":"#333","penSize":5}
{"x":971,"y":153,"color":"#333","penSize":5}
{"x":971,"y":156,"color":"#333","penSize":5}
{"x":971,"y":158,"color":"#333","penSize":5}
{"x":971,"y":159,"color":"#333","penSize":5}
{"x":971,"y":160,"color":"#333","penSize":5}
{"x":972,"y":161,"color":"#333","penSize":5}
{"x":972,"y":161,"color":"#333","penSize":5}
{"x":974,"y":161,"color":"#333","penSize":5}
{"x":975,"y":161,"color":"#333","penSize":5}
{"x":977,"y":161,"color":"#333","penSize":5}
{"x":979,"y":161,"color":"#333","penSize":5}
{"x":982,"y":160,"color":"#333","penSize":5}
{"x":985,"y":159,"color":"#333","penSize":5}
{"x":988,"y":159,"color":"#333","penSize":5}
{}
{"x":1006,"y":150,"color":"#333","penSize":5}
{"x":1006,"y":150,"color":"#333","penSize":5}
{"x":1006,"y":150,"color":"#333","penSize":5}
{"x":1006,"y":150,"color":"#333","penSize":5}
{"x":1007,"y":150,"color":"#333","penSize":5}
{"x":1008,"y":150,"color":"#333","penSize":5}
{"x":1010,"y":150,"color":"#333","penSize":5}
{"x":1012,"y":149,"color":"#333","penSize":5}
{"x":1015,"y":149,"color":"#333","penSize":5}
{"x":1017,"y":149,"color":"#333","penSize":5}
{"x":1020,"y":149,"color":"#333","penSize":5}
{"x":1023,"y":149,"color":"#333","penSize":5}
{"x":1025,"y":149,"color":"#333","penSize":5}
{"x":1028,"y":148,"color":"#333","penSize":5}
{"x":1030,"y":148,"color":"#333","penSize":5}
{"x":1032,"y":148,"color":"#333","penSize":5}
{"x":1034,"y":147,"color":"#333","penSize":5}
{"x":1035,"y":147,"color":"#333","penSize":5}
{"x":1035,"y":146,"color":"#333","penSize":5}
{"x":1036,"y":146,"color":"#333","penSize":5}
{}
{"x":1276,"y":679,"color":"#333","penSize":5}
{"x":1276,"y":679,"color":"#333","penSize":5}
{"x":1276,"y":679,"color":"#333","penSize":5}
{"x":1276,"y":679,"color":"#333","penSize":5}
{"x":1276,"y":679,"color":"#333","penSize":5}
{"x":1276,"y":679,"color":"#333","penSize":5}
{"x":1276,"y":679,"color":"#333","penSize":5}
{"x":1276,"y":679,"color":"#333","penSize":5}
{"x":1276,"y":679,"color":"#333","penSize":5}
{"x":1276,"y":679,"color":"#333","penSize":5}
{"x":1276,"y":679,"color":"#333","penSize":5}
{"x":1276,"y":679,"color":"#333","penSize":5}
{"x":1276,"y":679,"color":"#333","penSize":5}
{"x":1276,"y":679,"color":"#333","penSize":5}
{"x":1276,"y":679,"color":"#333","penSize":5}
{"x":1275,"y":678,"color":"#333","penSize":5}
{"x":1275,"y":678,"color":"#333","penSize":5}
{"x":1275,"y":678,"color":"#333","penSize":5}
{}
{"x":1070,"y":142,"color":"blue","penSize":5}
{"x":1070,"y":144,"color":"blue","penSize":5}
{"x":1069,"y":147,"color":"blue","penSize":5}
{"x":1069,"y":150,"color":"blue","penSize":5}
{"x":1069,"y":154,"color":"blue","penSize":5}
{"x":1068,"y":158,"color":"blue","penSize":5}
{"x":1067,"y":163,"color":"blue","penSize":5}
{"x":1066,"y":168,"color":"blue","penSize":5}
{"x":1065,"y":173,"color":"blue","penSize":5}
{"x":1064,"y":178,"color":"blue","penSize":5}
{"x":1064,"y":182,"color":"blue","penSize":5}
{"x":1063,"y":185,"color":"blue","penSize":5}
{"x":1063,"y":187,"color":"blue","penSize":5}
{"x":1063,"y":188,"color":"blue","penSize":5}
{"x":1062,"y":188,"color":"blue","penSize":5}
{"x":1062,"y":188,"color":"blue","penSize":5}
{"x":1062,"y":188,"color":"blue","penSize":5}
{}
{"x":1065,"y":139,"color":"blue","penSize":5}
{"x":1066,"y":139,"color":"blue","penSize":5}
{"x":1067,"y":138,"color":"blue","penSize":5}
{"x":1068,"y":138,"color":"blue","penSize":5}
{"x":1070,"y":137,"color":"blue","penSize":5}
{"x":1072,"y":137,"color":"blue","penSize":5}
{"x":1074,"y":137,"color":"blue","penSize":5}
{"x":1076,"y":137,"color":"blue","penSize":5}
{"x":1078,"y":138,"color":"blue","penSize":5}
{"x":1080,"y":140,"color":"blue","penSize":5}
{"x":1083,"y":141,"color":"blue","penSize":5}
{"x":1085,"y":142,"color":"blue","penSize":5}
{"x":1086,"y":144,"color":"blue","penSize":5}
{"x":1087,"y":145,"color":"blue","penSize":5}
{"x":1088,"y":146,"color":"blue","penSize":5}
{"x":1089,"y":147,"color":"blue","penSize":5}
{"x":1089,"y":148,"color":"blue","penSize":5}
{"x":1089,"y":149,"color":"blue","penSize":5}
{"x":1089,"y":150,"color":"blue","penSize":5}
{"x":1088,"y":152,"color":"blue","penSize":5}
{"x":1086,"y":153,"color":"blue","penSize":5}
{"x":1084,"y":154,"color":"blue","penSize":5}
{"x":1082,"y":155,"color":"blue","penSize":5}
{"x":1079,"y":156,"color":"blue","penSize":5}
{"x":1077,"y":157,"color":"blue","penSize":5}
{"x":1075,"y":157,"color":"blue","penSize":5}
{"x":1073,"y":158,"color":"blue","penSize":5}
{"x":1071,"y":158,"color":"blue","penSize":5}
{"x":1070,"y":158,"color":"blue","penSize":5}
{"x":1069,"y":158,"color":"blue","penSize":5}
{"x":1069,"y":158,"color":"blue","penSize":5}
{"x":1069,"y":158,"color":"blue","penSize":5}
{"x":1071,"y":157,"color":"blue","penSize":5}
{"x":1073,"y":156,"color":"blue","penSize":5}
{}
{"x":1097,"y":156,"color":"blue","penSize":5}
{"x":1097,"y":158,"color":"blue","penSize":5}
{"x":1097,"y":160,"color":"blue","penSize":5}
{"x":1097,"y":162,"color":"blue","penSize":5}
{"x":1098,"y":164,"color":"blue","penSize":5}
{"x":1099,"y":165,"color":"blue","penSize":5}
{"x":1101,"y":166,"color":"blue","penSize":5}
{"x":1103,"y":167,"color":"blue","penSize":5}
{"x":1105,"y":167,"color":"blue","penSize":5}
{"x":1107,"y":167,"color":"blue","penSize":5}
{"x":1109,"y":167,"color":"blue","penSize":5}
{"x":1111,"y":167,"color":"blue","penSize":5}
{"x":1112,"y":166,"color":"blue","penSize":5}
{"x":1114,"y":164,"color":"blue","penSize":5}
{"x":1115,"y":162,"color":"blue","penSize":5}
{"x":1116,"y":160,"color":"blue","penSize":5}
{"x":1117,"y":158,"color":"blue","penSize":5}
{"x":1117,"y":156,"color":"blue","penSize":5}
{"x":1117,"y":154,"color":"blue","penSize":5}
{"x":1117,"y":151,"color":"blue","penSize":5}
{"x":1116,"y":149,"color":"blue","penSize":5}
{"x":1115,"y":147,"color":"blue","penSize":5}
{"x":1113,"y":145,"color":"blue","penSize":5}
{"x":1112,"y":144,"color":"blue","penSize":5}
{"x":1110,"y":143,"color":"blue","penSize":5}
{"x":1108,"y":143,"color":"blue","penSize":5}
{"x":1106,"y":143,"color":"blue","penSize":5}
{"x":1104,"y":143,"color":"blue","penSize":5}
{"x":1103,"y":143,"color":"blue","penSize":5}
{"x":1101,"y":144,"color":"blue","penSize":5}
{"x":1099,"y":145,"color":"blue","penSize":5}
{"x":1098,"y":147,"color":"blue","penSize":5}
{"x":1097,"y":149,"color":"blue","penSize":5}
{"x":1096,"y":150,"color":"blue","penSize":5}
{"x":1096,"y":152,"color":"blue","penSize":5}
{"x":1096,"y":153,"color":"blue","penSize":5}
{"x":1096,"y":155,"color":"blue","penSize":5}
{"x":1097,"y":155,"color":"blue","penSize":5}
{}
{"x":1129,"y":149,"color":"blue","penSize":5}
{"x":1129,"y":150,"color":"blue","penSize":5}
{"x":1129,"y":151,"color":"blue","penSize":5}
{"x":1129,"y":152,"color":"blue","penSize":5}
{"x":1128,"y":154,"color":"blue","penSize":5}
{"x":1128,"y":156,"color":"blue","penSize":5}
{"x":1128,"y":159,"color":"blue","penSize":5}
{"x":1127,"y":161,"color":"blue","penSize":5}
{"x":1127,"y":164,"color":"blue","penSize":5}
{"x":1127,"y":166,"color":"blue","penSize":5}
{"x":1127,"y":168,"color":"blue","penSize":5}
{"x":1127,"y":169,"color":"blue","penSize":5}
{"x":1127,"y":170,"color":"blue","penSize":5}
{"x":1127,"y":171,"color":"blue","penSize":5}
{"x":1127,"y":171,"color":"blue","penSize":5}
{"x":1127,"y":171,"color":"blue","penSize":5}
{"x":1127,"y":171,"color":"blue","penSize":5}
{"x":1126,"y":171,"color":"blue","penSize":5}
{}
{"x":1128,"y":128,"color":"blue","penSize":5}
{"x":1129,"y":129,"color":"blue","penSize":5}
{"x":1130,"y":132,"color":"blue","penSize":5}
{}
{"x":1142,"y":150,"color":"blue","penSize":5}
{"x":1141,"y":151,"color":"blue","penSize":5}
{"x":1141,"y":153,"color":"blue","penSize":5}
{"x":1141,"y":155,"color":"blue","penSize":5}
{"x":1141,"y":157,"color":"blue","penSize":5}
{"x":1141,"y":159,"color":"blue","penSize":5}
{"x":1141,"y":161,"color":"blue","penSize":5}
{"x":1141,"y":163,"color":"blue","penSize":5}
{"x":1141,"y":165,"color":"blue","penSize":5}
{"x":1141,"y":166,"color":"blue","penSize":5}
{"x":1141,"y":167,"color":"blue","penSize":5}
{"x":1141,"y":167,"color":"blue","penSize":5}
{"x":1141,"y":167,"color":"blue","penSize":5}
{"x":1141,"y":167,"color":"blue","penSize":5}
{}
{"x":1145,"y":151,"color":"blue","penSize":5}
{"x":1145,"y":150,"color":"blue","penSize":5}
{"x":1146,"y":150,"color":"blue","penSize":5}
{"x":1146,"y":149,"color":"blue","penSize":5}
{"x":1147,"y":148,"color":"blue","penSize":5}
{"x":1148,"y":148,"color":"blue","penSize":5}
{"x":1149,"y":147,"color":"blue","penSize":5}
{"x":1150,"y":147,"color":"blue","penSize":5}
{"x":1151,"y":147,"color":"blue","penSize":5}
{"x":1152,"y":147,"color":"blue","penSize":5}
{"x":1153,"y":147,"color":"blue","penSize":5}
{"x":1155,"y":147,"color":"blue","penSize":5}
{"x":1156,"y":147,"color":"blue","penSize":5}
{"x":1157,"y":148,"color":"blue","penSize":5}
{"x":1158,"y":149,"color":"blue","penSize":5}
{"x":1159,"y":149,"color":"blue","penSize":5}
{"x":1159,"y":150,"color":"blue","penSize":5}
{"x":1160,"y":151,"color":"blue","penSize":5}
{"x":1160,"y":153,"color":"blue","penSize":5}
{"x":1160,"y":154,"color":"blue","penSize":5}
{"x":1160,"y":156,"color":"blue","penSize":5}
{"x":1160,"y":158,"color":"blue","penSize":5}
{"x":1159,"y":160,"color":"blue","penSize":5}
{"x":1159,"y":162,"color":"blue","penSize":5}
{"x":1159,"y":164,"color":"blue","penSize":5}
{"x":1158,"y":165,"color":"blue","penSize":5}
{"x":1158,"y":166,"color":"blue","penSize":5}
{"x":1158,"y":167,"color":"blue","penSize":5}
{"x":1158,"y":168,"color":"blue","penSize":5}
{"x":1158,"y":169,"color":"blue","penSize":5}
{"x":1158,"y":169,"color":"blue","penSize":5}
{}
{"x":1161,"y":154,"color":"blue","penSize":5}
{"x":1162,"y":154,"color":"blue","penSize":5}
{"x":1164,"y":153,"color":"blue","penSize":5}
{"x":1166,"y":153,"color":"blue","penSize":5}
{"x":1168,"y":153,"color":"blue","penSize":5}
{"x":1171,"y":153,"color":"blue","penSize":5}
{"x":1174,"y":152,"color":"blue","penSize":5}
{"x":1176,"y":152,"color":"blue","penSize":5}
{"x":1179,"y":152,"color":"blue","penSize":5}
{"x":1180,"y":151,"color":"blue","penSize":5}
{"x":1182,"y":151,"color":"blue","penSize":5}
{"x":1183,"y":150,"color":"blue","penSize":5}
{"x":1183,"y":150,"color":"blue","penSize":5}
{"x":1183,"y":150,"color":"blue","penSize":5}
{"x":1183,"y":150,"color":"blue","penSize":5}
{}
{"x":1179,"y":130,"color":"blue","penSize":5}
{"x":1179,"y":132,"color":"blue","penSize":5}
{"x":1179,"y":134,"color":"blue","penSize":5}
{"x":1179,"y":136,"color":"blue","penSize":5}
{"x":1179,"y":139,"color":"blue","penSize":5}
{"x":1178,"y":141,"color":"blue","penSize":5}
{"x":1178,"y":145,"color":"blue","penSize":5}
{"x":1178,"y":148,"color":"blue","penSize":5}
{"x":1177,"y":151,"color":"blue","penSize":5}
{"x":1177,"y":155,"color":"blue","penSize":5}
{"x":1177,"y":158,"color":"blue","penSize":5}
{"x":1177,"y":161,"color":"blue","penSize":5}
{"x":1177,"y":164,"color":"blue","penSize":5}
{"x":1177,"y":166,"color":"blue","penSize":5}
{"x":1177,"y":168,"color":"blue","penSize":5}
{"x":1177,"y":170,"color":"blue","penSize":5}
{"x":1178,"y":171,"color":"blue","penSize":5}
{"x":1178,"y":172,"color":"blue","penSize":5}
{"x":1179,"y":173,"color":"blue","penSize":5}
{"x":1180,"y":173,"color":"blue","penSize":5}
{"x":1181,"y":173,"color":"blue","penSize":5}
{"x":1182,"y":173,"color":"blue","penSize":5}
{"x":1183,"y":173,"color":"blue","penSize":5}
{"x":1184,"y":173,"color":"blue","penSize":5}
{"x":1185,"y":172,"color":"blue","penSize":5}
{"x":1187,"y":171,"color":"blue","penSize":5}
{}
{"x":1201,"y":133,"color":"blue","penSize":5}
{"x":1201,"y":133,"color":"blue","penSize":5}
{"x":1202,"y":134,"color":"blue","penSize":5}
{"x":1203,"y":135,"color":"blue","penSize":5}
{"x":1204,"y":136,"color":"blue","penSize":5}
{"x":1205,"y":138,"color":"blue","penSize":5}
{"x":1206,"y":140,"color":"blue","penSize":5}
{"x":1207,"y":142,"color":"blue","penSize":5}
{"x":1209,"y":145,"color":"blue","penSize":5}
{"x":1210,"y":148,"color":"blue","penSize":5}
{"x":1211,"y":152,"color":"blue","penSize":5}
{"x":1212,"y":156,"color":"blue","penSize":5}
{"x":1212,"y":160,"color":"blue","penSize":5}
{"x":1212,"y":165,"color":"blue","penSize":5}
{"x":1212,"y":169,"color":"blue","penSize":5}
{"x":1211,"y":174,"color":"blue","penSize":5}
{"x":1209,"y":179,"color":"blue","penSize":5}
{"x":1207,"y":184,"color":"blue","penSize":5}
{"x":1204,"y":190,"color":"blue","penSize":5}
{"x":1200,"y":194,"color":"blue","penSize":5}
{"x":1197,"y":199,"color":"blue","penSize":5}
{"x":1193,"y":203,"color":"blue","penSize":5}
{"x":1188,"y":206,"color":"blue","penSize":5}
{}
{"x":251,"y":37,"color":"blue","penSize":5}
{"x":251,"y":37,"color":"blue","penSize":5}
{"x":251,"y":37,"color":"blue","penSize":5}
{"x":251,"y":37,"color":"blue","penSize":5}
{"x":251,"y":36,"color":"blue","penSize":5}
{}
{}
