{}
{}
{}
{}
{"x":387,"y":273,"color":"#333","penSize":5}
{"x":385,"y":273,"color":"#333","penSize":5}
{"x":382,"y":273,"color":"#333","penSize":5}
{"x":378,"y":273,"color":"#333","penSize":5}
{"x":374,"y":273,"color":"#333","penSize":5}
{"x":368,"y":273,"color":"#333","penSize":5}
{"x":362,"y":273,"color":"#333","penSize":5}
{"x":354,"y":273,"color":"#333","penSize":5}
{"x":347,"y":273,"color":"#333","penSize":5}
{"x":343,"y":273,"color":"#333","penSize":5}
{"x":336,"y":273,"color":"#333","penSize":5}
{"x":322,"y":273,"color":"#333","penSize":5}
{"x":315,"y":273,"color":"#333","penSize":5}
{"x":312,"y":273,"color":"#333","penSize":5}
{"x":304,"y":273,"color":"#333","penSize":5}
{"x":298,"y":273,"color":"#333","penSize":5}
{"x":291,"y":273,"color":"#333","penSize":5}
{"x":286,"y":273,"color":"#333","penSize":5}
{"x":281,"y":273,"color":"#333","penSize":5}
{"x":276,"y":273,"color":"#333","penSize":5}
{"x":274,"y":273,"color":"#333","penSize":5}
{"x":267,"y":273,"color":"#333","penSize":5}
{"x":263,"y":273,"color":"#333","penSize":5}
{"x":259,"y":273,"color":"#333","penSize":5}
{"x":257,"y":273,"color":"#333","penSize":5}
{"x":254,"y":273,"color":"#333","penSize":5}
{"x":251,"y":273,"color":"#333","penSize":5}
{"x":248,"y":273,"color":"#333","penSize":5}
{"x":245,"y":273,"color":"#333","penSize":5}
{"x":243,"y":273,"color":"#333","penSize":5}
{"x":240,"y":273,"color":"#333","penSize":5}
{"x":238,"y":273,"color":"#333","penSize":5}
{"x":235,"y":273,"color":"#333","penSize":5}
{"x":232,"y":273,"color":"#333","penSize":5}
{"x":230,"y":273,"color":"#333","penSize":5}
{"x":227,"y":273,"color":"#333","penSize":5}
{"x":223,"y":273,"color":"#333","penSize":5}
{"x":220,"y":273,"color":"#333","penSize":5}
{"x":217,"y":273,"color":"#333","penSize":5}
{"x":213,"y":273,"color":"#333","penSize":5}
{"x":210,"y":273,"color":"#333","penSize":5}
{"x":206,"y":273,"color":"#333","penSize":5}
{"x":201,"y":273,"color":"#333","penSize":5}
{"x":197,"y":273,"color":"#333","penSize":5}
{"x":193,"y":273,"color":"#333","penSize":5}
{"x":188,"y":273,"color":"#333","penSize":5}
{"x":184,"y":273,"color":"#333","penSize":5}
{"x":180,"y":273,"color":"#333","penSize":5}
{"x":176,"y":273,"color":"#333","penSize":5}
{"x":173,"y":273,"color":"#333","penSize":5}
{"x":169,"y":274,"color":"#333","penSize":5}
{"x":167,"y":274,"color":"#333","penSize":5}
{"x":164,"y":275,"color":"#333","penSize":5}
{"x":162,"y":275,"color":"#333","penSize":5}
{"x":159,"y":276,"color":"#333","penSize":5}
{"x":155,"y":277,"color":"#333","penSize":5}
{"x":152,"y":277,"color":"#333","penSize":5}
{"x":148,"y":277,"color":"#333","penSize":5}
{"x":145,"y":277,"color":"#333","penSize":5}
{"x":141,"y":277,"color":"#333","penSize":5}
{"x":140,"y":277,"color":"#333","penSize":5}
{"x":135,"y":277,"color":"#333","penSize":5}
{"x":133,"y":277,"color":"#333","penSize":5}
{"x":130,"y":277,"color":"#333","penSize":5}
{"x":128,"y":277,"color":"#333","penSize":5}
{"x":125,"y":277,"color":"#333","penSize":5}
{"x":123,"y":277,"color":"#333","penSize":5}
{"x":122,"y":277,"color":"#333","penSize":5}
{"x":120,"y":276,"color":"#333","penSize":5}
{"x":118,"y":276,"color":"#333","penSize":5}
{"x":117,"y":275,"color":"#333","penSize":5}
{"x":116,"y":275,"color":"#333","penSize":5}
{"x":115,"y":275,"color":"#333","penSize":5}
{"x":115,"y":274,"color":"#333","penSize":5}
{"x":113,"y":274,"color":"#333","penSize":5}
{"x":112,"y":274,"color":"#333","penSize":5}
{"x":111,"y":273,"color":"#333","penSize":5}
{"x":110,"y":273,"color":"#333","penSize":5}
{"x":109,"y":273,"color":"#333","penSize":5}
{"x":108,"y":273,"color":"#333","penSize":5}
{"x":107,"y":272,"color":"#333","penSize":5}
{"x":106,"y":272,"color":"#333","penSize":5}
{"x":106,"y":272,"color":"#333","penSize":5}
{"x":106,"y":272,"color":"#333","penSize":5}
{"x":105,"y":272,"color":"#333","penSize":5}
{"x":105,"y":272,"color":"#333","penSize":5}
{"x":104,"y":272,"color":"#333","penSize":5}
{"x":104,"y":272,"color":"#333","penSize":5}
{"x":103,"y":272,"color":"#333","penSize":5}
{"x":103,"y":272,"color":"#333","penSize":5}
{"x":102,"y":272,"color":"#333","penSize":5}
{"x":102,"y":272,"color":"#333","penSize":5}
{"x":101,"y":272,"color":"#333","penSize":5}
{"x":101,"y":272,"color":"#333","penSize":5}
{"x":100,"y":272,"color":"#333","penSize":5}
{"x":99,"y":272,"color":"#333","penSize":5}
{"x":99,"y":272,"color":"#333","penSize":5}
{"x":99,"y":272,"color":"#333","penSize":5}
{"x":98,"y":272,"color":"#333","penSize":5}
{"x":97,"y":272,"color":"#333","penSize":5}
{"x":97,"y":272,"color":"#333","penSize":5}
{"x":96,"y":272,"color":"#333","penSize":5}
{"x":95,"y":272,"color":"#333","penSize":5}
{"x":94,"y":272,"color":"#333","penSize":5}
{"x":93,"y":272,"color":"#333","penSize":5}
{"x":93,"y":271,"color":"#333","penSize":5}
{"x":92,"y":271,"color":"#333","penSize":5}
{"x":92,"y":271,"color":"#333","penSize":5}
{"x":91,"y":271,"color":"#333","penSize":5}
{"x":91,"y":271,"color":"#333","penSize":5}
{"x":91,"y":271,"color":"#333","penSize":5}
{"x":90,"y":271,"color":"#333","penSize":5}
{"x":90,"y":271,"color":"#333","penSize":5}
{"x":90,"y":271,"color":"#333","penSize":5}
{"x":89,"y":271,"color":"#333","penSize":5}
{"x":89,"y":271,"color":"#333","penSize":5}
{"x":88,"y":270,"color":"#333","penSize":5}
{"x":88,"y":270,"color":"#333","penSize":5}
{"x":87,"y":270,"color":"#333","penSize":5}
{"x":87,"y":270,"color":"#333","penSize":5}
{"x":87,"y":270,"color":"#333","penSize":5}
{"x":87,"y":270,"color":"#333","penSize":5}
{}
{}
{}
{}
{}
{}
{}
{}
{}
{}
{}
{}
{}
{}
{}
{}
{}
{}
{}
{}
{"x":335,"y":228,"color":"red","penSize":5}
{"x":333,"y":228,"color":"red","penSize":5}
{"x":332,"y":228,"color":"red","penSize":5}
{"x":330,"y":228,"color":"red","penSize":5}
{"x":326,"y":228,"color":"red","penSize":5}
{"x":323,"y":228,"color":"red","penSize":5}
{"x":319,"y":228,"color":"red","penSize":5}
{"x":314,"y":228,"color":"red","penSize":5}
{"x":310,"y":228,"color":"red","penSize":5}
{"x":304,"y":228,"color":"red","penSize":5}
{"x":295,"y":228,"color":"red","penSize":5}
{"x":288,"y":228,"color":"red","penSize":5}
{"x":271,"y":228,"color":"red","penSize":5}
{"x":262,"y":228,"color":"red","penSize":5}
{"x":254,"y":228,"color":"red","penSize":5}
{"x":245,"y":228,"color":"red","penSize":5}
{"x":241,"y":228,"color":"red","penSize":5}
{"x":232,"y":226,"color":"red","penSize":5}
{"x":226,"y":224,"color":"red","penSize":5}
{"x":218,"y":223,"color":"red","penSize":5}
{"x":211,"y":220,"color":"red","penSize":5}
{"x":205,"y":219,"color":"red","penSize":5}
{"x":199,"y":217,"color":"red","penSize":5}
{"x":194,"y":215,"color":"red","penSize":5}
{"x":191,"y":215,"color":"red","penSize":5}
{"x":187,"y":213,"color":"red","penSize":5}
{"x":184,"y":212,"color":"red","penSize":5}
{"x":181,"y":212,"color":"red","penSize":5}
{"x":180,"y":211,"color":"red","penSize":5}
{"x":179,"y":211,"color":"red","penSize":5}
{"x":178,"y":211,"color":"red","penSize":5}
{"x":177,"y":211,"color":"red","penSize":5}
{"x":176,"y":210,"color":"red","penSize":5}
{"x":176,"y":210,"color":"red","penSize":5}
{"x":175,"y":210,"color":"red","penSize":5}
{"x":175,"y":210,"color":"red","penSize":5}
{"x":174,"y":210,"color":"red","penSize":5}
{"x":173,"y":210,"color":"red","penSize":5}
{"x":172,"y":210,"color":"red","penSize":5}
{"x":170,"y":210,"color":"red","penSize":5}
{"x":168,"y":210,"color":"red","penSize":5}
{"x":167,"y":211,"color":"red","penSize":5}
{"x":165,"y":212,"color":"red","penSize":5}
{"x":164,"y":212,"color":"red","penSize":5}
{"x":161,"y":214,"color":"red","penSize":5}
{"x":159,"y":214,"color":"red","penSize":5}
{"x":157,"y":215,"color":"red","penSize":5}
{"x":155,"y":215,"color":"red","penSize":5}
{"x":153,"y":216,"color":"red","penSize":5}
{"x":151,"y":216,"color":"red","penSize":5}
{"x":149,"y":216,"color":"red","penSize":5}
{"x":148,"y":216,"color":"red","penSize":5}
{"x":146,"y":216,"color":"red","penSize":5}
{"x":145,"y":216,"color":"red","penSize":5}
{"x":143,"y":216,"color":"red","penSize":5}
{"x":142,"y":216,"color":"red","penSize":5}
{"x":141,"y":216,"color":"red","penSize":5}
{"x":141,"y":216,"color":"red","penSize":5}
{"x":140,"y":216,"color":"red","penSize":5}
{"x":140,"y":216,"color":"red","penSize":5}
{"x":139,"y":216,"color":"red","penSize":5}
{"x":139,"y":216,"color":"red","penSize":5}
{"x":139,"y":217,"color":"red","penSize":5}
{"x":138,"y":217,"color":"red","penSize":5}
{"x":138,"y":218,"color":"red","penSize":5}
{"x":137,"y":218,"color":"red","penSize":5}
{"x":137,"y":219,"color":"red","penSize":5}
{"x":136,"y":220,"color":"red","penSize":5}
{"x":135,"y":220,"color":"red","penSize":5}
{"x":135,"y":221,"color":"red","penSize":5}
{"x":134,"y":221,"color":"red","penSize":5}
{"x":133,"y":222,"color":"red","penSize":5}
{"x":133,"y":222,"color":"red","penSize":5}
{"x":132,"y":223,"color":"red","penSize":5}
{"x":131,"y":223,"color":"red","penSize":5}
{"x":131,"y":223,"color":"red","penSize":5}
{"x":130,"y":223,"color":"red","penSize":5}
{"x":129,"y":223,"color":"red","penSize":5}
{"x":129,"y":223,"color":"red","penSize":5}
{"x":129,"y":223,"color":"red","penSize":5}
{"x":129,"y":223,"color":"red","penSize":5}
{"x":128,"y":223,"color":"red","penSize":5}
{"x":128,"y":223,"color":"red","penSize":5}
{"x":128,"y":223,"color":"red","penSize":5}
{"x":127,"y":223,"color":"red","penSize":5}
{"x":127,"y":223,"color":"red","penSize":5}
{"x":127,"y":223,"color":"red","penSize":5}
{"x":126,"y":223,"color":"red","penSize":5}
{"x":126,"y":223,"color":"red","penSize":5}
{"x":126,"y":223,"color":"red","penSize":5}
{"x":125,"y":223,"color":"red","penSize":5}
{"x":125,"y":223,"color":"red","penSize":5}
{"x":125,"y":223,"color":"red","penSize":5}
{"x":124,"y":223,"color":"red","penSize":5}
{}
{}
{}
{}
{}
{}
{}
{}
{}
{}
{}
{}
{}
{}
{}
{}
{}
{}
{}
{}
{}
{}
{}
{}
{}
{}
{}
{}
{}
{"x":290,"y":380,"color":"blue","penSize":5}
{"x":289,"y":380,"color":"blue","penSize":5}
{"x":286,"y":380,"color":"blue","penSize":5}
{"x":282,"y":380,"color":"blue","penSize":5}
{"x":278,"y":380,"color":"blue","penSize":5}
{"x":266,"y":380,"color":"blue","penSize":5}
{"x":259,"y":380,"color":"blue","penSize":5}
{"x":249,"y":380,"color":"blue","penSize":5}
{"x":238,"y":380,"color":"blue","penSize":5}
{"x":228,"y":380,"color":"blue","penSize":5}
{"x":223,"y":380,"color":"blue","penSize":5}
{"x":212,"y":380,"color":"blue","penSize":5}
{"x":201,"y":380,"color":"blue","penSize":5}
{"x":181,"y":380,"color":"blue","penSize":5}
{"x":171,"y":380,"color":"blue","penSize":5}
{"x":160,"y":380,"color":"blue","penSize":5}
{"x":156,"y":380,"color":"blue","penSize":5}
{"x":151,"y":379,"color":"blue","penSize":5}
{"x":145,"y":378,"color":"blue","penSize":5}
{"x":142,"y":378,"color":"blue","penSize":5}
{"x":133,"y":376,"color":"blue","penSize":5}
{"x":132,"y":375,"color":"blue","penSize":5}
{"x":131,"y":375,"color":"blue","penSize":5}
{"x":131,"y":375,"color":"blue","penSize":5}
{"x":131,"y":375,"color":"blue","penSize":5}
{"x":130,"y":375,"color":"blue","penSize":5}
{"x":130,"y":374,"color":"blue","penSize":5}
{"x":130,"y":374,"color":"blue","penSize":5}
{"x":130,"y":374,"color":"blue","penSize":5}
{"x":130,"y":374,"color":"blue","penSize":5}
{"x":129,"y":374,"color":"blue","penSize":5}
{"x":129,"y":374,"color":"blue","penSize":5}
{"x":127,"y":374,"color":"blue","penSize":5}
{"x":126,"y":374,"color":"blue","penSize":5}
{"x":124,"y":374,"color":"blue","penSize":5}
{"x":121,"y":374,"color":"blue","penSize":5}
{"x":119,"y":374,"color":"blue","penSize":5}
{"x":117,"y":374,"color":"blue","penSize":5}
{"x":112,"y":374,"color":"blue","penSize":5}
{"x":109,"y":374,"color":"blue","penSize":5}
{"x":108,"y":374,"color":"blue","penSize":5}
{"x":107,"y":374,"color":"blue","penSize":5}
{"x":106,"y":374,"color":"blue","penSize":5}
{"x":104,"y":373,"color":"blue","penSize":5}
{"x":103,"y":373,"color":"blue","penSize":5}
{"x":103,"y":373,"color":"blue","penSize":5}
{"x":102,"y":372,"color":"blue","penSize":5}
{"x":101,"y":372,"color":"blue","penSize":5}
{"x":101,"y":371,"color":"blue","penSize":5}
{"x":100,"y":371,"color":"blue","penSize":5}
{"x":100,"y":371,"color":"blue","penSize":5}
{"x":100,"y":371,"color":"blue","penSize":5}
{"x":100,"y":371,"color":"blue","penSize":5}
{"x":100,"y":370,"color":"blue","penSize":5}
{"x":100,"y":370,"color":"blue","penSize":5}
{"x":100,"y":370,"color":"blue","penSize":5}
{"x":99,"y":370,"color":"blue","penSize":5}
{"x":99,"y":370,"color":"blue","penSize":5}
{"x":99,"y":370,"color":"blue","penSize":5}
{"x":98,"y":369,"color":"blue","penSize":5}
{"x":98,"y":369,"color":"blue","penSize":5}
{"x":98,"y":369,"color":"blue","penSize":5}
{"x":98,"y":368,"color":"blue","penSize":5}
{"x":97,"y":367,"color":"blue","penSize":5}
{"x":97,"y":367,"color":"blue","penSize":5}
{"x":96,"y":367,"color":"blue","penSize":5}
{"x":96,"y":367,"color":"blue","penSize":5}
{"x":96,"y":366,"color":"blue","penSize":5}
{"x":95,"y":366,"color":"blue","penSize":5}
{"x":95,"y":366,"color":"blue","penSize":5}
{"x":95,"y":365,"color":"blue","penSize":5}
{"x":94,"y":365,"color":"blue","penSize":5}
{"x":94,"y":365,"color":"blue","penSize":5}
{"x":93,"y":364,"color":"blue","penSize":5}
{"x":92,"y":363,"color":"blue","penSize":5}
{"x":91,"y":362,"color":"blue","penSize":5}
{"x":90,"y":361,"color":"blue","penSize":5}
{"x":89,"y":360,"color":"blue","penSize":5}
{"x":88,"y":360,"color":"blue","penSize":5}
{"x":87,"y":359,"color":"blue","penSize":5}
{"x":86,"y":359,"color":"blue","penSize":5}
{"x":86,"y":358,"color":"blue","penSize":5}
{"x":85,"y":358,"color":"blue","penSize":5}
{"x":85,"y":357,"color":"blue","penSize":5}
{"x":84,"y":357,"color":"blue","penSize":5}
{"x":84,"y":358,"color":"blue","penSize":5}
{"x":85,"y":358,"color":"blue","penSize":5}
{}
{}
{}
{}
{}
{}
{}
{}
{}
{}
{"x":229,"y":410,"color":"blue","penSize":5}
{"x":230,"y":410,"color":"blue","penSize":5}
{"x":231,"y":410,"color":"blue","penSize":5}
{"x":232,"y":410,"color":"blue","penSize":5}
{"x":233,"y":410,"color":"blue","penSize":5}
{"x":234,"y":410,"color":"blue","penSize":5}
{"x":235,"y":410,"color":"blue","penSize":5}
{"x":238,"y":410,"color":"blue","penSize":5}
{"x":239,"y":410,"color":"blue","penSize":5}
{"x":239,"y":410,"color":"blue","penSize":5}
{"x":239,"y":410,"color":"blue","penSize":5}
{"x":240,"y":410,"color":"blue","penSize":5}
{"x":240,"y":410,"color":"blue","penSize":5}
{"x":240,"y":410,"color":"blue","penSize":5}
{"x":241,"y":410,"color":"blue","penSize":5}
{"x":241,"y":410,"color":"blue","penSize":5}
{"x":241,"y":410,"color":"blue","penSize":5}
{"x":242,"y":410,"color":"blue","penSize":5}
{"x":242,"y":410,"color":"blue","penSize":5}
{"x":242,"y":410,"color":"blue","penSize":5}
{"x":243,"y":410,"color":"blue","penSize":5}
{"x":243,"y":410,"color":"blue","penSize":5}
{"x":243,"y":410,"color":"blue","penSize":5}
{"x":244,"y":410,"color":"blue","penSize":5}
{"x":245,"y":410,"color":"blue","penSize":5}
{"x":246,"y":409,"color":"blue","penSize":5}
{"x":247,"y":408,"color":"blue","penSize":5}
{"x":249,"y":408,"color":"blue","penSize":5}
{"x":249,"y":408,"color":"blue","penSize":5}
{"x":250,"y":407,"color":"blue","penSize":5}
{"x":254,"y":406,"color":"blue","penSize":5}
{"x":255,"y":406,"color":"blue","penSize":5}
{"x":256,"y":406,"color":"blue","penSize":5}
{"x":257,"y":406,"color":"blue","penSize":5}
{"x":258,"y":406,"color":"blue","penSize":5}
{"x":258,"y":406,"color":"blue","penSize":5}
{"x":259,"y":406,"color":"blue","penSize":5}
{"x":259,"y":406,"color":"blue","penSize":5}
{"x":259,"y":406,"color":"blue","penSize":5}
{"x":260,"y":406,"color":"blue","penSize":5}
{"x":260,"y":406,"color":"blue","penSize":5}
{"x":260,"y":406,"color":"blue","penSize":5}
{"x":260,"y":406,"color":"blue","penSize":5}
{"x":260,"y":406,"color":"blue","penSize":5}
{"x":261,"y":406,"color":"blue","penSize":5}
{"x":263,"y":406,"color":"blue","penSize":5}
{"x":264,"y":406,"color":"blue","penSize":5}
{"x":266,"y":406,"color":"blue","penSize":5}
{"x":270,"y":405,"color":"blue","penSize":5}
{"x":272,"y":405,"color":"blue","penSize":5}
{"x":273,"y":405,"color":"blue","penSize":5}
{"x":275,"y":405,"color":"blue","penSize":5}
{"x":277,"y":404,"color":"blue","penSize":5}
{"x":279,"y":404,"color":"blue","penSize":5}
{"x":280,"y":404,"color":"blue","penSize":5}
{"x":280,"y":404,"color":"blue","penSize":5}
{"x":282,"y":404,"color":"blue","penSize":5}
{"x":283,"y":404,"color":"blue","penSize":5}
{"x":285,"y":404,"color":"blue","penSize":5}
{"x":287,"y":404,"color":"blue","penSize":5}
{"x":288,"y":404,"color":"blue","penSize":5}
{"x":290,"y":404,"color":"blue","penSize":5}
{"x":293,"y":404,"color":"blue","penSize":5}
{"x":295,"y":404,"color":"blue","penSize":5}
{"x":297,"y":404,"color":"blue","penSize":5}
{"x":299,"y":404,"color":"blue","penSize":5}
{"x":300,"y":404,"color":"blue","penSize":5}
{"x":301,"y":404,"color":"blue","penSize":5}
{"x":303,"y":404,"color":"blue","penSize":5}
{"x":304,"y":404,"color":"blue","penSize":5}
{"x":306,"y":404,"color":"blue","penSize":5}
{"x":309,"y":404,"color":"blue","penSize":5}
{"x":310,"y":404,"color":"blue","penSize":5}
{"x":310,"y":404,"color":"blue","penSize":5}
{"x":313,"y":404,"color":"blue","penSize":5}
{"x":314,"y":404,"color":"blue","penSize":5}
{"x":315,"y":404,"color":"blue","penSize":5}
{"x":317,"y":404,"color":"blue","penSize":5}
{"x":318,"y":404,"color":"blue","penSize":5}
{"x":320,"y":404,"color":"blue","penSize":5}
{"x":320,"y":404,"color":"blue","penSize":5}
{"x":321,"y":404,"color":"blue","penSize":5}
{"x":323,"y":404,"color":"blue","penSize":5}
{"x":324,"y":404,"color":"blue","penSize":5}
{"x":326,"y":404,"color":"blue","penSize":5}
{"x":328,"y":403,"color":"blue","penSize":5}
{"x":332,"y":403,"color":"blue","penSize":5}
{"x":334,"y":403,"color":"blue","penSize":5}
{"x":336,"y":403,"color":"blue","penSize":5}
{"x":338,"y":403,"color":"blue","penSize":5}
{"x":340,"y":403,"color":"blue","penSize":5}
{"x":341,"y":403,"color":"blue","penSize":5}
{"x":342,"y":403,"color":"blue","penSize":5}
{"x":344,"y":403,"color":"blue","penSize":5}
{"x":346,"y":403,"color":"blue","penSize":5}
{"x":347,"y":403,"color":"blue","penSize":5}
{"x":348,"y":403,"color":"blue","penSize":5}
{"x":349,"y":403,"color":"blue","penSize":5}
{"x":350,"y":403,"color":"blue","penSize":5}
{"x":350,"y":403,"color":"blue","penSize":5}
{"x":350,"y":403,"color":"blue","penSize":5}
{"x":351,"y":403,"color":"blue","penSize":5}
{"x":351,"y":403,"color":"blue","penSize":5}
{"x":351,"y":403,"color":"blue","penSize":5}
{"x":352,"y":403,"color":"blue","penSize":5}
{"x":352,"y":403,"color":"blue","penSize":5}
{"x":352,"y":403,"color":"blue","penSize":5}
{"x":352,"y":402,"color":"blue","penSize":5}
{"x":353,"y":402,"color":"blue","penSize":5}
{"x":353,"y":402,"color":"blue","penSize":5}
{"x":354,"y":402,"color":"blue","penSize":5}
{"x":354,"y":402,"color":"blue","penSize":5}
{"x":354,"y":403,"color":"blue","penSize":5}
{"x":354,"y":403,"color":"blue","penSize":5}
{"x":354,"y":403,"color":"blue","penSize":5}
{"x":354,"y":404,"color":"blue","penSize":5}
{"x":355,"y":404,"color":"blue","penSize":5}
{"x":357,"y":404,"color":"blue","penSize":5}
{"x":358,"y":404,"color":"blue","penSize":5}
{"x":360,"y":404,"color":"blue","penSize":5}
{"x":361,"y":404,"color":"blue","penSize":5}
{"x":363,"y":404,"color":"blue","penSize":5}
{"x":365,"y":404,"color":"blue","penSize":5}
{"x":368,"y":404,"color":"blue","penSize":5}
{"x":369,"y":404,"color":"blue","penSize":5}
{"x":370,"y":404,"color":"blue","penSize":5}
{"x":371,"y":404,"color":"blue","penSize":5}
{"x":372,"y":404,"color":"blue","penSize":5}
{"x":372,"y":404,"color":"blue","penSize":5}
{"x":373,"y":404,"color":"blue","penSize":5}
{"x":373,"y":404,"color":"blue","penSize":5}
{"x":373,"y":404,"color":"blue","penSize":5}
{"x":373,"y":404,"color":"blue","penSize":5}
{"x":373,"y":404,"color":"blue","penSize":5}
{"x":372,"y":404,"color":"blue","penSize":5}
{"x":372,"y":404,"color":"blue","penSize":5}
{"x":372,"y":404,"color":"blue","penSize":5}
{"x":371,"y":404,"color":"blue","penSize":5}
{}
{}
{}
{"x":228,"y":426,"color":"blue","penSize":5}
{"x":229,"y":426,"color":"blue","penSize":5}
{"x":231,"y":426,"color":"blue","penSize":5}
{"x":236,"y":426,"color":"blue","penSize":5}
{"x":236,"y":426,"color":"blue","penSize":5}
{"x":239,"y":426,"color":"blue","penSize":5}
{"x":242,"y":426,"color":"blue","penSize":5}
{"x":246,"y":426,"color":"blue","penSize":5}
{"x":249,"y":426,"color":"blue","penSize":5}
{"x":252,"y":426,"color":"blue","penSize":5}
{"x":255,"y":426,"color":"blue","penSize":5}
{"x":260,"y":426,"color":"blue","penSize":5}
{"x":265,"y":426,"color":"blue","penSize":5}
{"x":271,"y":426,"color":"blue","penSize":5}
{"x":282,"y":426,"color":"blue","penSize":5}
{"x":289,"y":426,"color":"blue","penSize":5}
{"x":293,"y":426,"color":"blue","penSize":5}
{"x":295,"y":426,"color":"blue","penSize":5}
{"x":298,"y":426,"color":"blue","penSize":5}
{"x":300,"y":426,"color":"blue","penSize":5}
{"x":300,"y":426,"color":"blue","penSize":5}
{"x":302,"y":426,"color":"blue","penSize":5}
{"x":303,"y":426,"color":"blue","penSize":5}
{"x":306,"y":426,"color":"blue","penSize":5}
{"x":309,"y":425,"color":"blue","penSize":5}
{"x":310,"y":425,"color":"blue","penSize":5}
{"x":313,"y":425,"color":"blue","penSize":5}
{"x":315,"y":424,"color":"blue","penSize":5}
{"x":316,"y":424,"color":"blue","penSize":5}
{"x":318,"y":424,"color":"blue","penSize":5}
{"x":320,"y":424,"color":"blue","penSize":5}
{"x":320,"y":424,"color":"blue","penSize":5}
{"x":320,"y":424,"color":"blue","penSize":5}
{"x":322,"y":424,"color":"blue","penSize":5}
{"x":323,"y":424,"color":"blue","penSize":5}
{"x":324,"y":424,"color":"blue","penSize":5}
{"x":325,"y":424,"color":"blue","penSize":5}
{"x":326,"y":424,"color":"blue","penSize":5}
{"x":327,"y":424,"color":"blue","penSize":5}
{"x":328,"y":424,"color":"blue","penSize":5}
{"x":329,"y":424,"color":"blue","penSize":5}
{"x":331,"y":424,"color":"blue","penSize":5}
{"x":331,"y":424,"color":"blue","penSize":5}
{"x":333,"y":424,"color":"blue","penSize":5}
{"x":334,"y":424,"color":"blue","penSize":5}
{"x":335,"y":424,"color":"blue","penSize":5}
{"x":336,"y":424,"color":"blue","penSize":5}
{"x":337,"y":424,"color":"blue","penSize":5}
{"x":338,"y":424,"color":"blue","penSize":5}
{"x":338,"y":424,"color":"blue","penSize":5}
{"x":340,"y":424,"color":"blue","penSize":5}
{"x":340,"y":424,"color":"blue","penSize":5}
{"x":340,"y":424,"color":"blue","penSize":5}
{"x":342,"y":424,"color":"blue","penSize":5}
{"x":342,"y":424,"color":"blue","penSize":5}
{"x":343,"y":424,"color":"blue","penSize":5}
{"x":344,"y":424,"color":"blue","penSize":5}
{"x":344,"y":424,"color":"blue","penSize":5}
{"x":345,"y":424,"color":"blue","penSize":5}
{"x":345,"y":424,"color":"blue","penSize":5}
{"x":345,"y":424,"color":"blue","penSize":5}
{"x":346,"y":424,"color":"blue","penSize":5}
{"x":347,"y":424,"color":"blue","penSize":5}
{"x":349,"y":424,"color":"blue","penSize":5}
{"x":350,"y":424,"color":"blue","penSize":5}
{"x":352,"y":424,"color":"blue","penSize":5}
{"x":354,"y":424,"color":"blue","penSize":5}
{"x":358,"y":424,"color":"blue","penSize":5}
{"x":360,"y":424,"color":"blue","penSize":5}
{"x":360,"y":424,"color":"blue","penSize":5}
{"x":362,"y":424,"color":"blue","penSize":5}
{"x":362,"y":424,"color":"blue","penSize":5}
{"x":363,"y":425,"color":"blue","penSize":5}
{"x":363,"y":425,"color":"blue","penSize":5}
{"x":364,"y":425,"color":"blue","penSize":5}
{"x":364,"y":425,"color":"blue","penSize":5}
{"x":364,"y":425,"color":"blue","penSize":5}
{"x":364,"y":425,"color":"blue","penSize":5}
{}
{"x":228,"y":445,"color":"blue","penSize":5}
{"x":229,"y":445,"color":"blue","penSize":5}
{"x":231,"y":445,"color":"blue","penSize":5}
{"x":234,"y":445,"color":"blue","penSize":5}
{"x":236,"y":445,"color":"blue","penSize":5}
{"x":239,"y":445,"color":"blue","penSize":5}
{"x":241,"y":445,"color":"blue","penSize":5}
{"x":245,"y":445,"color":"blue","penSize":5}
{"x":249,"y":445,"color":"blue","penSize":5}
{"x":254,"y":445,"color":"blue","penSize":5}
{"x":259,"y":445,"color":"blue","penSize":5}
{"x":270,"y":445,"color":"blue","penSize":5}
{"x":275,"y":445,"color":"blue","penSize":5}
{"x":278,"y":445,"color":"blue","penSize":5}
{"x":282,"y":445,"color":"blue","penSize":5}
{"x":285,"y":445,"color":"blue","penSize":5}
{"x":289,"y":445,"color":"blue","penSize":5}
{"x":290,"y":446,"color":"blue","penSize":5}
{"x":293,"y":446,"color":"blue","penSize":5}
{"x":293,"y":446,"color":"blue","penSize":5}
{"x":294,"y":446,"color":"blue","penSize":5}
{"x":294,"y":446,"color":"blue","penSize":5}
{"x":294,"y":446,"color":"blue","penSize":5}
{"x":295,"y":446,"color":"blue","penSize":5}
{"x":295,"y":446,"color":"blue","penSize":5}
{"x":296,"y":446,"color":"blue","penSize":5}
{"x":297,"y":446,"color":"blue","penSize":5}
{"x":299,"y":446,"color":"blue","penSize":5}
{"x":300,"y":446,"color":"blue","penSize":5}
{"x":301,"y":446,"color":"blue","penSize":5}
{"x":307,"y":446,"color":"blue","penSize":5}
{"x":309,"y":446,"color":"blue","penSize":5}
{"x":310,"y":446,"color":"blue","penSize":5}
{"x":313,"y":446,"color":"blue","penSize":5}
{"x":315,"y":446,"color":"blue","penSize":5}
{"x":317,"y":447,"color":"blue","penSize":5}
{"x":320,"y":447,"color":"blue","penSize":5}
{"x":324,"y":447,"color":"blue","penSize":5}
{"x":326,"y":447,"color":"blue","penSize":5}
{"x":327,"y":447,"color":"blue","penSize":5}
{"x":328,"y":447,"color":"blue","penSize":5}
{"x":330,"y":447,"color":"blue","penSize":5}
{"x":331,"y":447,"color":"blue","penSize":5}
{"x":335,"y":448,"color":"blue","penSize":5}
{"x":337,"y":448,"color":"blue","penSize":5}
{"x":340,"y":448,"color":"blue","penSize":5}
{"x":342,"y":449,"color":"blue","penSize":5}
{"x":345,"y":449,"color":"blue","penSize":5}
{"x":346,"y":449,"color":"blue","penSize":5}
{"x":347,"y":449,"color":"blue","penSize":5}
{"x":348,"y":449,"color":"blue","penSize":5}
{"x":349,"y":449,"color":"blue","penSize":5}
{"x":349,"y":449,"color":"blue","penSize":5}
{"x":350,"y":449,"color":"blue","penSize":5}
{"x":350,"y":449,"color":"blue","penSize":5}
{"x":350,"y":449,"color":"blue","penSize":5}
{"x":350,"y":449,"color":"blue","penSize":5}
{}
{}
{}
{}
{}
{"x":295,"y":223,"color":"blue","penSize":5}
{"x":290,"y":223,"color":"blue","penSize":5}
{"x":281,"y":223,"color":"blue","penSize":5}
{"x":277,"y":223,"color":"blue","penSize":5}
{"x":268,"y":223,"color":"blue","penSize":5}
{"x":258,"y":223,"color":"blue","penSize":5}
{"x":247,"y":223,"color":"blue","penSize":5}
{"x":239,"y":223,"color":"blue","penSize":5}
{"x":233,"y":223,"color":"blue","penSize":5}
{"x":223,"y":223,"color":"blue","penSize":5}
{"x":219,"y":223,"color":"blue","penSize":5}
{"x":216,"y":223,"color":"blue","penSize":5}
{"x":212,"y":223,"color":"blue","penSize":5}
{"x":208,"y":223,"color":"blue","penSize":5}
{"x":205,"y":223,"color":"blue","penSize":5}
{"x":201,"y":223,"color":"blue","penSize":5}
{"x":200,"y":223,"color":"blue","penSize":5}
{"x":198,"y":223,"color":"blue","penSize":5}
{"x":191,"y":223,"color":"blue","penSize":5}
{"x":187,"y":223,"color":"blue","penSize":5}
{"x":183,"y":222,"color":"blue","penSize":5}
{"x":180,"y":222,"color":"blue","penSize":5}
{"x":179,"y":221,"color":"blue","penSize":5}
{"x":176,"y":220,"color":"blue","penSize":5}
{"x":174,"y":220,"color":"blue","penSize":5}
{"x":173,"y":220,"color":"blue","penSize":5}
{"x":172,"y":220,"color":"blue","penSize":5}
{"x":170,"y":219,"color":"blue","penSize":5}
{"x":170,"y":219,"color":"blue","penSize":5}
{"x":169,"y":219,"color":"blue","penSize":5}
{"x":169,"y":219,"color":"blue","penSize":5}
{"x":168,"y":219,"color":"blue","penSize":5}
{"x":168,"y":219,"color":"blue","penSize":5}
{"x":161,"y":218,"color":"blue","penSize":5}
{"x":160,"y":218,"color":"blue","penSize":5}
{"x":160,"y":218,"color":"blue","penSize":5}
{"x":158,"y":218,"color":"blue","penSize":5}
{"x":157,"y":218,"color":"blue","penSize":5}
{"x":155,"y":217,"color":"blue","penSize":5}
{"x":154,"y":217,"color":"blue","penSize":5}
{"x":153,"y":217,"color":"blue","penSize":5}
{"x":152,"y":217,"color":"blue","penSize":5}
{"x":152,"y":217,"color":"blue","penSize":5}
{"x":151,"y":217,"color":"blue","penSize":5}
{"x":151,"y":217,"color":"blue","penSize":5}
{"x":150,"y":217,"color":"blue","penSize":5}
{"x":150,"y":217,"color":"blue","penSize":5}
{"x":150,"y":217,"color":"blue","penSize":5}
{"x":150,"y":217,"color":"blue","penSize":5}
{"x":150,"y":217,"color":"blue","penSize":5}
{"x":149,"y":217,"color":"blue","penSize":5}
{}
{}
{}
{}
{}
{}
{}
{}
{}
{}
{"x":138,"y":327,"color":"yellow","penSize":5}
{"x":138,"y":324,"color":"yellow","penSize":5}
{"x":138,"y":322,"color":"yellow","penSize":5}
{"x":138,"y":319,"color":"yellow","penSize":5}
{"x":138,"y":316,"color":"yellow","penSize":5}
{"x":138,"y":315,"color":"yellow","penSize":5}
{"x":138,"y":309,"color":"yellow","penSize":5}
{"x":138,"y":308,"color":"yellow","penSize":5}
{"x":138,"y":304,"color":"yellow","penSize":5}
{"x":138,"y":300,"color":"yellow","penSize":5}
{"x":137,"y":297,"color":"yellow","penSize":5}
{"x":136,"y":290,"color":"yellow","penSize":5}
{"x":134,"y":287,"color":"yellow","penSize":5}
{"x":133,"y":281,"color":"yellow","penSize":5}
{"x":132,"y":276,"color":"yellow","penSize":5}
{"x":131,"y":273,"color":"yellow","penSize":5}
{"x":129,"y":268,"color":"yellow","penSize":5}
{"x":129,"y":262,"color":"yellow","penSize":5}
{"x":127,"y":257,"color":"yellow","penSize":5}
{"x":126,"y":252,"color":"yellow","penSize":5}
{"x":124,"y":249,"color":"yellow","penSize":5}
{"x":123,"y":245,"color":"yellow","penSize":5}
{"x":122,"y":241,"color":"yellow","penSize":5}
{"x":121,"y":238,"color":"yellow","penSize":5}
{"x":120,"y":235,"color":"yellow","penSize":5}
{"x":119,"y":231,"color":"yellow","penSize":5}
{"x":119,"y":227,"color":"yellow","penSize":5}
{"x":118,"y":222,"color":"yellow","penSize":5}
{"x":116,"y":219,"color":"yellow","penSize":5}
{"x":115,"y":214,"color":"yellow","penSize":5}
{"x":114,"y":209,"color":"yellow","penSize":5}
{"x":113,"y":205,"color":"yellow","penSize":5}
{"x":112,"y":201,"color":"yellow","penSize":5}
{"x":111,"y":198,"color":"yellow","penSize":5}
{"x":110,"y":193,"color":"yellow","penSize":5}
{"x":109,"y":189,"color":"yellow","penSize":5}
{"x":108,"y":186,"color":"yellow","penSize":5}
{"x":107,"y":183,"color":"yellow","penSize":5}
{"x":107,"y":181,"color":"yellow","penSize":5}
{"x":106,"y":179,"color":"yellow","penSize":5}
{"x":105,"y":175,"color":"yellow","penSize":5}
{"x":104,"y":173,"color":"yellow","penSize":5}
{"x":103,"y":171,"color":"yellow","penSize":5}
{"x":103,"y":169,"color":"yellow","penSize":5}
{"x":102,"y":168,"color":"yellow","penSize":5}
{"x":102,"y":166,"color":"yellow","penSize":5}
{"x":101,"y":165,"color":"yellow","penSize":5}
{"x":100,"y":164,"color":"yellow","penSize":5}
{"x":100,"y":163,"color":"yellow","penSize":5}
{"x":99,"y":161,"color":"yellow","penSize":5}
{"x":99,"y":160,"color":"yellow","penSize":5}
{"x":99,"y":159,"color":"yellow","penSize":5}
{"x":99,"y":159,"color":"yellow","penSize":5}
{"x":98,"y":158,"color":"yellow","penSize":5}
{"x":98,"y":158,"color":"yellow","penSize":5}
{"x":98,"y":156,"color":"yellow","penSize":5}
{"x":98,"y":156,"color":"yellow","penSize":5}
{"x":97,"y":155,"color":"yellow","penSize":5}
{"x":97,"y":154,"color":"yellow","penSize":5}
{"x":97,"y":154,"color":"yellow","penSize":5}
{"x":96,"y":153,"color":"yellow","penSize":5}
{"x":96,"y":152,"color":"yellow","penSize":5}
{"x":96,"y":151,"color":"yellow","penSize":5}
{"x":96,"y":150,"color":"yellow","penSize":5}
{"x":95,"y":150,"color":"yellow","penSize":5}
{"x":95,"y":149,"color":"yellow","penSize":5}
{"x":95,"y":149,"color":"yellow","penSize":5}
{"x":94,"y":148,"color":"yellow","penSize":5}
{"x":94,"y":147,"color":"yellow","penSize":5}
{"x":94,"y":146,"color":"yellow","penSize":5}
{"x":94,"y":145,"color":"yellow","penSize":5}
{"x":93,"y":144,"color":"yellow","penSize":5}
{"x":93,"y":143,"color":"yellow","penSize":5}
{"x":93,"y":142,"color":"yellow","penSize":5}
{"x":92,"y":140,"color":"yellow","penSize":5}
{"x":92,"y":139,"color":"yellow","penSize":5}
{"x":91,"y":139,"color":"yellow","penSize":5}
{"x":91,"y":138,"color":"yellow","penSize":5}
{"x":91,"y":137,"color":"yellow","penSize":5}
{"x":91,"y":136,"color":"yellow","penSize":5}
{"x":90,"y":135,"color":"yellow","penSize":5}
{"x":90,"y":134,"color":"yellow","penSize":5}
{"x":90,"y":134,"color":"yellow","penSize":5}
{"x":90,"y":133,"color":"yellow","penSize":5}
{"x":89,"y":132,"color":"yellow","penSize":5}
{"x":89,"y":131,"color":"yellow","penSize":5}
{"x":89,"y":131,"color":"yellow","penSize":5}
{"x":89,"y":130,"color":"yellow","penSize":5}
{"x":89,"y":129,"color":"yellow","penSize":5}
{"x":89,"y":129,"color":"yellow","penSize":5}
{"x":89,"y":129,"color":"yellow","penSize":5}
{"x":89,"y":129,"color":"yellow","penSize":5}
{"x":89,"y":129,"color":"yellow","penSize":5}
{"x":89,"y":129,"color":"yellow","penSize":5}
{}
{}
{}
{"x":338,"y":363,"color":"yellow","penSize":5}
{"x":337,"y":363,"color":"yellow","penSize":5}
{"x":333,"y":363,"color":"yellow","penSize":5}
{"x":329,"y":363,"color":"yellow","penSize":5}
{"x":323,"y":363,"color":"yellow","penSize":5}
{"x":315,"y":363,"color":"yellow","penSize":5}
{"x":308,"y":363,"color":"yellow","penSize":5}
{"x":299,"y":363,"color":"yellow","penSize":5}
{"x":289,"y":363,"color":"yellow","penSize":5}
{"x":286,"y":363,"color":"yellow","penSize":5}
{"x":272,"y":363,"color":"yellow","penSize":5}
{"x":263,"y":363,"color":"yellow","penSize":5}
{"x":254,"y":363,"color":"yellow","penSize":5}
{"x":245,"y":363,"color":"yellow","penSize":5}
{"x":237,"y":363,"color":"yellow","penSize":5}
{"x":228,"y":363,"color":"yellow","penSize":5}
{"x":219,"y":363,"color":"yellow","penSize":5}
{"x":209,"y":363,"color":"yellow","penSize":5}
{"x":205,"y":363,"color":"yellow","penSize":5}
{"x":196,"y":363,"color":"yellow","penSize":5}
{"x":189,"y":363,"color":"yellow","penSize":5}
{"x":181,"y":363,"color":"yellow","penSize":5}
{"x":175,"y":363,"color":"yellow","penSize":5}
{"x":169,"y":363,"color":"yellow","penSize":5}
{"x":163,"y":363,"color":"yellow","penSize":5}
{"x":161,"y":363,"color":"yellow","penSize":5}
{"x":158,"y":362,"color":"yellow","penSize":5}
{"x":155,"y":362,"color":"yellow","penSize":5}
{"x":151,"y":361,"color":"yellow","penSize":5}
{"x":149,"y":361,"color":"yellow","penSize":5}
{"x":148,"y":361,"color":"yellow","penSize":5}
{"x":147,"y":361,"color":"yellow","penSize":5}
{"x":146,"y":360,"color":"yellow","penSize":5}
{"x":146,"y":360,"color":"yellow","penSize":5}
{"x":145,"y":360,"color":"yellow","penSize":5}
{"x":145,"y":360,"color":"yellow","penSize":5}
{"x":145,"y":360,"color":"yellow","penSize":5}
{"x":146,"y":360,"color":"yellow","penSize":5}
{"x":146,"y":360,"color":"yellow","penSize":5}
{"x":146,"y":360,"color":"yellow","penSize":5}
{}
{}
{}
{}
{}
{}
